[2024-05-11T10:14:12.994] [INFO] default - Access about page successful
[2024-05-11T10:14:14.238] [INFO] default - get product-detail Rubik's Coach Cube successfull
[2024-05-11T10:14:14.254] [INFO] default - get product-detail Rubik's 3x3 successfull
[2024-05-11T10:14:14.271] [INFO] default - get product-detail Rubik’s Apprentice 2x2 successfull
[2024-05-11T10:28:58.082] [INFO] default - Access about page successful
[2024-05-11T10:30:29.360] [INFO] default - Access about page successful
[2024-05-11T10:30:38.143] [INFO] default - Access about page successful
[2024-05-11T10:30:57.695] [INFO] default - Access about page successful
[2024-05-11T10:31:01.916] [INFO] default - Access about page successful
[2024-05-11T10:31:02.835] [INFO] default - get product-detail Rubik's Coach Cube successfull
[2024-05-11T10:31:02.848] [INFO] default - get product-detail Rubik's 3x3 successfull
[2024-05-11T10:31:02.863] [INFO] default - get product-detail Rubik’s Apprentice 2x2 successfull
[2024-05-11T10:31:03.816] [INFO] default - get Rubik successful
[2024-05-11T10:31:04.525] [INFO] default - Access about page successful
[2024-05-11T10:31:05.873] [INFO] default - get product-detail Rubik's Coach Cube successfull
[2024-05-11T10:31:05.892] [INFO] default - get product-detail Rubik's 3x3 successfull
[2024-05-11T10:31:05.908] [INFO] default - get product-detail Rubik’s Apprentice 2x2 successfull
[2024-05-11T10:38:23.723] [INFO] default - get product-detail Rubik's Coach Cube successfull
[2024-05-11T10:38:23.739] [INFO] default - get product-detail Rubik's 3x3 successfull
[2024-05-11T10:38:23.764] [INFO] default - get product-detail Rubik’s Apprentice 2x2 successfull
[2024-05-11T10:38:25.100] [INFO] default - get product-detail Rubik's Coach Cube successfull
[2024-05-11T10:38:25.116] [INFO] default - get product-detail Rubik's 3x3 successfull
[2024-05-11T10:38:25.124] [INFO] default - get product-detail Rubik’s Apprentice 2x2 successfull
[2024-05-11T10:38:25.937] [INFO] default - Access about page successful
[2024-05-11T10:38:28.344] [INFO] default - get product-detail Rubik's Coach Cube successfull
[2024-05-11T10:38:28.366] [INFO] default - get product-detail Rubik's 3x3 successfull
[2024-05-11T10:38:28.378] [INFO] default - get product-detail Rubik’s Apprentice 2x2 successfull
[2024-05-11T10:49:03.964] [INFO] default - get product-detail Rubik's Coach Cube successfull
[2024-05-11T10:49:04.052] [INFO] default - get product-detail Rubik's Coach Cube successfull
[2024-05-11T10:49:04.071] [INFO] default - get product-detail Rubik's 3x3 successfull
[2024-05-11T10:49:04.085] [INFO] default - get product-detail Rubik’s Apprentice 2x2 successfull
[2024-05-11T10:49:04.662] [INFO] default - get product-detail Rubik's Coach Cube successfull
[2024-05-11T10:49:04.678] [INFO] default - get product-detail Rubik's 3x3 successfull
[2024-05-11T10:49:04.689] [INFO] default - get product-detail Rubik’s Apprentice 2x2 successfull
[2024-05-11T10:49:04.813] [INFO] default - get product-detail Rubik's Coach Cube successfull
[2024-05-11T10:49:04.828] [INFO] default - get product-detail Rubik's 3x3 successfull
[2024-05-11T10:49:04.840] [INFO] default - get product-detail Rubik’s Apprentice 2x2 successfull
[2024-05-11T10:49:04.963] [INFO] default - get product-detail Rubik's Coach Cube successfull
[2024-05-11T10:49:04.977] [INFO] default - get product-detail Rubik's 3x3 successfull
[2024-05-11T10:49:04.989] [INFO] default - get product-detail Rubik’s Apprentice 2x2 successfull
[2024-05-11T10:49:12.546] [ERROR] default - MQTT TRANSMIT FAILED:The producer is disconnected
[2024-05-11T10:58:13.698] [INFO] default - Access about page successful
[2024-05-11T10:58:14.496] [INFO] default - get product-detail Rubik's Coach Cube successfull
[2024-05-11T10:58:14.511] [INFO] default - get product-detail Rubik's 3x3 successfull
[2024-05-11T10:58:14.525] [INFO] default - get product-detail Rubik’s Apprentice 2x2 successfull
[2024-05-11T10:58:26.329] [INFO] default - get product-detail Rubik's Coach Cube successfull
[2024-05-11T10:58:26.345] [INFO] default - get product-detail Rubik's 3x3 successfull
[2024-05-11T10:58:26.360] [INFO] default - get product-detail Rubik’s Apprentice 2x2 successfull
[2024-05-11T10:59:06.041] [INFO] default - Access about page successful
[2024-05-11T10:59:07.672] [INFO] default - get product-detail Rubik's Coach Cube successfull
[2024-05-11T10:59:07.688] [INFO] default - get product-detail Rubik's 3x3 successfull
[2024-05-11T10:59:07.720] [INFO] default - get product-detail Rubik’s Apprentice 2x2 successfull
[2024-05-11T10:59:20.762] [INFO] default - get product-detail Rubik's Coach Cube successfull
[2024-05-11T10:59:20.775] [INFO] default - get product-detail Rubik's 3x3 successfull
[2024-05-11T10:59:20.785] [INFO] default - get product-detail Rubik’s Apprentice 2x2 successfull
[2024-05-11T10:59:28.043] [INFO] default - get product-detail Rubik's Coach Cube successfull
[2024-05-11T10:59:28.052] [INFO] default - get product-detail Rubik's 3x3 successfull
[2024-05-11T10:59:28.069] [INFO] default - get product-detail Rubik’s Apprentice 2x2 successfull
[2024-05-11T10:59:38.175] [INFO] default - get product-detail Rubik's Coach Cube successfull
[2024-05-11T10:59:38.185] [INFO] default - get product-detail Rubik's 3x3 successfull
[2024-05-11T10:59:38.199] [INFO] default - get product-detail Rubik’s Apprentice 2x2 successfull
[2024-05-11T10:59:43.125] [INFO] default - Access about page successful
[2024-05-11T11:07:34.379] [INFO] default - Access about page successful
[2024-05-11T11:07:38.854] [INFO] default - get product-detail Rubik's Coach Cube successfull
[2024-05-11T11:07:38.876] [INFO] default - get product-detail Rubik's 3x3 successfull
[2024-05-11T11:07:38.886] [INFO] default - get product-detail Rubik’s Apprentice 2x2 successfull
[2024-05-11T11:22:07.783] [INFO] default - get product-detail Rubik's 3x3 successfull
[2024-05-11T11:22:07.798] [INFO] default - get product-detail Rubik’s Apprentice 2x2 successfull
[2024-05-11T11:23:15.236] [INFO] default - get product-detail Rubik's Coach Cube successfull
[2024-05-11T11:23:15.251] [INFO] default - get product-detail Rubik's 3x3 successfull
[2024-05-11T11:23:15.265] [INFO] default - get product-detail Rubik’s Apprentice 2x2 successfull
[2024-05-11T11:23:15.815] [INFO] default - Access about page successful
[2024-05-11T11:23:16.358] [INFO] default - get product-detail Rubik's Coach Cube successfull
[2024-05-11T11:23:16.369] [INFO] default - get product-detail Rubik's 3x3 successfull
[2024-05-11T11:23:16.382] [INFO] default - get product-detail Rubik’s Apprentice 2x2 successfull
