[2024-05-07T11:01:08.929] [INFO] default - Access about page successful
[2024-05-07T11:38:36.559] [INFO] default - get Rubik successful
[2024-05-07T11:38:38.041] [INFO] default - Access about page successful
[2024-05-07T11:43:51.944] [INFO] default - get Rubik successful
[2024-05-07T11:53:43.588] [INFO] default - GET DEVICE LIST SUCCESSFULLY
[2024-05-07T13:58:21.182] [INFO] default - Access about page successful
[2024-05-07T13:58:22.492] [INFO] default - get product-detail Rubik's Coach Cube successfull
[2024-05-07T13:58:22.507] [INFO] default - get product-detail Rubik's 3x3 successfull
[2024-05-07T13:58:22.521] [INFO] default - get product-detail Rubik’s Apprentice 2x2 successfull
[2024-05-07T13:58:26.639] [INFO] default - get product-detail Rubik's Coach Cube successfull
[2024-05-07T13:58:26.647] [INFO] default - get product-detail Rubik's 3x3 successfull
[2024-05-07T13:58:26.657] [INFO] default - get product-detail Rubik’s Apprentice 2x2 successfull
[2024-05-07T13:58:31.187] [INFO] default - GET DEVICE LIST SUCCESSFULLY FOR USER helloman123
[2024-05-07T14:04:20.024] [INFO] default - GET DEVICE LIST SUCCESSFULLY FOR USER helloman123
[2024-05-07T14:04:21.053] [INFO] default - GET DEVICE LIST SUCCESSFULLY FOR USER helloman123
[2024-05-07T14:04:43.637] [INFO] default - GET DEVICE LIST SUCCESSFULLY FOR USER helloman123
[2024-05-07T14:06:46.941] [INFO] default - GET DEVICE LIST SUCCESSFULLY FOR USER helloman123
[2024-05-07T14:07:08.828] [INFO] default - GET DEVICE LIST SUCCESSFULLY FOR USER helloman123
[2024-05-07T14:07:12.289] [INFO] default - GET DEVICE LIST SUCCESSFULLY FOR USER helloman123
[2024-05-07T14:07:19.567] [INFO] default - GET DEVICE LIST SUCCESSFULLY FOR USER helloman123
[2024-05-07T14:07:35.773] [INFO] default - GET DEVICE LIST SUCCESSFULLY FOR USER helloman123
[2024-05-07T14:13:08.275] [INFO] default - GET DEVICE LIST SUCCESSFULLY FOR USER helloman123
[2024-05-07T14:13:08.444] [INFO] default - GET DEVICE LIST SUCCESSFULLY FOR USER helloman123
[2024-05-07T14:13:09.558] [INFO] default - GET DEVICE LIST SUCCESSFULLY FOR USER helloman123
[2024-05-07T14:13:10.964] [INFO] default - GET DEVICE LIST SUCCESSFULLY FOR USER helloman123
[2024-05-07T14:13:11.374] [INFO] default - GET DEVICE LIST SUCCESSFULLY FOR USER helloman123
[2024-05-07T14:13:11.518] [INFO] default - GET DEVICE LIST SUCCESSFULLY FOR USER helloman123
[2024-05-07T14:13:11.661] [INFO] default - GET DEVICE LIST SUCCESSFULLY FOR USER helloman123
[2024-05-07T14:13:11.834] [INFO] default - GET DEVICE LIST SUCCESSFULLY FOR USER helloman123
[2024-05-07T14:13:11.992] [INFO] default - GET DEVICE LIST SUCCESSFULLY FOR USER helloman123
[2024-05-07T14:13:12.154] [INFO] default - GET DEVICE LIST SUCCESSFULLY FOR USER helloman123
[2024-05-07T14:13:12.315] [INFO] default - GET DEVICE LIST SUCCESSFULLY FOR USER helloman123
[2024-05-07T14:13:12.477] [INFO] default - GET DEVICE LIST SUCCESSFULLY FOR USER helloman123
[2024-05-07T14:13:12.682] [INFO] default - GET DEVICE LIST SUCCESSFULLY FOR USER helloman123
[2024-05-07T14:13:31.940] [INFO] default - GET DEVICE LIST SUCCESSFULLY FOR USER helloman123
[2024-05-07T14:13:32.673] [INFO] default - GET DEVICE LIST SUCCESSFULLY FOR USER helloman123
[2024-05-07T14:13:42.783] [INFO] default - GET DEVICE LIST SUCCESSFULLY FOR USER helloman123
[2024-05-07T14:14:00.008] [INFO] default - GET DEVICE LIST SUCCESSFULLY FOR USER helloman123
[2024-05-07T14:15:37.569] [INFO] default - GET DEVICE LIST SUCCESSFULLY FOR USER helloman123
[2024-05-07T14:15:47.953] [INFO] default - GET DEVICE LIST SUCCESSFULLY FOR USER helloman123
[2024-05-07T14:15:57.267] [INFO] default - GET DEVICE LIST SUCCESSFULLY FOR USER helloman123
[2024-05-07T14:15:59.036] [INFO] default - GET DEVICE LIST SUCCESSFULLY FOR USER helloman123
[2024-05-07T14:18:04.156] [INFO] default - GET DEVICE LIST SUCCESSFULLY FOR USER helloman123
[2024-05-07T14:18:16.641] [INFO] default - GET DEVICE LIST SUCCESSFULLY FOR USER helloman123
[2024-05-07T14:21:47.108] [INFO] default - GET DEVICE LIST SUCCESSFULLY FOR USER helloman123
[2024-05-07T14:21:51.460] [INFO] default - GET DEVICE LIST SUCCESSFULLY FOR USER helloman123
[2024-05-07T14:22:08.448] [INFO] default - GET DEVICE LIST SUCCESSFULLY FOR USER helloman123
[2024-05-07T14:25:11.071] [INFO] default - GET DEVICE LIST SUCCESSFULLY FOR USER helloman123
[2024-05-07T14:26:17.090] [INFO] default - GET DEVICE LIST SUCCESSFULLY FOR USER helloman123
[2024-05-07T14:26:24.001] [INFO] default - GET DEVICE LIST SUCCESSFULLY FOR USER helloman123
[2024-05-07T14:26:24.562] [INFO] default - GET DEVICE LIST SUCCESSFULLY FOR USER helloman123
[2024-05-07T14:26:24.749] [INFO] default - GET DEVICE LIST SUCCESSFULLY FOR USER helloman123
[2024-05-07T14:26:24.910] [INFO] default - GET DEVICE LIST SUCCESSFULLY FOR USER helloman123
[2024-05-07T14:26:25.060] [INFO] default - GET DEVICE LIST SUCCESSFULLY FOR USER helloman123
[2024-05-07T14:26:25.611] [INFO] default - GET DEVICE LIST SUCCESSFULLY FOR USER helloman123
[2024-05-07T14:26:26.091] [INFO] default - GET DEVICE LIST SUCCESSFULLY FOR USER helloman123
[2024-05-07T14:26:26.459] [INFO] default - GET DEVICE LIST SUCCESSFULLY FOR USER helloman123
[2024-05-07T14:26:26.615] [INFO] default - GET DEVICE LIST SUCCESSFULLY FOR USER helloman123
[2024-05-07T14:26:26.773] [INFO] default - GET DEVICE LIST SUCCESSFULLY FOR USER helloman123
[2024-05-07T14:26:26.933] [INFO] default - GET DEVICE LIST SUCCESSFULLY FOR USER helloman123
[2024-05-07T14:26:27.104] [INFO] default - GET DEVICE LIST SUCCESSFULLY FOR USER helloman123
[2024-05-07T14:26:27.256] [INFO] default - GET DEVICE LIST SUCCESSFULLY FOR USER helloman123
[2024-05-07T14:26:27.406] [INFO] default - GET DEVICE LIST SUCCESSFULLY FOR USER helloman123
[2024-05-07T14:26:28.441] [INFO] default - GET DEVICE LIST SUCCESSFULLY FOR USER helloman123
[2024-05-07T14:26:28.930] [INFO] default - Access about page successful
[2024-05-07T14:26:31.110] [INFO] default - Access about page successful
[2024-05-07T14:29:01.081] [INFO] default - GET DEVICE LIST SUCCESSFULLY FOR USER helloman123
[2024-05-07T14:29:06.912] [INFO] default - GET DEVICE LIST SUCCESSFULLY FOR USER helloman123
[2024-05-07T14:29:07.440] [INFO] default - GET DEVICE LIST SUCCESSFULLY FOR USER helloman123
[2024-05-07T14:29:07.590] [INFO] default - GET DEVICE LIST SUCCESSFULLY FOR USER helloman123
[2024-05-07T14:29:07.741] [INFO] default - GET DEVICE LIST SUCCESSFULLY FOR USER helloman123
[2024-05-07T14:29:07.939] [INFO] default - GET DEVICE LIST SUCCESSFULLY FOR USER helloman123
[2024-05-07T14:29:53.446] [INFO] default - GET DEVICE LIST SUCCESSFULLY FOR USER helloman123
[2024-05-07T14:30:04.568] [INFO] default - GET DEVICE LIST SUCCESSFULLY FOR USER helloman123
[2024-05-07T14:30:23.009] [INFO] default - GET DEVICE LIST SUCCESSFULLY FOR USER helloman123
[2024-05-07T14:30:25.067] [INFO] default - GET DEVICE LIST SUCCESSFULLY FOR USER helloman123
[2024-05-07T14:31:03.023] [INFO] default - GET DEVICE LIST SUCCESSFULLY FOR USER helloman123
[2024-05-07T14:31:34.048] [INFO] default - GET DEVICE LIST SUCCESSFULLY FOR USER helloman123
[2024-05-07T14:32:14.064] [INFO] default - GET DEVICE LIST SUCCESSFULLY FOR USER helloman123
[2024-05-07T14:32:38.279] [INFO] default - GET DEVICE LIST SUCCESSFULLY FOR USER helloman123
[2024-05-07T14:32:38.667] [INFO] default - GET DEVICE LIST SUCCESSFULLY FOR USER helloman123
[2024-05-07T14:32:38.846] [INFO] default - GET DEVICE LIST SUCCESSFULLY FOR USER helloman123
[2024-05-07T14:36:13.062] [INFO] default - GET DEVICE LIST SUCCESSFULLY FOR USER helloman123
[2024-05-07T14:37:15.042] [INFO] default - GET DEVICE LIST SUCCESSFULLY FOR USER helloman123
[2024-05-07T14:37:27.847] [INFO] default - GET DEVICE LIST SUCCESSFULLY FOR USER helloman123
[2024-05-07T14:37:32.850] [INFO] default - GET DEVICE LIST SUCCESSFULLY FOR USER helloman123
[2024-05-07T14:37:49.043] [INFO] default - GET DEVICE LIST SUCCESSFULLY FOR USER helloman123
[2024-05-07T14:38:31.568] [INFO] default - GET DEVICE LIST SUCCESSFULLY FOR USER helloman123
[2024-05-07T14:38:36.965] [INFO] default - GET DEVICE LIST SUCCESSFULLY FOR USER helloman123
[2024-05-07T14:38:43.688] [INFO] default - GET DEVICE LIST SUCCESSFULLY FOR USER helloman123
[2024-05-07T14:38:47.358] [INFO] default - GET DEVICE LIST SUCCESSFULLY FOR USER helloman123
[2024-05-07T14:38:54.437] [INFO] default - GET DEVICE LIST SUCCESSFULLY FOR USER helloman123
[2024-05-07T14:39:00.240] [INFO] default - GET DEVICE LIST SUCCESSFULLY FOR USER helloman123
[2024-05-07T14:39:04.125] [INFO] default - GET DEVICE LIST SUCCESSFULLY FOR USER helloman123
[2024-05-07T14:39:10.203] [INFO] default - GET DEVICE LIST SUCCESSFULLY FOR USER helloman123
[2024-05-07T14:39:21.011] [INFO] default - GET DEVICE LIST SUCCESSFULLY FOR USER helloman123
[2024-05-07T14:39:25.970] [INFO] default - GET DEVICE LIST SUCCESSFULLY FOR USER helloman123
[2024-05-07T14:39:31.997] [INFO] default - GET DEVICE LIST SUCCESSFULLY FOR USER helloman123
[2024-05-07T14:39:40.846] [INFO] default - GET DEVICE LIST SUCCESSFULLY FOR USER helloman123
[2024-05-07T14:39:45.028] [INFO] default - GET DEVICE LIST SUCCESSFULLY FOR USER helloman123
[2024-05-07T14:40:13.702] [INFO] default - GET DEVICE LIST SUCCESSFULLY FOR USER helloman123
[2024-05-07T14:42:27.069] [INFO] default - GET DEVICE LIST SUCCESSFULLY FOR USER helloman123
[2024-05-07T14:42:38.487] [INFO] default - GET DEVICE LIST SUCCESSFULLY FOR USER helloman123
[2024-05-07T14:43:11.060] [INFO] default - GET DEVICE LIST SUCCESSFULLY FOR USER helloman123
[2024-05-07T14:48:45.080] [INFO] default - GET DEVICE LIST SUCCESSFULLY FOR USER helloman123
[2024-05-07T14:48:49.172] [INFO] default - GET DEVICE LIST SUCCESSFULLY FOR USER helloman123
[2024-05-07T14:49:12.055] [INFO] default - GET DEVICE LIST SUCCESSFULLY FOR USER helloman123
[2024-05-07T14:49:22.182] [INFO] default - GET DEVICE LIST SUCCESSFULLY FOR USER helloman123
[2024-05-07T14:49:22.288] [INFO] default - GET DEVICE LIST SUCCESSFULLY FOR USER helloman123
[2024-05-07T14:49:22.399] [INFO] default - GET DEVICE LIST SUCCESSFULLY FOR USER helloman123
[2024-05-07T14:49:22.580] [INFO] default - GET DEVICE LIST SUCCESSFULLY FOR USER helloman123
[2024-05-07T14:49:38.926] [INFO] default - GET DEVICE LIST SUCCESSFULLY FOR USER helloman123
[2024-05-07T14:49:50.997] [INFO] default - GET DEVICE LIST SUCCESSFULLY FOR USER helloman123
[2024-05-07T14:49:53.972] [INFO] default - GET DEVICE LIST SUCCESSFULLY FOR USER helloman123
[2024-05-07T14:50:02.032] [INFO] default - GET DEVICE LIST SUCCESSFULLY FOR USER helloman123
[2024-05-07T14:50:16.062] [INFO] default - GET DEVICE LIST SUCCESSFULLY FOR USER helloman123
[2024-05-07T14:50:21.784] [INFO] default - GET DEVICE LIST SUCCESSFULLY FOR USER helloman123
[2024-05-07T14:50:27.823] [INFO] default - GET DEVICE LIST SUCCESSFULLY FOR USER helloman123
[2024-05-07T14:54:27.061] [INFO] default - GET DEVICE LIST SUCCESSFULLY FOR USER helloman123
[2024-05-07T14:54:27.879] [INFO] default - GET DEVICE LIST SUCCESSFULLY FOR USER helloman123
[2024-05-07T14:54:28.298] [INFO] default - GET DEVICE LIST SUCCESSFULLY FOR USER helloman123
[2024-05-07T14:54:28.443] [INFO] default - GET DEVICE LIST SUCCESSFULLY FOR USER helloman123
[2024-05-07T14:54:46.332] [INFO] default - GET DEVICE LIST SUCCESSFULLY FOR USER helloman123
[2024-05-07T14:54:50.645] [INFO] default - GET DEVICE LIST SUCCESSFULLY FOR USER helloman123
[2024-05-07T14:54:58.062] [INFO] default - GET DEVICE LIST SUCCESSFULLY FOR USER helloman123
