[2024-05-16T14:04:25.156] [ERROR] default - MQTT INIT FAILED:Connection error: 
[2024-05-16T14:10:21.978] [INFO] default - Access about page successful
[2024-05-16T14:10:24.850] [INFO] default - GET DEVICE LIST SUCCESSFULLY FOR USER helloman123
[2024-05-16T14:21:14.793] [INFO] default - Access about page successful
[2024-05-16T14:30:04.922] [INFO] default - Access about page successful
[2024-05-16T14:36:05.684] [INFO] default - Access about page successful
[2024-05-16T14:37:39.366] [INFO] default - Access about page successful
[2024-05-16T14:38:31.396] [INFO] default - Access about page successful
[2024-05-16T14:43:30.336] [INFO] default - Access about page successful
[2024-05-16T14:44:12.976] [INFO] default - GET DEVICE LIST SUCCESSFULLY FOR USER helloman123
[2024-05-16T14:44:14.480] [INFO] default - GET DEVICE LIST SUCCESSFULLY FOR USER helloman123
[2024-05-16T14:44:14.867] [INFO] default - GET DEVICE LIST SUCCESSFULLY FOR USER helloman123
[2024-05-16T14:44:15.009] [INFO] default - GET DEVICE LIST SUCCESSFULLY FOR USER helloman123
[2024-05-16T14:44:15.159] [INFO] default - GET DEVICE LIST SUCCESSFULLY FOR USER helloman123
[2024-05-16T14:44:15.305] [INFO] default - GET DEVICE LIST SUCCESSFULLY FOR USER helloman123
[2024-05-16T14:44:15.473] [INFO] default - GET DEVICE LIST SUCCESSFULLY FOR USER helloman123
[2024-05-16T14:44:15.608] [INFO] default - GET DEVICE LIST SUCCESSFULLY FOR USER helloman123
[2024-05-16T14:44:15.757] [INFO] default - GET DEVICE LIST SUCCESSFULLY FOR USER helloman123
[2024-05-16T14:44:15.907] [INFO] default - GET DEVICE LIST SUCCESSFULLY FOR USER helloman123
[2024-05-16T14:44:17.911] [INFO] default - GET DEVICE LIST SUCCESSFULLY FOR USER helloman123
[2024-05-16T14:44:18.090] [INFO] default - GET DEVICE LIST SUCCESSFULLY FOR USER helloman123
[2024-05-16T14:44:18.258] [INFO] default - GET DEVICE LIST SUCCESSFULLY FOR USER helloman123
[2024-05-16T14:44:18.412] [INFO] default - GET DEVICE LIST SUCCESSFULLY FOR USER helloman123
[2024-05-16T14:44:18.553] [INFO] default - GET DEVICE LIST SUCCESSFULLY FOR USER helloman123
[2024-05-16T14:44:24.997] [INFO] default - GET DEVICE LIST SUCCESSFULLY FOR USER helloman123
[2024-05-16T14:44:25.282] [INFO] default - GET DEVICE LIST SUCCESSFULLY FOR USER helloman123
[2024-05-16T14:44:25.456] [INFO] default - GET DEVICE LIST SUCCESSFULLY FOR USER helloman123
[2024-05-16T14:44:25.590] [INFO] default - GET DEVICE LIST SUCCESSFULLY FOR USER helloman123
[2024-05-16T14:48:30.123] [INFO] default - GET DEVICE LIST SUCCESSFULLY FOR USER helloman123
[2024-05-16T15:53:23.205] [INFO] default - Access about page successful
[2024-05-16T15:53:51.001] [INFO] default - GET DEVICE LIST SUCCESSFULLY FOR USER helloman123
[2024-05-16T15:54:07.069] [INFO] default - GET DEVICE LIST SUCCESSFULLY FOR USER helloman123
[2024-05-16T15:54:20.667] [INFO] default - GET DEVICE LIST SUCCESSFULLY FOR USER helloman123
[2024-05-16T15:58:47.214] [INFO] default - GET DEVICE LIST SUCCESSFULLY FOR USER helloman123
[2024-05-16T15:59:49.494] [INFO] default - Access about page successful
[2024-05-16T16:02:44.900] [INFO] default - Access about page successful
[2024-05-16T16:03:13.658] [ERROR] default - MQTT CONNECT FAILED:Cannot subscribe to topic while consumer is running
[2024-05-16T16:03:13.679] [INFO] default - Access about page successful
[2024-05-16T16:03:18.835] [INFO] default - GET DEVICE LIST SUCCESSFULLY FOR USER helloman123
[2024-05-16T16:05:50.274] [INFO] default - Access about page successful
[2024-05-16T16:07:47.736] [INFO] default - Access about page successful
[2024-05-16T16:08:47.462] [INFO] default - GET DEVICE LIST SUCCESSFULLY FOR USER helloman123
[2024-05-16T16:10:24.991] [INFO] default - GET DEVICE LIST SUCCESSFULLY FOR USER helloman123
[2024-05-16T16:12:45.791] [INFO] default - GET DEVICE LIST SUCCESSFULLY FOR USER helloman123
[2024-05-16T16:13:14.653] [INFO] default - Access about page successful
[2024-05-16T16:13:16.408] [INFO] default - GET DEVICE LIST SUCCESSFULLY FOR USER helloman123
[2024-05-16T16:13:26.472] [INFO] default - GET DEVICE LIST SUCCESSFULLY FOR USER helloman123
[2024-05-16T16:13:27.253] [INFO] default - GET DEVICE LIST SUCCESSFULLY FOR USER helloman123
[2024-05-16T16:13:27.388] [INFO] default - GET DEVICE LIST SUCCESSFULLY FOR USER helloman123
[2024-05-16T16:13:27.525] [INFO] default - GET DEVICE LIST SUCCESSFULLY FOR USER helloman123
[2024-05-16T16:13:27.686] [INFO] default - GET DEVICE LIST SUCCESSFULLY FOR USER helloman123
[2024-05-16T16:13:31.018] [INFO] default - GET DEVICE LIST SUCCESSFULLY FOR USER helloman123
[2024-05-16T16:13:31.190] [INFO] default - GET DEVICE LIST SUCCESSFULLY FOR USER helloman123
[2024-05-16T16:13:31.348] [INFO] default - GET DEVICE LIST SUCCESSFULLY FOR USER helloman123
[2024-05-16T16:13:31.485] [INFO] default - GET DEVICE LIST SUCCESSFULLY FOR USER helloman123
[2024-05-16T16:13:31.632] [INFO] default - GET DEVICE LIST SUCCESSFULLY FOR USER helloman123
[2024-05-16T16:13:31.784] [INFO] default - GET DEVICE LIST SUCCESSFULLY FOR USER helloman123
[2024-05-16T16:13:31.969] [INFO] default - GET DEVICE LIST SUCCESSFULLY FOR USER helloman123
[2024-05-16T16:13:48.588] [INFO] default - GET DEVICE LIST SUCCESSFULLY FOR USER helloman123
[2024-05-16T16:13:48.951] [INFO] default - GET DEVICE LIST SUCCESSFULLY FOR USER helloman123
[2024-05-16T16:13:49.090] [INFO] default - GET DEVICE LIST SUCCESSFULLY FOR USER helloman123
[2024-05-16T16:13:49.235] [INFO] default - GET DEVICE LIST SUCCESSFULLY FOR USER helloman123
[2024-05-16T16:13:49.382] [INFO] default - GET DEVICE LIST SUCCESSFULLY FOR USER helloman123
[2024-05-16T16:17:44.600] [INFO] default - GET DEVICE LIST SUCCESSFULLY FOR USER helloman123
[2024-05-16T16:17:51.738] [INFO] default - GET DEVICE LIST SUCCESSFULLY FOR USER helloman123
[2024-05-16T16:17:52.113] [INFO] default - GET DEVICE LIST SUCCESSFULLY FOR USER helloman123
[2024-05-16T16:17:52.248] [INFO] default - GET DEVICE LIST SUCCESSFULLY FOR USER helloman123
[2024-05-16T16:17:52.411] [INFO] default - GET DEVICE LIST SUCCESSFULLY FOR USER helloman123
[2024-05-16T16:17:52.560] [INFO] default - GET DEVICE LIST SUCCESSFULLY FOR USER helloman123
[2024-05-16T16:18:20.867] [INFO] default - Access about page successful
[2024-05-16T16:18:23.348] [INFO] default - GET DEVICE LIST SUCCESSFULLY FOR USER helloman123
[2024-05-16T16:19:13.651] [INFO] default - GET DEVICE LIST SUCCESSFULLY FOR USER helloman123
[2024-05-16T16:19:14.174] [INFO] default - GET DEVICE LIST SUCCESSFULLY FOR USER helloman123
[2024-05-16T16:19:14.416] [INFO] default - GET DEVICE LIST SUCCESSFULLY FOR USER helloman123
[2024-05-16T16:19:14.592] [INFO] default - GET DEVICE LIST SUCCESSFULLY FOR USER helloman123
[2024-05-16T16:19:14.755] [INFO] default - GET DEVICE LIST SUCCESSFULLY FOR USER helloman123
[2024-05-16T16:19:14.916] [INFO] default - GET DEVICE LIST SUCCESSFULLY FOR USER helloman123
[2024-05-16T16:19:15.070] [INFO] default - GET DEVICE LIST SUCCESSFULLY FOR USER helloman123
[2024-05-16T16:19:15.224] [INFO] default - GET DEVICE LIST SUCCESSFULLY FOR USER helloman123
[2024-05-16T16:19:15.388] [INFO] default - GET DEVICE LIST SUCCESSFULLY FOR USER helloman123
[2024-05-16T16:19:15.579] [INFO] default - GET DEVICE LIST SUCCESSFULLY FOR USER helloman123
[2024-05-16T16:19:15.736] [INFO] default - GET DEVICE LIST SUCCESSFULLY FOR USER helloman123
[2024-05-16T16:19:15.900] [INFO] default - GET DEVICE LIST SUCCESSFULLY FOR USER helloman123
[2024-05-16T16:19:16.203] [INFO] default - GET DEVICE LIST SUCCESSFULLY FOR USER helloman123
[2024-05-16T16:19:16.370] [INFO] default - GET DEVICE LIST SUCCESSFULLY FOR USER helloman123
[2024-05-16T16:19:16.521] [INFO] default - GET DEVICE LIST SUCCESSFULLY FOR USER helloman123
[2024-05-16T16:19:16.679] [INFO] default - GET DEVICE LIST SUCCESSFULLY FOR USER helloman123
[2024-05-16T16:19:16.852] [INFO] default - GET DEVICE LIST SUCCESSFULLY FOR USER helloman123
[2024-05-16T16:19:17.022] [INFO] default - GET DEVICE LIST SUCCESSFULLY FOR USER helloman123
[2024-05-16T16:19:17.188] [INFO] default - GET DEVICE LIST SUCCESSFULLY FOR USER helloman123
[2024-05-16T16:19:17.367] [INFO] default - GET DEVICE LIST SUCCESSFULLY FOR USER helloman123
[2024-05-16T16:19:17.550] [INFO] default - GET DEVICE LIST SUCCESSFULLY FOR USER helloman123
[2024-05-16T16:19:17.720] [INFO] default - GET DEVICE LIST SUCCESSFULLY FOR USER helloman123
[2024-05-16T16:19:17.892] [INFO] default - GET DEVICE LIST SUCCESSFULLY FOR USER helloman123
[2024-05-16T16:19:18.052] [INFO] default - GET DEVICE LIST SUCCESSFULLY FOR USER helloman123
[2024-05-16T16:19:18.220] [INFO] default - GET DEVICE LIST SUCCESSFULLY FOR USER helloman123
[2024-05-16T16:19:18.414] [INFO] default - GET DEVICE LIST SUCCESSFULLY FOR USER helloman123
[2024-05-16T16:19:18.572] [INFO] default - GET DEVICE LIST SUCCESSFULLY FOR USER helloman123
[2024-05-16T16:19:18.739] [INFO] default - GET DEVICE LIST SUCCESSFULLY FOR USER helloman123
[2024-05-16T16:19:18.870] [INFO] default - GET DEVICE LIST SUCCESSFULLY FOR USER helloman123
[2024-05-16T16:19:19.057] [INFO] default - GET DEVICE LIST SUCCESSFULLY FOR USER helloman123
[2024-05-16T16:19:19.208] [INFO] default - GET DEVICE LIST SUCCESSFULLY FOR USER helloman123
[2024-05-16T16:19:19.372] [INFO] default - GET DEVICE LIST SUCCESSFULLY FOR USER helloman123
[2024-05-16T16:19:19.534] [INFO] default - GET DEVICE LIST SUCCESSFULLY FOR USER helloman123
[2024-05-16T16:19:19.707] [INFO] default - GET DEVICE LIST SUCCESSFULLY FOR USER helloman123
[2024-05-16T16:19:19.888] [INFO] default - GET DEVICE LIST SUCCESSFULLY FOR USER helloman123
[2024-05-16T16:19:20.036] [INFO] default - GET DEVICE LIST SUCCESSFULLY FOR USER helloman123
[2024-05-16T16:19:20.351] [INFO] default - GET DEVICE LIST SUCCESSFULLY FOR USER helloman123
[2024-05-16T16:19:20.540] [INFO] default - GET DEVICE LIST SUCCESSFULLY FOR USER helloman123
[2024-05-16T16:19:20.679] [INFO] default - GET DEVICE LIST SUCCESSFULLY FOR USER helloman123
[2024-05-16T16:19:20.856] [INFO] default - GET DEVICE LIST SUCCESSFULLY FOR USER helloman123
[2024-05-16T16:19:21.032] [INFO] default - GET DEVICE LIST SUCCESSFULLY FOR USER helloman123
[2024-05-16T16:19:21.199] [INFO] default - GET DEVICE LIST SUCCESSFULLY FOR USER helloman123
[2024-05-16T16:19:21.371] [INFO] default - GET DEVICE LIST SUCCESSFULLY FOR USER helloman123
[2024-05-16T16:19:21.693] [INFO] default - GET DEVICE LIST SUCCESSFULLY FOR USER helloman123
[2024-05-16T16:19:21.873] [INFO] default - GET DEVICE LIST SUCCESSFULLY FOR USER helloman123
[2024-05-16T16:19:22.035] [INFO] default - GET DEVICE LIST SUCCESSFULLY FOR USER helloman123
[2024-05-16T16:19:22.185] [INFO] default - GET DEVICE LIST SUCCESSFULLY FOR USER helloman123
[2024-05-16T16:19:22.537] [INFO] default - GET DEVICE LIST SUCCESSFULLY FOR USER helloman123
[2024-05-16T16:19:22.717] [INFO] default - GET DEVICE LIST SUCCESSFULLY FOR USER helloman123
[2024-05-16T16:19:22.887] [INFO] default - GET DEVICE LIST SUCCESSFULLY FOR USER helloman123
[2024-05-16T16:19:23.237] [INFO] default - GET DEVICE LIST SUCCESSFULLY FOR USER helloman123
[2024-05-16T16:19:23.379] [INFO] default - GET DEVICE LIST SUCCESSFULLY FOR USER helloman123
[2024-05-16T16:19:23.534] [INFO] default - GET DEVICE LIST SUCCESSFULLY FOR USER helloman123
[2024-05-16T16:19:23.705] [INFO] default - GET DEVICE LIST SUCCESSFULLY FOR USER helloman123
[2024-05-16T16:19:23.889] [INFO] default - GET DEVICE LIST SUCCESSFULLY FOR USER helloman123
[2024-05-16T16:19:24.025] [INFO] default - GET DEVICE LIST SUCCESSFULLY FOR USER helloman123
[2024-05-16T16:19:24.179] [INFO] default - GET DEVICE LIST SUCCESSFULLY FOR USER helloman123
[2024-05-16T16:19:24.346] [INFO] default - GET DEVICE LIST SUCCESSFULLY FOR USER helloman123
[2024-05-16T16:19:24.507] [INFO] default - GET DEVICE LIST SUCCESSFULLY FOR USER helloman123
[2024-05-16T16:19:24.661] [INFO] default - GET DEVICE LIST SUCCESSFULLY FOR USER helloman123
[2024-05-16T16:19:24.829] [INFO] default - GET DEVICE LIST SUCCESSFULLY FOR USER helloman123
[2024-05-16T16:19:24.981] [INFO] default - GET DEVICE LIST SUCCESSFULLY FOR USER helloman123
[2024-05-16T16:19:25.140] [INFO] default - GET DEVICE LIST SUCCESSFULLY FOR USER helloman123
[2024-05-16T16:19:25.276] [INFO] default - GET DEVICE LIST SUCCESSFULLY FOR USER helloman123
[2024-05-16T16:19:25.459] [INFO] default - GET DEVICE LIST SUCCESSFULLY FOR USER helloman123
[2024-05-16T16:19:25.621] [INFO] default - GET DEVICE LIST SUCCESSFULLY FOR USER helloman123
[2024-05-16T16:19:25.782] [INFO] default - GET DEVICE LIST SUCCESSFULLY FOR USER helloman123
[2024-05-16T16:19:25.916] [INFO] default - GET DEVICE LIST SUCCESSFULLY FOR USER helloman123
[2024-05-16T16:19:26.081] [INFO] default - GET DEVICE LIST SUCCESSFULLY FOR USER helloman123
[2024-05-16T16:19:26.249] [INFO] default - GET DEVICE LIST SUCCESSFULLY FOR USER helloman123
[2024-05-16T16:19:26.429] [INFO] default - GET DEVICE LIST SUCCESSFULLY FOR USER helloman123
[2024-05-16T16:19:26.569] [INFO] default - GET DEVICE LIST SUCCESSFULLY FOR USER helloman123
[2024-05-16T16:19:26.738] [INFO] default - GET DEVICE LIST SUCCESSFULLY FOR USER helloman123
[2024-05-16T16:19:26.857] [INFO] default - GET DEVICE LIST SUCCESSFULLY FOR USER helloman123
[2024-05-16T16:19:48.484] [INFO] default - GET DEVICE LIST SUCCESSFULLY FOR USER helloman123
[2024-05-16T16:19:48.931] [INFO] default - GET DEVICE LIST SUCCESSFULLY FOR USER helloman123
[2024-05-16T16:19:49.094] [INFO] default - GET DEVICE LIST SUCCESSFULLY FOR USER helloman123
[2024-05-16T16:19:49.238] [INFO] default - GET DEVICE LIST SUCCESSFULLY FOR USER helloman123
[2024-05-16T16:19:49.395] [INFO] default - GET DEVICE LIST SUCCESSFULLY FOR USER helloman123
[2024-05-16T16:19:49.534] [INFO] default - GET DEVICE LIST SUCCESSFULLY FOR USER helloman123
[2024-05-16T16:19:49.852] [INFO] default - GET DEVICE LIST SUCCESSFULLY FOR USER helloman123
[2024-05-16T16:19:50.015] [INFO] default - GET DEVICE LIST SUCCESSFULLY FOR USER helloman123
[2024-05-16T16:19:50.171] [INFO] default - GET DEVICE LIST SUCCESSFULLY FOR USER helloman123
[2024-05-16T16:19:50.318] [INFO] default - GET DEVICE LIST SUCCESSFULLY FOR USER helloman123
[2024-05-16T16:19:50.623] [INFO] default - GET DEVICE LIST SUCCESSFULLY FOR USER helloman123
[2024-05-16T16:19:50.786] [INFO] default - GET DEVICE LIST SUCCESSFULLY FOR USER helloman123
[2024-05-16T16:19:50.948] [INFO] default - GET DEVICE LIST SUCCESSFULLY FOR USER helloman123
[2024-05-16T16:19:51.261] [INFO] default - GET DEVICE LIST SUCCESSFULLY FOR USER helloman123
[2024-05-16T16:22:01.330] [INFO] default - GET DEVICE LIST SUCCESSFULLY FOR USER helloman123
[2024-05-16T16:22:01.877] [INFO] default - GET DEVICE LIST SUCCESSFULLY FOR USER helloman123
[2024-05-16T16:22:02.093] [INFO] default - GET DEVICE LIST SUCCESSFULLY FOR USER helloman123
[2024-05-16T16:23:39.318] [INFO] default - GET DEVICE LIST SUCCESSFULLY FOR USER helloman123
[2024-05-16T16:23:39.833] [INFO] default - GET DEVICE LIST SUCCESSFULLY FOR USER helloman123
[2024-05-16T16:23:40.072] [INFO] default - GET DEVICE LIST SUCCESSFULLY FOR USER helloman123
[2024-05-16T16:23:40.223] [INFO] default - GET DEVICE LIST SUCCESSFULLY FOR USER helloman123
[2024-05-16T16:23:40.349] [INFO] default - GET DEVICE LIST SUCCESSFULLY FOR USER helloman123
[2024-05-16T16:23:40.540] [INFO] default - GET DEVICE LIST SUCCESSFULLY FOR USER helloman123
[2024-05-16T16:23:42.372] [INFO] default - GET DEVICE LIST SUCCESSFULLY FOR USER helloman123
[2024-05-16T16:23:42.537] [INFO] default - GET DEVICE LIST SUCCESSFULLY FOR USER helloman123
[2024-05-16T16:29:29.615] [INFO] default - GET DEVICE LIST SUCCESSFULLY FOR USER helloman123
[2024-05-16T16:29:37.609] [INFO] default - GET DEVICE LIST SUCCESSFULLY FOR USER helloman123
[2024-05-16T16:29:56.267] [INFO] default - GET DEVICE LIST SUCCESSFULLY FOR USER helloman123
[2024-05-16T16:31:03.124] [INFO] default - GET DEVICE LIST SUCCESSFULLY FOR USER helloman123
[2024-05-16T16:31:03.823] [INFO] default - GET DEVICE LIST SUCCESSFULLY FOR USER helloman123
[2024-05-16T16:31:03.973] [INFO] default - GET DEVICE LIST SUCCESSFULLY FOR USER helloman123
[2024-05-16T16:31:04.152] [INFO] default - GET DEVICE LIST SUCCESSFULLY FOR USER helloman123
[2024-05-16T16:31:04.294] [INFO] default - GET DEVICE LIST SUCCESSFULLY FOR USER helloman123
[2024-05-16T16:31:04.432] [INFO] default - GET DEVICE LIST SUCCESSFULLY FOR USER helloman123
[2024-05-16T16:31:15.256] [INFO] default - Access about page successful
[2024-05-16T16:31:16.607] [INFO] default - get product-detail Rubik's Coach Cube successfull
[2024-05-16T16:31:16.620] [INFO] default - get product-detail Rubik's 3x3 successfull
[2024-05-16T16:31:16.630] [INFO] default - get product-detail Rubik’s Apprentice 2x2 successfull
[2024-05-16T17:08:57.973] [INFO] default - get product-detail Rubik's Coach Cube successfull
[2024-05-16T17:08:57.988] [INFO] default - get product-detail Rubik's 3x3 successfull
[2024-05-16T17:08:57.999] [INFO] default - get product-detail Rubik’s Apprentice 2x2 successfull
[2024-05-16T17:09:01.664] [INFO] default - Access about page successful
[2024-05-16T17:09:02.235] [INFO] default - get Rubik successful
[2024-05-16T17:09:03.406] [INFO] default - GET DEVICE LIST SUCCESSFULLY FOR USER helloman123
[2024-05-16T17:09:05.201] [INFO] default - get product-detail Rubik's Coach Cube successfull
[2024-05-16T17:09:05.220] [INFO] default - get product-detail Rubik's 3x3 successfull
[2024-05-16T17:09:05.230] [INFO] default - get product-detail Rubik’s Apprentice 2x2 successfull
[2024-05-16T17:09:08.257] [INFO] default - GET DEVICE LIST SUCCESSFULLY FOR USER helloman123
[2024-05-16T17:50:08.096] [INFO] default - Access about page successful
[2024-05-16T17:50:28.132] [INFO] default - Access about page successful
[2024-05-16T17:50:29.894] [INFO] default - get Rubik successful
[2024-05-16T17:50:42.080] [ERROR] default - MQTT CONNECT FAILED:Cannot subscribe to topic while consumer is running
[2024-05-16T17:50:42.112] [INFO] default - Access about page successful
[2024-05-16T17:50:48.584] [INFO] default - Access about page successful
[2024-05-16T17:50:49.102] [INFO] default - get product-detail Rubik's Coach Cube successfull
[2024-05-16T17:50:49.115] [INFO] default - get product-detail Rubik's 3x3 successfull
[2024-05-16T17:50:49.128] [INFO] default - get product-detail Rubik’s Apprentice 2x2 successfull
[2024-05-16T17:50:57.877] [INFO] default - get product-detail Rubik's Coach Cube successfull
[2024-05-16T17:50:57.888] [INFO] default - get product-detail Rubik's 3x3 successfull
[2024-05-16T17:50:57.896] [INFO] default - get product-detail Rubik’s Apprentice 2x2 successfull
[2024-05-16T17:50:58.294] [INFO] default - Access about page successful
[2024-05-16T17:51:14.639] [ERROR] default - MQTT CONNECT FAILED:Cannot subscribe to topic while consumer is running
[2024-05-16T17:51:14.660] [INFO] default - Access about page successful
[2024-05-16T17:52:16.514] [INFO] default - Access about page successful
[2024-05-16T17:52:17.754] [INFO] default - get Rubik successful
[2024-05-16T17:52:23.137] [INFO] default - get product-detail Rubik's Coach Cube successfull
[2024-05-16T17:52:26.864] [INFO] default - Access about page successful
[2024-05-16T17:52:29.261] [INFO] default - GET DEVICE LIST SUCCESSFULLY FOR USER helloman123
[2024-05-16T17:52:48.737] [INFO] default - Access about page successful
[2024-05-16T17:52:49.715] [INFO] default - get Rubik successful
[2024-05-16T17:52:50.233] [INFO] default - Access about page successful
[2024-05-16T17:52:50.995] [INFO] default - get product-detail Rubik's Coach Cube successfull
[2024-05-16T17:52:51.007] [INFO] default - get product-detail Rubik's 3x3 successfull
[2024-05-16T17:52:51.015] [INFO] default - get product-detail Rubik’s Apprentice 2x2 successfull
[2024-05-16T17:52:51.547] [INFO] default - Access about page successful
[2024-05-16T17:52:52.458] [INFO] default - get Rubik successful
[2024-05-16T17:52:55.790] [INFO] default - Access about page successful
[2024-05-16T17:52:56.848] [INFO] default - Access about page successful
[2024-05-16T17:52:58.333] [INFO] default - get product-detail Rubik's Coach Cube successfull
[2024-05-16T17:52:58.345] [INFO] default - get product-detail Rubik's 3x3 successfull
[2024-05-16T17:52:58.392] [INFO] default - get product-detail Rubik’s Apprentice 2x2 successfull
[2024-05-16T17:53:30.495] [INFO] default - Access about page successful
[2024-05-16T17:53:31.290] [INFO] default - get product-detail Rubik's Coach Cube successfull
[2024-05-16T17:53:31.306] [INFO] default - get product-detail Rubik's 3x3 successfull
[2024-05-16T17:53:31.315] [INFO] default - get product-detail Rubik’s Apprentice 2x2 successfull
[2024-05-16T17:53:36.663] [INFO] default - Access about page successful
[2024-05-16T17:53:36.960] [INFO] default - get product-detail Rubik's Coach Cube successfull
[2024-05-16T17:53:37.023] [INFO] default - get product-detail Rubik's 3x3 successfull
[2024-05-16T17:53:37.031] [INFO] default - get product-detail Rubik’s Apprentice 2x2 successfull
