[2024-07-19T15:01:49.547] [INFO] default - Update Topic List Successfully.
[2024-07-19T15:13:46.353] [INFO] default - Update Topic List Successfully.
[2024-07-19T15:25:48.034] [INFO] default - Update Topic List Successfully.
[2024-07-19T15:37:26.074] [INFO] default - Access about page successful
[2024-07-19T15:37:27.630] [INFO] default - Close Log SSE Successfully.
[2024-07-19T15:37:27.703] [INFO] default - get product-detail Rubik's Coach Cube successfull
[2024-07-19T15:37:27.721] [INFO] default - get product-detail Rubik's 3x3 successfull
[2024-07-19T15:37:27.737] [INFO] default - get product-detail Rubik’s Apprentice 2x2 successfull
[2024-07-19T15:37:28.639] [INFO] default - GET DEVICE LIST SUCCESSFULLY FOR USER helloman123
[2024-07-19T15:37:38.388] [INFO] default - Rubik problem saved
[2024-07-19T15:37:38.391] [INFO] default - Problem detail saved
[2024-07-19T15:43:01.570] [INFO] default - Rubik problem saved
[2024-07-19T15:43:01.573] [INFO] default - Problem detail saved
[2024-07-19T15:43:01.869] [INFO] default - Rubik problem saved
[2024-07-19T15:43:01.871] [INFO] default - Problem detail saved
[2024-07-19T15:43:14.897] [INFO] default - Rubik problem saved
[2024-07-19T15:43:14.900] [INFO] default - Problem detail saved
[2024-07-19T15:55:01.033] [INFO] default - Update Topic List Successfully.
[2024-07-19T16:06:57.789] [INFO] default - Update Topic List Successfully.
[2024-07-19T16:12:05.187] [INFO] default - Close Log SSE Successfully.
