[2024-06-27T00:03:32.501] [INFO] default - Update Topic List Successfully.
[2024-06-27T00:15:34.064] [INFO] default - Update Topic List Successfully.
[2024-06-27T00:27:35.605] [INFO] default - Update Topic List Successfully.
[2024-06-27T00:39:37.180] [INFO] default - Update Topic List Successfully.
[2024-06-27T00:51:33.727] [INFO] default - Update Topic List Successfully.
[2024-06-27T01:02:17.735] [INFO] default - Close Log SSE Successfully.
[2024-06-27T01:03:35.233] [INFO] default - Update Topic List Successfully.
[2024-06-27T01:15:36.683] [INFO] default - Update Topic List Successfully.
[2024-06-27T01:27:33.206] [INFO] default - Update Topic List Successfully.
[2024-06-27T01:39:34.692] [INFO] default - Update Topic List Successfully.
[2024-06-27T01:51:36.103] [INFO] default - Update Topic List Successfully.
[2024-06-27T02:03:32.649] [INFO] default - Update Topic List Successfully.
[2024-06-27T02:15:34.201] [INFO] default - Update Topic List Successfully.
[2024-06-27T02:27:35.713] [INFO] default - Update Topic List Successfully.
[2024-06-27T02:39:37.214] [INFO] default - Update Topic List Successfully.
[2024-06-27T02:51:33.652] [INFO] default - Update Topic List Successfully.
[2024-06-27T03:03:35.099] [INFO] default - Update Topic List Successfully.
[2024-06-27T03:15:36.598] [INFO] default - Update Topic List Successfully.
[2024-06-27T03:27:33.161] [INFO] default - Update Topic List Successfully.
[2024-06-27T03:39:34.545] [INFO] default - Update Topic List Successfully.
[2024-06-27T03:51:36.054] [INFO] default - Update Topic List Successfully.
[2024-06-27T04:03:32.577] [INFO] default - Update Topic List Successfully.
[2024-06-27T04:15:33.990] [INFO] default - Update Topic List Successfully.
[2024-06-27T04:27:35.456] [INFO] default - Update Topic List Successfully.
[2024-06-27T04:39:37.061] [INFO] default - Update Topic List Successfully.
[2024-06-27T04:51:33.584] [INFO] default - Update Topic List Successfully.
[2024-06-27T05:03:35.068] [INFO] default - Update Topic List Successfully.
[2024-06-27T05:15:36.550] [INFO] default - Update Topic List Successfully.
[2024-06-27T05:27:32.975] [INFO] default - Update Topic List Successfully.
[2024-06-27T05:39:34.411] [INFO] default - Update Topic List Successfully.
[2024-06-27T05:51:35.970] [INFO] default - Update Topic List Successfully.
[2024-06-27T06:03:37.488] [INFO] default - Update Topic List Successfully.
[2024-06-27T06:15:33.853] [INFO] default - Update Topic List Successfully.
[2024-06-27T06:27:35.380] [INFO] default - Update Topic List Successfully.
[2024-06-27T06:39:36.881] [INFO] default - Update Topic List Successfully.
[2024-06-27T06:51:33.321] [INFO] default - Update Topic List Successfully.
[2024-06-27T07:03:34.755] [INFO] default - Update Topic List Successfully.
[2024-06-27T07:15:36.235] [INFO] default - Update Topic List Successfully.
[2024-06-27T07:27:32.785] [INFO] default - Update Topic List Successfully.
[2024-06-27T07:39:34.363] [INFO] default - Update Topic List Successfully.
[2024-06-27T07:51:35.865] [INFO] default - Update Topic List Successfully.
[2024-06-27T08:03:37.263] [INFO] default - Update Topic List Successfully.
[2024-06-27T08:15:33.684] [INFO] default - Update Topic List Successfully.
[2024-06-27T08:27:35.121] [INFO] default - Update Topic List Successfully.
[2024-06-27T08:39:36.561] [INFO] default - Update Topic List Successfully.
[2024-06-27T08:51:32.980] [INFO] default - Update Topic List Successfully.
[2024-06-27T09:03:34.510] [INFO] default - Update Topic List Successfully.
[2024-06-27T09:15:36.052] [INFO] default - Update Topic List Successfully.
[2024-06-27T09:27:37.515] [INFO] default - Update Topic List Successfully.
[2024-06-27T09:39:33.880] [INFO] default - Update Topic List Successfully.
[2024-06-27T09:51:35.785] [INFO] default - Update Topic List Successfully.
[2024-06-27T10:03:37.422] [INFO] default - Update Topic List Successfully.
[2024-06-27T10:15:35.724] [INFO] default - Update Topic List Successfully.
[2024-06-27T10:27:37.340] [INFO] default - Update Topic List Successfully.
[2024-06-27T10:38:25.701] [INFO] default - Access about page successful
[2024-06-27T10:38:27.585] [INFO] default - Access about page successful
[2024-06-27T10:38:29.208] [INFO] default - get product-detail Rubik's Coach Cube successfull
[2024-06-27T10:38:29.237] [INFO] default - get product-detail Rubik's 3x3 successfull
[2024-06-27T10:38:29.253] [INFO] default - get product-detail Rubik’s Apprentice 2x2 successfull
[2024-06-27T10:38:30.674] [INFO] default - GET DEVICE LIST SUCCESSFULLY FOR USER helloman123
[2024-06-27T10:39:39.002] [INFO] default - Update Topic List Successfully.
[2024-06-27T10:51:35.716] [INFO] default - Update Topic List Successfully.
[2024-06-27T11:03:37.320] [INFO] default - Update Topic List Successfully.
[2024-06-27T11:15:38.980] [INFO] default - Update Topic List Successfully.
[2024-06-27T11:27:35.629] [INFO] default - Update Topic List Successfully.
[2024-06-27T11:38:56.223] [INFO] default - Close Log SSE Successfully.
[2024-06-27T11:39:22.747] [INFO] default - Access about page successful
[2024-06-27T11:39:24.143] [INFO] default - Close Log SSE Successfully.
[2024-06-27T11:39:24.192] [INFO] default - get product-detail Rubik's Coach Cube successfull
[2024-06-27T11:39:24.208] [INFO] default - get product-detail Rubik's 3x3 successfull
[2024-06-27T11:39:24.227] [INFO] default - get product-detail Rubik’s Apprentice 2x2 successfull
[2024-06-27T11:39:25.318] [INFO] default - GET DEVICE LIST SUCCESSFULLY FOR USER helloman123
[2024-06-27T11:39:28.023] [INFO] default - get product-detail Rubik's Coach Cube successfull
[2024-06-27T11:39:28.034] [INFO] default - get product-detail Rubik's 3x3 successfull
[2024-06-27T11:39:28.042] [INFO] default - get product-detail Rubik’s Apprentice 2x2 successfull
[2024-06-27T11:39:37.457] [INFO] default - Update Topic List Successfully.
[2024-06-27T11:39:45.165] [INFO] default - Close Log SSE Successfully.
[2024-06-27T11:42:26.718] [INFO] default - get product-detail Rubik's 3x3 successfull
[2024-06-27T11:42:26.731] [INFO] default - get product-detail Rubik’s Apprentice 2x2 successfull
[2024-06-27T11:42:28.177] [INFO] default - GET DEVICE LIST SUCCESSFULLY FOR USER helloman123
[2024-06-27T11:45:54.003] [INFO] default - Close Log SSE Successfully.
[2024-06-27T11:45:54.117] [INFO] default - GET DEVICE LIST SUCCESSFULLY FOR USER helloman123
[2024-06-27T11:45:59.998] [INFO] default - Close Log SSE Successfully.
[2024-06-27T11:51:39.197] [INFO] default - Update Topic List Successfully.
[2024-06-27T11:54:31.326] [INFO] default - Access about page successful
[2024-06-27T12:03:35.781] [INFO] default - Update Topic List Successfully.
[2024-06-27T12:15:37.355] [INFO] default - Update Topic List Successfully.
[2024-06-27T12:27:39.015] [INFO] default - Update Topic List Successfully.
[2024-06-27T12:39:35.620] [INFO] default - Update Topic List Successfully.
[2024-06-27T12:51:37.121] [INFO] default - Update Topic List Successfully.
[2024-06-27T13:03:38.678] [INFO] default - Update Topic List Successfully.
[2024-06-27T13:15:35.166] [INFO] default - Update Topic List Successfully.
[2024-06-27T13:27:36.680] [INFO] default - Update Topic List Successfully.
[2024-06-27T13:39:38.303] [INFO] default - Update Topic List Successfully.
[2024-06-27T13:51:34.850] [INFO] default - Update Topic List Successfully.
[2024-06-27T14:03:36.479] [INFO] default - Update Topic List Successfully.
[2024-06-27T14:15:38.047] [INFO] default - Update Topic List Successfully.
[2024-06-27T14:27:34.947] [INFO] default - Update Topic List Successfully.
[2024-06-27T14:39:36.624] [INFO] default - Update Topic List Successfully.
[2024-06-27T14:51:38.255] [INFO] default - Update Topic List Successfully.
[2024-06-27T15:03:34.848] [INFO] default - Update Topic List Successfully.
[2024-06-27T15:15:36.468] [INFO] default - Update Topic List Successfully.
[2024-06-27T15:25:58.059] [INFO] default - Access about page successful
[2024-06-27T15:25:59.432] [INFO] default - get product-detail Rubik's Coach Cube successfull
[2024-06-27T15:25:59.447] [INFO] default - get product-detail Rubik's 3x3 successfull
[2024-06-27T15:25:59.461] [INFO] default - get product-detail Rubik’s Apprentice 2x2 successfull
[2024-06-27T15:26:00.178] [INFO] default - GET DEVICE LIST SUCCESSFULLY FOR USER helloman123
[2024-06-27T15:27:38.028] [INFO] default - Update Topic List Successfully.
[2024-06-27T15:28:11.013] [INFO] default - Close Log SSE Successfully.
[2024-06-27T15:28:11.156] [INFO] default - GET DEVICE LIST SUCCESSFULLY FOR USER helloman123
[2024-06-27T15:28:42.988] [INFO] default - Close Log SSE Successfully.
[2024-06-27T15:28:43.135] [INFO] default - GET DEVICE LIST SUCCESSFULLY FOR USER helloman123
[2024-06-27T15:29:08.913] [INFO] default - Close Log SSE Successfully.
[2024-06-27T15:29:09.027] [INFO] default - GET DEVICE LIST SUCCESSFULLY FOR USER helloman123
[2024-06-27T15:29:11.008] [INFO] default - Close Log SSE Successfully.
[2024-06-27T15:29:11.080] [INFO] default - GET DEVICE LIST SUCCESSFULLY FOR USER helloman123
[2024-06-27T15:30:49.789] [INFO] default - Close Log SSE Successfully.
[2024-06-27T15:30:49.894] [INFO] default - GET DEVICE LIST SUCCESSFULLY FOR USER helloman123
[2024-06-27T15:33:50.397] [INFO] default - Close Log SSE Successfully.
[2024-06-27T15:33:50.752] [INFO] default - GET DEVICE LIST SUCCESSFULLY FOR USER helloman123
[2024-06-27T15:33:58.994] [INFO] default - Close Log SSE Successfully.
[2024-06-27T15:33:59.143] [INFO] default - GET DEVICE LIST SUCCESSFULLY FOR USER helloman123
[2024-06-27T15:34:05.360] [INFO] default - Close Log SSE Successfully.
[2024-06-27T15:34:05.440] [INFO] default - GET DEVICE LIST SUCCESSFULLY FOR USER helloman123
[2024-06-27T15:34:31.441] [INFO] default - Close Log SSE Successfully.
[2024-06-27T15:34:31.646] [INFO] default - GET DEVICE LIST SUCCESSFULLY FOR USER helloman123
[2024-06-27T15:34:34.767] [INFO] default - Close Log SSE Successfully.
[2024-06-27T15:34:34.836] [INFO] default - GET DEVICE LIST SUCCESSFULLY FOR USER helloman123
[2024-06-27T15:34:35.307] [INFO] default - Close Log SSE Successfully.
[2024-06-27T15:34:35.365] [INFO] default - GET DEVICE LIST SUCCESSFULLY FOR USER helloman123
[2024-06-27T15:34:35.451] [INFO] default - Close Log SSE Successfully.
[2024-06-27T15:34:35.514] [INFO] default - GET DEVICE LIST SUCCESSFULLY FOR USER helloman123
[2024-06-27T15:34:35.581] [INFO] default - Close Log SSE Successfully.
[2024-06-27T15:34:35.639] [INFO] default - GET DEVICE LIST SUCCESSFULLY FOR USER helloman123
[2024-06-27T15:34:51.986] [INFO] default - Close Log SSE Successfully.
[2024-06-27T15:34:52.110] [INFO] default - GET DEVICE LIST SUCCESSFULLY FOR USER helloman123
[2024-06-27T15:34:58.880] [INFO] default - Close Log SSE Successfully.
[2024-06-27T15:34:58.967] [INFO] default - GET DEVICE LIST SUCCESSFULLY FOR USER helloman123
[2024-06-27T15:35:15.979] [INFO] default - Close Log SSE Successfully.
[2024-06-27T15:35:16.118] [INFO] default - GET DEVICE LIST SUCCESSFULLY FOR USER helloman123
[2024-06-27T15:36:10.976] [INFO] default - Close Log SSE Successfully.
[2024-06-27T15:36:11.127] [INFO] default - GET DEVICE LIST SUCCESSFULLY FOR USER helloman123
[2024-06-27T15:36:14.381] [INFO] default - Close Log SSE Successfully.
[2024-06-27T15:36:14.439] [INFO] default - GET DEVICE LIST SUCCESSFULLY FOR USER helloman123
[2024-06-27T15:36:14.860] [INFO] default - Close Log SSE Successfully.
[2024-06-27T15:36:14.914] [INFO] default - GET DEVICE LIST SUCCESSFULLY FOR USER helloman123
[2024-06-27T15:36:15.010] [INFO] default - Close Log SSE Successfully.
[2024-06-27T15:36:15.061] [INFO] default - GET DEVICE LIST SUCCESSFULLY FOR USER helloman123
[2024-06-27T15:36:15.140] [INFO] default - Close Log SSE Successfully.
[2024-06-27T15:36:15.192] [INFO] default - GET DEVICE LIST SUCCESSFULLY FOR USER helloman123
[2024-06-27T15:36:33.994] [INFO] default - Close Log SSE Successfully.
[2024-06-27T15:36:34.100] [INFO] default - GET DEVICE LIST SUCCESSFULLY FOR USER helloman123
[2024-06-27T15:36:37.655] [INFO] default - Close Log SSE Successfully.
[2024-06-27T15:36:37.710] [INFO] default - GET DEVICE LIST SUCCESSFULLY FOR USER helloman123
[2024-06-27T15:36:45.270] [INFO] default - Close Log SSE Successfully.
[2024-06-27T15:36:45.469] [INFO] default - GET DEVICE LIST SUCCESSFULLY FOR USER helloman123
[2024-06-27T15:36:51.003] [INFO] default - Close Log SSE Successfully.
[2024-06-27T15:36:51.095] [INFO] default - GET DEVICE LIST SUCCESSFULLY FOR USER helloman123
[2024-06-27T15:36:53.956] [INFO] default - Close Log SSE Successfully.
[2024-06-27T15:36:54.112] [INFO] default - GET DEVICE LIST SUCCESSFULLY FOR USER helloman123
[2024-06-27T15:38:08.445] [INFO] default - Close Log SSE Successfully.
[2024-06-27T15:38:08.578] [INFO] default - GET DEVICE LIST SUCCESSFULLY FOR USER helloman123
[2024-06-27T15:38:12.863] [INFO] default - Close Log SSE Successfully.
[2024-06-27T15:38:12.949] [INFO] default - GET DEVICE LIST SUCCESSFULLY FOR USER helloman123
[2024-06-27T15:39:34.572] [INFO] default - Update Topic List Successfully.
[2024-06-27T15:43:24.992] [INFO] default - Close Log SSE Successfully.
[2024-06-27T15:43:25.128] [INFO] default - GET DEVICE LIST SUCCESSFULLY FOR USER helloman123
[2024-06-27T15:43:57.993] [INFO] default - Close Log SSE Successfully.
[2024-06-27T15:43:58.160] [INFO] default - GET DEVICE LIST SUCCESSFULLY FOR USER helloman123
[2024-06-27T15:44:27.980] [INFO] default - Close Log SSE Successfully.
[2024-06-27T15:44:28.197] [INFO] default - GET DEVICE LIST SUCCESSFULLY FOR USER helloman123
[2024-06-27T15:44:52.783] [INFO] default - Close Log SSE Successfully.
[2024-06-27T15:44:52.950] [INFO] default - GET DEVICE LIST SUCCESSFULLY FOR USER helloman123
[2024-06-27T15:45:08.017] [INFO] default - Close Log SSE Successfully.
[2024-06-27T15:45:08.225] [INFO] default - GET DEVICE LIST SUCCESSFULLY FOR USER helloman123
[2024-06-27T15:45:36.354] [INFO] default - Close Log SSE Successfully.
[2024-06-27T15:45:36.478] [INFO] default - GET DEVICE LIST SUCCESSFULLY FOR USER helloman123
[2024-06-27T15:48:27.994] [INFO] default - Close Log SSE Successfully.
[2024-06-27T15:48:28.125] [INFO] default - GET DEVICE LIST SUCCESSFULLY FOR USER helloman123
[2024-06-27T15:48:31.006] [INFO] default - Close Log SSE Successfully.
[2024-06-27T15:48:31.114] [INFO] default - GET DEVICE LIST SUCCESSFULLY FOR USER helloman123
[2024-06-27T15:48:36.623] [INFO] default - Close Log SSE Successfully.
[2024-06-27T15:48:36.809] [INFO] default - GET DEVICE LIST SUCCESSFULLY FOR USER helloman123
[2024-06-27T15:51:36.410] [INFO] default - Update Topic List Successfully.
[2024-06-27T16:03:37.945] [INFO] default - Update Topic List Successfully.
[2024-06-27T16:08:09.825] [INFO] default - Close Log SSE Successfully.
[2024-06-27T16:08:10.119] [INFO] default - GET DEVICE LIST SUCCESSFULLY FOR USER helloman123
[2024-06-27T16:09:05.090] [INFO] default - Close Log SSE Successfully.
[2024-06-27T16:09:05.188] [INFO] default - GET DEVICE LIST SUCCESSFULLY FOR USER helloman123
[2024-06-27T16:15:34.556] [INFO] default - Update Topic List Successfully.
[2024-06-27T16:16:07.159] [INFO] default - Close Log SSE Successfully.
[2024-06-27T16:16:07.391] [INFO] default - GET DEVICE LIST SUCCESSFULLY FOR USER helloman123
[2024-06-27T16:16:24.220] [INFO] default - Close Log SSE Successfully.
[2024-06-27T16:16:24.399] [INFO] default - GET DEVICE LIST SUCCESSFULLY FOR USER helloman123
[2024-06-27T16:16:37.578] [INFO] default - Close Log SSE Successfully.
[2024-06-27T16:16:37.773] [INFO] default - GET DEVICE LIST SUCCESSFULLY FOR USER helloman123
[2024-06-27T16:16:46.968] [INFO] default - Close Log SSE Successfully.
[2024-06-27T16:16:47.108] [INFO] default - GET DEVICE LIST SUCCESSFULLY FOR USER helloman123
[2024-06-27T16:16:59.518] [INFO] default - Close Log SSE Successfully.
[2024-06-27T16:16:59.689] [INFO] default - GET DEVICE LIST SUCCESSFULLY FOR USER helloman123
[2024-06-27T16:21:29.598] [INFO] default - Close Log SSE Successfully.
[2024-06-27T16:21:29.845] [INFO] default - GET DEVICE LIST SUCCESSFULLY FOR USER helloman123
[2024-06-27T16:21:36.010] [INFO] default - Close Log SSE Successfully.
[2024-06-27T16:21:36.097] [INFO] default - GET DEVICE LIST SUCCESSFULLY FOR USER helloman123
[2024-06-27T16:21:57.996] [INFO] default - Close Log SSE Successfully.
[2024-06-27T16:21:58.117] [INFO] default - GET DEVICE LIST SUCCESSFULLY FOR USER helloman123
[2024-06-27T16:22:02.189] [INFO] default - Close Log SSE Successfully.
[2024-06-27T16:22:02.398] [INFO] default - GET DEVICE LIST SUCCESSFULLY FOR USER helloman123
[2024-06-27T16:22:15.566] [INFO] default - Close Log SSE Successfully.
[2024-06-27T16:22:15.690] [INFO] default - GET DEVICE LIST SUCCESSFULLY FOR USER helloman123
[2024-06-27T16:22:28.382] [INFO] default - Close Log SSE Successfully.
[2024-06-27T16:22:28.495] [INFO] default - GET DEVICE LIST SUCCESSFULLY FOR USER helloman123
[2024-06-27T16:22:49.295] [INFO] default - Close Log SSE Successfully.
[2024-06-27T16:22:49.426] [INFO] default - GET DEVICE LIST SUCCESSFULLY FOR USER helloman123
[2024-06-27T16:22:57.004] [INFO] default - Close Log SSE Successfully.
[2024-06-27T16:22:57.111] [INFO] default - GET DEVICE LIST SUCCESSFULLY FOR USER helloman123
[2024-06-27T16:23:10.001] [INFO] default - Close Log SSE Successfully.
[2024-06-27T16:23:10.115] [INFO] default - GET DEVICE LIST SUCCESSFULLY FOR USER helloman123
[2024-06-27T16:23:20.483] [INFO] default - Close Log SSE Successfully.
[2024-06-27T16:23:20.661] [INFO] default - GET DEVICE LIST SUCCESSFULLY FOR USER helloman123
[2024-06-27T16:23:30.322] [INFO] default - Close Log SSE Successfully.
[2024-06-27T16:23:30.492] [INFO] default - GET DEVICE LIST SUCCESSFULLY FOR USER helloman123
[2024-06-27T16:23:34.888] [INFO] default - Close Log SSE Successfully.
[2024-06-27T16:23:35.056] [INFO] default - GET DEVICE LIST SUCCESSFULLY FOR USER helloman123
[2024-06-27T16:23:58.447] [INFO] default - Close Log SSE Successfully.
[2024-06-27T16:23:58.617] [INFO] default - GET DEVICE LIST SUCCESSFULLY FOR USER helloman123
[2024-06-27T16:24:05.167] [INFO] default - Close Log SSE Successfully.
[2024-06-27T16:24:05.285] [INFO] default - GET DEVICE LIST SUCCESSFULLY FOR USER helloman123
[2024-06-27T16:24:11.655] [INFO] default - Close Log SSE Successfully.
[2024-06-27T16:24:11.813] [INFO] default - GET DEVICE LIST SUCCESSFULLY FOR USER helloman123
[2024-06-27T16:24:23.987] [INFO] default - Close Log SSE Successfully.
[2024-06-27T16:24:24.106] [INFO] default - GET DEVICE LIST SUCCESSFULLY FOR USER helloman123
[2024-06-27T16:27:36.114] [INFO] default - Update Topic List Successfully.
