[2024-05-27T10:20:21.743] [INFO] default - Access about page successful
[2024-05-27T10:20:23.494] [INFO] default - get product-detail Rubik's Coach Cube successfull
[2024-05-27T10:20:23.535] [INFO] default - get product-detail Rubik's 3x3 successfull
[2024-05-27T10:20:23.551] [INFO] default - get product-detail Rubik’s Apprentice 2x2 successfull
[2024-05-27T10:22:51.000] [INFO] default - GET DEVICE LIST SUCCESSFULLY FOR USER helloman123
[2024-05-27T10:23:02.975] [INFO] default - get product-detail Rubik's Coach Cube successfull
[2024-05-27T10:23:02.989] [INFO] default - get product-detail Rubik's 3x3 successfull
[2024-05-27T10:23:03.007] [INFO] default - get product-detail Rubik’s Apprentice 2x2 successfull
[2024-05-27T10:23:05.984] [INFO] default - GET DEVICE LIST SUCCESSFULLY FOR USER helloman123
[2024-05-27T10:24:06.960] [INFO] default - GET DEVICE LIST SUCCESSFULLY FOR USER helloman123
[2024-05-27T10:24:08.345] [INFO] default - get product-detail Rubik's Coach Cube successfull
[2024-05-27T10:24:08.360] [INFO] default - get product-detail Rubik's 3x3 successfull
[2024-05-27T10:24:08.375] [INFO] default - get product-detail Rubik’s Apprentice 2x2 successfull
[2024-05-27T10:24:09.235] [INFO] default - GET DEVICE LIST SUCCESSFULLY FOR USER helloman123
[2024-05-27T10:48:56.059] [INFO] default - GET DEVICE LIST SUCCESSFULLY FOR USER helloman123
[2024-05-27T10:48:57.629] [INFO] default - get product-detail Rubik's Coach Cube successfull
[2024-05-27T10:48:57.732] [INFO] default - get product-detail Rubik's 3x3 successfull
[2024-05-27T10:48:57.750] [INFO] default - get product-detail Rubik’s Apprentice 2x2 successfull
[2024-05-27T10:49:17.554] [INFO] default - GET DEVICE LIST SUCCESSFULLY FOR USER helloman123
[2024-05-27T10:49:19.113] [INFO] default - get product-detail Rubik's Coach Cube successfull
[2024-05-27T10:49:19.217] [INFO] default - get product-detail Rubik's 3x3 successfull
[2024-05-27T10:49:19.241] [INFO] default - get product-detail Rubik’s Apprentice 2x2 successfull
[2024-05-27T10:49:20.161] [INFO] default - GET DEVICE LIST SUCCESSFULLY FOR USER helloman123
[2024-05-27T10:55:08.439] [INFO] default - GET DEVICE LIST SUCCESSFULLY FOR USER helloman123
[2024-05-27T10:55:10.741] [INFO] default - GET DEVICE LIST SUCCESSFULLY FOR USER helloman123
[2024-05-27T10:55:11.592] [INFO] default - get product-detail Rubik's Coach Cube successfull
[2024-05-27T10:55:11.607] [INFO] default - get product-detail Rubik's 3x3 successfull
[2024-05-27T10:55:11.617] [INFO] default - get product-detail Rubik’s Apprentice 2x2 successfull
[2024-05-27T10:55:12.380] [INFO] default - GET DEVICE LIST SUCCESSFULLY FOR USER helloman123
[2024-05-27T10:55:50.055] [INFO] default - GET DEVICE LIST SUCCESSFULLY FOR USER helloman123
[2024-05-27T10:59:07.629] [INFO] default - GET DEVICE LIST SUCCESSFULLY FOR USER helloman123
[2024-05-27T10:59:18.229] [INFO] default - GET DEVICE LIST SUCCESSFULLY FOR USER helloman123
[2024-05-27T10:59:48.903] [INFO] default - Access about page successful
[2024-05-27T10:59:51.328] [INFO] default - Access about page successful
[2024-05-27T10:59:53.071] [INFO] default - get product-detail Rubik's Coach Cube successfull
[2024-05-27T10:59:53.138] [INFO] default - get product-detail Rubik's 3x3 successfull
[2024-05-27T10:59:53.158] [INFO] default - get product-detail Rubik’s Apprentice 2x2 successfull
[2024-05-27T10:59:53.932] [INFO] default - GET DEVICE LIST SUCCESSFULLY FOR USER helloman123
[2024-05-27T11:00:49.080] [INFO] default - GET DEVICE LIST SUCCESSFULLY FOR USER helloman123
[2024-05-27T11:01:06.477] [INFO] default - GET DEVICE LIST SUCCESSFULLY FOR USER helloman123
[2024-05-27T11:02:22.976] [INFO] default - GET DEVICE LIST SUCCESSFULLY FOR USER helloman123
[2024-05-27T11:02:29.232] [INFO] default - GET DEVICE LIST SUCCESSFULLY FOR USER helloman123
[2024-05-27T11:02:33.605] [INFO] default - GET DEVICE LIST SUCCESSFULLY FOR USER helloman123
[2024-05-27T11:10:37.355] [INFO] default - GET DEVICE LIST SUCCESSFULLY FOR USER helloman123
[2024-05-27T11:10:40.917] [INFO] default - get product-detail Rubik's Coach Cube successfull
[2024-05-27T11:10:40.965] [INFO] default - get product-detail Rubik's 3x3 successfull
[2024-05-27T11:10:41.006] [INFO] default - get product-detail Rubik’s Apprentice 2x2 successfull
[2024-05-27T11:10:41.579] [INFO] default - GET DEVICE LIST SUCCESSFULLY FOR USER helloman123
[2024-05-27T11:10:59.924] [INFO] default - GET DEVICE LIST SUCCESSFULLY FOR USER helloman123
[2024-05-27T11:11:02.643] [INFO] default - get product-detail Rubik's Coach Cube successfull
[2024-05-27T11:11:02.698] [INFO] default - get product-detail Rubik's 3x3 successfull
[2024-05-27T11:11:02.715] [INFO] default - get product-detail Rubik’s Apprentice 2x2 successfull
[2024-05-27T11:11:20.314] [INFO] default - get product-detail Rubik's Coach Cube successfull
[2024-05-27T11:11:20.360] [INFO] default - get product-detail Rubik's 3x3 successfull
[2024-05-27T11:11:20.378] [INFO] default - get product-detail Rubik’s Apprentice 2x2 successfull
