[2024-07-06T00:01:19.386] [INFO] default - Update Topic List Successfully.
[2024-07-06T00:13:15.845] [INFO] default - Update Topic List Successfully.
[2024-07-06T00:25:17.295] [INFO] default - Update Topic List Successfully.
[2024-07-06T00:37:18.761] [INFO] default - Update Topic List Successfully.
[2024-07-06T00:49:20.130] [INFO] default - Update Topic List Successfully.
[2024-07-06T01:01:16.648] [INFO] default - Update Topic List Successfully.
[2024-07-06T01:13:18.132] [INFO] default - Update Topic List Successfully.
[2024-07-06T01:25:19.746] [INFO] default - Update Topic List Successfully.
[2024-07-06T01:37:16.240] [INFO] default - Update Topic List Successfully.
[2024-07-06T01:49:17.781] [INFO] default - Update Topic List Successfully.
[2024-07-06T02:01:19.248] [INFO] default - Update Topic List Successfully.
[2024-07-06T02:13:15.718] [INFO] default - Update Topic List Successfully.
[2024-07-06T02:25:17.098] [INFO] default - Update Topic List Successfully.
[2024-07-06T02:37:18.544] [INFO] default - Update Topic List Successfully.
[2024-07-06T02:49:20.012] [INFO] default - Update Topic List Successfully.
[2024-07-06T03:01:16.538] [INFO] default - Update Topic List Successfully.
[2024-07-06T03:13:18.056] [INFO] default - Update Topic List Successfully.
[2024-07-06T03:25:19.623] [INFO] default - Update Topic List Successfully.
[2024-07-06T03:37:16.120] [INFO] default - Update Topic List Successfully.
[2024-07-06T03:49:17.746] [INFO] default - Update Topic List Successfully.
[2024-07-06T04:01:19.189] [INFO] default - Update Topic List Successfully.
[2024-07-06T04:13:15.712] [INFO] default - Update Topic List Successfully.
[2024-07-06T04:25:17.187] [INFO] default - Update Topic List Successfully.
[2024-07-06T04:37:18.735] [INFO] default - Update Topic List Successfully.
[2024-07-06T04:49:20.235] [INFO] default - Update Topic List Successfully.
[2024-07-06T05:01:16.700] [INFO] default - Update Topic List Successfully.
[2024-07-06T05:13:18.336] [INFO] default - Update Topic List Successfully.
[2024-07-06T05:25:19.919] [INFO] default - Update Topic List Successfully.
[2024-07-06T05:37:16.427] [INFO] default - Update Topic List Successfully.
[2024-07-06T05:49:17.966] [INFO] default - Update Topic List Successfully.
[2024-07-06T06:01:19.487] [INFO] default - Update Topic List Successfully.
[2024-07-06T06:13:16.029] [INFO] default - Update Topic List Successfully.
[2024-07-06T06:25:17.451] [INFO] default - Update Topic List Successfully.
[2024-07-06T06:37:18.957] [INFO] default - Update Topic List Successfully.
[2024-07-06T06:49:20.495] [INFO] default - Update Topic List Successfully.
[2024-07-06T07:01:16.967] [INFO] default - Update Topic List Successfully.
[2024-07-06T07:13:18.479] [INFO] default - Update Topic List Successfully.
[2024-07-06T07:25:20.025] [INFO] default - Update Topic List Successfully.
[2024-07-06T07:37:16.561] [INFO] default - Update Topic List Successfully.
[2024-07-06T07:49:17.995] [INFO] default - Update Topic List Successfully.
[2024-07-06T08:01:19.547] [INFO] default - Update Topic List Successfully.
[2024-07-06T08:13:16.012] [INFO] default - Update Topic List Successfully.
[2024-07-06T08:25:17.504] [INFO] default - Update Topic List Successfully.
[2024-07-06T08:37:19.108] [INFO] default - Update Topic List Successfully.
[2024-07-06T08:49:20.592] [INFO] default - Update Topic List Successfully.
[2024-07-06T09:01:17.149] [INFO] default - Update Topic List Successfully.
[2024-07-06T09:13:18.762] [INFO] default - Update Topic List Successfully.
[2024-07-06T09:25:20.271] [INFO] default - Update Topic List Successfully.
[2024-07-06T09:37:16.738] [INFO] default - Update Topic List Successfully.
[2024-07-06T09:49:18.290] [INFO] default - Update Topic List Successfully.
[2024-07-06T10:01:19.794] [INFO] default - Update Topic List Successfully.
[2024-07-06T10:13:18.118] [INFO] default - Update Topic List Successfully.
[2024-07-06T10:25:19.835] [INFO] default - Update Topic List Successfully.
[2024-07-06T10:26:18.602] [INFO] default - Access about page successful
[2024-07-06T10:26:19.747] [INFO] default - Close Log SSE Successfully.
[2024-07-06T10:26:19.937] [INFO] default - get product-detail Rubik's Coach Cube successfull
[2024-07-06T10:26:19.973] [INFO] default - get product-detail Rubik's 3x3 successfull
[2024-07-06T10:26:19.994] [INFO] default - get product-detail Rubik’s Apprentice 2x2 successfull
[2024-07-06T10:26:21.031] [INFO] default - GET DEVICE LIST SUCCESSFULLY FOR USER helloman123
[2024-07-06T10:26:31.544] [INFO] default - Image original name:download.jpg
[2024-07-06T10:26:31.545] [INFO] default - Image file name:7c36960e830e0827a7a9ff3ba61003e7
[2024-07-06T10:26:46.099] [INFO] default - Third party handle image:undefined
[2024-07-06T10:26:46.099] [INFO] default - ADD IMAGES SUCCESSFULLY.
[2024-07-06T10:26:51.114] [INFO] default - DELETE IMAGE 7c36960e830e0827a7a9ff3ba61003e7 SUCCESSFULLY
[2024-07-06T10:27:01.307] [INFO] default - Image original name:download.jpg
[2024-07-06T10:27:01.308] [INFO] default - Image file name:b3036cb996c5c92c33ca00c487a6dac2
[2024-07-06T10:27:09.216] [INFO] default - Third party handle image:undefined
[2024-07-06T10:27:09.217] [INFO] default - ADD IMAGES SUCCESSFULLY.
[2024-07-06T10:27:14.224] [INFO] default - DELETE IMAGE b3036cb996c5c92c33ca00c487a6dac2 SUCCESSFULLY
[2024-07-06T10:27:15.237] [INFO] default - Image original name:download.jpg
[2024-07-06T10:27:15.237] [INFO] default - Image file name:575aa86ce3a2974dc4967f65ea9de029
[2024-07-06T10:27:17.991] [INFO] default - Third party handle image:undefined
[2024-07-06T10:27:17.991] [INFO] default - ADD IMAGES SUCCESSFULLY.
[2024-07-06T10:27:23.005] [INFO] default - DELETE IMAGE 575aa86ce3a2974dc4967f65ea9de029 SUCCESSFULLY
[2024-07-06T10:27:33.768] [INFO] default - Image original name:download.jpg
[2024-07-06T10:27:33.768] [INFO] default - Image file name:9951eca1839d2654458a68f76de3480c
[2024-07-06T10:27:37.799] [INFO] default - Third party handle image:undefined
[2024-07-06T10:27:37.799] [INFO] default - ADD IMAGES SUCCESSFULLY.
[2024-07-06T10:27:42.803] [INFO] default - DELETE IMAGE 9951eca1839d2654458a68f76de3480c SUCCESSFULLY
[2024-07-06T10:27:47.279] [INFO] default - Image original name:download.jpg
[2024-07-06T10:27:47.279] [INFO] default - Image file name:15312a2de51bc37dbaa4a7a87914b051
[2024-07-06T10:27:53.372] [INFO] default - Third party handle image:undefined
[2024-07-06T10:27:53.373] [INFO] default - ADD IMAGES SUCCESSFULLY.
[2024-07-06T10:27:58.382] [INFO] default - DELETE IMAGE 15312a2de51bc37dbaa4a7a87914b051 SUCCESSFULLY
[2024-07-06T10:28:01.118] [INFO] default - Image original name:download.jpg
[2024-07-06T10:28:01.118] [INFO] default - Image file name:9360f259b1d159fe8a06c88d23fb14ae
[2024-07-06T10:28:05.326] [INFO] default - Third party handle image:undefined
[2024-07-06T10:28:05.326] [INFO] default - ADD IMAGES SUCCESSFULLY.
[2024-07-06T10:28:10.366] [INFO] default - DELETE IMAGE 9360f259b1d159fe8a06c88d23fb14ae SUCCESSFULLY
[2024-07-06T10:28:12.706] [INFO] default - Image original name:download.jpg
[2024-07-06T10:28:12.706] [INFO] default - Image file name:f89d6d0a344ce8cddcf6245d550a1270
[2024-07-06T10:28:20.671] [INFO] default - Third party handle image:undefined
[2024-07-06T10:28:20.671] [INFO] default - ADD IMAGES SUCCESSFULLY.
[2024-07-06T10:28:25.684] [INFO] default - DELETE IMAGE f89d6d0a344ce8cddcf6245d550a1270 SUCCESSFULLY
[2024-07-06T10:28:27.122] [INFO] default - Image original name:download.jpg
[2024-07-06T10:28:27.122] [INFO] default - Image file name:0db5f99906fec0a99ecd9fd91902fc07
[2024-07-06T10:28:32.137] [INFO] default - Third party handle image:undefined
[2024-07-06T10:28:32.138] [INFO] default - ADD IMAGES SUCCESSFULLY.
[2024-07-06T10:28:37.150] [INFO] default - DELETE IMAGE 0db5f99906fec0a99ecd9fd91902fc07 SUCCESSFULLY
[2024-07-06T10:28:38.996] [INFO] default - Image original name:download.jpg
[2024-07-06T10:28:38.996] [INFO] default - Image file name:887bc83b37db7928f732130d2ec5fb80
[2024-07-06T10:28:48.262] [INFO] default - Third party handle image:undefined
[2024-07-06T10:28:48.262] [INFO] default - ADD IMAGES SUCCESSFULLY.
[2024-07-06T10:28:53.267] [INFO] default - DELETE IMAGE 887bc83b37db7928f732130d2ec5fb80 SUCCESSFULLY
[2024-07-06T10:29:14.659] [INFO] default - Image original name:download.jpg
[2024-07-06T10:29:14.659] [INFO] default - Image file name:4e3f21a4c0f25e7d5fbcb8423b30c5d6
[2024-07-06T10:29:22.894] [INFO] default - Third party handle image:undefined
[2024-07-06T10:29:22.894] [INFO] default - ADD IMAGES SUCCESSFULLY.
[2024-07-06T10:29:27.904] [INFO] default - DELETE IMAGE 4e3f21a4c0f25e7d5fbcb8423b30c5d6 SUCCESSFULLY
[2024-07-06T10:29:39.455] [INFO] default - Image original name:download.jpg
[2024-07-06T10:29:39.455] [INFO] default - Image file name:d4e270890a3c21c46d4afcfb35d83336
[2024-07-06T10:29:56.709] [INFO] default - Third party handle image:undefined
[2024-07-06T10:29:56.709] [INFO] default - ADD IMAGES SUCCESSFULLY.
[2024-07-06T10:30:01.711] [INFO] default - DELETE IMAGE d4e270890a3c21c46d4afcfb35d83336 SUCCESSFULLY
[2024-07-06T10:30:08.275] [INFO] default - Image original name:download.jpg
[2024-07-06T10:30:08.275] [INFO] default - Image file name:d4b95c6884637fc7803b779b0aea4357
[2024-07-06T10:30:12.862] [INFO] default - Third party handle image:undefined
[2024-07-06T10:30:12.863] [INFO] default - ADD IMAGES SUCCESSFULLY.
[2024-07-06T10:30:17.867] [INFO] default - DELETE IMAGE d4b95c6884637fc7803b779b0aea4357 SUCCESSFULLY
[2024-07-06T10:30:21.015] [INFO] default - Image original name:download.jpg
[2024-07-06T10:30:21.015] [INFO] default - Image file name:a7f3a8cf4c195f4c023da12666fa1237
[2024-07-06T10:30:50.114] [INFO] default - Third party handle image:undefined
[2024-07-06T10:30:50.115] [INFO] default - ADD IMAGES SUCCESSFULLY.
[2024-07-06T10:30:55.121] [INFO] default - DELETE IMAGE a7f3a8cf4c195f4c023da12666fa1237 SUCCESSFULLY
[2024-07-06T10:31:29.691] [INFO] default - Image original name:download.jpg
[2024-07-06T10:31:29.691] [INFO] default - Image file name:9ea77077d766c9b0848f3f0c6913bef9
[2024-07-06T10:31:44.079] [INFO] default - Third party handle image:undefined
[2024-07-06T10:31:44.079] [INFO] default - ADD IMAGES SUCCESSFULLY.
[2024-07-06T10:31:47.010] [INFO] default - Image original name:download.jpg
[2024-07-06T10:31:47.010] [INFO] default - Image file name:f95fc9318f229b71c0892cd6efd5029b
[2024-07-06T10:31:49.088] [INFO] default - DELETE IMAGE 9ea77077d766c9b0848f3f0c6913bef9 SUCCESSFULLY
[2024-07-06T10:31:51.785] [INFO] default - Third party handle image:undefined
[2024-07-06T10:31:51.786] [INFO] default - ADD IMAGES SUCCESSFULLY.
[2024-07-06T10:31:56.796] [INFO] default - DELETE IMAGE f95fc9318f229b71c0892cd6efd5029b SUCCESSFULLY
[2024-07-06T10:32:22.886] [INFO] default - Image original name:rubik_face.jpg
[2024-07-06T10:32:22.886] [INFO] default - Image file name:bce24afcbc6d57e61f98ce516df3fad5
[2024-07-06T10:32:31.422] [INFO] default - Third party handle image:undefined
[2024-07-06T10:32:31.423] [INFO] default - ADD IMAGES SUCCESSFULLY.
[2024-07-06T10:32:36.431] [INFO] default - DELETE IMAGE bce24afcbc6d57e61f98ce516df3fad5 SUCCESSFULLY
[2024-07-06T10:32:47.059] [INFO] default - Image original name:demo-calibrate-mode-success.jpg
[2024-07-06T10:32:47.059] [INFO] default - Image file name:fca9538fef0065aaa8ca2d7519a05c88
[2024-07-06T10:33:08.455] [INFO] default - Third party handle image:undefined
[2024-07-06T10:33:08.455] [INFO] default - ADD IMAGES SUCCESSFULLY.
[2024-07-06T10:33:13.479] [INFO] default - DELETE IMAGE fca9538fef0065aaa8ca2d7519a05c88 SUCCESSFULLY
[2024-07-06T10:33:19.287] [INFO] default - Image original name:demo-calibrate-mode-success.jpg
[2024-07-06T10:33:19.287] [INFO] default - Image file name:d2348281d8c740c6c6f93c60a63fcfb1
[2024-07-06T10:33:34.537] [INFO] default - Third party handle image:undefined
[2024-07-06T10:33:34.537] [INFO] default - ADD IMAGES SUCCESSFULLY.
[2024-07-06T10:33:39.539] [INFO] default - DELETE IMAGE d2348281d8c740c6c6f93c60a63fcfb1 SUCCESSFULLY
[2024-07-06T10:33:56.687] [INFO] default - Image original name:download (2).png
[2024-07-06T10:33:56.687] [INFO] default - Image file name:e04a3396d39548ca42c06d613f959338
[2024-07-06T10:34:13.272] [INFO] default - Third party handle image:undefined
[2024-07-06T10:34:13.273] [INFO] default - ADD IMAGES SUCCESSFULLY.
[2024-07-06T10:34:18.276] [INFO] default - DELETE IMAGE e04a3396d39548ca42c06d613f959338 SUCCESSFULLY
[2024-07-06T10:37:22.000] [INFO] default - Update Topic List Successfully.
[2024-07-06T10:49:18.619] [INFO] default - Update Topic List Successfully.
[2024-07-06T11:01:20.132] [INFO] default - Update Topic List Successfully.
[2024-07-06T11:13:21.697] [INFO] default - Update Topic List Successfully.
[2024-07-06T11:16:22.377] [INFO] default - Image original name:download (2).png
[2024-07-06T11:16:22.378] [INFO] default - Image file name:0acb27e4767151da8e1f47e6b64ce141
[2024-07-06T11:16:30.739] [INFO] default - Third party handle image:undefined
[2024-07-06T11:16:30.740] [INFO] default - ADD IMAGES SUCCESSFULLY.
[2024-07-06T11:16:35.761] [INFO] default - DELETE IMAGE 0acb27e4767151da8e1f47e6b64ce141 SUCCESSFULLY
[2024-07-06T11:16:45.926] [INFO] default - Image original name:download.jpg
[2024-07-06T11:16:45.926] [INFO] default - Image file name:c0d6ab118cef32dfcb0349bfadc1c942
[2024-07-06T11:17:42.141] [INFO] default - Image original name:rubik_face.jpg
[2024-07-06T11:17:42.141] [INFO] default - Image file name:702d3603b8b129f0b39d44fdc96eb537
[2024-07-06T11:17:46.863] [INFO] default - Third party handle image:undefined
[2024-07-06T11:17:46.864] [INFO] default - ADD IMAGES SUCCESSFULLY.
[2024-07-06T11:17:51.873] [INFO] default - DELETE IMAGE c0d6ab118cef32dfcb0349bfadc1c942 SUCCESSFULLY
[2024-07-06T11:17:57.710] [INFO] default - Third party handle image:undefined
[2024-07-06T11:17:57.755] [INFO] default - ADD IMAGES SUCCESSFULLY.
[2024-07-06T11:18:02.772] [INFO] default - DELETE IMAGE 702d3603b8b129f0b39d44fdc96eb537 SUCCESSFULLY
[2024-07-06T11:18:17.764] [INFO] default - Image original name:rubik_face.jpg
[2024-07-06T11:18:17.764] [INFO] default - Image file name:87459fd8e49fd577d7270475dc115743
[2024-07-06T11:18:30.694] [INFO] default - Third party handle image:undefined
[2024-07-06T11:18:30.694] [INFO] default - ADD IMAGES SUCCESSFULLY.
[2024-07-06T11:18:35.710] [INFO] default - DELETE IMAGE 87459fd8e49fd577d7270475dc115743 SUCCESSFULLY
[2024-07-06T11:19:20.862] [INFO] default - Image original name:demo-calibrate-mode-success.jpg
[2024-07-06T11:19:20.862] [INFO] default - Image file name:93ad5e264ce1ca93d96adfc1cd84b194
[2024-07-06T11:19:27.601] [INFO] default - Third party handle image:undefined
[2024-07-06T11:19:27.601] [INFO] default - ADD IMAGES SUCCESSFULLY.
[2024-07-06T11:19:30.140] [INFO] default - Image original name:demo-calibrate-mode-success.jpg
[2024-07-06T11:19:30.140] [INFO] default - Image file name:92ca0bf66e327eeaff6f97b6611995ac
[2024-07-06T11:19:32.613] [INFO] default - DELETE IMAGE 93ad5e264ce1ca93d96adfc1cd84b194 SUCCESSFULLY
[2024-07-06T11:19:45.400] [INFO] default - Third party handle image:undefined
[2024-07-06T11:19:45.400] [INFO] default - ADD IMAGES SUCCESSFULLY.
[2024-07-06T11:19:50.415] [INFO] default - DELETE IMAGE 92ca0bf66e327eeaff6f97b6611995ac SUCCESSFULLY
[2024-07-06T11:23:32.264] [INFO] default - Image original name:demo-calibrate-mode-success.jpg
[2024-07-06T11:23:32.264] [INFO] default - Image file name:b5fdb120eec0eeba3be932f31cfa8635
[2024-07-06T11:24:03.597] [INFO] default - Third party handle image:undefined
[2024-07-06T11:24:03.597] [INFO] default - ADD IMAGES SUCCESSFULLY.
[2024-07-06T11:24:08.599] [INFO] default - DELETE IMAGE b5fdb120eec0eeba3be932f31cfa8635 SUCCESSFULLY
[2024-07-06T11:25:18.217] [INFO] default - Update Topic List Successfully.
[2024-07-06T11:28:43.472] [INFO] default - Access about page successful
[2024-07-06T11:29:01.143] [INFO] default - Close Log SSE Successfully.
[2024-07-06T11:29:01.288] [INFO] default - get product-detail Rubik's Coach Cube successfull
[2024-07-06T11:29:01.303] [INFO] default - get product-detail Rubik's 3x3 successfull
[2024-07-06T11:29:01.317] [INFO] default - get product-detail Rubik’s Apprentice 2x2 successfull
[2024-07-06T11:29:03.044] [INFO] default - GET DEVICE LIST SUCCESSFULLY FOR USER helloman123
[2024-07-06T11:29:17.116] [INFO] default - Image original name:download.jpg
[2024-07-06T11:29:17.116] [INFO] default - Image file name:663f4a5e1aa5f584c62b623abfac6e00
[2024-07-06T11:29:35.155] [INFO] default - Third party handle image:undefined
[2024-07-06T11:29:35.155] [INFO] default - ADD IMAGES SUCCESSFULLY.
[2024-07-06T11:29:40.166] [INFO] default - DELETE IMAGE 663f4a5e1aa5f584c62b623abfac6e00 SUCCESSFULLY
[2024-07-06T11:33:46.345] [INFO] default - Image original name:download.jpg
[2024-07-06T11:33:46.345] [INFO] default - Image file name:acac2a0970123b03145974021bdf3992
[2024-07-06T11:34:25.987] [INFO] default - Third party handle image:undefined
[2024-07-06T11:34:25.987] [INFO] default - ADD IMAGES SUCCESSFULLY.
[2024-07-06T11:34:30.994] [INFO] default - DELETE IMAGE acac2a0970123b03145974021bdf3992 SUCCESSFULLY
[2024-07-06T11:37:19.474] [INFO] default - Image original name:download.jpg
[2024-07-06T11:37:19.474] [INFO] default - Image file name:be296adc23c80e025b366553430833c0
[2024-07-06T11:37:19.800] [INFO] default - Update Topic List Successfully.
[2024-07-06T11:37:24.611] [INFO] default - Third party handle image:undefined
[2024-07-06T11:37:24.611] [INFO] default - ADD IMAGES SUCCESSFULLY.
[2024-07-06T11:37:29.627] [INFO] default - DELETE IMAGE be296adc23c80e025b366553430833c0 SUCCESSFULLY
[2024-07-06T11:38:20.492] [INFO] default - Image original name:download.jpg
[2024-07-06T11:38:20.492] [INFO] default - Image file name:e4d4cee2da813b3e00cc2761a5e0cf65
[2024-07-06T11:38:50.664] [INFO] default - Third party handle image:undefined
[2024-07-06T11:38:50.665] [INFO] default - ADD IMAGES SUCCESSFULLY.
[2024-07-06T11:38:55.680] [INFO] default - DELETE IMAGE e4d4cee2da813b3e00cc2761a5e0cf65 SUCCESSFULLY
[2024-07-06T11:40:01.321] [INFO] default - Image original name:download.jpg
[2024-07-06T11:40:01.321] [INFO] default - Image file name:270c9433a1bece3369aed6eb90495d04
[2024-07-06T11:40:07.482] [INFO] default - Third party handle image:undefined
[2024-07-06T11:40:07.483] [INFO] default - ADD IMAGES SUCCESSFULLY.
[2024-07-06T11:40:12.488] [INFO] default - DELETE IMAGE 270c9433a1bece3369aed6eb90495d04 SUCCESSFULLY
[2024-07-06T11:49:21.331] [INFO] default - Update Topic List Successfully.
[2024-07-06T11:54:47.731] [INFO] default - Image original name:download.jpg
[2024-07-06T11:54:47.731] [INFO] default - Image file name:c4801ff2a796766fc6872b55d5a6b15f
[2024-07-06T12:00:15.513] [INFO] default - Third party handle image:undefined
[2024-07-06T12:00:15.514] [INFO] default - ADD IMAGES SUCCESSFULLY.
[2024-07-06T12:00:20.531] [INFO] default - DELETE IMAGE c4801ff2a796766fc6872b55d5a6b15f SUCCESSFULLY
[2024-07-06T12:01:17.848] [INFO] default - Update Topic List Successfully.
[2024-07-06T12:06:36.590] [INFO] default - Image original name:download.jpg
[2024-07-06T12:06:36.590] [INFO] default - Image file name:d6de8406f27d308367fa3051fbb0b4c0
[2024-07-06T12:07:19.473] [INFO] default - Third party handle image:undefined
[2024-07-06T12:07:19.474] [INFO] default - ADD IMAGES SUCCESSFULLY.
[2024-07-06T12:07:24.489] [INFO] default - DELETE IMAGE d6de8406f27d308367fa3051fbb0b4c0 SUCCESSFULLY
[2024-07-06T12:07:34.608] [INFO] default - Image original name:download.jpg
[2024-07-06T12:07:34.608] [INFO] default - Image file name:e5853c6af589c747c01f65db1e17620c
[2024-07-06T12:07:51.206] [INFO] default - Third party handle image:undefined
[2024-07-06T12:07:51.210] [INFO] default - ADD IMAGES SUCCESSFULLY.
[2024-07-06T12:07:56.221] [INFO] default - DELETE IMAGE e5853c6af589c747c01f65db1e17620c SUCCESSFULLY
[2024-07-06T12:09:26.037] [INFO] default - Image original name:download.jpg
[2024-07-06T12:09:26.037] [INFO] default - Image file name:3b4d50a8b8beb4c6eaf723efb75347f8
[2024-07-06T12:09:37.916] [INFO] default - Third party handle image:undefined
[2024-07-06T12:09:37.917] [INFO] default - ADD IMAGES SUCCESSFULLY.
[2024-07-06T12:09:42.934] [INFO] default - DELETE IMAGE 3b4d50a8b8beb4c6eaf723efb75347f8 SUCCESSFULLY
[2024-07-06T12:10:43.156] [INFO] default - Image original name:download.jpg
[2024-07-06T12:10:43.156] [INFO] default - Image file name:4ac2aea42e2fa6e0b08227bd2f930390
[2024-07-06T12:11:02.170] [INFO] default - Third party handle image:undefined
[2024-07-06T12:11:02.170] [INFO] default - ADD IMAGES SUCCESSFULLY.
[2024-07-06T12:11:07.180] [INFO] default - DELETE IMAGE 4ac2aea42e2fa6e0b08227bd2f930390 SUCCESSFULLY
[2024-07-06T12:13:19.643] [INFO] default - Update Topic List Successfully.
[2024-07-06T12:14:13.124] [INFO] default - Image original name:rubik_one_face.jpg
[2024-07-06T12:14:13.125] [INFO] default - Image file name:8a7144b556041cc840e049ffb2b6d190
[2024-07-06T12:14:28.491] [INFO] default - Third party handle image:undefined
[2024-07-06T12:14:28.492] [INFO] default - ADD IMAGES SUCCESSFULLY.
[2024-07-06T12:14:33.508] [INFO] default - DELETE IMAGE 8a7144b556041cc840e049ffb2b6d190 SUCCESSFULLY
[2024-07-06T12:14:43.896] [INFO] default - Image original name:rubik_one_face.jpg
[2024-07-06T12:14:43.896] [INFO] default - Image file name:0a9207ed81e749d2e0d7d1969a4db2c1
[2024-07-06T12:14:49.977] [INFO] default - Third party handle image:undefined
[2024-07-06T12:14:49.978] [INFO] default - ADD IMAGES SUCCESSFULLY.
[2024-07-06T12:14:54.981] [INFO] default - DELETE IMAGE 0a9207ed81e749d2e0d7d1969a4db2c1 SUCCESSFULLY
[2024-07-06T12:15:42.943] [INFO] default - Image original name:images.png
[2024-07-06T12:15:42.943] [INFO] default - Image file name:ef7a592b0477851aedf6643a1066911c
[2024-07-06T12:16:19.455] [INFO] default - Third party handle image:undefined
[2024-07-06T12:16:19.455] [INFO] default - ADD IMAGES SUCCESSFULLY.
[2024-07-06T12:16:24.462] [INFO] default - DELETE IMAGE ef7a592b0477851aedf6643a1066911c SUCCESSFULLY
[2024-07-06T12:18:53.059] [INFO] default - Image original name:demo-calibrate-mode-success.jpg
[2024-07-06T12:18:53.059] [INFO] default - Image file name:21e2ed84ce4ea56392259024efe9387c
[2024-07-06T12:19:02.579] [INFO] default - Third party handle image:undefined
[2024-07-06T12:19:02.579] [INFO] default - ADD IMAGES SUCCESSFULLY.
[2024-07-06T12:19:07.591] [INFO] default - DELETE IMAGE 21e2ed84ce4ea56392259024efe9387c SUCCESSFULLY
[2024-07-06T12:19:46.676] [INFO] default - Image original name:demo-calibrate-mode-success.jpg
[2024-07-06T12:19:46.676] [INFO] default - Image file name:4f058a25af8d54ed04b8408de6c14372
[2024-07-06T12:21:30.590] [INFO] default - Third party handle image:undefined
[2024-07-06T12:21:30.590] [INFO] default - ADD IMAGES SUCCESSFULLY.
[2024-07-06T12:21:35.729] [INFO] default - DELETE IMAGE 4f058a25af8d54ed04b8408de6c14372 SUCCESSFULLY
[2024-07-06T12:21:45.000] [INFO] default - Image original name:download (1).jpg
[2024-07-06T12:21:45.000] [INFO] default - Image file name:f110823f876688721838a1dd3a010af4
[2024-07-06T12:21:58.275] [INFO] default - Third party handle image:undefined
[2024-07-06T12:21:58.276] [INFO] default - ADD IMAGES SUCCESSFULLY.
[2024-07-06T12:22:03.288] [INFO] default - DELETE IMAGE f110823f876688721838a1dd3a010af4 SUCCESSFULLY
[2024-07-06T12:24:04.609] [INFO] default - Close Log SSE Successfully.
[2024-07-06T12:24:04.823] [INFO] default - GET DEVICE LIST SUCCESSFULLY FOR USER helloman123
[2024-07-06T12:24:09.788] [INFO] default - Image original name:download (1).jpg
[2024-07-06T12:24:09.788] [INFO] default - Image file name:7bc888a76ccca06244bdc09d54821115
[2024-07-06T12:24:15.568] [INFO] default - Third party handle image:undefined
[2024-07-06T12:24:15.568] [INFO] default - ADD IMAGES SUCCESSFULLY.
[2024-07-06T12:24:20.581] [INFO] default - DELETE IMAGE 7bc888a76ccca06244bdc09d54821115 SUCCESSFULLY
[2024-07-06T12:25:21.360] [INFO] default - Update Topic List Successfully.
[2024-07-06T12:37:18.127] [INFO] default - Update Topic List Successfully.
[2024-07-06T12:49:19.737] [INFO] default - Update Topic List Successfully.
[2024-07-06T13:01:21.414] [INFO] default - Update Topic List Successfully.
[2024-07-06T13:13:17.996] [INFO] default - Update Topic List Successfully.
[2024-07-06T13:25:19.449] [INFO] default - Update Topic List Successfully.
[2024-07-06T13:37:20.872] [INFO] default - Update Topic List Successfully.
[2024-07-06T13:49:22.420] [INFO] default - Update Topic List Successfully.
[2024-07-06T14:01:18.930] [INFO] default - Update Topic List Successfully.
[2024-07-06T14:13:20.421] [INFO] default - Update Topic List Successfully.
[2024-07-06T14:25:22.015] [INFO] default - Update Topic List Successfully.
