[2024-05-20T10:59:52.603] [INFO] default - GET DEVICE LIST SUCCESSFULLY FOR USER helloman123
[2024-05-20T14:08:34.622] [ERROR] default - MQTT INIT FAILED:Topic creation errors
[2024-05-20T14:14:58.586] [ERROR] default - MQTT INIT FAILED:Topic creation errors
[2024-05-20T14:15:38.059] [ERROR] default - MQTT INIT FAILED:Topic creation errors
[2024-05-20T14:15:40.591] [ERROR] default - MQTT INIT FAILED:Topic creation errors
[2024-05-20T14:25:52.314] [ERROR] default - MQTT INIT FAILED:Topic creation errors
[2024-05-20T14:33:54.565] [ERROR] default - MQTT INIT FAILED:Topic creation errors
[2024-05-20T14:34:47.168] [ERROR] default - MQTT INIT FAILED:Topic creation errors
[2024-05-20T14:34:51.708] [ERROR] default - MQTT INIT FAILED:Topic creation errors
[2024-05-20T14:35:16.331] [ERROR] default - MQTT INIT FAILED:Topic creation errors
[2024-05-20T14:49:02.878] [INFO] default - Access about page successful
[2024-05-20T14:49:04.625] [INFO] default - GET DEVICE LIST SUCCESSFULLY FOR USER helloman123
[2024-05-20T14:49:10.340] [INFO] default - ADD DEVICE device8 SUCCESSFULLY FOR USER helloman123.Your device will be available to use in the next day.
[2024-05-20T14:49:10.510] [INFO] default - GET DEVICE LIST SUCCESSFULLY FOR USER helloman123
[2024-05-20T14:49:16.372] [INFO] default - GET DEVICE LIST SUCCESSFULLY FOR USER helloman123
[2024-05-20T14:49:16.825] [INFO] default - GET DEVICE LIST SUCCESSFULLY FOR USER helloman123
[2024-05-20T14:49:16.974] [INFO] default - GET DEVICE LIST SUCCESSFULLY FOR USER helloman123
[2024-05-20T14:49:17.125] [INFO] default - GET DEVICE LIST SUCCESSFULLY FOR USER helloman123
[2024-05-20T14:49:17.301] [INFO] default - GET DEVICE LIST SUCCESSFULLY FOR USER helloman123
[2024-05-20T15:38:40.949] [INFO] default - Access about page successful
[2024-05-20T15:39:22.603] [INFO] default - GET DEVICE LIST SUCCESSFULLY FOR USER helloman123
[2024-05-20T15:40:24.788] [INFO] default - Access about page successful
[2024-05-20T15:41:01.308] [INFO] default - Access about page successful
[2024-05-20T15:41:03.960] [INFO] default - get product-detail Rubik's Coach Cube successfull
[2024-05-20T15:41:03.977] [INFO] default - get product-detail Rubik's 3x3 successfull
[2024-05-20T15:41:03.991] [INFO] default - get product-detail Rubik’s Apprentice 2x2 successfull
[2024-05-20T16:02:58.123] [INFO] default - Access about page successful
[2024-05-20T16:02:59.938] [INFO] default - get product-detail Rubik's Coach Cube successfull
[2024-05-20T16:02:59.954] [INFO] default - get product-detail Rubik's 3x3 successfull
[2024-05-20T16:02:59.968] [INFO] default - get product-detail Rubik’s Apprentice 2x2 successfull
[2024-05-20T16:03:01.579] [INFO] default - GET DEVICE LIST SUCCESSFULLY FOR USER helloman123
[2024-05-20T16:03:16.238] [INFO] default - Access about page successful
[2024-05-20T16:03:18.003] [INFO] default - GET DEVICE LIST SUCCESSFULLY FOR USER helloman123
[2024-05-20T16:03:52.490] [INFO] default - GET DEVICE LIST SUCCESSFULLY FOR USER helloman123
[2024-05-20T16:03:57.425] [INFO] default - GET DEVICE LIST SUCCESSFULLY FOR USER helloman123
[2024-05-20T16:03:57.546] [INFO] default - GET DEVICE LIST SUCCESSFULLY FOR USER helloman123
[2024-05-20T16:03:57.720] [INFO] default - GET DEVICE LIST SUCCESSFULLY FOR USER helloman123
[2024-05-20T16:03:57.878] [INFO] default - GET DEVICE LIST SUCCESSFULLY FOR USER helloman123
[2024-05-20T16:03:58.036] [INFO] default - GET DEVICE LIST SUCCESSFULLY FOR USER helloman123
[2024-05-20T16:03:58.174] [INFO] default - GET DEVICE LIST SUCCESSFULLY FOR USER helloman123
[2024-05-20T16:03:58.662] [INFO] default - GET DEVICE LIST SUCCESSFULLY FOR USER helloman123
[2024-05-20T16:03:58.851] [INFO] default - GET DEVICE LIST SUCCESSFULLY FOR USER helloman123
[2024-05-20T16:03:59.176] [INFO] default - GET DEVICE LIST SUCCESSFULLY FOR USER helloman123
[2024-05-20T16:05:29.431] [INFO] default - GET DEVICE LIST SUCCESSFULLY FOR USER helloman123
[2024-05-20T16:05:30.096] [INFO] default - GET DEVICE LIST SUCCESSFULLY FOR USER helloman123
[2024-05-20T16:05:30.322] [INFO] default - GET DEVICE LIST SUCCESSFULLY FOR USER helloman123
[2024-05-20T16:05:30.486] [INFO] default - GET DEVICE LIST SUCCESSFULLY FOR USER helloman123
[2024-05-20T16:05:30.615] [INFO] default - GET DEVICE LIST SUCCESSFULLY FOR USER helloman123
[2024-05-20T16:10:17.694] [INFO] default - Access about page successful
[2024-05-20T16:10:25.180] [INFO] default - GET DEVICE LIST SUCCESSFULLY FOR USER helloman123
[2024-05-20T16:10:39.427] [INFO] default - GET DEVICE LIST SUCCESSFULLY FOR USER helloman123
[2024-05-20T16:13:54.571] [INFO] default - GET DEVICE LIST SUCCESSFULLY FOR USER helloman123
[2024-05-20T16:13:55.104] [INFO] default - GET DEVICE LIST SUCCESSFULLY FOR USER helloman123
[2024-05-20T16:13:55.243] [INFO] default - GET DEVICE LIST SUCCESSFULLY FOR USER helloman123
[2024-05-20T16:13:55.397] [INFO] default - GET DEVICE LIST SUCCESSFULLY FOR USER helloman123
[2024-05-20T16:13:55.554] [INFO] default - GET DEVICE LIST SUCCESSFULLY FOR USER helloman123
[2024-05-20T16:13:55.697] [INFO] default - GET DEVICE LIST SUCCESSFULLY FOR USER helloman123
[2024-05-20T16:13:55.841] [INFO] default - GET DEVICE LIST SUCCESSFULLY FOR USER helloman123
[2024-05-20T16:13:55.992] [INFO] default - GET DEVICE LIST SUCCESSFULLY FOR USER helloman123
[2024-05-20T16:13:56.190] [INFO] default - GET DEVICE LIST SUCCESSFULLY FOR USER helloman123
[2024-05-20T16:13:56.343] [INFO] default - GET DEVICE LIST SUCCESSFULLY FOR USER helloman123
[2024-05-20T16:13:56.490] [INFO] default - GET DEVICE LIST SUCCESSFULLY FOR USER helloman123
[2024-05-20T16:13:56.779] [INFO] default - GET DEVICE LIST SUCCESSFULLY FOR USER helloman123
[2024-05-20T16:13:56.906] [INFO] default - GET DEVICE LIST SUCCESSFULLY FOR USER helloman123
[2024-05-20T16:17:00.027] [INFO] default - GET DEVICE LIST SUCCESSFULLY FOR USER helloman123
[2024-05-20T16:17:00.502] [INFO] default - GET DEVICE LIST SUCCESSFULLY FOR USER helloman123
[2024-05-20T16:17:00.622] [INFO] default - GET DEVICE LIST SUCCESSFULLY FOR USER helloman123
[2024-05-20T16:26:45.750] [INFO] default - Access about page successful
[2024-05-20T16:26:50.625] [INFO] default - Access about page successful
[2024-05-20T16:27:38.380] [INFO] default - Access about page successful
[2024-05-20T16:27:40.837] [INFO] default - get Rubik successful
[2024-05-20T16:27:54.772] [INFO] default - Access about page successful
[2024-05-20T16:27:56.412] [INFO] default - Access about page successful
[2024-05-20T16:28:22.365] [INFO] default - GET DEVICE LIST SUCCESSFULLY FOR USER helloman123
[2024-05-20T16:31:06.071] [INFO] default - GET DEVICE LIST SUCCESSFULLY FOR USER helloman123
[2024-05-20T16:36:21.846] [INFO] default - Access about page successful
