[2024-05-09T09:52:44.470] [INFO] default - Access about page successful
[2024-05-09T09:52:45.793] [INFO] default - get product-detail Rubik's Coach Cube successfull
[2024-05-09T09:52:45.809] [INFO] default - get product-detail Rubik's 3x3 successfull
[2024-05-09T09:52:45.826] [INFO] default - get product-detail Rubik’s Apprentice 2x2 successfull
[2024-05-09T09:52:48.898] [INFO] default - get product-detail Rubik's Coach Cube successfull
[2024-05-09T09:52:48.913] [INFO] default - get product-detail Rubik's 3x3 successfull
[2024-05-09T09:52:48.928] [INFO] default - get product-detail Rubik’s Apprentice 2x2 successfull
[2024-05-09T09:52:50.494] [INFO] default - GET DEVICE LIST SUCCESSFULLY FOR USER helloman123
[2024-05-09T09:52:50.501] [INFO] default - ADD DEVICE device 1 SUCCESSFULLY FOR USER helloman123
[2024-05-09T09:52:50.502] [INFO] default - ADD DEVICE device 3 SUCCESSFULLY FOR USER helloman123
[2024-05-09T09:52:50.503] [INFO] default - ADD DEVICE device 2 SUCCESSFULLY FOR USER helloman123
[2024-05-09T09:52:55.036] [ERROR] default - DEVICE device 1 HAS EXISTED
[2024-05-09T09:52:55.039] [ERROR] default - DEVICE device 2 HAS EXISTED
[2024-05-09T09:52:55.042] [INFO] default - GET DEVICE LIST SUCCESSFULLY FOR USER helloman123
[2024-05-09T09:52:55.045] [ERROR] default - DEVICE device 3 HAS EXISTED
[2024-05-09T09:53:02.896] [INFO] default - GET DEVICE LIST SUCCESSFULLY FOR USER helloman123
[2024-05-09T09:53:05.954] [INFO] default - DELETE DEVICE device 3 SUCCESSFULLY FROM USER helloman123
[2024-05-09T09:53:09.550] [INFO] default - GET DEVICE LIST SUCCESSFULLY FOR USER helloman123
[2024-05-09T09:54:55.085] [INFO] default - GET DEVICE LIST SUCCESSFULLY FOR USER helloman123
[2024-05-09T09:55:19.124] [INFO] default - GET DEVICE LIST SUCCESSFULLY FOR USER helloman123
[2024-05-09T09:55:21.150] [INFO] default - Access about page successful
[2024-05-09T09:55:22.763] [INFO] default - GET DEVICE LIST SUCCESSFULLY FOR USER helloman123
[2024-05-09T09:55:30.109] [INFO] default - GET DEVICE LIST SUCCESSFULLY FOR USER helloman123
[2024-05-09T09:55:35.512] [INFO] default - GET DEVICE LIST SUCCESSFULLY FOR USER helloman123
[2024-05-09T09:55:45.096] [INFO] default - GET DEVICE LIST SUCCESSFULLY FOR USER helloman123
[2024-05-09T09:56:08.179] [INFO] default - GET DEVICE LIST SUCCESSFULLY FOR USER helloman123
[2024-05-09T09:56:09.945] [INFO] default - GET DEVICE LIST SUCCESSFULLY FOR USER helloman123
[2024-05-09T09:56:11.820] [INFO] default - GET DEVICE LIST SUCCESSFULLY FOR USER helloman123
[2024-05-09T09:56:13.267] [INFO] default - GET DEVICE LIST SUCCESSFULLY FOR USER helloman123
[2024-05-09T09:56:15.790] [INFO] default - GET DEVICE LIST SUCCESSFULLY FOR USER helloman123
[2024-05-09T09:56:29.078] [INFO] default - GET DEVICE LIST SUCCESSFULLY FOR USER helloman123
[2024-05-09T09:56:31.436] [INFO] default - DELETE DEVICE device 2 SUCCESSFULLY FROM USER helloman123
[2024-05-09T09:56:31.523] [INFO] default - GET DEVICE LIST SUCCESSFULLY FOR USER helloman123
[2024-05-09T09:56:36.535] [INFO] default - DELETE DEVICE device 1 SUCCESSFULLY FROM USER helloman123
[2024-05-09T09:56:36.636] [INFO] default - GET DEVICE LIST SUCCESSFULLY FOR USER helloman123
[2024-05-09T10:01:45.579] [INFO] default - GET DEVICE LIST SUCCESSFULLY FOR USER helloman123
[2024-05-09T10:01:47.020] [INFO] default - GET DEVICE LIST SUCCESSFULLY FOR USER helloman123
[2024-05-09T11:44:37.062] [INFO] default - Access about page successful
[2024-05-09T11:44:39.274] [INFO] default - GET DEVICE LIST SUCCESSFULLY FOR USER helloman123
[2024-05-09T12:00:46.780] [INFO] default - GET DEVICE LIST SUCCESSFULLY FOR USER helloman123
[2024-05-09T13:51:55.362] [INFO] default - Access about page successful
[2024-05-09T13:51:57.051] [INFO] default - get product-detail Rubik's Coach Cube successfull
[2024-05-09T13:51:57.069] [INFO] default - get product-detail Rubik's 3x3 successfull
[2024-05-09T13:51:57.085] [INFO] default - get product-detail Rubik’s Apprentice 2x2 successfull
[2024-05-09T13:51:59.263] [INFO] default - GET DEVICE LIST SUCCESSFULLY FOR USER helloman123
[2024-05-09T13:52:05.397] [INFO] default - ADD DEVICE device 1 SUCCESSFULLY FOR USER helloman123
[2024-05-09T13:52:07.726] [INFO] default - GET DEVICE LIST SUCCESSFULLY FOR USER helloman123
[2024-05-09T13:52:19.161] [INFO] default - ADD DEVICE device 2 SUCCESSFULLY FOR USER helloman123
[2024-05-09T13:52:20.636] [INFO] default - GET DEVICE LIST SUCCESSFULLY FOR USER helloman123
[2024-05-09T13:52:49.722] [INFO] default - GET DEVICE LIST SUCCESSFULLY FOR USER helloman123
[2024-05-09T13:52:55.496] [INFO] default - ADD DEVICE device 3 SUCCESSFULLY FOR USER helloman123
[2024-05-09T13:52:55.638] [INFO] default - GET DEVICE LIST SUCCESSFULLY FOR USER helloman123
[2024-05-09T13:52:59.581] [INFO] default - DELETE DEVICE device 3 SUCCESSFULLY FROM USER helloman123
[2024-05-09T13:52:59.689] [INFO] default - GET DEVICE LIST SUCCESSFULLY FOR USER helloman123
[2024-05-09T13:53:03.672] [INFO] default - ADD DEVICE device 3 SUCCESSFULLY FOR USER helloman123
[2024-05-09T13:53:03.795] [INFO] default - GET DEVICE LIST SUCCESSFULLY FOR USER helloman123
[2024-05-09T13:53:06.220] [INFO] default - DELETE DEVICE device 2 SUCCESSFULLY FROM USER helloman123
[2024-05-09T13:53:06.310] [INFO] default - GET DEVICE LIST SUCCESSFULLY FOR USER helloman123
[2024-05-09T13:53:09.562] [ERROR] default - DEVICE device 3 HAS EXISTED
[2024-05-09T13:53:09.673] [INFO] default - GET DEVICE LIST SUCCESSFULLY FOR USER helloman123
[2024-05-09T13:53:31.543] [INFO] default - GET DEVICE LIST SUCCESSFULLY FOR USER helloman123
[2024-05-09T13:58:39.688] [INFO] default - GET DEVICE LIST SUCCESSFULLY FOR USER helloman123
[2024-05-09T13:59:03.726] [INFO] default - GET DEVICE LIST SUCCESSFULLY FOR USER helloman123
[2024-05-09T13:59:10.251] [INFO] default - GET DEVICE LIST SUCCESSFULLY FOR USER helloman123
[2024-05-09T13:59:18.673] [INFO] default - GET DEVICE LIST SUCCESSFULLY FOR USER helloman123
[2024-05-09T13:59:53.392] [INFO] default - get product-detail Rubik's Coach Cube successfull
[2024-05-09T13:59:53.407] [INFO] default - get product-detail Rubik's 3x3 successfull
[2024-05-09T13:59:53.420] [INFO] default - get product-detail Rubik’s Apprentice 2x2 successfull
[2024-05-09T13:59:56.693] [INFO] default - get product-detail Rubik's Coach Cube successfull
[2024-05-09T13:59:56.703] [INFO] default - get product-detail Rubik's 3x3 successfull
[2024-05-09T13:59:56.714] [INFO] default - get product-detail Rubik’s Apprentice 2x2 successfull
[2024-05-09T14:02:56.746] [INFO] default - GET DEVICE LIST SUCCESSFULLY FOR USER helloman123
[2024-05-09T14:03:11.734] [INFO] default - GET DEVICE LIST SUCCESSFULLY FOR USER helloman123
[2024-05-09T14:03:24.717] [INFO] default - GET DEVICE LIST SUCCESSFULLY FOR USER helloman123
[2024-05-09T14:03:33.738] [INFO] default - GET DEVICE LIST SUCCESSFULLY FOR USER helloman123
[2024-05-09T14:03:38.759] [INFO] default - GET DEVICE LIST SUCCESSFULLY FOR USER helloman123
[2024-05-09T14:03:49.675] [INFO] default - GET DEVICE LIST SUCCESSFULLY FOR USER helloman123
[2024-05-09T14:04:05.721] [INFO] default - GET DEVICE LIST SUCCESSFULLY FOR USER helloman123
[2024-05-09T14:04:14.556] [INFO] default - GET DEVICE LIST SUCCESSFULLY FOR USER helloman123
[2024-05-09T14:04:23.075] [INFO] default - GET DEVICE LIST SUCCESSFULLY FOR USER helloman123
[2024-05-09T14:04:28.694] [INFO] default - GET DEVICE LIST SUCCESSFULLY FOR USER helloman123
[2024-05-09T14:04:39.684] [INFO] default - GET DEVICE LIST SUCCESSFULLY FOR USER helloman123
[2024-05-09T14:05:02.700] [INFO] default - GET DEVICE LIST SUCCESSFULLY FOR USER helloman123
[2024-05-09T14:05:20.610] [INFO] default - GET DEVICE LIST SUCCESSFULLY FOR USER helloman123
[2024-05-09T14:05:51.386] [INFO] default - GET DEVICE LIST SUCCESSFULLY FOR USER helloman123
[2024-05-09T14:05:55.698] [INFO] default - GET DEVICE LIST SUCCESSFULLY FOR USER helloman123
[2024-05-09T14:06:02.682] [INFO] default - GET DEVICE LIST SUCCESSFULLY FOR USER helloman123
[2024-05-09T14:06:37.717] [INFO] default - GET DEVICE LIST SUCCESSFULLY FOR USER helloman123
[2024-05-09T14:07:02.501] [INFO] default - GET DEVICE LIST SUCCESSFULLY FOR USER helloman123
[2024-05-09T14:07:08.765] [INFO] default - GET DEVICE LIST SUCCESSFULLY FOR USER helloman123
[2024-05-09T14:07:44.708] [INFO] default - GET DEVICE LIST SUCCESSFULLY FOR USER helloman123
[2024-05-09T14:08:00.747] [INFO] default - GET DEVICE LIST SUCCESSFULLY FOR USER helloman123
[2024-05-09T14:08:06.052] [INFO] default - GET DEVICE LIST SUCCESSFULLY FOR USER helloman123
[2024-05-09T14:09:28.715] [INFO] default - GET DEVICE LIST SUCCESSFULLY FOR USER helloman123
[2024-05-09T14:10:01.728] [INFO] default - GET DEVICE LIST SUCCESSFULLY FOR USER helloman123
[2024-05-09T14:10:21.843] [INFO] default - GET DEVICE LIST SUCCESSFULLY FOR USER helloman123
[2024-05-09T14:10:37.528] [INFO] default - GET DEVICE LIST SUCCESSFULLY FOR USER helloman123
[2024-05-09T14:12:23.722] [INFO] default - GET DEVICE LIST SUCCESSFULLY FOR USER helloman123
[2024-05-09T14:12:57.731] [INFO] default - GET DEVICE LIST SUCCESSFULLY FOR USER helloman123
[2024-05-09T14:13:14.718] [INFO] default - GET DEVICE LIST SUCCESSFULLY FOR USER helloman123
[2024-05-09T14:13:21.322] [INFO] default - GET DEVICE LIST SUCCESSFULLY FOR USER helloman123
[2024-05-09T14:13:26.713] [INFO] default - GET DEVICE LIST SUCCESSFULLY FOR USER helloman123
[2024-05-09T14:13:46.421] [INFO] default - GET DEVICE LIST SUCCESSFULLY FOR USER helloman123
[2024-05-09T14:13:57.530] [INFO] default - GET DEVICE LIST SUCCESSFULLY FOR USER helloman123
[2024-05-09T14:14:04.394] [INFO] default - GET DEVICE LIST SUCCESSFULLY FOR USER helloman123
[2024-05-09T14:14:55.541] [INFO] default - GET DEVICE LIST SUCCESSFULLY FOR USER helloman123
[2024-05-09T14:15:05.657] [INFO] default - GET DEVICE LIST SUCCESSFULLY FOR USER helloman123
[2024-05-09T14:15:16.679] [INFO] default - GET DEVICE LIST SUCCESSFULLY FOR USER helloman123
[2024-05-09T14:16:38.224] [INFO] default - GET DEVICE LIST SUCCESSFULLY FOR USER helloman123
[2024-05-09T14:20:20.741] [INFO] default - GET DEVICE LIST SUCCESSFULLY FOR USER helloman123
[2024-05-09T14:20:35.729] [INFO] default - GET DEVICE LIST SUCCESSFULLY FOR USER helloman123
[2024-05-09T14:21:02.423] [INFO] default - GET DEVICE LIST SUCCESSFULLY FOR USER helloman123
[2024-05-09T14:21:26.615] [INFO] default - GET DEVICE LIST SUCCESSFULLY FOR USER helloman123
[2024-05-09T14:25:27.723] [INFO] default - GET DEVICE LIST SUCCESSFULLY FOR USER helloman123
[2024-05-09T14:26:00.726] [INFO] default - GET DEVICE LIST SUCCESSFULLY FOR USER helloman123
[2024-05-09T14:26:47.716] [INFO] default - GET DEVICE LIST SUCCESSFULLY FOR USER helloman123
[2024-05-09T14:27:11.732] [INFO] default - GET DEVICE LIST SUCCESSFULLY FOR USER helloman123
[2024-05-09T14:27:50.709] [INFO] default - GET DEVICE LIST SUCCESSFULLY FOR USER helloman123
[2024-05-09T14:28:14.721] [INFO] default - GET DEVICE LIST SUCCESSFULLY FOR USER helloman123
[2024-05-09T14:28:26.708] [INFO] default - GET DEVICE LIST SUCCESSFULLY FOR USER helloman123
[2024-05-09T14:30:21.459] [INFO] default - GET DEVICE LIST SUCCESSFULLY FOR USER helloman123
[2024-05-09T14:35:48.766] [INFO] default - GET DEVICE LIST SUCCESSFULLY FOR USER helloman123
[2024-05-09T14:37:58.759] [INFO] default - GET DEVICE LIST SUCCESSFULLY FOR USER helloman123
[2024-05-09T14:38:40.701] [INFO] default - GET DEVICE LIST SUCCESSFULLY FOR USER helloman123
[2024-05-09T14:46:55.974] [INFO] default - GET DEVICE LIST SUCCESSFULLY FOR USER helloman123
[2024-05-09T14:47:56.755] [INFO] default - GET DEVICE LIST SUCCESSFULLY FOR USER helloman123
[2024-05-09T14:48:20.712] [INFO] default - GET DEVICE LIST SUCCESSFULLY FOR USER helloman123
[2024-05-09T14:49:36.156] [INFO] default - GET DEVICE LIST SUCCESSFULLY FOR USER helloman123
[2024-05-09T14:49:36.744] [INFO] default - GET DEVICE LIST SUCCESSFULLY FOR USER helloman123
[2024-05-09T14:49:36.879] [INFO] default - GET DEVICE LIST SUCCESSFULLY FOR USER helloman123
[2024-05-09T14:49:37.010] [INFO] default - GET DEVICE LIST SUCCESSFULLY FOR USER helloman123
[2024-05-09T14:49:59.709] [INFO] default - GET DEVICE LIST SUCCESSFULLY FOR USER helloman123
[2024-05-09T14:50:16.731] [INFO] default - GET DEVICE LIST SUCCESSFULLY FOR USER helloman123
[2024-05-09T14:50:46.747] [INFO] default - GET DEVICE LIST SUCCESSFULLY FOR USER helloman123
[2024-05-09T14:51:16.750] [INFO] default - GET DEVICE LIST SUCCESSFULLY FOR USER helloman123
[2024-05-09T14:51:21.131] [INFO] default - GET DEVICE LIST SUCCESSFULLY FOR USER helloman123
[2024-05-09T14:51:28.700] [INFO] default - GET DEVICE LIST SUCCESSFULLY FOR USER helloman123
[2024-05-09T14:51:31.765] [ERROR] default - EXCEPTION ADDING DEVICE:device validation failed: device_name: Cast to string failed for value "[ 'device 5' ]" (type Array) at path "device_name"
[2024-05-09T14:51:31.786] [ERROR] default - EXCEPTION ADDING DEVICE:device validation failed: device_name: Cast to string failed for value "[ 'device 6' ]" (type Array) at path "device_name"
[2024-05-09T14:51:31.798] [ERROR] default - EXCEPTION ADDING DEVICE:device validation failed: device_name: Cast to string failed for value "[ 'device 7' ]" (type Array) at path "device_name"
[2024-05-09T14:51:31.811] [ERROR] default - EXCEPTION ADDING DEVICE:device validation failed: device_name: Cast to string failed for value "[ 'device 8' ]" (type Array) at path "device_name"
[2024-05-09T14:51:31.824] [ERROR] default - EXCEPTION ADDING DEVICE:device validation failed: device_name: Cast to string failed for value "[ 'device 9' ]" (type Array) at path "device_name"
[2024-05-09T14:51:31.835] [ERROR] default - EXCEPTION ADDING DEVICE:device validation failed: device_name: Cast to string failed for value "[ 'device 10' ]" (type Array) at path "device_name"
[2024-05-09T14:51:31.929] [INFO] default - GET DEVICE LIST SUCCESSFULLY FOR USER helloman123
[2024-05-09T14:51:34.275] [INFO] default - GET DEVICE LIST SUCCESSFULLY FOR USER helloman123
[2024-05-09T14:51:34.621] [INFO] default - GET DEVICE LIST SUCCESSFULLY FOR USER helloman123
[2024-05-09T14:51:34.813] [INFO] default - GET DEVICE LIST SUCCESSFULLY FOR USER helloman123
[2024-05-09T14:51:34.962] [INFO] default - GET DEVICE LIST SUCCESSFULLY FOR USER helloman123
[2024-05-09T14:51:35.126] [INFO] default - GET DEVICE LIST SUCCESSFULLY FOR USER helloman123
[2024-05-09T14:51:35.355] [INFO] default - GET DEVICE LIST SUCCESSFULLY FOR USER helloman123
[2024-05-09T14:51:35.510] [INFO] default - GET DEVICE LIST SUCCESSFULLY FOR USER helloman123
[2024-05-09T14:51:52.939] [INFO] default - Access about page successful
[2024-05-09T14:53:16.481] [INFO] default - Access about page successful
[2024-05-09T14:53:17.837] [INFO] default - GET DEVICE LIST SUCCESSFULLY FOR USER helloman123
[2024-05-09T14:53:21.293] [ERROR] default - EXCEPTION ADDING DEVICE:device validation failed: device_name: Cast to string failed for value "[ 'device 5' ]" (type Array) at path "device_name"
[2024-05-09T14:53:21.307] [ERROR] default - EXCEPTION ADDING DEVICE:device validation failed: device_name: Cast to string failed for value "[ 'device 6' ]" (type Array) at path "device_name"
[2024-05-09T14:53:21.317] [ERROR] default - EXCEPTION ADDING DEVICE:device validation failed: device_name: Cast to string failed for value "[ 'device 7' ]" (type Array) at path "device_name"
[2024-05-09T14:53:21.329] [ERROR] default - EXCEPTION ADDING DEVICE:device validation failed: device_name: Cast to string failed for value "[ 'device 8' ]" (type Array) at path "device_name"
[2024-05-09T14:53:21.342] [ERROR] default - EXCEPTION ADDING DEVICE:device validation failed: device_name: Cast to string failed for value "[ 'device 9' ]" (type Array) at path "device_name"
[2024-05-09T14:53:21.354] [ERROR] default - EXCEPTION ADDING DEVICE:device validation failed: device_name: Cast to string failed for value "[ 'device 10' ]" (type Array) at path "device_name"
[2024-05-09T14:53:21.474] [INFO] default - GET DEVICE LIST SUCCESSFULLY FOR USER helloman123
[2024-05-09T14:53:25.129] [INFO] default - GET DEVICE LIST SUCCESSFULLY FOR USER helloman123
[2024-05-09T14:54:21.686] [INFO] default - GET DEVICE LIST SUCCESSFULLY FOR USER helloman123
[2024-05-09T14:54:26.101] [ERROR] default - EXCEPTION ADDING DEVICE:device validation failed: device_name: Cast to string failed for value "[ 'device 5' ]" (type Array) at path "device_name"
[2024-05-09T14:54:26.118] [ERROR] default - EXCEPTION ADDING DEVICE:device validation failed: device_name: Cast to string failed for value "[ 'device 6' ]" (type Array) at path "device_name"
[2024-05-09T14:54:26.129] [ERROR] default - EXCEPTION ADDING DEVICE:device validation failed: device_name: Cast to string failed for value "[ 'device 7' ]" (type Array) at path "device_name"
[2024-05-09T14:54:26.142] [ERROR] default - EXCEPTION ADDING DEVICE:device validation failed: device_name: Cast to string failed for value "[ 'device 8' ]" (type Array) at path "device_name"
[2024-05-09T14:54:26.155] [ERROR] default - EXCEPTION ADDING DEVICE:device validation failed: device_name: Cast to string failed for value "[ 'device 9' ]" (type Array) at path "device_name"
[2024-05-09T14:54:26.165] [ERROR] default - EXCEPTION ADDING DEVICE:device validation failed: device_name: Cast to string failed for value "[ 'device 10' ]" (type Array) at path "device_name"
[2024-05-09T14:54:26.278] [INFO] default - GET DEVICE LIST SUCCESSFULLY FOR USER helloman123
[2024-05-09T14:54:30.094] [ERROR] default - EXCEPTION ADDING DEVICE:device validation failed: device_name: Cast to string failed for value "[ 'device 5' ]" (type Array) at path "device_name"
[2024-05-09T14:54:30.108] [ERROR] default - EXCEPTION ADDING DEVICE:device validation failed: device_name: Cast to string failed for value "[ 'device 6' ]" (type Array) at path "device_name"
[2024-05-09T14:54:30.122] [ERROR] default - EXCEPTION ADDING DEVICE:device validation failed: device_name: Cast to string failed for value "[ 'device 7' ]" (type Array) at path "device_name"
[2024-05-09T14:54:30.131] [ERROR] default - EXCEPTION ADDING DEVICE:device validation failed: device_name: Cast to string failed for value "[ 'device 8' ]" (type Array) at path "device_name"
[2024-05-09T14:54:30.143] [ERROR] default - EXCEPTION ADDING DEVICE:device validation failed: device_name: Cast to string failed for value "[ 'device 9' ]" (type Array) at path "device_name"
[2024-05-09T14:54:30.155] [ERROR] default - EXCEPTION ADDING DEVICE:device validation failed: device_name: Cast to string failed for value "[ 'device 10' ]" (type Array) at path "device_name"
[2024-05-09T14:54:30.259] [INFO] default - GET DEVICE LIST SUCCESSFULLY FOR USER helloman123
[2024-05-09T14:54:32.820] [INFO] default - GET DEVICE LIST SUCCESSFULLY FOR USER helloman123
[2024-05-09T14:54:33.010] [INFO] default - GET DEVICE LIST SUCCESSFULLY FOR USER helloman123
[2024-05-09T14:55:32.761] [INFO] default - GET DEVICE LIST SUCCESSFULLY FOR USER helloman123
[2024-05-09T14:55:36.846] [ERROR] default - EXCEPTION ADDING DEVICE:device validation failed: device_name: Cast to string failed for value "[ 'device 5' ]" (type Array) at path "device_name"
[2024-05-09T14:55:37.486] [ERROR] default - EXCEPTION ADDING DEVICE:device validation failed: device_name: Cast to string failed for value "[ 'device 6' ]" (type Array) at path "device_name"
[2024-05-09T14:56:14.056] [ERROR] default - EXCEPTION ADDING DEVICE:device validation failed: device_name: Cast to string failed for value "[ 'device 7' ]" (type Array) at path "device_name"
[2024-05-09T14:56:14.077] [ERROR] default - EXCEPTION ADDING DEVICE:device validation failed: device_name: Cast to string failed for value "[ 'device 8' ]" (type Array) at path "device_name"
[2024-05-09T14:56:14.092] [ERROR] default - EXCEPTION ADDING DEVICE:device validation failed: device_name: Cast to string failed for value "[ 'device 9' ]" (type Array) at path "device_name"
[2024-05-09T14:56:14.105] [ERROR] default - EXCEPTION ADDING DEVICE:device validation failed: device_name: Cast to string failed for value "[ 'device 10' ]" (type Array) at path "device_name"
[2024-05-09T14:56:14.227] [INFO] default - GET DEVICE LIST SUCCESSFULLY FOR USER helloman123
[2024-05-09T14:58:23.702] [INFO] default - GET DEVICE LIST SUCCESSFULLY FOR USER helloman123
[2024-05-09T14:58:31.213] [INFO] default - GET DEVICE LIST SUCCESSFULLY FOR USER helloman123
[2024-05-09T14:58:38.682] [INFO] default - GET DEVICE LIST SUCCESSFULLY FOR USER helloman123
[2024-05-09T14:58:42.272] [INFO] default - ADD DEVICE device 5 SUCCESSFULLY FOR USER helloman123
[2024-05-09T14:58:42.290] [INFO] default - ADD DEVICE device 6 SUCCESSFULLY FOR USER helloman123
[2024-05-09T14:58:42.302] [INFO] default - ADD DEVICE device 7 SUCCESSFULLY FOR USER helloman123
[2024-05-09T14:58:42.315] [INFO] default - ADD DEVICE device 8 SUCCESSFULLY FOR USER helloman123
[2024-05-09T14:58:42.328] [INFO] default - ADD DEVICE device 9 SUCCESSFULLY FOR USER helloman123
[2024-05-09T14:58:42.341] [INFO] default - ADD DEVICE device 10 SUCCESSFULLY FOR USER helloman123
[2024-05-09T14:58:42.430] [INFO] default - GET DEVICE LIST SUCCESSFULLY FOR USER helloman123
[2024-05-09T14:59:01.494] [INFO] default - DELETE DEVICE device 10 SUCCESSFULLY FROM USER helloman123
[2024-05-09T14:59:01.626] [INFO] default - GET DEVICE LIST SUCCESSFULLY FOR USER helloman123
[2024-05-09T14:59:03.460] [INFO] default - DELETE DEVICE device 9 SUCCESSFULLY FROM USER helloman123
[2024-05-09T14:59:03.557] [INFO] default - GET DEVICE LIST SUCCESSFULLY FOR USER helloman123
[2024-05-09T14:59:04.794] [INFO] default - DELETE DEVICE device 8 SUCCESSFULLY FROM USER helloman123
[2024-05-09T14:59:04.884] [INFO] default - GET DEVICE LIST SUCCESSFULLY FOR USER helloman123
[2024-05-09T14:59:06.714] [INFO] default - DELETE DEVICE device 7 SUCCESSFULLY FROM USER helloman123
[2024-05-09T14:59:06.811] [INFO] default - GET DEVICE LIST SUCCESSFULLY FOR USER helloman123
[2024-05-09T14:59:08.203] [INFO] default - DELETE DEVICE device 6 SUCCESSFULLY FROM USER helloman123
[2024-05-09T14:59:08.290] [INFO] default - GET DEVICE LIST SUCCESSFULLY FOR USER helloman123
[2024-05-09T15:03:33.680] [INFO] default - DELETE DEVICE device 5 SUCCESSFULLY FROM USER helloman123
[2024-05-09T15:03:33.829] [INFO] default - GET DEVICE LIST SUCCESSFULLY FOR USER helloman123
[2024-05-09T15:07:40.681] [INFO] default - get product-detail Rubik's Coach Cube successfull
[2024-05-09T15:07:40.696] [INFO] default - get product-detail Rubik's 3x3 successfull
[2024-05-09T15:07:40.710] [INFO] default - get product-detail Rubik’s Apprentice 2x2 successfull
[2024-05-09T15:23:15.253] [INFO] default - GET DEVICE LIST SUCCESSFULLY FOR USER helloman123
[2024-05-09T15:33:11.735] [INFO] default - GET DEVICE LIST SUCCESSFULLY FOR USER helloman123
[2024-05-09T15:35:56.700] [INFO] default - GET DEVICE LIST SUCCESSFULLY FOR USER helloman123
[2024-05-09T15:38:55.771] [INFO] default - GET DEVICE LIST SUCCESSFULLY FOR USER helloman123
[2024-05-09T15:39:13.718] [INFO] default - GET DEVICE LIST SUCCESSFULLY FOR USER helloman123
[2024-05-09T15:39:50.712] [INFO] default - GET DEVICE LIST SUCCESSFULLY FOR USER helloman123
[2024-05-09T15:40:28.779] [INFO] default - GET DEVICE LIST SUCCESSFULLY FOR USER helloman123
[2024-05-09T15:40:45.743] [INFO] default - GET DEVICE LIST SUCCESSFULLY FOR USER helloman123
[2024-05-09T15:43:21.700] [INFO] default - Access about page successful
[2024-05-09T15:43:26.390] [INFO] default - Access about page successful
[2024-05-09T15:43:26.714] [INFO] default - Access about page successful
[2024-05-09T15:44:05.703] [INFO] default - Access about page successful
[2024-05-09T15:44:29.702] [INFO] default - Access about page successful
[2024-05-09T15:45:08.740] [INFO] default - Access about page successful
[2024-05-09T15:45:13.410] [INFO] default - GET DEVICE LIST SUCCESSFULLY FOR USER helloman123
[2024-05-09T15:50:25.756] [INFO] default - GET DEVICE LIST SUCCESSFULLY FOR USER helloman123
[2024-05-09T15:50:52.151] [INFO] default - ADD DEVICE device 5 SUCCESSFULLY FOR USER helloman123
[2024-05-09T15:50:52.167] [INFO] default - ADD DEVICE device 6 SUCCESSFULLY FOR USER helloman123
[2024-05-09T15:50:52.181] [INFO] default - ADD DEVICE device 7 SUCCESSFULLY FOR USER helloman123
[2024-05-09T15:50:52.197] [INFO] default - ADD DEVICE device 8 SUCCESSFULLY FOR USER helloman123
[2024-05-09T15:50:52.212] [INFO] default - ADD DEVICE device 9 SUCCESSFULLY FOR USER helloman123
[2024-05-09T15:50:52.223] [INFO] default - ADD DEVICE device 10 SUCCESSFULLY FOR USER helloman123
[2024-05-09T15:50:52.354] [INFO] default - GET DEVICE LIST SUCCESSFULLY FOR USER helloman123
[2024-05-09T15:51:33.720] [INFO] default - GET DEVICE LIST SUCCESSFULLY FOR USER helloman123
[2024-05-09T15:51:40.571] [INFO] default - DELETE DEVICE device 10 SUCCESSFULLY FROM USER helloman123
[2024-05-09T15:51:40.692] [INFO] default - GET DEVICE LIST SUCCESSFULLY FOR USER helloman123
[2024-05-09T15:51:41.686] [INFO] default - DELETE DEVICE device 9 SUCCESSFULLY FROM USER helloman123
[2024-05-09T15:51:41.782] [INFO] default - GET DEVICE LIST SUCCESSFULLY FOR USER helloman123
[2024-05-09T15:51:42.582] [INFO] default - DELETE DEVICE device 8 SUCCESSFULLY FROM USER helloman123
[2024-05-09T15:51:42.674] [INFO] default - GET DEVICE LIST SUCCESSFULLY FOR USER helloman123
[2024-05-09T15:51:43.450] [INFO] default - DELETE DEVICE device 7 SUCCESSFULLY FROM USER helloman123
[2024-05-09T15:51:43.540] [INFO] default - GET DEVICE LIST SUCCESSFULLY FOR USER helloman123
[2024-05-09T15:51:44.257] [INFO] default - DELETE DEVICE device 6 SUCCESSFULLY FROM USER helloman123
[2024-05-09T15:51:44.357] [INFO] default - GET DEVICE LIST SUCCESSFULLY FOR USER helloman123
[2024-05-09T15:51:46.352] [INFO] default - DELETE DEVICE device 5 SUCCESSFULLY FROM USER helloman123
[2024-05-09T15:51:46.455] [INFO] default - GET DEVICE LIST SUCCESSFULLY FOR USER helloman123
[2024-05-09T15:52:11.596] [INFO] default - ADD DEVICE device 5 SUCCESSFULLY FOR USER helloman123
[2024-05-09T15:52:11.606] [INFO] default - ADD DEVICE device 6 SUCCESSFULLY FOR USER helloman123
[2024-05-09T15:52:11.618] [INFO] default - ADD DEVICE device 7 SUCCESSFULLY FOR USER helloman123
[2024-05-09T15:52:11.627] [INFO] default - ADD DEVICE device 8 SUCCESSFULLY FOR USER helloman123
[2024-05-09T15:52:11.638] [INFO] default - ADD DEVICE device 9 SUCCESSFULLY FOR USER helloman123
[2024-05-09T15:52:11.646] [INFO] default - ADD DEVICE device 10 SUCCESSFULLY FOR USER helloman123
[2024-05-09T15:52:11.656] [INFO] default - ADD DEVICE device 11 SUCCESSFULLY FOR USER helloman123
[2024-05-09T15:52:11.666] [INFO] default - ADD DEVICE device 12 SUCCESSFULLY FOR USER helloman123
[2024-05-09T15:52:11.674] [INFO] default - ADD DEVICE device 13 SUCCESSFULLY FOR USER helloman123
[2024-05-09T15:52:11.685] [INFO] default - ADD DEVICE device 14 SUCCESSFULLY FOR USER helloman123
[2024-05-09T15:52:11.693] [INFO] default - ADD DEVICE device 15 SUCCESSFULLY FOR USER helloman123
[2024-05-09T15:52:11.703] [INFO] default - ADD DEVICE device 16 SUCCESSFULLY FOR USER helloman123
[2024-05-09T15:52:11.711] [INFO] default - ADD DEVICE device 17 SUCCESSFULLY FOR USER helloman123
[2024-05-09T15:52:11.721] [INFO] default - ADD DEVICE device 18 SUCCESSFULLY FOR USER helloman123
[2024-05-09T15:52:11.730] [INFO] default - ADD DEVICE device 19 SUCCESSFULLY FOR USER helloman123
[2024-05-09T15:52:11.739] [INFO] default - ADD DEVICE device 20 SUCCESSFULLY FOR USER helloman123
[2024-05-09T15:52:11.748] [INFO] default - ADD DEVICE device 21 SUCCESSFULLY FOR USER helloman123
[2024-05-09T15:52:11.757] [INFO] default - ADD DEVICE device 22 SUCCESSFULLY FOR USER helloman123
[2024-05-09T15:52:11.766] [INFO] default - ADD DEVICE device 23 SUCCESSFULLY FOR USER helloman123
[2024-05-09T15:52:11.777] [INFO] default - ADD DEVICE device 24 SUCCESSFULLY FOR USER helloman123
[2024-05-09T15:52:11.787] [INFO] default - ADD DEVICE device 25 SUCCESSFULLY FOR USER helloman123
[2024-05-09T15:52:11.899] [INFO] default - GET DEVICE LIST SUCCESSFULLY FOR USER helloman123
[2024-05-09T15:52:24.387] [INFO] default - DELETE DEVICE device 25 SUCCESSFULLY FROM USER helloman123
[2024-05-09T15:52:24.505] [INFO] default - GET DEVICE LIST SUCCESSFULLY FOR USER helloman123
[2024-05-09T15:52:27.238] [INFO] default - DELETE DEVICE device 24 SUCCESSFULLY FROM USER helloman123
[2024-05-09T15:52:27.358] [INFO] default - GET DEVICE LIST SUCCESSFULLY FOR USER helloman123
[2024-05-09T15:52:29.213] [INFO] default - DELETE DEVICE device 23 SUCCESSFULLY FROM USER helloman123
[2024-05-09T15:52:29.306] [INFO] default - GET DEVICE LIST SUCCESSFULLY FOR USER helloman123
[2024-05-09T15:52:30.743] [INFO] default - DELETE DEVICE device 22 SUCCESSFULLY FROM USER helloman123
[2024-05-09T15:52:30.840] [INFO] default - GET DEVICE LIST SUCCESSFULLY FOR USER helloman123
[2024-05-09T15:52:33.039] [INFO] default - DELETE DEVICE device 21 SUCCESSFULLY FROM USER helloman123
[2024-05-09T15:52:33.118] [INFO] default - GET DEVICE LIST SUCCESSFULLY FOR USER helloman123
[2024-05-09T15:52:34.499] [INFO] default - DELETE DEVICE device 20 SUCCESSFULLY FROM USER helloman123
[2024-05-09T15:52:34.594] [INFO] default - GET DEVICE LIST SUCCESSFULLY FOR USER helloman123
[2024-05-09T15:52:37.041] [INFO] default - DELETE DEVICE device 19 SUCCESSFULLY FROM USER helloman123
[2024-05-09T15:52:37.139] [INFO] default - GET DEVICE LIST SUCCESSFULLY FOR USER helloman123
[2024-05-09T15:52:39.363] [INFO] default - DELETE DEVICE device 18 SUCCESSFULLY FROM USER helloman123
[2024-05-09T15:52:39.455] [INFO] default - GET DEVICE LIST SUCCESSFULLY FOR USER helloman123
[2024-05-09T15:52:40.871] [INFO] default - DELETE DEVICE device 17 SUCCESSFULLY FROM USER helloman123
[2024-05-09T15:52:40.961] [INFO] default - GET DEVICE LIST SUCCESSFULLY FOR USER helloman123
[2024-05-09T15:52:43.365] [INFO] default - DELETE DEVICE device 16 SUCCESSFULLY FROM USER helloman123
[2024-05-09T15:52:43.488] [INFO] default - GET DEVICE LIST SUCCESSFULLY FOR USER helloman123
[2024-05-09T15:52:45.908] [INFO] default - DELETE DEVICE device 15 SUCCESSFULLY FROM USER helloman123
[2024-05-09T15:52:46.003] [INFO] default - GET DEVICE LIST SUCCESSFULLY FOR USER helloman123
[2024-05-09T15:52:48.090] [INFO] default - DELETE DEVICE device 14 SUCCESSFULLY FROM USER helloman123
[2024-05-09T15:52:48.181] [INFO] default - GET DEVICE LIST SUCCESSFULLY FOR USER helloman123
[2024-05-09T15:52:50.039] [INFO] default - DELETE DEVICE device 13 SUCCESSFULLY FROM USER helloman123
[2024-05-09T15:52:50.131] [INFO] default - GET DEVICE LIST SUCCESSFULLY FOR USER helloman123
[2024-05-09T15:54:16.944] [INFO] default - Access about page successful
[2024-05-09T15:54:18.947] [INFO] default - Access about page successful
[2024-05-09T15:54:19.461] [INFO] default - get product-detail Rubik's Coach Cube successfull
[2024-05-09T15:54:19.476] [INFO] default - get product-detail Rubik's 3x3 successfull
[2024-05-09T15:54:19.496] [INFO] default - get product-detail Rubik’s Apprentice 2x2 successfull
[2024-05-09T15:54:39.203] [INFO] default - Access about page successful
[2024-05-09T15:58:51.856] [INFO] default - Access about page successful
[2024-05-09T15:59:31.505] [INFO] default - Access about page successful
[2024-05-09T15:59:33.616] [INFO] default - get Rubik successful
[2024-05-09T16:01:26.959] [INFO] default - get Rubik successful
[2024-05-09T16:06:16.803] [INFO] default - get Rubik successful
[2024-05-09T16:07:49.808] [INFO] default - get Rubik successful
[2024-05-09T16:07:56.913] [INFO] default - GET DEVICE LIST SUCCESSFULLY FOR USER helloman123
[2024-05-09T16:08:00.858] [INFO] default - DELETE DEVICE device 12 SUCCESSFULLY FROM USER helloman123
[2024-05-09T16:08:00.979] [INFO] default - GET DEVICE LIST SUCCESSFULLY FOR USER helloman123
[2024-05-09T16:08:02.241] [INFO] default - DELETE DEVICE device 11 SUCCESSFULLY FROM USER helloman123
[2024-05-09T16:08:02.373] [INFO] default - GET DEVICE LIST SUCCESSFULLY FOR USER helloman123
[2024-05-09T16:08:04.664] [INFO] default - DELETE DEVICE device 10 SUCCESSFULLY FROM USER helloman123
[2024-05-09T16:08:04.765] [INFO] default - GET DEVICE LIST SUCCESSFULLY FOR USER helloman123
[2024-05-09T16:08:13.410] [INFO] default - Access about page successful
[2024-05-09T16:17:51.015] [INFO] default - Access about page successful
[2024-05-09T16:18:03.710] [INFO] default - Access about page successful
[2024-05-09T16:18:27.394] [INFO] default - get product-detail Rubik's Coach Cube successfull
[2024-05-09T16:18:27.410] [INFO] default - get product-detail Rubik's 3x3 successfull
[2024-05-09T16:18:27.446] [INFO] default - get product-detail Rubik’s Apprentice 2x2 successfull
[2024-05-09T16:18:48.683] [INFO] default - Access about page successful
[2024-05-09T16:18:52.015] [INFO] default - GET DEVICE LIST SUCCESSFULLY FOR USER helloman123
[2024-05-09T16:29:54.847] [INFO] default - GET DEVICE LIST SUCCESSFULLY FOR USER helloman123
[2024-05-09T16:36:22.757] [INFO] default - GET DEVICE LIST SUCCESSFULLY FOR USER helloman123
[2024-05-09T16:43:43.713] [INFO] default - GET DEVICE LIST SUCCESSFULLY FOR USER helloman123
