[2024-07-22T00:05:58.269] [INFO] default - Update Topic List Successfully.
[2024-07-22T00:17:54.962] [INFO] default - Update Topic List Successfully.
[2024-07-22T00:29:56.664] [INFO] default - Update Topic List Successfully.
[2024-07-22T00:41:58.296] [INFO] default - Update Topic List Successfully.
[2024-07-22T00:53:54.987] [INFO] default - Update Topic List Successfully.
[2024-07-22T01:05:56.634] [INFO] default - Update Topic List Successfully.
[2024-07-22T01:17:58.283] [INFO] default - Update Topic List Successfully.
[2024-07-22T01:29:55.048] [INFO] default - Update Topic List Successfully.
[2024-07-22T01:41:56.636] [INFO] default - Update Topic List Successfully.
[2024-07-22T01:53:58.328] [INFO] default - Update Topic List Successfully.
[2024-07-22T02:05:54.921] [INFO] default - Update Topic List Successfully.
[2024-07-22T02:17:56.592] [INFO] default - Update Topic List Successfully.
[2024-07-22T02:29:58.289] [INFO] default - Update Topic List Successfully.
[2024-07-22T02:41:54.846] [INFO] default - Update Topic List Successfully.
[2024-07-22T02:53:56.543] [INFO] default - Update Topic List Successfully.
[2024-07-22T03:05:58.215] [INFO] default - Update Topic List Successfully.
[2024-07-22T03:17:54.890] [INFO] default - Update Topic List Successfully.
[2024-07-22T03:29:56.580] [INFO] default - Update Topic List Successfully.
[2024-07-22T03:41:58.276] [INFO] default - Update Topic List Successfully.
[2024-07-22T03:53:54.876] [INFO] default - Update Topic List Successfully.
[2024-07-22T04:05:56.512] [INFO] default - Update Topic List Successfully.
[2024-07-22T04:17:58.112] [INFO] default - Update Topic List Successfully.
[2024-07-22T04:29:54.710] [INFO] default - Update Topic List Successfully.
[2024-07-22T04:41:56.252] [INFO] default - Update Topic List Successfully.
[2024-07-22T04:53:57.903] [INFO] default - Update Topic List Successfully.
[2024-07-22T05:05:54.572] [INFO] default - Update Topic List Successfully.
[2024-07-22T05:17:56.179] [INFO] default - Update Topic List Successfully.
[2024-07-22T05:29:57.884] [INFO] default - Update Topic List Successfully.
[2024-07-22T05:41:54.553] [INFO] default - Update Topic List Successfully.
[2024-07-22T05:53:56.180] [INFO] default - Update Topic List Successfully.
[2024-07-22T06:05:57.885] [INFO] default - Update Topic List Successfully.
[2024-07-22T06:17:54.523] [INFO] default - Update Topic List Successfully.
[2024-07-22T06:29:56.259] [INFO] default - Update Topic List Successfully.
[2024-07-22T06:41:57.940] [INFO] default - Update Topic List Successfully.
[2024-07-22T06:53:54.494] [INFO] default - Update Topic List Successfully.
[2024-07-22T07:05:56.134] [INFO] default - Update Topic List Successfully.
[2024-07-22T07:17:57.791] [INFO] default - Update Topic List Successfully.
[2024-07-22T07:29:54.379] [INFO] default - Update Topic List Successfully.
[2024-07-22T07:41:56.012] [INFO] default - Update Topic List Successfully.
[2024-07-22T07:53:57.645] [INFO] default - Update Topic List Successfully.
[2024-07-22T08:05:59.224] [INFO] default - Update Topic List Successfully.
[2024-07-22T08:17:55.849] [INFO] default - Update Topic List Successfully.
[2024-07-22T08:29:57.578] [INFO] default - Update Topic List Successfully.
[2024-07-22T08:41:54.366] [INFO] default - Update Topic List Successfully.
[2024-07-22T08:53:56.179] [INFO] default - Update Topic List Successfully.
[2024-07-22T09:05:57.878] [INFO] default - Update Topic List Successfully.
[2024-07-22T09:17:54.506] [INFO] default - Update Topic List Successfully.
[2024-07-22T09:29:57.426] [INFO] default - Update Topic List Successfully.
[2024-07-22T09:41:59.186] [INFO] default - Update Topic List Successfully.
[2024-07-22T09:53:55.847] [INFO] default - Update Topic List Successfully.
[2024-07-22T10:05:57.467] [INFO] default - Update Topic List Successfully.
[2024-07-22T10:17:59.139] [INFO] default - Update Topic List Successfully.
[2024-07-22T10:29:55.875] [INFO] default - Update Topic List Successfully.
[2024-07-22T10:32:36.624] [INFO] default - Close Log SSE Successfully.
[2024-07-22T10:41:57.556] [INFO] default - Update Topic List Successfully.
[2024-07-22T10:53:59.235] [INFO] default - Update Topic List Successfully.
[2024-07-22T11:05:55.913] [INFO] default - Update Topic List Successfully.
[2024-07-22T11:14:03.710] [INFO] default - Access about page successful
[2024-07-22T11:14:50.431] [INFO] default - Access about page successful
[2024-07-22T11:14:51.223] [INFO] default - Access about page successful
[2024-07-22T11:17:57.561] [INFO] default - Update Topic List Successfully.
[2024-07-22T11:20:19.051] [INFO] default - Access about page successful
[2024-07-22T11:21:25.852] [INFO] default - Access about page successful
[2024-07-22T11:23:20.724] [INFO] default - get Rubik successful
[2024-07-22T11:23:45.969] [INFO] default - get product-detail Rubik’s Connector Snake 2-Pack successfull
[2024-07-22T11:24:00.211] [INFO] default - Access about page successful
[2024-07-22T11:28:41.037] [INFO] default - Access about page successful
[2024-07-22T11:28:45.657] [INFO] default - Access about page successful
[2024-07-22T11:28:52.447] [INFO] default - Access about page successful
[2024-07-22T11:28:55.695] [INFO] default - Access about page successful
[2024-07-22T11:28:58.448] [INFO] default - Access about page successful
[2024-07-22T11:29:59.275] [INFO] default - Update Topic List Successfully.
[2024-07-22T11:32:50.043] [INFO] default - Access about page successful
[2024-07-22T11:32:52.916] [INFO] default - Access about page successful
[2024-07-22T11:33:08.256] [INFO] default - Access about page successful
[2024-07-22T11:38:26.718] [INFO] default - Access about page successful
[2024-07-22T11:38:30.273] [INFO] default - Access about page successful
[2024-07-22T11:39:42.932] [INFO] default - Access about page successful
[2024-07-22T11:40:35.651] [INFO] default - Access about page successful
[2024-07-22T11:40:52.408] [INFO] default - Access about page successful
[2024-07-22T11:41:31.962] [INFO] default - Access about page successful
[2024-07-22T11:41:55.931] [INFO] default - Update Topic List Successfully.
[2024-07-22T11:42:50.421] [INFO] default - Access about page successful
[2024-07-22T11:43:47.680] [INFO] default - Access about page successful
[2024-07-22T11:43:58.976] [INFO] default - Access about page successful
[2024-07-22T11:45:14.963] [INFO] default - Access about page successful
[2024-07-22T11:45:28.971] [INFO] default - Access about page successful
[2024-07-22T11:45:41.313] [INFO] default - Access about page successful
[2024-07-22T11:45:56.034] [INFO] default - Access about page successful
[2024-07-22T11:46:00.657] [INFO] default - Access about page successful
[2024-07-22T11:46:07.348] [INFO] default - Access about page successful
[2024-07-22T11:46:10.906] [INFO] default - Access about page successful
[2024-07-22T11:46:21.283] [INFO] default - Access about page successful
[2024-07-22T11:46:27.597] [INFO] default - Access about page successful
[2024-07-22T11:47:00.001] [INFO] default - Access about page successful
[2024-07-22T11:47:32.624] [INFO] default - Access about page successful
[2024-07-22T11:48:30.866] [INFO] default - Access about page successful
[2024-07-22T11:48:36.919] [INFO] default - Access about page successful
[2024-07-22T11:49:54.670] [INFO] default - Access about page successful
[2024-07-22T11:53:57.684] [INFO] default - Update Topic List Successfully.
[2024-07-22T11:56:59.988] [INFO] default - Access about page successful
[2024-07-22T11:57:47.009] [INFO] default - Access about page successful
[2024-07-22T11:58:05.176] [INFO] default - Access about page successful
[2024-07-22T11:58:44.651] [INFO] default - Access about page successful
[2024-07-22T12:00:34.727] [INFO] default - Access about page successful
[2024-07-22T12:00:43.385] [INFO] default - Access about page successful
[2024-07-22T12:00:48.283] [INFO] default - Access about page successful
[2024-07-22T12:01:11.676] [INFO] default - Access about page successful
[2024-07-22T12:01:16.168] [INFO] default - Access about page successful
[2024-07-22T12:01:21.951] [INFO] default - Access about page successful
[2024-07-22T12:01:32.961] [INFO] default - Access about page successful
[2024-07-22T12:01:59.676] [INFO] default - Access about page successful
[2024-07-22T12:02:26.336] [INFO] default - Access about page successful
[2024-07-22T12:02:56.016] [INFO] default - Access about page successful
[2024-07-22T12:05:59.332] [INFO] default - Update Topic List Successfully.
[2024-07-22T12:06:01.895] [INFO] default - Access about page successful
[2024-07-22T12:06:11.868] [INFO] default - Access about page successful
[2024-07-22T12:06:51.447] [INFO] default - Access about page successful
[2024-07-22T12:07:20.411] [INFO] default - Access about page successful
[2024-07-22T12:07:28.033] [INFO] default - Access about page successful
[2024-07-22T12:07:36.683] [INFO] default - Access about page successful
[2024-07-22T12:08:16.861] [INFO] default - Access about page successful
[2024-07-22T12:08:17.848] [INFO] default - Access about page successful
[2024-07-22T12:08:34.812] [INFO] default - Access about page successful
[2024-07-22T12:08:41.428] [INFO] default - Access about page successful
[2024-07-22T12:08:45.814] [INFO] default - Access about page successful
[2024-07-22T12:09:00.873] [INFO] default - Access about page successful
[2024-07-22T12:09:21.169] [INFO] default - Access about page successful
[2024-07-22T12:09:25.879] [INFO] default - Access about page successful
[2024-07-22T12:09:43.839] [INFO] default - Access about page successful
[2024-07-22T12:10:01.791] [INFO] default - Access about page successful
[2024-07-22T12:10:11.618] [INFO] default - Access about page successful
[2024-07-22T12:10:45.854] [INFO] default - Access about page successful
[2024-07-22T12:11:02.402] [INFO] default - Access about page successful
[2024-07-22T12:11:15.822] [INFO] default - Access about page successful
[2024-07-22T12:11:35.886] [INFO] default - Access about page successful
[2024-07-22T12:11:43.861] [INFO] default - Access about page successful
[2024-07-22T12:11:48.846] [INFO] default - Access about page successful
[2024-07-22T12:12:06.345] [INFO] default - Access about page successful
[2024-07-22T12:12:39.838] [INFO] default - Access about page successful
[2024-07-22T12:12:44.565] [INFO] default - Access about page successful
[2024-07-22T12:13:21.279] [INFO] default - Access about page successful
[2024-07-22T12:13:26.287] [INFO] default - Access about page successful
[2024-07-22T12:17:56.029] [INFO] default - Update Topic List Successfully.
[2024-07-22T12:29:57.934] [INFO] default - Update Topic List Successfully.
[2024-07-22T12:41:59.913] [INFO] default - Update Topic List Successfully.
[2024-07-22T12:53:56.864] [INFO] default - Update Topic List Successfully.
[2024-07-22T13:05:58.685] [INFO] default - Update Topic List Successfully.
[2024-07-22T13:18:00.404] [INFO] default - Update Topic List Successfully.
[2024-07-22T13:29:57.092] [INFO] default - Update Topic List Successfully.
[2024-07-22T13:41:58.790] [INFO] default - Update Topic List Successfully.
[2024-07-22T13:54:00.343] [INFO] default - Update Topic List Successfully.
[2024-07-22T13:56:39.625] [INFO] default - Access about page successful
[2024-07-22T13:57:30.864] [INFO] default - Access about page successful
[2024-07-22T13:57:45.865] [INFO] default - Access about page successful
[2024-07-22T13:57:59.449] [INFO] default - get Rubik successful
[2024-07-22T14:05:56.842] [INFO] default - Update Topic List Successfully.
[2024-07-22T14:17:58.433] [INFO] default - Update Topic List Successfully.
[2024-07-22T14:30:00.106] [INFO] default - Update Topic List Successfully.
[2024-07-22T14:41:56.704] [INFO] default - Update Topic List Successfully.
[2024-07-22T14:53:58.246] [INFO] default - Update Topic List Successfully.
[2024-07-22T15:05:59.862] [INFO] default - Update Topic List Successfully.
[2024-07-22T15:17:56.513] [INFO] default - Update Topic List Successfully.
[2024-07-22T15:29:58.130] [INFO] default - Update Topic List Successfully.
[2024-07-22T15:41:59.696] [INFO] default - Update Topic List Successfully.
[2024-07-22T15:53:56.274] [INFO] default - Update Topic List Successfully.
[2024-07-22T16:05:57.870] [INFO] default - Update Topic List Successfully.
[2024-07-22T16:17:59.543] [INFO] default - Update Topic List Successfully.
[2024-07-22T16:29:56.347] [INFO] default - Update Topic List Successfully.
[2024-07-22T16:41:58.681] [INFO] default - Update Topic List Successfully.
