[2024-05-14T11:39:32.899] [INFO] default - Access about page successful
[2024-05-14T11:41:30.235] [INFO] default - Access about page successful
[2024-05-14T11:41:49.087] [INFO] default - Access about page successful
[2024-05-14T11:42:13.600] [INFO] default - Access about page successful
[2024-05-14T11:44:59.198] [INFO] default - Access about page successful
[2024-05-14T11:45:01.184] [INFO] default - Access about page successful
[2024-05-14T11:46:16.596] [ERROR] default - MQTT CONNECT FAILED:Connection error: 
[2024-05-14T11:46:16.619] [INFO] default - Access about page successful
[2024-05-14T11:46:27.711] [ERROR] default - MQTT CONNECT FAILED:Connection error: 
[2024-05-14T11:48:01.580] [INFO] default - Access about page successful
[2024-05-14T11:49:52.354] [INFO] default - Access about page successful
[2024-05-14T13:53:50.106] [ERROR] default - MQTT CONNECT FAILED:Topic creation errors
[2024-05-14T13:53:50.124] [INFO] default - Access about page successful
[2024-05-14T13:57:20.094] [INFO] default - Access about page successful
[2024-05-14T14:03:53.228] [ERROR] default - MQTT CONNECT FAILED:Topic creation errors
[2024-05-14T14:03:53.244] [INFO] default - Access about page successful
[2024-05-14T14:07:50.157] [ERROR] default - MQTT CONNECT FAILED:undefined
[2024-05-14T14:07:50.176] [INFO] default - Access about page successful
[2024-05-14T14:08:54.540] [ERROR] default - MQTT CONNECT FAILED:Topic creation errors
[2024-05-14T14:08:54.556] [INFO] default - Access about page successful
[2024-05-14T14:17:21.229] [ERROR] default - MQTT CONNECT FAILED:Topic creation errors
[2024-05-14T14:17:21.247] [INFO] default - Access about page successful
[2024-05-14T14:19:21.966] [ERROR] default - MQTT CONNECT FAILED:Topic creation errors
[2024-05-14T14:19:21.990] [INFO] default - Access about page successful
[2024-05-14T15:06:42.027] [INFO] default - Access about page successful
[2024-05-14T15:09:16.884] [ERROR] default - MQTT CONNECT FAILED:Topic creation errors
[2024-05-14T15:09:16.902] [INFO] default - Access about page successful
[2024-05-14T15:35:11.550] [ERROR] default - MQTT CONNECT FAILED:Topic creation errors
[2024-05-14T15:35:11.568] [INFO] default - Access about page successful
[2024-05-14T15:35:52.753] [INFO] default - Access about page successful
[2024-05-14T15:37:50.853] [INFO] default - Access about page successful
[2024-05-14T16:28:36.528] [INFO] default - get Rubik successful
[2024-05-14T16:28:37.861] [INFO] default - get product-detail Rubik's Coach Cube successfull
[2024-05-14T16:28:37.890] [INFO] default - get product-detail Rubik's 3x3 successfull
[2024-05-14T16:28:37.905] [INFO] default - get product-detail Rubik’s Apprentice 2x2 successfull
[2024-05-14T16:29:08.476] [INFO] default - Access about page successful
[2024-05-14T16:30:29.010] [INFO] default - GET DEVICE LIST SUCCESSFULLY FOR USER helloman123
[2024-05-14T16:30:29.974] [INFO] default - GET DEVICE LIST SUCCESSFULLY FOR USER helloman123
[2024-05-14T16:30:30.558] [INFO] default - GET DEVICE LIST SUCCESSFULLY FOR USER helloman123
[2024-05-14T16:30:30.758] [INFO] default - GET DEVICE LIST SUCCESSFULLY FOR USER helloman123
[2024-05-14T16:30:30.914] [INFO] default - GET DEVICE LIST SUCCESSFULLY FOR USER helloman123
[2024-05-14T16:30:31.055] [INFO] default - GET DEVICE LIST SUCCESSFULLY FOR USER helloman123
[2024-05-14T16:30:31.208] [INFO] default - GET DEVICE LIST SUCCESSFULLY FOR USER helloman123
[2024-05-14T16:30:31.356] [INFO] default - GET DEVICE LIST SUCCESSFULLY FOR USER helloman123
[2024-05-14T16:30:31.500] [INFO] default - GET DEVICE LIST SUCCESSFULLY FOR USER helloman123
[2024-05-14T16:30:33.377] [INFO] default - GET DEVICE LIST SUCCESSFULLY FOR USER helloman123
[2024-05-14T16:30:33.613] [INFO] default - GET DEVICE LIST SUCCESSFULLY FOR USER helloman123
[2024-05-14T16:30:33.851] [INFO] default - GET DEVICE LIST SUCCESSFULLY FOR USER helloman123
[2024-05-14T16:30:33.943] [INFO] default - GET DEVICE LIST SUCCESSFULLY FOR USER helloman123
[2024-05-14T16:30:34.051] [INFO] default - GET DEVICE LIST SUCCESSFULLY FOR USER helloman123
[2024-05-14T16:30:34.215] [INFO] default - GET DEVICE LIST SUCCESSFULLY FOR USER helloman123
[2024-05-14T16:30:34.387] [INFO] default - GET DEVICE LIST SUCCESSFULLY FOR USER helloman123
[2024-05-14T16:30:34.541] [INFO] default - GET DEVICE LIST SUCCESSFULLY FOR USER helloman123
[2024-05-14T16:30:34.688] [INFO] default - GET DEVICE LIST SUCCESSFULLY FOR USER helloman123
[2024-05-14T16:30:34.831] [INFO] default - GET DEVICE LIST SUCCESSFULLY FOR USER helloman123
[2024-05-14T16:30:34.984] [INFO] default - GET DEVICE LIST SUCCESSFULLY FOR USER helloman123
[2024-05-14T16:30:35.139] [INFO] default - GET DEVICE LIST SUCCESSFULLY FOR USER helloman123
[2024-05-14T16:30:36.846] [INFO] default - DELETE DEVICE device 1 SUCCESSFULLY FROM USER helloman123
[2024-05-14T16:30:36.918] [INFO] default - GET DEVICE LIST SUCCESSFULLY FOR USER helloman123
[2024-05-14T16:30:37.551] [INFO] default - DELETE DEVICE device 3 SUCCESSFULLY FROM USER helloman123
[2024-05-14T16:30:37.612] [INFO] default - GET DEVICE LIST SUCCESSFULLY FOR USER helloman123
[2024-05-14T16:30:38.039] [INFO] default - DELETE DEVICE device 5 SUCCESSFULLY FROM USER helloman123
[2024-05-14T16:30:38.110] [INFO] default - GET DEVICE LIST SUCCESSFULLY FOR USER helloman123
[2024-05-14T16:30:38.458] [INFO] default - DELETE DEVICE device 6 SUCCESSFULLY FROM USER helloman123
[2024-05-14T16:30:38.526] [INFO] default - GET DEVICE LIST SUCCESSFULLY FOR USER helloman123
[2024-05-14T16:30:38.846] [INFO] default - DELETE DEVICE device 7 SUCCESSFULLY FROM USER helloman123
[2024-05-14T16:30:38.908] [INFO] default - GET DEVICE LIST SUCCESSFULLY FOR USER helloman123
[2024-05-14T16:30:39.199] [INFO] default - DELETE DEVICE device 8 SUCCESSFULLY FROM USER helloman123
[2024-05-14T16:30:39.269] [INFO] default - GET DEVICE LIST SUCCESSFULLY FOR USER helloman123
[2024-05-14T16:30:39.503] [INFO] default - DELETE DEVICE device 9 SUCCESSFULLY FROM USER helloman123
[2024-05-14T16:30:39.567] [INFO] default - GET DEVICE LIST SUCCESSFULLY FOR USER helloman123
[2024-05-14T16:30:39.850] [INFO] default - DELETE DEVICE device 10 SUCCESSFULLY FROM USER helloman123
[2024-05-14T16:30:39.918] [INFO] default - GET DEVICE LIST SUCCESSFULLY FOR USER helloman123
[2024-05-14T16:30:41.393] [INFO] default - GET DEVICE LIST SUCCESSFULLY FOR USER helloman123
[2024-05-14T16:31:19.218] [INFO] default - GET DEVICE LIST SUCCESSFULLY FOR USER helloman123
[2024-05-14T16:31:32.904] [INFO] default - ADD DEVICE device1 SUCCESSFULLY FOR USER helloman123
[2024-05-14T16:31:32.988] [INFO] default - GET DEVICE LIST SUCCESSFULLY FOR USER helloman123
[2024-05-14T16:31:36.726] [INFO] default - ADD DEVICE device2 SUCCESSFULLY FOR USER helloman123
[2024-05-14T16:31:36.804] [INFO] default - GET DEVICE LIST SUCCESSFULLY FOR USER helloman123
[2024-05-14T16:31:39.894] [INFO] default - ADD DEVICE device3 SUCCESSFULLY FOR USER helloman123
[2024-05-14T16:31:39.989] [INFO] default - GET DEVICE LIST SUCCESSFULLY FOR USER helloman123
[2024-05-14T16:31:42.259] [INFO] default - ADD DEVICE device4 SUCCESSFULLY FOR USER helloman123
[2024-05-14T16:31:42.328] [INFO] default - GET DEVICE LIST SUCCESSFULLY FOR USER helloman123
[2024-05-14T16:31:44.515] [INFO] default - ADD DEVICE device5 SUCCESSFULLY FOR USER helloman123
[2024-05-14T16:31:44.587] [INFO] default - GET DEVICE LIST SUCCESSFULLY FOR USER helloman123
[2024-05-14T16:31:47.779] [INFO] default - ADD DEVICE device6 SUCCESSFULLY FOR USER helloman123
[2024-05-14T16:31:47.862] [INFO] default - GET DEVICE LIST SUCCESSFULLY FOR USER helloman123
[2024-05-14T16:31:50.286] [INFO] default - ADD DEVICE device7 SUCCESSFULLY FOR USER helloman123
[2024-05-14T16:31:50.380] [INFO] default - GET DEVICE LIST SUCCESSFULLY FOR USER helloman123
[2024-05-14T16:47:24.622] [INFO] default - GET DEVICE LIST SUCCESSFULLY FOR USER helloman123
[2024-05-14T16:48:51.169] [INFO] default - Access about page successful
[2024-05-14T16:51:21.443] [INFO] default - GET DEVICE LIST SUCCESSFULLY FOR USER helloman123
[2024-05-14T16:51:26.742] [INFO] default - get Rubik successful
[2024-05-14T16:51:39.713] [INFO] default - Access about page successful
[2024-05-14T16:52:01.090] [INFO] default - GET DEVICE LIST SUCCESSFULLY FOR USER helloman123
[2024-05-14T16:53:16.220] [INFO] default - Access about page successful
[2024-05-14T16:53:48.272] [INFO] default - GET DEVICE LIST SUCCESSFULLY FOR USER helloman123
[2024-05-14T17:11:01.036] [INFO] default - GET DEVICE LIST SUCCESSFULLY FOR USER helloman123
[2024-05-14T17:13:16.044] [INFO] default - GET DEVICE LIST SUCCESSFULLY FOR USER helloman123
[2024-05-14T17:14:01.037] [INFO] default - Access about page successful
[2024-05-14T17:14:02.396] [INFO] default - GET DEVICE LIST SUCCESSFULLY FOR USER helloman123
[2024-05-14T17:14:26.026] [INFO] default - GET DEVICE LIST SUCCESSFULLY FOR USER helloman123
[2024-05-14T17:14:26.540] [INFO] default - GET DEVICE LIST SUCCESSFULLY FOR USER helloman123
[2024-05-14T17:14:26.688] [INFO] default - GET DEVICE LIST SUCCESSFULLY FOR USER helloman123
[2024-05-14T17:15:32.190] [INFO] default - Access about page successful
[2024-05-14T17:15:33.961] [INFO] default - GET DEVICE LIST SUCCESSFULLY FOR USER helloman123
[2024-05-14T17:18:55.412] [INFO] default - Access about page successful
[2024-05-14T17:19:56.628] [INFO] default - Access about page successful
[2024-05-14T17:19:56.645] [ERROR] default - MQTT CONNECT FAILED:Cannot subscribe to topic while consumer is running
[2024-05-14T17:20:29.979] [INFO] default - GET DEVICE LIST SUCCESSFULLY FOR USER helloman123
[2024-05-14T17:20:47.941] [INFO] default - GET DEVICE LIST SUCCESSFULLY FOR USER helloman123
[2024-05-14T17:20:57.256] [INFO] default - get Rubik successful
[2024-05-14T17:20:58.206] [INFO] default - GET DEVICE LIST SUCCESSFULLY FOR USER helloman123
[2024-05-14T17:21:05.211] [INFO] default - GET DEVICE LIST SUCCESSFULLY FOR USER helloman123
[2024-05-14T17:21:05.514] [INFO] default - GET DEVICE LIST SUCCESSFULLY FOR USER helloman123
[2024-05-14T17:23:24.090] [INFO] default - Access about page successful
[2024-05-14T17:23:26.096] [INFO] default - GET DEVICE LIST SUCCESSFULLY FOR USER helloman123
[2024-05-14T17:23:38.156] [INFO] default - GET DEVICE LIST SUCCESSFULLY FOR USER helloman123
[2024-05-14T18:04:17.545] [INFO] default - GET DEVICE LIST SUCCESSFULLY FOR USER helloman123
[2024-05-14T18:04:23.252] [INFO] default - GET DEVICE LIST SUCCESSFULLY FOR USER helloman123
[2024-05-14T18:04:33.249] [INFO] default - GET DEVICE LIST SUCCESSFULLY FOR USER helloman123
[2024-05-14T18:05:23.455] [INFO] default - GET DEVICE LIST SUCCESSFULLY FOR USER helloman123
[2024-05-14T18:26:25.877] [ERROR] default - MQTT CONNECT FAILED:Cannot subscribe to topic while consumer is running
[2024-05-14T18:26:30.937] [ERROR] default - MQTT CONNECT FAILED:Cannot subscribe to topic while consumer is running
[2024-05-14T18:26:45.933] [INFO] default - Access about page successful
