[2024-05-20T10:09:00.104] [INFO] default - Access about page successful
[2024-05-20T10:09:04.154] [INFO] default - GET DEVICE LIST SUCCESSFULLY FOR USER helloman123
[2024-05-20T10:09:09.160] [INFO] default - GET DEVICE LIST SUCCESSFULLY FOR USER helloman123
[2024-05-20T10:09:09.616] [INFO] default - GET DEVICE LIST SUCCESSFULLY FOR USER helloman123
[2024-05-20T10:09:36.072] [INFO] default - get product-detail Rubik's Coach Cube successfull
[2024-05-20T10:09:36.092] [INFO] default - get product-detail Rubik's 3x3 successfull
[2024-05-20T10:09:36.104] [INFO] default - get product-detail Rubik’s Apprentice 2x2 successfull
[2024-05-20T10:16:04.391] [INFO] default - GET DEVICE LIST SUCCESSFULLY FOR USER helloman123
[2024-05-20T10:16:08.541] [INFO] default - GET DEVICE LIST SUCCESSFULLY FOR USER helloman123
[2024-05-20T10:16:09.158] [INFO] default - GET DEVICE LIST SUCCESSFULLY FOR USER helloman123
[2024-05-20T10:16:09.296] [INFO] default - GET DEVICE LIST SUCCESSFULLY FOR USER helloman123
[2024-05-20T10:16:09.445] [INFO] default - GET DEVICE LIST SUCCESSFULLY FOR USER helloman123
[2024-05-20T10:16:09.591] [INFO] default - GET DEVICE LIST SUCCESSFULLY FOR USER helloman123
[2024-05-20T10:16:09.818] [INFO] default - GET DEVICE LIST SUCCESSFULLY FOR USER helloman123
[2024-05-20T10:18:10.176] [INFO] default - get Rubik successful
[2024-05-20T10:18:11.455] [INFO] default - Access about page successful
[2024-05-20T10:18:12.590] [INFO] default - get Rubik successful
[2024-05-20T10:18:17.936] [INFO] default - Access about page successful
[2024-05-20T10:18:18.584] [INFO] default - get product-detail Rubik's Coach Cube successfull
[2024-05-20T10:18:18.603] [INFO] default - get product-detail Rubik's 3x3 successfull
[2024-05-20T10:18:18.615] [INFO] default - get product-detail Rubik’s Apprentice 2x2 successfull
[2024-05-20T10:18:21.307] [INFO] default - Access about page successful
[2024-05-20T10:18:22.353] [INFO] default - get product-detail Rubik's Coach Cube successfull
[2024-05-20T10:18:22.373] [INFO] default - get product-detail Rubik's 3x3 successfull
[2024-05-20T10:18:22.385] [INFO] default - get product-detail Rubik’s Apprentice 2x2 successfull
[2024-05-20T10:18:23.193] [INFO] default - get Rubik successful
[2024-05-20T10:18:24.895] [INFO] default - get product-detail Rubik's Coach Cube successfull
[2024-05-20T10:18:56.739] [INFO] default - get product-detail Rubik's Coach Cube successfull
[2024-05-20T10:19:04.013] [INFO] default - get product-detail Rubik's Coach Cube successfull
[2024-05-20T10:19:04.034] [INFO] default - get product-detail Rubik's 3x3 successfull
[2024-05-20T10:19:04.043] [INFO] default - get product-detail Rubik’s Apprentice 2x2 successfull
[2024-05-20T10:19:05.755] [INFO] default - GET DEVICE LIST SUCCESSFULLY FOR USER helloman123
[2024-05-20T10:19:09.854] [INFO] default - get product-detail Rubik's Coach Cube successfull
[2024-05-20T10:19:09.870] [INFO] default - get product-detail Rubik's 3x3 successfull
[2024-05-20T10:19:09.879] [INFO] default - get product-detail Rubik’s Apprentice 2x2 successfull
[2024-05-20T10:19:10.492] [INFO] default - GET DEVICE LIST SUCCESSFULLY FOR USER helloman123
[2024-05-20T10:19:13.860] [INFO] default - Access about page successful
[2024-05-20T10:19:18.344] [INFO] default - GET DEVICE LIST SUCCESSFULLY FOR USER helloman123
[2024-05-20T10:19:22.757] [INFO] default - GET DEVICE LIST SUCCESSFULLY FOR USER helloman123
[2024-05-20T10:22:32.415] [INFO] default - get product-detail Rubik's Coach Cube successfull
[2024-05-20T10:22:32.425] [INFO] default - get product-detail Rubik's 3x3 successfull
[2024-05-20T10:22:32.436] [INFO] default - get product-detail Rubik’s Apprentice 2x2 successfull
[2024-05-20T10:22:32.972] [INFO] default - GET DEVICE LIST SUCCESSFULLY FOR USER helloman123
[2024-05-20T10:23:19.372] [INFO] default - GET DEVICE LIST SUCCESSFULLY FOR USER helloman123
[2024-05-20T10:23:38.416] [INFO] default - GET DEVICE LIST SUCCESSFULLY FOR USER helloman123
[2024-05-20T10:23:41.821] [INFO] default - GET DEVICE LIST SUCCESSFULLY FOR USER helloman123
[2024-05-20T10:24:47.328] [INFO] default - GET DEVICE LIST SUCCESSFULLY FOR USER helloman123
[2024-05-20T10:25:45.273] [INFO] default - GET DEVICE LIST SUCCESSFULLY FOR USER helloman123
[2024-05-20T10:26:05.350] [INFO] default - GET DEVICE LIST SUCCESSFULLY FOR USER helloman123
[2024-05-20T10:26:27.164] [INFO] default - GET DEVICE LIST SUCCESSFULLY FOR USER helloman123
[2024-05-20T10:27:37.364] [INFO] default - GET DEVICE LIST SUCCESSFULLY FOR USER helloman123
[2024-05-20T10:27:38.884] [INFO] default - GET DEVICE LIST SUCCESSFULLY FOR USER helloman123
[2024-05-20T10:27:46.270] [INFO] default - GET DEVICE LIST SUCCESSFULLY FOR USER helloman123
[2024-05-20T10:27:59.422] [INFO] default - GET DEVICE LIST SUCCESSFULLY FOR USER helloman123
[2024-05-20T10:28:24.078] [INFO] default - GET DEVICE LIST SUCCESSFULLY FOR USER helloman123
[2024-05-20T10:29:08.360] [INFO] default - GET DEVICE LIST SUCCESSFULLY FOR USER helloman123
[2024-05-20T10:29:31.339] [INFO] default - GET DEVICE LIST SUCCESSFULLY FOR USER helloman123
[2024-05-20T10:29:37.751] [INFO] default - GET DEVICE LIST SUCCESSFULLY FOR USER helloman123
[2024-05-20T10:29:42.990] [INFO] default - GET DEVICE LIST SUCCESSFULLY FOR USER helloman123
[2024-05-20T10:29:47.310] [INFO] default - GET DEVICE LIST SUCCESSFULLY FOR USER helloman123
[2024-05-20T10:29:58.132] [INFO] default - GET DEVICE LIST SUCCESSFULLY FOR USER helloman123
[2024-05-20T10:31:54.424] [INFO] default - GET DEVICE LIST SUCCESSFULLY FOR USER helloman123
[2024-05-20T10:32:57.393] [INFO] default - GET DEVICE LIST SUCCESSFULLY FOR USER helloman123
[2024-05-20T10:34:24.388] [INFO] default - GET DEVICE LIST SUCCESSFULLY FOR USER helloman123
[2024-05-20T10:35:59.411] [INFO] default - GET DEVICE LIST SUCCESSFULLY FOR USER helloman123
[2024-05-20T10:36:35.400] [INFO] default - GET DEVICE LIST SUCCESSFULLY FOR USER helloman123
[2024-05-20T10:36:51.660] [INFO] default - GET DEVICE LIST SUCCESSFULLY FOR USER helloman123
[2024-05-20T10:37:16.139] [INFO] default - GET DEVICE LIST SUCCESSFULLY FOR USER helloman123
[2024-05-20T10:37:23.347] [INFO] default - GET DEVICE LIST SUCCESSFULLY FOR USER helloman123
[2024-05-20T10:38:32.992] [INFO] default - GET DEVICE LIST SUCCESSFULLY FOR USER helloman123
[2024-05-20T10:38:44.575] [INFO] default - GET DEVICE LIST SUCCESSFULLY FOR USER helloman123
[2024-05-20T10:39:15.558] [INFO] default - GET DEVICE LIST SUCCESSFULLY FOR USER helloman123
[2024-05-20T10:39:24.025] [INFO] default - GET DEVICE LIST SUCCESSFULLY FOR USER helloman123
[2024-05-20T10:40:38.375] [INFO] default - GET DEVICE LIST SUCCESSFULLY FOR USER helloman123
[2024-05-20T10:40:45.535] [INFO] default - GET DEVICE LIST SUCCESSFULLY FOR USER helloman123
[2024-05-20T10:40:48.023] [INFO] default - GET DEVICE LIST SUCCESSFULLY FOR USER helloman123
[2024-05-20T10:40:48.171] [INFO] default - GET DEVICE LIST SUCCESSFULLY FOR USER helloman123
[2024-05-20T10:40:48.314] [INFO] default - GET DEVICE LIST SUCCESSFULLY FOR USER helloman123
[2024-05-20T10:48:06.400] [INFO] default - GET DEVICE LIST SUCCESSFULLY FOR USER helloman123
[2024-05-20T10:48:10.308] [INFO] default - GET DEVICE LIST SUCCESSFULLY FOR USER helloman123
[2024-05-20T10:48:10.878] [INFO] default - GET DEVICE LIST SUCCESSFULLY FOR USER helloman123
[2024-05-20T10:48:11.040] [INFO] default - GET DEVICE LIST SUCCESSFULLY FOR USER helloman123
[2024-05-20T10:48:15.943] [INFO] default - GET DEVICE LIST SUCCESSFULLY FOR USER helloman123
[2024-05-20T10:49:35.052] [INFO] default - GET DEVICE LIST SUCCESSFULLY FOR USER helloman123
[2024-05-20T10:49:35.734] [INFO] default - GET DEVICE LIST SUCCESSFULLY FOR USER helloman123
[2024-05-20T10:49:52.335] [INFO] default - GET DEVICE LIST SUCCESSFULLY FOR USER helloman123
[2024-05-20T10:52:57.889] [INFO] default - GET DEVICE LIST SUCCESSFULLY FOR USER helloman123
[2024-05-20T10:52:59.168] [INFO] default - GET DEVICE LIST SUCCESSFULLY FOR USER helloman123
[2024-05-20T10:53:03.924] [INFO] default - Access about page successful
[2024-05-20T10:53:46.365] [INFO] default - get product-detail Rubik's Coach Cube successfull
[2024-05-20T10:53:46.373] [INFO] default - get product-detail Rubik's 3x3 successfull
[2024-05-20T10:53:46.384] [INFO] default - get product-detail Rubik’s Apprentice 2x2 successfull
[2024-05-20T10:53:47.318] [INFO] default - GET DEVICE LIST SUCCESSFULLY FOR USER helloman123
[2024-05-20T10:54:02.454] [INFO] default - get product-detail Rubik's Coach Cube successfull
[2024-05-20T10:54:02.479] [INFO] default - get product-detail Rubik's 3x3 successfull
[2024-05-20T10:54:02.489] [INFO] default - get product-detail Rubik’s Apprentice 2x2 successfull
[2024-05-20T10:54:03.237] [INFO] default - GET DEVICE LIST SUCCESSFULLY FOR USER helloman123
[2024-05-20T10:54:36.425] [INFO] default - GET DEVICE LIST SUCCESSFULLY FOR USER helloman123
[2024-05-20T10:54:43.461] [INFO] default - get product-detail Rubik's Coach Cube successfull
[2024-05-20T10:54:43.486] [INFO] default - get product-detail Rubik's 3x3 successfull
[2024-05-20T10:54:43.500] [INFO] default - get product-detail Rubik’s Apprentice 2x2 successfull
[2024-05-20T10:54:45.192] [INFO] default - GET DEVICE LIST SUCCESSFULLY FOR USER helloman123
