[2024-05-30T14:16:25.783] [ERROR] default - MQTT INIT FAILED:Connection error: 
[2024-05-30T14:44:06.386] [ERROR] default - MQTT INIT FAILED:Connection error: 
[2024-05-30T14:46:00.147] [ERROR] default - MQTT INIT FAILED:Connection error: 
[2024-05-30T17:00:30.417] [INFO] default - Access about page successful
[2024-05-30T17:00:31.931] [INFO] default - get product-detail Rubik's Coach Cube successfull
[2024-05-30T17:00:31.967] [INFO] default - get product-detail Rubik's 3x3 successfull
[2024-05-30T17:00:31.992] [INFO] default - get product-detail Rubik’s Apprentice 2x2 successfull
[2024-05-30T17:00:33.814] [INFO] default - GET DEVICE LIST SUCCESSFULLY FOR USER helloman123
[2024-05-30T17:07:23.155] [INFO] default - GET DEVICE LIST SUCCESSFULLY FOR USER helloman123
[2024-05-30T17:07:23.964] [INFO] default - get product-detail Rubik's Coach Cube successfull
[2024-05-30T17:07:24.220] [INFO] default - get product-detail Rubik's 3x3 successfull
[2024-05-30T17:07:24.241] [INFO] default - get product-detail Rubik’s Apprentice 2x2 successfull
[2024-05-30T17:07:25.240] [INFO] default - GET DEVICE LIST SUCCESSFULLY FOR USER helloman123
[2024-05-30T17:08:12.153] [INFO] default - GET DEVICE LIST SUCCESSFULLY FOR USER helloman123
[2024-05-30T17:08:13.341] [INFO] default - get product-detail Rubik's Coach Cube successfull
[2024-05-30T17:08:13.385] [INFO] default - get product-detail Rubik's 3x3 successfull
[2024-05-30T17:08:13.411] [INFO] default - get product-detail Rubik’s Apprentice 2x2 successfull
[2024-05-30T17:08:14.035] [INFO] default - GET DEVICE LIST SUCCESSFULLY FOR USER helloman123
[2024-05-30T17:28:54.340] [INFO] default - Access about page successful
[2024-05-30T17:28:55.780] [INFO] default - get product-detail Rubik's Coach Cube successfull
[2024-05-30T17:28:55.831] [INFO] default - get product-detail Rubik's 3x3 successfull
[2024-05-30T17:28:55.857] [INFO] default - get product-detail Rubik’s Apprentice 2x2 successfull
[2024-05-30T17:28:56.565] [INFO] default - GET DEVICE LIST SUCCESSFULLY FOR USER helloman123
[2024-05-30T17:29:59.882] [INFO] default - Access about page successful
[2024-05-30T17:30:01.293] [INFO] default - get product-detail Rubik's Coach Cube successfull
[2024-05-30T17:30:01.341] [INFO] default - get product-detail Rubik's 3x3 successfull
[2024-05-30T17:30:01.364] [INFO] default - get product-detail Rubik’s Apprentice 2x2 successfull
[2024-05-30T17:30:01.990] [INFO] default - GET DEVICE LIST SUCCESSFULLY FOR USER helloman123
[2024-05-30T18:24:13.479] [INFO] default - Access about page successful
[2024-05-30T18:24:15.067] [INFO] default - get product-detail Rubik's Coach Cube successfull
[2024-05-30T18:24:15.136] [INFO] default - get product-detail Rubik's 3x3 successfull
[2024-05-30T18:24:15.168] [INFO] default - get product-detail Rubik’s Apprentice 2x2 successfull
[2024-05-30T18:24:15.978] [INFO] default - GET DEVICE LIST SUCCESSFULLY FOR USER helloman123
[2024-05-30T18:25:19.883] [INFO] default - Access about page successful
[2024-05-30T18:25:21.092] [INFO] default - get product-detail Rubik's Coach Cube successfull
[2024-05-30T18:25:21.127] [INFO] default - get product-detail Rubik's 3x3 successfull
[2024-05-30T18:25:21.153] [INFO] default - get product-detail Rubik’s Apprentice 2x2 successfull
[2024-05-30T18:25:21.969] [INFO] default - GET DEVICE LIST SUCCESSFULLY FOR USER helloman123
[2024-05-30T18:26:17.939] [INFO] default - GET DEVICE LIST SUCCESSFULLY FOR USER helloman123
[2024-05-30T18:26:18.723] [INFO] default - get product-detail Rubik's Coach Cube successfull
[2024-05-30T18:26:18.810] [INFO] default - get product-detail Rubik's 3x3 successfull
[2024-05-30T18:26:18.826] [INFO] default - get product-detail Rubik’s Apprentice 2x2 successfull
[2024-05-30T18:26:19.877] [INFO] default - GET DEVICE LIST SUCCESSFULLY FOR USER helloman123
[2024-05-30T18:26:40.669] [INFO] default - GET DEVICE LIST SUCCESSFULLY FOR USER helloman123
[2024-05-30T18:26:41.418] [INFO] default - get product-detail Rubik's Coach Cube successfull
[2024-05-30T18:26:41.435] [INFO] default - get product-detail Rubik's 3x3 successfull
[2024-05-30T18:26:41.459] [INFO] default - get product-detail Rubik’s Apprentice 2x2 successfull
[2024-05-30T18:26:42.183] [INFO] default - GET DEVICE LIST SUCCESSFULLY FOR USER helloman123
[2024-05-30T18:27:27.501] [INFO] default - Access about page successful
[2024-05-30T18:27:29.183] [INFO] default - get product-detail Rubik's Coach Cube successfull
[2024-05-30T18:27:29.271] [INFO] default - get product-detail Rubik's 3x3 successfull
[2024-05-30T18:27:29.295] [INFO] default - get product-detail Rubik’s Apprentice 2x2 successfull
[2024-05-30T18:27:29.918] [INFO] default - GET DEVICE LIST SUCCESSFULLY FOR USER helloman123
[2024-05-30T18:31:53.942] [INFO] default - Access about page successful
[2024-05-30T18:31:55.463] [INFO] default - get product-detail Rubik's Coach Cube successfull
[2024-05-30T18:31:55.532] [INFO] default - get product-detail Rubik's 3x3 successfull
[2024-05-30T18:31:55.565] [INFO] default - get product-detail Rubik’s Apprentice 2x2 successfull
[2024-05-30T18:31:56.268] [INFO] default - GET DEVICE LIST SUCCESSFULLY FOR USER helloman123
[2024-05-30T18:34:41.200] [INFO] default - GET DEVICE LIST SUCCESSFULLY FOR USER helloman123
[2024-05-30T18:34:42.138] [INFO] default - get product-detail Rubik's Coach Cube successfull
[2024-05-30T18:34:42.196] [INFO] default - get product-detail Rubik's 3x3 successfull
[2024-05-30T18:34:42.215] [INFO] default - get product-detail Rubik’s Apprentice 2x2 successfull
[2024-05-30T18:34:42.749] [INFO] default - GET DEVICE LIST SUCCESSFULLY FOR USER helloman123
[2024-05-30T18:35:08.421] [INFO] default - GET DEVICE LIST SUCCESSFULLY FOR USER helloman123
[2024-05-30T18:35:08.731] [INFO] default - get product-detail Rubik's Coach Cube successfull
[2024-05-30T18:35:08.744] [INFO] default - get product-detail Rubik's 3x3 successfull
[2024-05-30T18:35:08.758] [INFO] default - get product-detail Rubik’s Apprentice 2x2 successfull
[2024-05-30T18:35:09.720] [INFO] default - GET DEVICE LIST SUCCESSFULLY FOR USER helloman123
[2024-05-30T18:40:57.579] [INFO] default - GET DEVICE LIST SUCCESSFULLY FOR USER helloman123
[2024-05-30T18:40:58.194] [INFO] default - get product-detail Rubik's Coach Cube successfull
[2024-05-30T18:40:58.225] [INFO] default - get product-detail Rubik's 3x3 successfull
[2024-05-30T18:40:58.240] [INFO] default - get product-detail Rubik’s Apprentice 2x2 successfull
[2024-05-30T18:40:58.968] [INFO] default - GET DEVICE LIST SUCCESSFULLY FOR USER helloman123
[2024-05-30T18:41:27.437] [INFO] default - GET DEVICE LIST SUCCESSFULLY FOR USER helloman123
[2024-05-30T18:41:28.791] [INFO] default - get product-detail Rubik's Coach Cube successfull
[2024-05-30T18:41:28.839] [INFO] default - get product-detail Rubik's 3x3 successfull
[2024-05-30T18:41:28.866] [INFO] default - get product-detail Rubik’s Apprentice 2x2 successfull
[2024-05-30T18:41:29.750] [INFO] default - GET DEVICE LIST SUCCESSFULLY FOR USER helloman123
[2024-05-30T19:12:25.018] [INFO] default - GET DEVICE LIST SUCCESSFULLY FOR USER helloman123
[2024-05-30T19:29:53.924] [INFO] default - GET DEVICE LIST SUCCESSFULLY FOR USER helloman123
[2024-05-30T19:30:48.952] [INFO] default - GET DEVICE LIST SUCCESSFULLY FOR USER helloman123
[2024-05-30T19:43:38.779] [INFO] default - Access about page successful
[2024-05-30T19:43:41.134] [INFO] default - get product-detail Rubik's Coach Cube successfull
[2024-05-30T19:43:41.153] [INFO] default - get product-detail Rubik's 3x3 successfull
[2024-05-30T19:43:41.203] [INFO] default - get product-detail Rubik’s Apprentice 2x2 successfull
[2024-05-30T19:43:41.784] [INFO] default - GET DEVICE LIST SUCCESSFULLY FOR USER helloman123
[2024-05-30T19:48:15.040] [INFO] default - GET DEVICE LIST SUCCESSFULLY FOR USER helloman123
[2024-05-30T19:49:03.810] [INFO] default - GET DEVICE LIST SUCCESSFULLY FOR USER helloman123
[2024-05-30T19:49:36.963] [INFO] default - GET DEVICE LIST SUCCESSFULLY FOR USER helloman123
[2024-05-30T19:50:42.986] [INFO] default - GET DEVICE LIST SUCCESSFULLY FOR USER helloman123
[2024-05-30T19:55:49.991] [INFO] default - GET DEVICE LIST SUCCESSFULLY FOR USER helloman123
[2024-05-30T21:55:01.566] [INFO] default - Access about page successful
[2024-05-30T21:55:07.345] [INFO] default - get product-detail Rubik's Coach Cube successfull
[2024-05-30T21:55:07.400] [INFO] default - get product-detail Rubik's 3x3 successfull
[2024-05-30T21:55:07.409] [INFO] default - get product-detail Rubik’s Apprentice 2x2 successfull
[2024-05-30T21:55:08.425] [INFO] default - GET DEVICE LIST SUCCESSFULLY FOR USER helloman123
[2024-05-30T21:57:06.233] [INFO] default - GET DEVICE LIST SUCCESSFULLY FOR USER helloman123
[2024-05-30T21:57:39.819] [INFO] default - GET DEVICE LIST SUCCESSFULLY FOR USER helloman123
[2024-05-30T21:59:04.160] [INFO] default - GET DEVICE LIST SUCCESSFULLY FOR USER helloman123
[2024-05-30T22:00:09.307] [INFO] default - GET DEVICE LIST SUCCESSFULLY FOR USER helloman123
[2024-05-30T22:00:31.889] [INFO] default - GET DEVICE LIST SUCCESSFULLY FOR USER helloman123
