[2024-06-28T00:07:54.180] [INFO] default - Update Topic List Successfully.
[2024-06-28T00:19:55.727] [INFO] default - Update Topic List Successfully.
[2024-06-28T00:31:57.263] [INFO] default - Update Topic List Successfully.
[2024-06-28T00:43:58.606] [INFO] default - Update Topic List Successfully.
[2024-06-28T00:55:55.098] [INFO] default - Update Topic List Successfully.
[2024-06-28T01:07:56.527] [INFO] default - Update Topic List Successfully.
[2024-06-28T01:19:58.125] [INFO] default - Update Topic List Successfully.
[2024-06-28T01:31:54.697] [INFO] default - Update Topic List Successfully.
[2024-06-28T01:43:56.176] [INFO] default - Update Topic List Successfully.
[2024-06-28T01:55:57.628] [INFO] default - Update Topic List Successfully.
[2024-06-28T02:07:54.145] [INFO] default - Update Topic List Successfully.
[2024-06-28T02:19:55.525] [INFO] default - Update Topic List Successfully.
[2024-06-28T02:31:57.039] [INFO] default - Update Topic List Successfully.
[2024-06-28T02:43:58.503] [INFO] default - Update Topic List Successfully.
[2024-06-28T02:55:54.942] [INFO] default - Update Topic List Successfully.
[2024-06-28T03:07:56.240] [INFO] default - Update Topic List Successfully.
[2024-06-28T03:19:57.604] [INFO] default - Update Topic List Successfully.
[2024-06-28T03:31:59.031] [INFO] default - Update Topic List Successfully.
[2024-06-28T03:43:55.459] [INFO] default - Update Topic List Successfully.
[2024-06-28T03:55:56.967] [INFO] default - Update Topic List Successfully.
[2024-06-28T04:07:58.703] [INFO] default - Update Topic List Successfully.
[2024-06-28T04:19:55.227] [INFO] default - Update Topic List Successfully.
[2024-06-28T04:31:56.686] [INFO] default - Update Topic List Successfully.
[2024-06-28T04:43:58.265] [INFO] default - Update Topic List Successfully.
[2024-06-28T04:55:54.797] [INFO] default - Update Topic List Successfully.
[2024-06-28T05:07:56.339] [INFO] default - Update Topic List Successfully.
[2024-06-28T05:19:57.736] [INFO] default - Update Topic List Successfully.
[2024-06-28T05:31:54.195] [INFO] default - Update Topic List Successfully.
[2024-06-28T05:43:55.732] [INFO] default - Update Topic List Successfully.
[2024-06-28T05:55:57.118] [INFO] default - Update Topic List Successfully.
[2024-06-28T06:07:58.540] [INFO] default - Update Topic List Successfully.
[2024-06-28T06:19:54.965] [INFO] default - Update Topic List Successfully.
[2024-06-28T06:31:56.414] [INFO] default - Update Topic List Successfully.
[2024-06-28T06:43:57.796] [INFO] default - Update Topic List Successfully.
[2024-06-28T06:55:54.228] [INFO] default - Update Topic List Successfully.
[2024-06-28T07:07:55.685] [INFO] default - Update Topic List Successfully.
[2024-06-28T07:19:57.071] [INFO] default - Update Topic List Successfully.
[2024-06-28T07:31:58.475] [INFO] default - Update Topic List Successfully.
[2024-06-28T07:43:54.974] [INFO] default - Update Topic List Successfully.
[2024-06-28T07:55:56.571] [INFO] default - Update Topic List Successfully.
[2024-06-28T08:07:57.981] [INFO] default - Update Topic List Successfully.
[2024-06-28T08:19:54.390] [INFO] default - Update Topic List Successfully.
[2024-06-28T08:31:55.863] [INFO] default - Update Topic List Successfully.
[2024-06-28T08:43:57.334] [INFO] default - Update Topic List Successfully.
[2024-06-28T08:55:59.037] [INFO] default - Update Topic List Successfully.
[2024-06-28T09:07:55.588] [INFO] default - Update Topic List Successfully.
[2024-06-28T09:19:57.056] [INFO] default - Update Topic List Successfully.
[2024-06-28T09:31:58.914] [INFO] default - Update Topic List Successfully.
[2024-06-28T09:43:55.480] [INFO] default - Update Topic List Successfully.
[2024-06-28T09:55:57.042] [INFO] default - Update Topic List Successfully.
[2024-06-28T10:02:58.446] [INFO] default - Close Log SSE Successfully.
[2024-06-28T10:07:58.522] [INFO] default - Update Topic List Successfully.
[2024-06-28T10:19:56.721] [INFO] default - Update Topic List Successfully.
[2024-06-28T10:31:58.297] [INFO] default - Update Topic List Successfully.
[2024-06-28T10:41:48.778] [INFO] default - Access about page successful
[2024-06-28T10:41:50.037] [INFO] default - get product-detail Rubik's Coach Cube successfull
[2024-06-28T10:41:50.058] [INFO] default - get product-detail Rubik's 3x3 successfull
[2024-06-28T10:41:50.072] [INFO] default - get product-detail Rubik’s Apprentice 2x2 successfull
[2024-06-28T10:41:51.169] [INFO] default - GET DEVICE LIST SUCCESSFULLY FOR USER helloman123
[2024-06-28T10:43:59.943] [INFO] default - Update Topic List Successfully.
[2024-06-28T10:55:56.483] [INFO] default - Update Topic List Successfully.
