[2024-05-15T11:51:19.147] [ERROR] default - MQTT INIT FAILED:Connection error: 
[2024-05-15T11:51:49.307] [ERROR] default - MQTT INIT FAILED:Connection error: 
[2024-05-15T12:00:04.913] [ERROR] default - MQTT INIT FAILED:Connection error: 
[2024-05-15T13:47:11.086] [ERROR] default - MQTT INIT FAILED:Connection error: 
[2024-05-15T13:49:01.077] [ERROR] default - MQTT CONNECT FAILED:Connection error: 
[2024-05-15T13:49:08.896] [ERROR] default - MQTT CONNECT FAILED:Connection error: 
[2024-05-15T13:50:22.747] [INFO] default - Access about page successful
[2024-05-15T13:50:48.199] [ERROR] default - MQTT CONNECT FAILED:Connection error: 
[2024-05-15T13:53:50.583] [INFO] default - Access about page successful
[2024-05-15T13:54:14.195] [ERROR] default - MQTT CONNECT FAILED:Connection error: 
[2024-05-15T14:05:12.652] [INFO] default - Access about page successful
[2024-05-15T14:16:51.874] [INFO] default - Access about page successful
[2024-05-15T14:17:06.676] [INFO] default - Access about page successful
[2024-05-15T14:17:13.283] [INFO] default - GET DEVICE LIST SUCCESSFULLY FOR USER helloman123
[2024-05-15T14:17:15.871] [INFO] default - GET DEVICE LIST SUCCESSFULLY FOR USER helloman123
[2024-05-15T14:17:16.434] [INFO] default - GET DEVICE LIST SUCCESSFULLY FOR USER helloman123
[2024-05-15T14:17:16.769] [INFO] default - GET DEVICE LIST SUCCESSFULLY FOR USER helloman123
[2024-05-15T14:17:17.018] [INFO] default - GET DEVICE LIST SUCCESSFULLY FOR USER helloman123
[2024-05-15T14:17:17.252] [INFO] default - GET DEVICE LIST SUCCESSFULLY FOR USER helloman123
[2024-05-15T14:17:17.451] [INFO] default - GET DEVICE LIST SUCCESSFULLY FOR USER helloman123
[2024-05-15T14:17:17.646] [INFO] default - GET DEVICE LIST SUCCESSFULLY FOR USER helloman123
[2024-05-15T14:17:17.825] [INFO] default - GET DEVICE LIST SUCCESSFULLY FOR USER helloman123
[2024-05-15T14:17:18.002] [INFO] default - GET DEVICE LIST SUCCESSFULLY FOR USER helloman123
[2024-05-15T14:17:18.178] [INFO] default - GET DEVICE LIST SUCCESSFULLY FOR USER helloman123
[2024-05-15T14:17:18.383] [INFO] default - GET DEVICE LIST SUCCESSFULLY FOR USER helloman123
[2024-05-15T14:17:18.547] [INFO] default - GET DEVICE LIST SUCCESSFULLY FOR USER helloman123
[2024-05-15T14:17:18.710] [INFO] default - GET DEVICE LIST SUCCESSFULLY FOR USER helloman123
[2024-05-15T14:17:18.867] [INFO] default - GET DEVICE LIST SUCCESSFULLY FOR USER helloman123
[2024-05-15T14:17:19.043] [INFO] default - GET DEVICE LIST SUCCESSFULLY FOR USER helloman123
[2024-05-15T14:17:19.248] [INFO] default - GET DEVICE LIST SUCCESSFULLY FOR USER helloman123
[2024-05-15T14:17:19.415] [INFO] default - GET DEVICE LIST SUCCESSFULLY FOR USER helloman123
[2024-05-15T14:17:19.583] [INFO] default - GET DEVICE LIST SUCCESSFULLY FOR USER helloman123
[2024-05-15T14:17:19.747] [INFO] default - GET DEVICE LIST SUCCESSFULLY FOR USER helloman123
[2024-05-15T14:17:19.950] [INFO] default - GET DEVICE LIST SUCCESSFULLY FOR USER helloman123
[2024-05-15T14:17:21.764] [INFO] default - GET DEVICE LIST SUCCESSFULLY FOR USER helloman123
[2024-05-15T14:17:22.122] [INFO] default - GET DEVICE LIST SUCCESSFULLY FOR USER helloman123
[2024-05-15T14:17:22.383] [INFO] default - GET DEVICE LIST SUCCESSFULLY FOR USER helloman123
[2024-05-15T14:17:22.650] [INFO] default - GET DEVICE LIST SUCCESSFULLY FOR USER helloman123
[2024-05-15T14:17:22.904] [INFO] default - GET DEVICE LIST SUCCESSFULLY FOR USER helloman123
[2024-05-15T14:17:23.160] [INFO] default - GET DEVICE LIST SUCCESSFULLY FOR USER helloman123
[2024-05-15T14:17:23.425] [INFO] default - GET DEVICE LIST SUCCESSFULLY FOR USER helloman123
[2024-05-15T14:17:23.677] [INFO] default - GET DEVICE LIST SUCCESSFULLY FOR USER helloman123
[2024-05-15T14:17:23.897] [INFO] default - GET DEVICE LIST SUCCESSFULLY FOR USER helloman123
[2024-05-15T14:17:24.077] [INFO] default - GET DEVICE LIST SUCCESSFULLY FOR USER helloman123
[2024-05-15T14:17:24.253] [INFO] default - GET DEVICE LIST SUCCESSFULLY FOR USER helloman123
[2024-05-15T14:17:24.408] [INFO] default - GET DEVICE LIST SUCCESSFULLY FOR USER helloman123
[2024-05-15T14:17:24.552] [INFO] default - GET DEVICE LIST SUCCESSFULLY FOR USER helloman123
[2024-05-15T14:17:24.711] [INFO] default - GET DEVICE LIST SUCCESSFULLY FOR USER helloman123
[2024-05-15T14:17:24.868] [INFO] default - GET DEVICE LIST SUCCESSFULLY FOR USER helloman123
[2024-05-15T14:17:25.941] [INFO] default - get Rubik successful
[2024-05-15T14:17:26.874] [INFO] default - GET DEVICE LIST SUCCESSFULLY FOR USER helloman123
[2024-05-15T14:18:07.009] [INFO] default - GET DEVICE LIST SUCCESSFULLY FOR USER helloman123
[2024-05-15T14:18:21.851] [INFO] default - Access about page successful
[2024-05-15T14:18:29.524] [INFO] default - GET DEVICE LIST SUCCESSFULLY FOR USER helloman123
[2024-05-15T14:19:23.706] [INFO] default - Access about page successful
[2024-05-15T14:19:30.932] [INFO] default - GET DEVICE LIST SUCCESSFULLY FOR USER helloman123
[2024-05-15T14:19:46.087] [INFO] default - GET DEVICE LIST SUCCESSFULLY FOR USER helloman123
[2024-05-15T14:19:51.268] [INFO] default - GET DEVICE LIST SUCCESSFULLY FOR USER helloman123
[2024-05-15T14:19:51.691] [INFO] default - GET DEVICE LIST SUCCESSFULLY FOR USER helloman123
[2024-05-15T14:19:51.888] [INFO] default - GET DEVICE LIST SUCCESSFULLY FOR USER helloman123
[2024-05-15T14:19:52.088] [INFO] default - GET DEVICE LIST SUCCESSFULLY FOR USER helloman123
[2024-05-15T14:19:52.286] [INFO] default - GET DEVICE LIST SUCCESSFULLY FOR USER helloman123
[2024-05-15T14:19:52.450] [INFO] default - GET DEVICE LIST SUCCESSFULLY FOR USER helloman123
[2024-05-15T14:19:52.619] [INFO] default - GET DEVICE LIST SUCCESSFULLY FOR USER helloman123
[2024-05-15T14:19:52.804] [INFO] default - GET DEVICE LIST SUCCESSFULLY FOR USER helloman123
[2024-05-15T14:19:53.200] [INFO] default - GET DEVICE LIST SUCCESSFULLY FOR USER helloman123
[2024-05-15T14:19:53.583] [INFO] default - GET DEVICE LIST SUCCESSFULLY FOR USER helloman123
[2024-05-15T14:19:53.938] [INFO] default - GET DEVICE LIST SUCCESSFULLY FOR USER helloman123
[2024-05-15T14:19:54.119] [INFO] default - GET DEVICE LIST SUCCESSFULLY FOR USER helloman123
[2024-05-15T14:19:54.286] [INFO] default - GET DEVICE LIST SUCCESSFULLY FOR USER helloman123
[2024-05-15T14:19:54.435] [INFO] default - GET DEVICE LIST SUCCESSFULLY FOR USER helloman123
[2024-05-15T14:19:54.600] [INFO] default - GET DEVICE LIST SUCCESSFULLY FOR USER helloman123
[2024-05-15T14:19:56.870] [INFO] default - GET DEVICE LIST SUCCESSFULLY FOR USER helloman123
[2024-05-15T14:19:57.000] [INFO] default - GET DEVICE LIST SUCCESSFULLY FOR USER helloman123
[2024-05-15T14:19:57.182] [INFO] default - GET DEVICE LIST SUCCESSFULLY FOR USER helloman123
[2024-05-15T14:19:57.326] [INFO] default - GET DEVICE LIST SUCCESSFULLY FOR USER helloman123
[2024-05-15T14:19:57.475] [INFO] default - GET DEVICE LIST SUCCESSFULLY FOR USER helloman123
[2024-05-15T14:19:57.734] [INFO] default - GET DEVICE LIST SUCCESSFULLY FOR USER helloman123
[2024-05-15T14:21:00.503] [INFO] default - GET DEVICE LIST SUCCESSFULLY FOR USER helloman123
[2024-05-15T14:21:07.258] [INFO] default - GET DEVICE LIST SUCCESSFULLY FOR USER helloman123
[2024-05-15T14:21:07.761] [INFO] default - GET DEVICE LIST SUCCESSFULLY FOR USER helloman123
[2024-05-15T14:21:07.912] [INFO] default - GET DEVICE LIST SUCCESSFULLY FOR USER helloman123
[2024-05-15T14:21:08.064] [INFO] default - GET DEVICE LIST SUCCESSFULLY FOR USER helloman123
[2024-05-15T14:21:19.873] [INFO] default - GET DEVICE LIST SUCCESSFULLY FOR USER helloman123
[2024-05-15T14:21:20.382] [INFO] default - GET DEVICE LIST SUCCESSFULLY FOR USER helloman123
[2024-05-15T14:21:20.529] [INFO] default - GET DEVICE LIST SUCCESSFULLY FOR USER helloman123
[2024-05-15T14:21:20.676] [INFO] default - GET DEVICE LIST SUCCESSFULLY FOR USER helloman123
[2024-05-15T14:21:20.825] [INFO] default - GET DEVICE LIST SUCCESSFULLY FOR USER helloman123
[2024-05-15T14:21:20.966] [INFO] default - GET DEVICE LIST SUCCESSFULLY FOR USER helloman123
[2024-05-15T14:21:21.111] [INFO] default - GET DEVICE LIST SUCCESSFULLY FOR USER helloman123
[2024-05-15T14:21:21.249] [INFO] default - GET DEVICE LIST SUCCESSFULLY FOR USER helloman123
[2024-05-15T14:21:21.388] [INFO] default - GET DEVICE LIST SUCCESSFULLY FOR USER helloman123
[2024-05-15T14:21:21.549] [INFO] default - GET DEVICE LIST SUCCESSFULLY FOR USER helloman123
[2024-05-15T14:21:21.894] [INFO] default - GET DEVICE LIST SUCCESSFULLY FOR USER helloman123
[2024-05-15T14:21:22.064] [INFO] default - GET DEVICE LIST SUCCESSFULLY FOR USER helloman123
[2024-05-15T14:22:04.900] [INFO] default - GET DEVICE LIST SUCCESSFULLY FOR USER helloman123
[2024-05-15T14:22:05.314] [INFO] default - GET DEVICE LIST SUCCESSFULLY FOR USER helloman123
[2024-05-15T14:22:05.465] [INFO] default - GET DEVICE LIST SUCCESSFULLY FOR USER helloman123
[2024-05-15T14:22:05.615] [INFO] default - GET DEVICE LIST SUCCESSFULLY FOR USER helloman123
[2024-05-15T14:22:05.771] [INFO] default - GET DEVICE LIST SUCCESSFULLY FOR USER helloman123
[2024-05-15T14:22:05.917] [INFO] default - GET DEVICE LIST SUCCESSFULLY FOR USER helloman123
[2024-05-15T14:22:06.068] [INFO] default - GET DEVICE LIST SUCCESSFULLY FOR USER helloman123
[2024-05-15T14:22:06.221] [INFO] default - GET DEVICE LIST SUCCESSFULLY FOR USER helloman123
[2024-05-15T14:22:06.376] [INFO] default - GET DEVICE LIST SUCCESSFULLY FOR USER helloman123
[2024-05-15T14:22:06.541] [INFO] default - GET DEVICE LIST SUCCESSFULLY FOR USER helloman123
[2024-05-15T14:22:06.710] [INFO] default - GET DEVICE LIST SUCCESSFULLY FOR USER helloman123
[2024-05-15T14:22:06.860] [INFO] default - GET DEVICE LIST SUCCESSFULLY FOR USER helloman123
[2024-05-15T14:22:07.012] [INFO] default - GET DEVICE LIST SUCCESSFULLY FOR USER helloman123
[2024-05-15T14:23:20.108] [INFO] default - Access about page successful
[2024-05-15T14:23:21.749] [INFO] default - GET DEVICE LIST SUCCESSFULLY FOR USER helloman123
[2024-05-15T14:23:23.606] [INFO] default - GET DEVICE LIST SUCCESSFULLY FOR USER helloman123
[2024-05-15T14:23:24.111] [INFO] default - GET DEVICE LIST SUCCESSFULLY FOR USER helloman123
[2024-05-15T14:23:24.322] [INFO] default - GET DEVICE LIST SUCCESSFULLY FOR USER helloman123
[2024-05-15T14:23:24.476] [INFO] default - GET DEVICE LIST SUCCESSFULLY FOR USER helloman123
[2024-05-15T14:23:24.629] [INFO] default - GET DEVICE LIST SUCCESSFULLY FOR USER helloman123
[2024-05-15T14:23:24.796] [INFO] default - GET DEVICE LIST SUCCESSFULLY FOR USER helloman123
[2024-05-15T14:23:24.967] [INFO] default - GET DEVICE LIST SUCCESSFULLY FOR USER helloman123
[2024-05-15T14:23:25.133] [INFO] default - GET DEVICE LIST SUCCESSFULLY FOR USER helloman123
[2024-05-15T14:23:25.289] [INFO] default - GET DEVICE LIST SUCCESSFULLY FOR USER helloman123
[2024-05-15T14:23:25.446] [INFO] default - GET DEVICE LIST SUCCESSFULLY FOR USER helloman123
[2024-05-15T14:23:25.847] [INFO] default - GET DEVICE LIST SUCCESSFULLY FOR USER helloman123
[2024-05-15T14:23:26.181] [INFO] default - GET DEVICE LIST SUCCESSFULLY FOR USER helloman123
[2024-05-15T14:23:28.728] [INFO] default - Access about page successful
[2024-05-15T14:23:29.802] [INFO] default - GET DEVICE LIST SUCCESSFULLY FOR USER helloman123
[2024-05-15T14:23:52.861] [INFO] default - GET DEVICE LIST SUCCESSFULLY FOR USER helloman123
[2024-05-15T14:23:55.354] [INFO] default - GET DEVICE LIST SUCCESSFULLY FOR USER helloman123
[2024-05-15T14:23:55.550] [INFO] default - GET DEVICE LIST SUCCESSFULLY FOR USER helloman123
[2024-05-15T14:23:55.689] [INFO] default - GET DEVICE LIST SUCCESSFULLY FOR USER helloman123
[2024-05-15T14:23:55.818] [INFO] default - GET DEVICE LIST SUCCESSFULLY FOR USER helloman123
[2024-05-15T14:23:55.970] [INFO] default - GET DEVICE LIST SUCCESSFULLY FOR USER helloman123
[2024-05-15T14:24:06.888] [INFO] default - GET DEVICE LIST SUCCESSFULLY FOR USER helloman123
[2024-05-15T14:24:07.359] [INFO] default - GET DEVICE LIST SUCCESSFULLY FOR USER helloman123
[2024-05-15T14:24:07.726] [INFO] default - GET DEVICE LIST SUCCESSFULLY FOR USER helloman123
[2024-05-15T14:24:08.219] [INFO] default - GET DEVICE LIST SUCCESSFULLY FOR USER helloman123
[2024-05-15T14:24:08.564] [INFO] default - GET DEVICE LIST SUCCESSFULLY FOR USER helloman123
[2024-05-15T14:24:08.881] [INFO] default - GET DEVICE LIST SUCCESSFULLY FOR USER helloman123
[2024-05-15T14:24:09.181] [INFO] default - GET DEVICE LIST SUCCESSFULLY FOR USER helloman123
[2024-05-15T14:24:09.474] [INFO] default - GET DEVICE LIST SUCCESSFULLY FOR USER helloman123
[2024-05-15T14:24:09.784] [INFO] default - GET DEVICE LIST SUCCESSFULLY FOR USER helloman123
[2024-05-15T14:24:10.071] [INFO] default - GET DEVICE LIST SUCCESSFULLY FOR USER helloman123
[2024-05-15T14:24:10.346] [INFO] default - GET DEVICE LIST SUCCESSFULLY FOR USER helloman123
[2024-05-15T14:24:10.668] [INFO] default - GET DEVICE LIST SUCCESSFULLY FOR USER helloman123
[2024-05-15T14:24:10.980] [INFO] default - GET DEVICE LIST SUCCESSFULLY FOR USER helloman123
[2024-05-15T15:03:11.444] [INFO] default - Access about page successful
[2024-05-15T15:03:11.448] [ERROR] default - MQTT CONNECT FAILED:Cannot subscribe to topic while consumer is running
[2024-05-15T15:03:11.461] [ERROR] default - MQTT CONNECT FAILED:Cannot subscribe to topic while consumer is running
[2024-05-15T15:03:45.779] [INFO] default - GET DEVICE LIST SUCCESSFULLY FOR USER helloman123
[2024-05-15T15:03:47.147] [INFO] default - GET DEVICE LIST SUCCESSFULLY FOR USER helloman123
[2024-05-15T15:03:54.649] [INFO] default - GET DEVICE LIST SUCCESSFULLY FOR USER helloman123
[2024-05-15T15:03:55.315] [INFO] default - GET DEVICE LIST SUCCESSFULLY FOR USER helloman123
[2024-05-15T15:03:55.504] [INFO] default - GET DEVICE LIST SUCCESSFULLY FOR USER helloman123
[2024-05-15T15:03:55.642] [INFO] default - GET DEVICE LIST SUCCESSFULLY FOR USER helloman123
[2024-05-15T15:03:55.780] [INFO] default - GET DEVICE LIST SUCCESSFULLY FOR USER helloman123
[2024-05-15T15:03:55.933] [INFO] default - GET DEVICE LIST SUCCESSFULLY FOR USER helloman123
[2024-05-15T15:42:05.023] [INFO] default - Access about page successful
[2024-05-15T15:42:26.811] [INFO] default - GET DEVICE LIST SUCCESSFULLY FOR USER helloman123
[2024-05-15T15:43:54.720] [INFO] default - Access about page successful
[2024-05-15T15:48:34.600] [INFO] default - Access about page successful
