[2024-05-25T12:23:50.829] [INFO] default - Access about page successful
[2024-05-25T12:23:53.545] [INFO] default - get product-detail Rubik's Coach Cube successfull
[2024-05-25T12:23:53.588] [INFO] default - get product-detail Rubik's 3x3 successfull
[2024-05-25T12:23:53.626] [INFO] default - get product-detail Rubik’s Apprentice 2x2 successfull
[2024-05-25T12:23:54.591] [INFO] default - GET DEVICE LIST SUCCESSFULLY FOR USER helloman123
[2024-05-25T12:29:43.004] [INFO] default - Access about page successful
[2024-05-25T12:29:44.968] [INFO] default - get product-detail Rubik's Coach Cube successfull
[2024-05-25T12:29:45.078] [INFO] default - get product-detail Rubik's 3x3 successfull
[2024-05-25T12:29:45.095] [INFO] default - get product-detail Rubik’s Apprentice 2x2 successfull
[2024-05-25T12:29:45.723] [INFO] default - GET DEVICE LIST SUCCESSFULLY FOR USER helloman123
[2024-05-25T12:30:34.031] [INFO] default - GET DEVICE LIST SUCCESSFULLY FOR USER helloman123
[2024-05-25T12:30:48.455] [INFO] default - Access about page successful
[2024-05-25T12:30:49.834] [INFO] default - get product-detail Rubik's Coach Cube successfull
[2024-05-25T12:30:49.902] [INFO] default - get product-detail Rubik's 3x3 successfull
[2024-05-25T12:30:49.916] [INFO] default - get product-detail Rubik’s Apprentice 2x2 successfull
[2024-05-25T12:30:50.754] [INFO] default - GET DEVICE LIST SUCCESSFULLY FOR USER helloman123
[2024-05-25T12:32:41.533] [INFO] default - Access about page successful
[2024-05-25T12:32:43.576] [INFO] default - get product-detail Rubik's Coach Cube successfull
[2024-05-25T12:32:43.589] [INFO] default - get product-detail Rubik's 3x3 successfull
[2024-05-25T12:32:43.603] [INFO] default - get product-detail Rubik’s Apprentice 2x2 successfull
[2024-05-25T12:32:44.396] [INFO] default - GET DEVICE LIST SUCCESSFULLY FOR USER helloman123
[2024-05-25T12:32:49.624] [INFO] default - get product-detail Rubik's Coach Cube successfull
[2024-05-25T12:32:49.643] [INFO] default - get product-detail Rubik's 3x3 successfull
[2024-05-25T12:32:49.657] [INFO] default - get product-detail Rubik’s Apprentice 2x2 successfull
[2024-05-25T12:32:52.622] [INFO] default - GET DEVICE LIST SUCCESSFULLY FOR USER helloman123
[2024-05-25T12:34:47.553] [INFO] default - Access about page successful
[2024-05-25T12:34:49.205] [INFO] default - get product-detail Rubik's Coach Cube successfull
[2024-05-25T12:34:49.289] [INFO] default - get product-detail Rubik's 3x3 successfull
[2024-05-25T12:34:49.305] [INFO] default - get product-detail Rubik’s Apprentice 2x2 successfull
[2024-05-25T12:34:50.786] [INFO] default - GET DEVICE LIST SUCCESSFULLY FOR USER helloman123
[2024-05-25T12:37:22.278] [INFO] default - Access about page successful
[2024-05-25T12:37:23.866] [INFO] default - get product-detail Rubik's Coach Cube successfull
[2024-05-25T12:37:23.921] [INFO] default - get product-detail Rubik's 3x3 successfull
[2024-05-25T12:37:23.962] [INFO] default - get product-detail Rubik’s Apprentice 2x2 successfull
[2024-05-25T12:37:24.699] [INFO] default - GET DEVICE LIST SUCCESSFULLY FOR USER helloman123
[2024-05-25T12:38:37.590] [INFO] default - Access about page successful
[2024-05-25T12:38:38.994] [INFO] default - get product-detail Rubik's Coach Cube successfull
[2024-05-25T12:38:39.057] [INFO] default - get product-detail Rubik's 3x3 successfull
[2024-05-25T12:38:39.095] [INFO] default - get product-detail Rubik’s Apprentice 2x2 successfull
[2024-05-25T12:38:39.840] [INFO] default - GET DEVICE LIST SUCCESSFULLY FOR USER helloman123
[2024-05-25T12:39:55.392] [INFO] default - GET DEVICE LIST SUCCESSFULLY FOR USER helloman123
[2024-05-25T12:39:58.304] [INFO] default - GET DEVICE LIST SUCCESSFULLY FOR USER helloman123
[2024-05-25T12:40:03.728] [INFO] default - get product-detail Rubik's Coach Cube successfull
[2024-05-25T12:40:03.804] [INFO] default - get product-detail Rubik's 3x3 successfull
[2024-05-25T12:40:03.823] [INFO] default - get product-detail Rubik’s Apprentice 2x2 successfull
[2024-05-25T12:40:04.656] [INFO] default - GET DEVICE LIST SUCCESSFULLY FOR USER helloman123
[2024-05-25T12:40:26.869] [INFO] default - GET DEVICE LIST SUCCESSFULLY FOR USER helloman123
[2024-05-25T12:40:28.717] [INFO] default - GET DEVICE LIST SUCCESSFULLY FOR USER helloman123
[2024-05-25T12:40:31.815] [INFO] default - get product-detail Rubik's Coach Cube successfull
[2024-05-25T12:40:31.900] [INFO] default - get product-detail Rubik's 3x3 successfull
[2024-05-25T12:40:31.915] [INFO] default - get product-detail Rubik’s Apprentice 2x2 successfull
[2024-05-25T12:40:32.553] [INFO] default - GET DEVICE LIST SUCCESSFULLY FOR USER helloman123
[2024-05-25T12:41:36.147] [INFO] default - Access about page successful
[2024-05-25T12:41:37.603] [INFO] default - get product-detail Rubik's Coach Cube successfull
[2024-05-25T12:41:37.621] [INFO] default - get product-detail Rubik's 3x3 successfull
[2024-05-25T12:41:37.633] [INFO] default - get product-detail Rubik’s Apprentice 2x2 successfull
[2024-05-25T12:41:38.659] [INFO] default - GET DEVICE LIST SUCCESSFULLY FOR USER helloman123
[2024-05-25T12:43:23.001] [INFO] default - Access about page successful
[2024-05-25T12:43:24.929] [INFO] default - get Rubik successful
[2024-05-25T12:43:25.986] [INFO] default - get product-detail Rubik’s Connector Snake 2-Pack successfull
[2024-05-25T12:48:40.095] [INFO] default - Access about page successful
[2024-05-25T12:48:41.583] [INFO] default - get Rubik successful
[2024-05-25T12:55:33.804] [INFO] default - Access about page successful
[2024-05-25T12:55:35.930] [INFO] default - get Rubik successful
[2024-05-25T12:55:38.978] [INFO] default - Access about page successful
[2024-05-25T12:55:40.480] [INFO] default - get product-detail Rubik's Coach Cube successfull
[2024-05-25T12:55:40.511] [INFO] default - get product-detail Rubik's 3x3 successfull
[2024-05-25T12:55:40.525] [INFO] default - get product-detail Rubik’s Apprentice 2x2 successfull
[2024-05-25T12:55:47.167] [INFO] default - get Rubik successful
[2024-05-25T12:55:54.091] [INFO] default - get product-detail Rubik's Coach Cube successfull
[2024-05-25T12:55:54.151] [INFO] default - get product-detail Rubik's 3x3 successfull
[2024-05-25T12:55:54.159] [INFO] default - get product-detail Rubik’s Apprentice 2x2 successfull
[2024-05-25T12:55:58.951] [INFO] default - GET DEVICE LIST SUCCESSFULLY FOR USER helloman123
[2024-05-25T12:56:26.101] [INFO] default - get product-detail Rubik's Coach Cube successfull
[2024-05-25T12:56:26.111] [INFO] default - get product-detail Rubik's 3x3 successfull
[2024-05-25T12:56:26.155] [INFO] default - get product-detail Rubik’s Apprentice 2x2 successfull
[2024-05-25T12:56:27.139] [INFO] default - GET DEVICE LIST SUCCESSFULLY FOR USER helloman123
[2024-05-25T12:56:32.416] [INFO] default - GET DEVICE LIST SUCCESSFULLY FOR USER helloman123
[2024-05-25T12:56:36.586] [INFO] default - get product-detail Rubik's Coach Cube successfull
[2024-05-25T12:56:36.605] [INFO] default - get product-detail Rubik's 3x3 successfull
[2024-05-25T12:56:36.615] [INFO] default - get product-detail Rubik’s Apprentice 2x2 successfull
[2024-05-25T12:56:38.155] [INFO] default - GET DEVICE LIST SUCCESSFULLY FOR USER helloman123
[2024-05-25T12:56:47.747] [INFO] default - GET DEVICE LIST SUCCESSFULLY FOR USER helloman123
[2024-05-25T12:56:51.426] [INFO] default - GET DEVICE LIST SUCCESSFULLY FOR USER helloman123
[2024-05-25T13:02:07.572] [INFO] default - Access about page successful
[2024-05-25T13:02:09.299] [INFO] default - get product-detail Rubik's Coach Cube successfull
[2024-05-25T13:02:09.312] [INFO] default - get product-detail Rubik's 3x3 successfull
[2024-05-25T13:02:09.326] [INFO] default - get product-detail Rubik’s Apprentice 2x2 successfull
[2024-05-25T13:02:10.378] [INFO] default - GET DEVICE LIST SUCCESSFULLY FOR USER helloman123
[2024-05-25T13:02:13.175] [INFO] default - get product-detail Rubik's 3x3 successfull
[2024-05-25T13:02:13.185] [INFO] default - get product-detail Rubik’s Apprentice 2x2 successfull
[2024-05-25T13:02:14.283] [INFO] default - GET DEVICE LIST SUCCESSFULLY FOR USER helloman123
[2024-05-25T13:02:18.201] [INFO] default - GET DEVICE LIST SUCCESSFULLY FOR USER helloman123
[2024-05-25T13:02:19.820] [INFO] default - GET DEVICE LIST SUCCESSFULLY FOR USER helloman123
[2024-05-25T13:02:29.638] [INFO] default - GET DEVICE LIST SUCCESSFULLY FOR USER helloman123
[2024-05-25T13:02:32.960] [INFO] default - get product-detail Rubik's 3x3 successfull
[2024-05-25T13:02:32.969] [INFO] default - get product-detail Rubik’s Apprentice 2x2 successfull
[2024-05-25T13:02:33.715] [INFO] default - get product-detail Rubik's 3x3 successfull
[2024-05-25T13:02:33.726] [INFO] default - get product-detail Rubik’s Apprentice 2x2 successfull
[2024-05-25T13:02:40.361] [INFO] default - get product-detail Rubik's 3x3 successfull
[2024-05-25T13:02:40.371] [INFO] default - get product-detail Rubik’s Apprentice 2x2 successfull
[2024-05-25T13:02:44.782] [INFO] default - get product-detail Rubik's Coach Cube successfull
[2024-05-25T13:02:44.791] [INFO] default - get product-detail Rubik's 3x3 successfull
[2024-05-25T13:02:44.802] [INFO] default - get product-detail Rubik’s Apprentice 2x2 successfull
[2024-05-25T13:02:49.639] [INFO] default - get product-detail Rubik's Coach Cube successfull
[2024-05-25T13:02:49.653] [INFO] default - get product-detail Rubik's 3x3 successfull
[2024-05-25T13:02:49.661] [INFO] default - get product-detail Rubik’s Apprentice 2x2 successfull
[2024-05-25T13:02:51.180] [INFO] default - GET DEVICE LIST SUCCESSFULLY FOR USER helloman123
[2024-05-25T13:02:57.919] [INFO] default - get product-detail Rubik's 3x3 successfull
[2024-05-25T13:02:57.929] [INFO] default - get product-detail Rubik’s Apprentice 2x2 successfull
[2024-05-25T13:03:00.754] [INFO] default - GET DEVICE LIST SUCCESSFULLY FOR USER helloman123
[2024-05-25T13:03:10.707] [INFO] default - GET DEVICE LIST SUCCESSFULLY FOR USER helloman123
[2024-05-25T13:03:59.245] [INFO] default - GET DEVICE LIST SUCCESSFULLY FOR USER helloman123
[2024-05-25T13:04:00.400] [INFO] default - get product-detail Rubik's Coach Cube successfull
[2024-05-25T13:04:00.411] [INFO] default - get product-detail Rubik's 3x3 successfull
[2024-05-25T13:04:00.424] [INFO] default - get product-detail Rubik’s Apprentice 2x2 successfull
[2024-05-25T13:04:01.147] [INFO] default - GET DEVICE LIST SUCCESSFULLY FOR USER helloman123
[2024-05-25T13:04:03.882] [INFO] default - GET DEVICE LIST SUCCESSFULLY FOR USER helloman123
[2024-05-25T13:04:08.466] [INFO] default - GET DEVICE LIST SUCCESSFULLY FOR USER helloman123
[2024-05-25T13:04:12.523] [INFO] default - get Rubik successful
[2024-05-25T13:07:57.674] [INFO] default - Access about page successful
[2024-05-25T13:07:58.890] [INFO] default - get product-detail Rubik's Coach Cube successfull
[2024-05-25T13:07:58.902] [INFO] default - get product-detail Rubik's 3x3 successfull
[2024-05-25T13:07:58.911] [INFO] default - get product-detail Rubik’s Apprentice 2x2 successfull
[2024-05-25T13:07:59.619] [INFO] default - GET DEVICE LIST SUCCESSFULLY FOR USER helloman123
[2024-05-25T13:09:37.480] [INFO] default - Access about page successful
[2024-05-25T13:09:39.075] [INFO] default - get product-detail Rubik's Coach Cube successfull
[2024-05-25T13:09:39.091] [INFO] default - get product-detail Rubik's 3x3 successfull
[2024-05-25T13:09:39.128] [INFO] default - get product-detail Rubik’s Apprentice 2x2 successfull
[2024-05-25T13:09:40.653] [INFO] default - GET DEVICE LIST SUCCESSFULLY FOR USER helloman123
