[2024-06-28T11:43:47.862] [INFO] default - Rotate Secret Key Successfully.
[2024-06-28T11:44:12.969] [INFO] default - Close Log SSE Successfully.
[2024-06-28T11:44:49.164] [INFO] default - Access about page successful
[2024-06-28T11:44:50.477] [INFO] default - Close Log SSE Successfully.
[2024-06-28T11:44:50.555] [INFO] default - get product-detail Rubik's Coach Cube successfull
[2024-06-28T11:44:50.580] [INFO] default - get product-detail Rubik's 3x3 successfull
[2024-06-28T11:44:50.604] [INFO] default - get product-detail Rubik’s Apprentice 2x2 successfull
[2024-06-28T11:44:51.316] [INFO] default - GET DEVICE LIST SUCCESSFULLY FOR USER helloman123
[2024-06-28T11:48:35.615] [INFO] default - Close Log SSE Successfully.
[2024-06-28T11:48:35.807] [INFO] default - GET DEVICE LIST SUCCESSFULLY FOR USER helloman123
[2024-06-28T11:49:15.496] [INFO] default - Close Log SSE Successfully.
[2024-06-28T11:49:15.685] [INFO] default - GET DEVICE LIST SUCCESSFULLY FOR USER helloman123
[2024-06-28T11:50:22.624] [INFO] default - Close Log SSE Successfully.
[2024-06-28T11:50:22.802] [INFO] default - GET DEVICE LIST SUCCESSFULLY FOR USER helloman123
[2024-06-28T11:51:11.234] [INFO] default - Rotate Secret Key Successfully.
[2024-06-28T11:51:21.625] [INFO] default - Close Log SSE Successfully.
[2024-06-28T11:51:27.637] [INFO] default - Close Log SSE Successfully.
[2024-06-28T11:52:28.879] [INFO] default - Access about page successful
[2024-06-28T11:52:30.303] [INFO] default - get product-detail Rubik's Coach Cube successfull
[2024-06-28T11:52:30.316] [INFO] default - get product-detail Rubik's 3x3 successfull
[2024-06-28T11:52:30.366] [INFO] default - get product-detail Rubik’s Apprentice 2x2 successfull
[2024-06-28T11:52:30.964] [INFO] default - GET DEVICE LIST SUCCESSFULLY FOR USER helloman123
[2024-06-28T11:53:08.294] [INFO] default - Rotate Secret Key Successfully.
[2024-06-28T11:53:57.625] [INFO] default - Close Log SSE Successfully.
[2024-06-28T11:54:08.572] [INFO] default - Close Log SSE Successfully.
[2024-06-28T11:55:44.112] [INFO] default - Rotate Secret Key Successfully.
[2024-06-28T11:56:17.323] [INFO] default - Access about page successful
[2024-06-28T11:56:19.018] [INFO] default - get product-detail Rubik's Coach Cube successfull
[2024-06-28T11:56:19.040] [INFO] default - get product-detail Rubik's 3x3 successfull
[2024-06-28T11:56:19.058] [INFO] default - get product-detail Rubik’s Apprentice 2x2 successfull
[2024-06-28T11:56:19.873] [INFO] default - GET DEVICE LIST SUCCESSFULLY FOR USER helloman123
[2024-06-28T11:56:42.938] [INFO] default - Close Log SSE Successfully.
[2024-06-28T11:56:43.028] [INFO] default - GET DEVICE LIST SUCCESSFULLY FOR USER helloman123
[2024-06-28T11:57:34.617] [INFO] default - Close Log SSE Successfully.
[2024-06-28T11:57:34.810] [INFO] default - GET DEVICE LIST SUCCESSFULLY FOR USER helloman123
[2024-06-28T11:58:48.628] [INFO] default - Close Log SSE Successfully.
[2024-06-28T11:58:48.753] [INFO] default - GET DEVICE LIST SUCCESSFULLY FOR USER helloman123
[2024-06-28T12:07:47.361] [INFO] default - Update Topic List Successfully.
[2024-06-28T12:19:49.152] [INFO] default - Update Topic List Successfully.
[2024-06-28T12:31:45.931] [INFO] default - Update Topic List Successfully.
[2024-06-28T12:43:47.666] [INFO] default - Update Topic List Successfully.
[2024-06-28T12:55:44.273] [INFO] default - Update Topic List Successfully.
[2024-06-28T13:07:45.892] [INFO] default - Update Topic List Successfully.
[2024-06-28T13:19:47.375] [INFO] default - Update Topic List Successfully.
[2024-06-28T13:31:49.014] [INFO] default - Update Topic List Successfully.
[2024-06-28T13:43:45.679] [INFO] default - Update Topic List Successfully.
[2024-06-28T13:55:47.188] [INFO] default - Update Topic List Successfully.
[2024-06-28T14:07:48.808] [INFO] default - Update Topic List Successfully.
[2024-06-28T14:08:53.486] [INFO] default - Close Log SSE Successfully.
[2024-06-28T14:09:05.273] [INFO] default - Access about page successful
[2024-06-28T14:09:06.063] [INFO] default - Close Log SSE Successfully.
[2024-06-28T14:09:06.154] [INFO] default - get product-detail Rubik's Coach Cube successfull
[2024-06-28T14:09:06.169] [INFO] default - get product-detail Rubik's 3x3 successfull
[2024-06-28T14:09:06.188] [INFO] default - get product-detail Rubik’s Apprentice 2x2 successfull
[2024-06-28T14:09:06.904] [INFO] default - GET DEVICE LIST SUCCESSFULLY FOR USER helloman123
[2024-06-28T14:09:39.927] [INFO] default - Close Log SSE Successfully.
[2024-06-28T14:09:40.109] [INFO] default - GET DEVICE LIST SUCCESSFULLY FOR USER helloman123
[2024-06-28T14:10:17.612] [INFO] default - Close Log SSE Successfully.
[2024-06-28T14:10:17.758] [INFO] default - GET DEVICE LIST SUCCESSFULLY FOR USER helloman123
[2024-06-28T14:11:22.606] [INFO] default - Close Log SSE Successfully.
[2024-06-28T14:11:22.731] [INFO] default - GET DEVICE LIST SUCCESSFULLY FOR USER helloman123
[2024-06-28T14:11:59.278] [INFO] default - Close Log SSE Successfully.
[2024-06-28T14:11:59.402] [INFO] default - GET DEVICE LIST SUCCESSFULLY FOR USER helloman123
[2024-06-28T14:12:24.307] [INFO] default - Close Log SSE Successfully.
[2024-06-28T14:12:24.445] [INFO] default - GET DEVICE LIST SUCCESSFULLY FOR USER helloman123
[2024-06-28T14:13:04.617] [INFO] default - Rotate Secret Key Successfully.
[2024-06-28T14:13:48.648] [INFO] default - Close Log SSE Successfully.
[2024-06-28T14:13:52.633] [INFO] default - Close Log SSE Successfully.
[2024-06-28T14:14:24.175] [INFO] default - Access about page successful
[2024-06-28T14:14:25.748] [INFO] default - get product-detail Rubik's Coach Cube successfull
[2024-06-28T14:14:25.772] [INFO] default - get product-detail Rubik's 3x3 successfull
[2024-06-28T14:14:25.798] [INFO] default - get product-detail Rubik’s Apprentice 2x2 successfull
[2024-06-28T14:14:26.596] [INFO] default - GET DEVICE LIST SUCCESSFULLY FOR USER helloman123
[2024-06-28T14:15:07.630] [INFO] default - Rotate Secret Key Successfully.
[2024-06-28T14:15:08.583] [INFO] default - Close Log SSE Successfully.
[2024-06-28T14:17:17.888] [INFO] default - Rotate Secret Key Successfully.
[2024-06-28T14:17:21.358] [INFO] default - Rotate Secret Key Successfully.
[2024-06-28T14:19:08.600] [INFO] default - Rotate Secret Key Successfully.
[2024-06-28T14:19:19.788] [INFO] default - Access about page successful
[2024-06-28T14:19:21.355] [INFO] default - Close Log SSE Successfully.
[2024-06-28T14:19:21.473] [INFO] default - get product-detail Rubik's Coach Cube successfull
[2024-06-28T14:19:21.488] [INFO] default - get product-detail Rubik's 3x3 successfull
[2024-06-28T14:19:21.502] [INFO] default - get product-detail Rubik’s Apprentice 2x2 successfull
[2024-06-28T14:19:30.445] [INFO] default - GET DEVICE LIST SUCCESSFULLY FOR USER helloman123
[2024-06-28T14:19:31.719] [INFO] default - Close Log SSE Successfully.
[2024-06-28T14:19:31.795] [INFO] default - GET DEVICE LIST SUCCESSFULLY FOR USER helloman123
[2024-06-28T14:19:32.304] [INFO] default - Close Log SSE Successfully.
[2024-06-28T14:19:32.364] [INFO] default - GET DEVICE LIST SUCCESSFULLY FOR USER helloman123
[2024-06-28T14:19:32.445] [INFO] default - Close Log SSE Successfully.
[2024-06-28T14:19:32.498] [INFO] default - GET DEVICE LIST SUCCESSFULLY FOR USER helloman123
[2024-06-28T14:19:32.579] [INFO] default - Close Log SSE Successfully.
[2024-06-28T14:19:32.639] [INFO] default - GET DEVICE LIST SUCCESSFULLY FOR USER helloman123
[2024-06-28T14:19:32.709] [INFO] default - Close Log SSE Successfully.
[2024-06-28T14:19:32.762] [INFO] default - GET DEVICE LIST SUCCESSFULLY FOR USER helloman123
[2024-06-28T14:19:32.863] [INFO] default - Close Log SSE Successfully.
[2024-06-28T14:19:32.917] [INFO] default - GET DEVICE LIST SUCCESSFULLY FOR USER helloman123
[2024-06-28T14:19:44.344] [INFO] default - Close Log SSE Successfully.
[2024-06-28T14:19:44.415] [INFO] default - GET DEVICE LIST SUCCESSFULLY FOR USER helloman123
[2024-06-28T14:19:44.874] [INFO] default - Close Log SSE Successfully.
[2024-06-28T14:19:44.931] [INFO] default - GET DEVICE LIST SUCCESSFULLY FOR USER helloman123
[2024-06-28T14:19:45.015] [INFO] default - Close Log SSE Successfully.
[2024-06-28T14:19:45.078] [INFO] default - GET DEVICE LIST SUCCESSFULLY FOR USER helloman123
[2024-06-28T14:19:45.151] [INFO] default - Close Log SSE Successfully.
[2024-06-28T14:19:45.223] [INFO] default - GET DEVICE LIST SUCCESSFULLY FOR USER helloman123
[2024-06-28T14:19:47.628] [INFO] default - Close Log SSE Successfully.
[2024-06-28T14:19:47.681] [INFO] default - get Rubik successful
[2024-06-28T14:19:50.051] [INFO] default - get product-detail Rubik’s Connector Snake 2-Pack successfull
[2024-06-28T14:19:51.702] [INFO] default - Access about page successful
[2024-06-28T14:19:53.124] [INFO] default - Access about page successful
[2024-06-28T14:31:12.388] [INFO] default - Update Topic List Successfully.
[2024-06-28T14:43:09.164] [INFO] default - Update Topic List Successfully.
[2024-06-28T14:55:10.802] [INFO] default - Update Topic List Successfully.
[2024-06-28T14:55:53.487] [INFO] default - Access about page successful
[2024-06-28T14:55:54.705] [INFO] default - Access about page successful
[2024-06-28T14:55:55.290] [INFO] default - get product-detail Rubik's Coach Cube successfull
[2024-06-28T14:55:55.305] [INFO] default - get product-detail Rubik's 3x3 successfull
[2024-06-28T14:55:55.321] [INFO] default - get product-detail Rubik’s Apprentice 2x2 successfull
[2024-06-28T14:55:56.206] [INFO] default - GET DEVICE LIST SUCCESSFULLY FOR USER helloman123
[2024-06-28T14:55:58.021] [INFO] default - get product-detail Rubik's Coach Cube successfull
[2024-06-28T14:55:58.037] [INFO] default - get product-detail Rubik's 3x3 successfull
[2024-06-28T14:55:58.051] [INFO] default - get product-detail Rubik’s Apprentice 2x2 successfull
[2024-06-28T14:55:59.037] [INFO] default - Close Log SSE Successfully.
[2024-06-28T14:55:59.038] [INFO] default - GET DEVICE LIST SUCCESSFULLY FOR USER helloman123
[2024-06-28T14:56:01.588] [INFO] default - get product-detail Rubik's Coach Cube successfull
[2024-06-28T14:56:01.605] [INFO] default - get product-detail Rubik's 3x3 successfull
[2024-06-28T14:56:01.619] [INFO] default - get product-detail Rubik’s Apprentice 2x2 successfull
[2024-06-28T14:56:02.245] [INFO] default - Close Log SSE Successfully.
[2024-06-28T14:56:02.257] [INFO] default - GET DEVICE LIST SUCCESSFULLY FOR USER helloman123
[2024-06-28T14:56:10.840] [INFO] default - ADD IMAGES SUCCESSFULLY.
[2024-06-28T14:57:14.429] [INFO] default - Rotate Secret Key Successfully.
[2024-06-28T14:57:44.053] [INFO] default - Access about page successful
[2024-06-28T14:57:45.007] [INFO] default - Close Log SSE Successfully.
[2024-06-28T14:57:45.081] [INFO] default - get product-detail Rubik's Coach Cube successfull
[2024-06-28T14:57:45.094] [INFO] default - get product-detail Rubik's 3x3 successfull
[2024-06-28T14:57:45.108] [INFO] default - get product-detail Rubik’s Apprentice 2x2 successfull
[2024-06-28T14:57:45.774] [INFO] default - GET DEVICE LIST SUCCESSFULLY FOR USER helloman123
[2024-06-28T14:57:53.647] [INFO] default - ADD IMAGES SUCCESSFULLY.
[2024-06-28T14:57:55.835] [INFO] default - Close Log SSE Successfully.
[2024-06-28T14:57:55.915] [INFO] default - GET DEVICE LIST SUCCESSFULLY FOR USER helloman123
[2024-06-28T14:57:56.893] [INFO] default - Close Log SSE Successfully.
[2024-06-28T14:57:57.034] [INFO] default - GET DEVICE LIST SUCCESSFULLY FOR USER helloman123
[2024-06-28T14:57:57.244] [INFO] default - Close Log SSE Successfully.
[2024-06-28T14:57:57.307] [INFO] default - GET DEVICE LIST SUCCESSFULLY FOR USER helloman123
[2024-06-28T14:57:57.562] [INFO] default - Close Log SSE Successfully.
[2024-06-28T14:57:57.621] [INFO] default - GET DEVICE LIST SUCCESSFULLY FOR USER helloman123
[2024-06-28T14:57:57.705] [INFO] default - Close Log SSE Successfully.
[2024-06-28T14:57:57.770] [INFO] default - GET DEVICE LIST SUCCESSFULLY FOR USER helloman123
[2024-06-28T14:57:57.916] [INFO] default - Close Log SSE Successfully.
[2024-06-28T14:57:57.980] [INFO] default - GET DEVICE LIST SUCCESSFULLY FOR USER helloman123
[2024-06-28T14:57:58.048] [INFO] default - Close Log SSE Successfully.
[2024-06-28T14:57:58.103] [INFO] default - GET DEVICE LIST SUCCESSFULLY FOR USER helloman123
[2024-06-28T14:57:58.189] [INFO] default - Close Log SSE Successfully.
[2024-06-28T14:57:58.242] [INFO] default - GET DEVICE LIST SUCCESSFULLY FOR USER helloman123
[2024-06-28T14:58:46.645] [INFO] default - ADD IMAGES SUCCESSFULLY.
[2024-06-28T14:58:49.344] [INFO] default - Close Log SSE Successfully.
[2024-06-28T14:58:49.437] [INFO] default - GET DEVICE LIST SUCCESSFULLY FOR USER helloman123
[2024-06-28T14:58:49.867] [INFO] default - Close Log SSE Successfully.
[2024-06-28T14:58:49.953] [INFO] default - GET DEVICE LIST SUCCESSFULLY FOR USER helloman123
[2024-06-28T14:58:50.010] [INFO] default - Close Log SSE Successfully.
[2024-06-28T14:58:50.064] [INFO] default - GET DEVICE LIST SUCCESSFULLY FOR USER helloman123
[2024-06-28T14:58:50.155] [INFO] default - Close Log SSE Successfully.
[2024-06-28T14:58:50.213] [INFO] default - GET DEVICE LIST SUCCESSFULLY FOR USER helloman123
[2024-06-28T14:58:50.303] [INFO] default - Close Log SSE Successfully.
[2024-06-28T14:58:50.356] [INFO] default - GET DEVICE LIST SUCCESSFULLY FOR USER helloman123
[2024-06-28T14:58:50.443] [INFO] default - Close Log SSE Successfully.
[2024-06-28T14:58:50.495] [INFO] default - GET DEVICE LIST SUCCESSFULLY FOR USER helloman123
[2024-06-28T14:59:15.012] [INFO] default - Rotate Secret Key Successfully.
[2024-06-28T14:59:56.923] [INFO] default - Rotate Secret Key Successfully.
[2024-06-28T15:02:15.720] [INFO] default - Access about page successful
[2024-06-28T15:02:17.393] [INFO] default - Close Log SSE Successfully.
[2024-06-28T15:02:17.471] [INFO] default - get product-detail Rubik's Coach Cube successfull
[2024-06-28T15:02:17.483] [INFO] default - get product-detail Rubik's 3x3 successfull
[2024-06-28T15:02:17.506] [INFO] default - get product-detail Rubik’s Apprentice 2x2 successfull
[2024-06-28T15:02:20.690] [INFO] default - GET DEVICE LIST SUCCESSFULLY FOR USER helloman123
[2024-06-28T15:02:28.260] [INFO] default - ADD IMAGES SUCCESSFULLY.
[2024-06-28T15:02:51.247] [INFO] default - Close Log SSE Successfully.
[2024-06-28T15:02:51.353] [INFO] default - GET DEVICE LIST SUCCESSFULLY FOR USER helloman123
[2024-06-28T15:02:54.147] [INFO] default - Close Log SSE Successfully.
[2024-06-28T15:02:54.205] [INFO] default - GET DEVICE LIST SUCCESSFULLY FOR USER helloman123
[2024-06-28T15:02:54.609] [INFO] default - Close Log SSE Successfully.
[2024-06-28T15:02:54.668] [INFO] default - GET DEVICE LIST SUCCESSFULLY FOR USER helloman123
[2024-06-28T15:02:54.762] [INFO] default - Close Log SSE Successfully.
[2024-06-28T15:02:54.816] [INFO] default - GET DEVICE LIST SUCCESSFULLY FOR USER helloman123
[2024-06-28T15:02:54.888] [INFO] default - Close Log SSE Successfully.
[2024-06-28T15:02:54.947] [INFO] default - GET DEVICE LIST SUCCESSFULLY FOR USER helloman123
[2024-06-28T15:03:10.185] [INFO] default - Close Log SSE Successfully.
[2024-06-28T15:03:10.255] [INFO] default - GET DEVICE LIST SUCCESSFULLY FOR USER helloman123
[2024-06-28T15:03:28.208] [INFO] default - Rotate Secret Key Successfully.
[2024-06-28T15:03:48.328] [INFO] default - Access about page successful
[2024-06-28T15:03:49.520] [INFO] default - Close Log SSE Successfully.
[2024-06-28T15:03:49.593] [INFO] default - get product-detail Rubik's Coach Cube successfull
[2024-06-28T15:03:49.607] [INFO] default - get product-detail Rubik's 3x3 successfull
[2024-06-28T15:03:49.624] [INFO] default - get product-detail Rubik’s Apprentice 2x2 successfull
[2024-06-28T15:03:50.875] [INFO] default - GET DEVICE LIST SUCCESSFULLY FOR USER helloman123
[2024-06-28T15:03:59.254] [INFO] default - ADD IMAGES SUCCESSFULLY.
[2024-06-28T15:04:28.785] [INFO] default - Rotate Secret Key Successfully.
[2024-06-28T15:05:06.182] [INFO] default - Access about page successful
[2024-06-28T15:05:07.042] [INFO] default - Close Log SSE Successfully.
[2024-06-28T15:05:07.107] [INFO] default - get product-detail Rubik's Coach Cube successfull
[2024-06-28T15:05:07.119] [INFO] default - get product-detail Rubik's 3x3 successfull
[2024-06-28T15:05:07.133] [INFO] default - get product-detail Rubik’s Apprentice 2x2 successfull
[2024-06-28T15:05:08.067] [INFO] default - GET DEVICE LIST SUCCESSFULLY FOR USER helloman123
[2024-06-28T15:05:15.529] [INFO] default - ADD IMAGES SUCCESSFULLY.
[2024-06-28T15:05:53.341] [INFO] default - Rotate Secret Key Successfully.
[2024-06-28T15:06:05.403] [INFO] default - Rotate Secret Key Successfully.
[2024-06-28T15:06:57.197] [INFO] default - Access about page successful
[2024-06-28T15:06:58.770] [INFO] default - Close Log SSE Successfully.
[2024-06-28T15:06:58.840] [INFO] default - get product-detail Rubik's Coach Cube successfull
[2024-06-28T15:06:58.851] [INFO] default - get product-detail Rubik's 3x3 successfull
[2024-06-28T15:06:58.865] [INFO] default - get product-detail Rubik’s Apprentice 2x2 successfull
[2024-06-28T15:06:59.937] [INFO] default - GET DEVICE LIST SUCCESSFULLY FOR USER helloman123
[2024-06-28T15:07:07.014] [INFO] default - ADD IMAGES SUCCESSFULLY.
[2024-06-28T15:18:22.082] [INFO] default - Update Topic List Successfully.
[2024-06-28T15:25:15.620] [INFO] default - Close Log SSE Successfully.
[2024-06-28T15:25:15.822] [INFO] default - GET DEVICE LIST SUCCESSFULLY FOR USER helloman123
[2024-06-28T15:26:03.611] [INFO] default - Close Log SSE Successfully.
[2024-06-28T15:26:03.753] [INFO] default - GET DEVICE LIST SUCCESSFULLY FOR USER helloman123
[2024-06-28T15:26:49.640] [INFO] default - Close Log SSE Successfully.
[2024-06-28T15:26:49.779] [INFO] default - GET DEVICE LIST SUCCESSFULLY FOR USER helloman123
[2024-06-28T15:27:31.418] [INFO] default - Close Log SSE Successfully.
[2024-06-28T15:27:31.573] [INFO] default - GET DEVICE LIST SUCCESSFULLY FOR USER helloman123
[2024-06-28T15:30:55.536] [INFO] default - Close Log SSE Successfully.
[2024-06-28T15:30:55.719] [INFO] default - GET DEVICE LIST SUCCESSFULLY FOR USER helloman123
[2024-06-28T15:46:11.026] [INFO] default - Update Topic List Successfully.
[2024-06-28T15:58:12.674] [INFO] default - Update Topic List Successfully.
[2024-06-28T16:08:56.674] [INFO] default - Close Log SSE Successfully.
[2024-06-28T16:09:51.164] [INFO] default - Access about page successful
[2024-06-28T16:09:52.569] [INFO] default - Close Log SSE Successfully.
[2024-06-28T16:09:52.652] [INFO] default - get product-detail Rubik's Coach Cube successfull
[2024-06-28T16:09:52.666] [INFO] default - get product-detail Rubik's 3x3 successfull
[2024-06-28T16:09:52.685] [INFO] default - get product-detail Rubik’s Apprentice 2x2 successfull
[2024-06-28T16:09:53.581] [INFO] default - GET DEVICE LIST SUCCESSFULLY FOR USER helloman123
[2024-06-28T16:10:45.446] [INFO] default - ADD IMAGES SUCCESSFULLY.
[2024-06-28T16:35:22.140] [INFO] default - ADD IMAGES SUCCESSFULLY.
[2024-06-28T16:36:29.785] [INFO] default - Update Topic List Successfully.
[2024-06-28T16:45:04.735] [INFO] default - ADD IMAGES SUCCESSFULLY.
[2024-06-28T16:48:31.597] [INFO] default - Update Topic List Successfully.
[2024-06-28T16:58:45.318] [INFO] default - ADD IMAGES SUCCESSFULLY.
[2024-06-28T17:00:49.904] [ERROR] default - DELETE IMAGE EXCEPTION:Cannot read properties of undefined (reading 'join')
[2024-06-28T17:01:29.406] [ERROR] default - DELETE IMAGE EXCEPTION:Cannot read properties of undefined (reading 'cwd')
[2024-06-28T17:03:09.484] [ERROR] default - DELETE IMAGE EXCEPTION:path.cwd is not a function
[2024-06-28T17:03:18.456] [ERROR] default - DELETE IMAGE EXCEPTION:The "path" argument must be of type string. Received undefined
[2024-06-28T17:16:30.566] [INFO] default - Update Topic List Successfully.
[2024-06-28T17:28:32.165] [INFO] default - Update Topic List Successfully.
[2024-06-28T17:40:28.883] [INFO] default - Update Topic List Successfully.
[2024-06-28T17:52:30.537] [INFO] default - Update Topic List Successfully.
[2024-06-28T18:04:32.232] [INFO] default - Update Topic List Successfully.
[2024-06-28T18:16:28.778] [INFO] default - Update Topic List Successfully.
[2024-06-28T18:28:30.262] [INFO] default - Update Topic List Successfully.
[2024-06-28T18:40:31.862] [INFO] default - Update Topic List Successfully.
[2024-06-28T18:52:28.278] [INFO] default - Update Topic List Successfully.
[2024-06-28T19:04:29.797] [INFO] default - Update Topic List Successfully.
[2024-06-28T19:16:31.295] [INFO] default - Update Topic List Successfully.
[2024-06-28T19:28:27.772] [INFO] default - Update Topic List Successfully.
[2024-06-28T19:40:29.254] [INFO] default - Update Topic List Successfully.
[2024-06-28T19:52:30.712] [INFO] default - Update Topic List Successfully.
[2024-06-28T20:04:32.283] [INFO] default - Update Topic List Successfully.
[2024-06-28T20:16:28.836] [INFO] default - Update Topic List Successfully.
[2024-06-28T20:28:30.299] [INFO] default - Update Topic List Successfully.
[2024-06-28T20:40:31.668] [INFO] default - Update Topic List Successfully.
[2024-06-28T20:52:28.255] [INFO] default - Update Topic List Successfully.
[2024-06-28T21:04:29.828] [INFO] default - Update Topic List Successfully.
[2024-06-28T21:16:31.336] [INFO] default - Update Topic List Successfully.
[2024-06-28T21:28:27.873] [INFO] default - Update Topic List Successfully.
[2024-06-28T21:40:29.447] [INFO] default - Update Topic List Successfully.
[2024-06-28T21:52:30.946] [INFO] default - Update Topic List Successfully.
[2024-06-28T22:04:32.492] [INFO] default - Update Topic List Successfully.
[2024-06-28T22:16:28.943] [INFO] default - Update Topic List Successfully.
[2024-06-28T22:28:30.505] [INFO] default - Update Topic List Successfully.
[2024-06-28T22:40:32.002] [INFO] default - Update Topic List Successfully.
[2024-06-28T22:52:28.444] [INFO] default - Update Topic List Successfully.
[2024-06-28T23:04:29.922] [INFO] default - Update Topic List Successfully.
[2024-06-28T23:16:31.465] [INFO] default - Update Topic List Successfully.
[2024-06-28T23:28:28.060] [INFO] default - Update Topic List Successfully.
[2024-06-28T23:40:29.654] [INFO] default - Update Topic List Successfully.
[2024-06-28T23:52:31.208] [INFO] default - Update Topic List Successfully.
