[2024-06-18T00:03:04.197] [INFO] default - Update Topic List Successfully.
[2024-06-18T00:15:00.712] [INFO] default - Update Topic List Successfully.
[2024-06-18T00:27:02.223] [INFO] default - Update Topic List Successfully.
[2024-06-18T00:39:03.882] [INFO] default - Update Topic List Successfully.
[2024-06-18T00:51:00.379] [INFO] default - Update Topic List Successfully.
[2024-06-18T01:03:01.946] [INFO] default - Update Topic List Successfully.
[2024-06-18T01:15:03.479] [INFO] default - Update Topic List Successfully.
[2024-06-18T01:27:05.030] [INFO] default - Update Topic List Successfully.
[2024-06-18T01:39:01.534] [INFO] default - Update Topic List Successfully.
[2024-06-18T01:51:03.101] [INFO] default - Update Topic List Successfully.
[2024-06-18T02:03:04.717] [INFO] default - Update Topic List Successfully.
[2024-06-18T02:15:01.147] [INFO] default - Update Topic List Successfully.
[2024-06-18T02:27:02.647] [INFO] default - Update Topic List Successfully.
[2024-06-18T02:39:04.114] [INFO] default - Update Topic List Successfully.
[2024-06-18T02:51:00.635] [INFO] default - Update Topic List Successfully.
[2024-06-18T03:03:02.157] [INFO] default - Update Topic List Successfully.
[2024-06-18T03:15:03.690] [INFO] default - Update Topic List Successfully.
[2024-06-18T03:27:00.176] [INFO] default - Update Topic List Successfully.
[2024-06-18T03:39:01.688] [INFO] default - Update Topic List Successfully.
[2024-06-18T03:51:03.164] [INFO] default - Update Topic List Successfully.
[2024-06-18T04:03:04.760] [INFO] default - Update Topic List Successfully.
[2024-06-18T04:15:01.334] [INFO] default - Update Topic List Successfully.
[2024-06-18T04:27:02.792] [INFO] default - Update Topic List Successfully.
[2024-06-18T04:39:04.338] [INFO] default - Update Topic List Successfully.
[2024-06-18T04:51:00.830] [INFO] default - Update Topic List Successfully.
[2024-06-18T05:03:02.326] [INFO] default - Update Topic List Successfully.
[2024-06-18T05:15:03.865] [INFO] default - Update Topic List Successfully.
[2024-06-18T05:27:00.385] [INFO] default - Update Topic List Successfully.
[2024-06-18T05:39:01.984] [INFO] default - Update Topic List Successfully.
[2024-06-18T05:51:03.500] [INFO] default - Update Topic List Successfully.
[2024-06-18T06:03:05.057] [INFO] default - Update Topic List Successfully.
[2024-06-18T06:15:01.519] [INFO] default - Update Topic List Successfully.
[2024-06-18T06:27:03.092] [INFO] default - Update Topic List Successfully.
[2024-06-18T06:39:04.663] [INFO] default - Update Topic List Successfully.
[2024-06-18T06:51:01.178] [INFO] default - Update Topic List Successfully.
[2024-06-18T07:03:02.603] [INFO] default - Update Topic List Successfully.
[2024-06-18T07:15:04.099] [INFO] default - Update Topic List Successfully.
[2024-06-18T07:27:00.720] [INFO] default - Update Topic List Successfully.
[2024-06-18T07:39:02.297] [INFO] default - Update Topic List Successfully.
[2024-06-18T07:51:03.818] [INFO] default - Update Topic List Successfully.
[2024-06-18T08:03:05.290] [INFO] default - Update Topic List Successfully.
[2024-06-18T08:15:01.853] [INFO] default - Update Topic List Successfully.
[2024-06-18T08:27:03.483] [INFO] default - Update Topic List Successfully.
[2024-06-18T08:39:04.969] [INFO] default - Update Topic List Successfully.
[2024-06-18T08:51:01.491] [INFO] default - Update Topic List Successfully.
[2024-06-18T09:03:02.981] [INFO] default - Update Topic List Successfully.
[2024-06-18T09:15:04.611] [INFO] default - Update Topic List Successfully.
[2024-06-18T09:27:01.081] [INFO] default - Update Topic List Successfully.
[2024-06-18T09:39:02.641] [INFO] default - Update Topic List Successfully.
[2024-06-18T09:51:04.167] [INFO] default - Update Topic List Successfully.
[2024-06-18T10:03:00.701] [INFO] default - Update Topic List Successfully.
[2024-06-18T10:14:45.849] [INFO] default - Access about page successful
[2024-06-18T10:14:47.352] [INFO] default - get product-detail Rubik's Coach Cube successfull
[2024-06-18T10:14:47.392] [INFO] default - get product-detail Rubik's 3x3 successfull
[2024-06-18T10:14:47.403] [INFO] default - get product-detail Rubik’s Apprentice 2x2 successfull
[2024-06-18T10:14:49.407] [INFO] default - Access about page successful
[2024-06-18T10:14:51.042] [INFO] default - get product-detail Rubik's Coach Cube successfull
[2024-06-18T10:14:51.063] [INFO] default - get product-detail Rubik's 3x3 successfull
[2024-06-18T10:14:51.130] [INFO] default - get product-detail Rubik’s Apprentice 2x2 successfull
[2024-06-18T10:14:52.075] [INFO] default - GET DEVICE LIST SUCCESSFULLY FOR USER helloman123
[2024-06-18T10:15:03.629] [INFO] default - Update Topic List Successfully.
[2024-06-18T10:27:05.416] [INFO] default - Update Topic List Successfully.
[2024-06-18T10:39:02.082] [INFO] default - Update Topic List Successfully.
[2024-06-18T10:51:03.706] [INFO] default - Update Topic List Successfully.
[2024-06-18T11:03:05.396] [INFO] default - Update Topic List Successfully.
[2024-06-18T11:15:02.103] [INFO] default - Update Topic List Successfully.
[2024-06-18T11:27:03.816] [INFO] default - Update Topic List Successfully.
[2024-06-18T11:39:05.402] [INFO] default - Update Topic List Successfully.
[2024-06-18T11:51:01.946] [INFO] default - Update Topic List Successfully.
[2024-06-18T12:00:35.189] [INFO] default - Close Log SSE Successfully.
[2024-06-18T12:03:03.602] [INFO] default - Update Topic List Successfully.
[2024-06-18T12:15:05.258] [INFO] default - Update Topic List Successfully.
[2024-06-18T12:27:01.945] [INFO] default - Update Topic List Successfully.
[2024-06-18T12:39:03.738] [INFO] default - Update Topic List Successfully.
[2024-06-18T12:51:05.453] [INFO] default - Update Topic List Successfully.
[2024-06-18T13:03:02.047] [INFO] default - Update Topic List Successfully.
[2024-06-18T13:15:03.700] [INFO] default - Update Topic List Successfully.
[2024-06-18T13:27:05.198] [INFO] default - Update Topic List Successfully.
[2024-06-18T13:39:06.880] [INFO] default - Update Topic List Successfully.
[2024-06-18T13:51:03.436] [INFO] default - Update Topic List Successfully.
[2024-06-18T14:03:05.022] [INFO] default - Update Topic List Successfully.
[2024-06-18T14:15:06.557] [INFO] default - Update Topic List Successfully.
[2024-06-18T14:27:02.973] [INFO] default - Update Topic List Successfully.
[2024-06-18T14:39:04.380] [INFO] default - Update Topic List Successfully.
[2024-06-18T14:51:05.782] [INFO] default - Update Topic List Successfully.
[2024-06-18T15:03:02.252] [INFO] default - Update Topic List Successfully.
[2024-06-18T15:15:03.643] [INFO] default - Update Topic List Successfully.
[2024-06-18T15:21:14.407] [INFO] default - Access about page successful
[2024-06-18T15:21:16.496] [INFO] default - get product-detail Rubik's Coach Cube successfull
[2024-06-18T15:21:16.542] [INFO] default - get product-detail Rubik's 3x3 successfull
[2024-06-18T15:21:16.557] [INFO] default - get product-detail Rubik’s Apprentice 2x2 successfull
[2024-06-18T15:21:17.707] [INFO] default - GET DEVICE LIST SUCCESSFULLY FOR USER helloman123
[2024-06-18T15:27:05.195] [INFO] default - Update Topic List Successfully.
[2024-06-18T15:39:06.697] [INFO] default - Update Topic List Successfully.
[2024-06-18T15:51:03.158] [INFO] default - Update Topic List Successfully.
[2024-06-18T15:52:53.289] [INFO] default - Access about page successful
[2024-06-18T15:52:59.134] [INFO] default - Close Log SSE Successfully.
[2024-06-18T15:52:59.242] [INFO] default - get product-detail Rubik's Coach Cube successfull
[2024-06-18T15:52:59.259] [INFO] default - get product-detail Rubik's 3x3 successfull
[2024-06-18T15:52:59.273] [INFO] default - get product-detail Rubik’s Apprentice 2x2 successfull
[2024-06-18T15:53:00.489] [INFO] default - GET DEVICE LIST SUCCESSFULLY FOR USER helloman123
[2024-06-18T15:53:05.025] [INFO] default - get product-detail Rubik's Coach Cube successfull
[2024-06-18T15:53:05.028] [INFO] default - Close Log SSE Successfully.
[2024-06-18T15:53:05.043] [INFO] default - get product-detail Rubik's 3x3 successfull
[2024-06-18T15:53:05.060] [INFO] default - get product-detail Rubik’s Apprentice 2x2 successfull
[2024-06-18T15:53:07.056] [INFO] default - GET DEVICE LIST SUCCESSFULLY FOR USER helloman123
[2024-06-18T16:03:04.662] [INFO] default - Update Topic List Successfully.
