[2024-05-23T09:57:39.995] [INFO] default - Access about page successful
[2024-05-23T09:58:46.837] [INFO] default - Access about page successful
[2024-05-23T13:48:27.721] [INFO] default - Access about page successful
[2024-05-23T13:52:07.869] [INFO] default - Access about page successful
[2024-05-23T13:52:54.076] [INFO] default - Access about page successful
[2024-05-23T14:16:44.788] [INFO] default - Access about page successful
[2024-05-23T14:22:07.108] [INFO] default - Access about page successful
[2024-05-23T14:22:28.108] [INFO] default - Access about page successful
[2024-05-23T14:23:42.400] [INFO] default - Access about page successful
[2024-05-23T14:23:44.333] [INFO] default - Access about page successful
[2024-05-23T14:23:45.184] [INFO] default - Access about page successful
[2024-05-23T14:23:46.033] [INFO] default - get product-detail Rubik's Coach Cube successfull
[2024-05-23T14:23:46.101] [INFO] default - get product-detail Rubik's 3x3 successfull
[2024-05-23T14:23:46.149] [INFO] default - get product-detail Rubik’s Apprentice 2x2 successfull
[2024-05-23T14:23:46.802] [INFO] default - Access about page successful
[2024-05-23T14:23:47.639] [INFO] default - get Rubik successful
[2024-05-23T14:23:49.301] [INFO] default - get product-detail Rubik's Coach Cube successfull
[2024-05-23T14:23:49.360] [INFO] default - get product-detail Rubik's 3x3 successfull
[2024-05-23T14:23:49.373] [INFO] default - get product-detail Rubik’s Apprentice 2x2 successfull
[2024-05-23T14:23:51.266] [INFO] default - GET DEVICE LIST SUCCESSFULLY FOR USER helloman123
[2024-05-23T14:30:19.342] [INFO] default - Access about page successful
[2024-05-23T14:30:22.395] [INFO] default - get product-detail Rubik's Coach Cube successfull
[2024-05-23T14:30:22.459] [INFO] default - get product-detail Rubik's 3x3 successfull
[2024-05-23T14:30:22.486] [INFO] default - get product-detail Rubik’s Apprentice 2x2 successfull
[2024-05-23T14:30:23.991] [INFO] default - GET DEVICE LIST SUCCESSFULLY FOR USER helloman123
[2024-05-23T14:30:29.584] [INFO] default - get product-detail Rubik's Coach Cube successfull
[2024-05-23T14:30:29.628] [INFO] default - get product-detail Rubik's 3x3 successfull
[2024-05-23T14:30:29.689] [INFO] default - get product-detail Rubik’s Apprentice 2x2 successfull
[2024-05-23T14:30:33.394] [INFO] default - Access about page successful
[2024-05-23T14:30:38.539] [INFO] default - Access about page successful
[2024-05-23T14:30:46.218] [INFO] default - get product-detail Rubik's Coach Cube successfull
[2024-05-23T14:30:46.243] [INFO] default - get product-detail Rubik's 3x3 successfull
[2024-05-23T14:30:46.259] [INFO] default - get product-detail Rubik’s Apprentice 2x2 successfull
[2024-05-23T14:30:47.557] [INFO] default - GET DEVICE LIST SUCCESSFULLY FOR USER helloman123
[2024-05-23T14:30:56.667] [INFO] default - get product-detail Rubik's Coach Cube successfull
[2024-05-23T14:30:56.684] [INFO] default - get product-detail Rubik's 3x3 successfull
[2024-05-23T14:30:56.705] [INFO] default - get product-detail Rubik’s Apprentice 2x2 successfull
[2024-05-23T14:31:02.580] [INFO] default - get product-detail Rubik's Coach Cube successfull
[2024-05-23T14:31:02.605] [INFO] default - get product-detail Rubik's 3x3 successfull
[2024-05-23T14:31:02.625] [INFO] default - get product-detail Rubik’s Apprentice 2x2 successfull
[2024-05-23T14:31:04.007] [INFO] default - GET DEVICE LIST SUCCESSFULLY FOR USER helloman123
[2024-05-23T14:31:06.255] [INFO] default - Access about page successful
[2024-05-23T15:37:13.787] [INFO] default - Access about page successful
[2024-05-23T15:40:14.944] [INFO] default - get product-detail Rubik's Coach Cube successfull
[2024-05-23T15:40:14.971] [INFO] default - get product-detail Rubik's 3x3 successfull
[2024-05-23T15:40:15.001] [INFO] default - get product-detail Rubik’s Apprentice 2x2 successfull
[2024-05-23T15:40:16.616] [INFO] default - get product-detail Rubik's Coach Cube successfull
[2024-05-23T15:40:16.658] [INFO] default - get product-detail Rubik's 3x3 successfull
[2024-05-23T15:40:16.753] [INFO] default - get product-detail Rubik’s Apprentice 2x2 successfull
[2024-05-23T15:40:17.072] [INFO] default - Access about page successful
[2024-05-23T15:45:52.757] [INFO] default - Access about page successful
[2024-05-23T15:45:54.418] [INFO] default - get product-detail Rubik's Coach Cube successfull
[2024-05-23T15:45:54.454] [INFO] default - get product-detail Rubik's 3x3 successfull
[2024-05-23T15:45:54.473] [INFO] default - get product-detail Rubik’s Apprentice 2x2 successfull
[2024-05-23T15:45:55.334] [INFO] default - GET DEVICE LIST SUCCESSFULLY FOR USER helloman123
[2024-05-23T15:46:34.807] [INFO] default - Access about page successful
[2024-05-23T15:46:39.826] [INFO] default - get product-detail Rubik's Coach Cube successfull
[2024-05-23T15:46:39.875] [INFO] default - get product-detail Rubik's 3x3 successfull
[2024-05-23T15:46:39.909] [INFO] default - get product-detail Rubik’s Apprentice 2x2 successfull
[2024-05-23T15:46:41.253] [INFO] default - GET DEVICE LIST SUCCESSFULLY FOR USER helloman123
[2024-05-23T15:54:06.835] [INFO] default - Access about page successful
[2024-05-23T15:55:15.507] [INFO] default - get product-detail Rubik's Coach Cube successfull
[2024-05-23T15:55:15.529] [INFO] default - get product-detail Rubik's 3x3 successfull
[2024-05-23T15:55:15.580] [INFO] default - get product-detail Rubik’s Apprentice 2x2 successfull
[2024-05-23T15:55:16.217] [INFO] default - GET DEVICE LIST SUCCESSFULLY FOR USER helloman123
[2024-05-23T15:55:48.889] [INFO] default - Access about page successful
[2024-05-23T15:55:50.604] [INFO] default - get product-detail Rubik's Coach Cube successfull
[2024-05-23T15:55:50.659] [INFO] default - get product-detail Rubik's 3x3 successfull
[2024-05-23T15:55:50.674] [INFO] default - get product-detail Rubik’s Apprentice 2x2 successfull
[2024-05-23T15:55:51.916] [INFO] default - GET DEVICE LIST SUCCESSFULLY FOR USER helloman123
[2024-05-23T15:55:58.034] [INFO] default - get product-detail Rubik's Coach Cube successfull
[2024-05-23T15:55:58.087] [INFO] default - get product-detail Rubik's 3x3 successfull
[2024-05-23T15:55:58.100] [INFO] default - get product-detail Rubik’s Apprentice 2x2 successfull
[2024-05-23T15:55:59.006] [INFO] default - GET DEVICE LIST SUCCESSFULLY FOR USER helloman123
[2024-05-23T15:56:12.556] [INFO] default - get Rubik successful
[2024-05-23T15:56:14.993] [INFO] default - get product-detail Rubik's Coach Cube successfull
[2024-05-23T15:56:15.021] [INFO] default - get product-detail Rubik's 3x3 successfull
[2024-05-23T15:56:15.043] [INFO] default - get product-detail Rubik’s Apprentice 2x2 successfull
[2024-05-23T15:56:15.869] [INFO] default - GET DEVICE LIST SUCCESSFULLY FOR USER helloman123
[2024-05-23T16:28:25.937] [INFO] default - get Rubik successful
[2024-05-23T16:28:27.295] [INFO] default - get product-detail Rubik's Coach Cube successfull
[2024-05-23T16:28:27.377] [INFO] default - get product-detail Rubik's 3x3 successfull
[2024-05-23T16:28:27.397] [INFO] default - get product-detail Rubik’s Apprentice 2x2 successfull
[2024-05-23T16:28:28.483] [INFO] default - GET DEVICE LIST SUCCESSFULLY FOR USER helloman123
[2024-05-23T16:28:37.660] [INFO] default - get Rubik successful
