[2024-06-03T10:50:32.449] [INFO] default - Rotate Secret Key Successfully
[2024-06-03T10:50:35.205] [INFO] default - Rotate Secret Key Successfully.
[2024-06-03T10:51:38.130] [INFO] default - Rotate Secret Key Successfully.
[2024-06-03T10:52:03.298] [INFO] default - Rotate Secret Key Successfully.
[2024-06-03T10:52:05.847] [INFO] default - Rotate Secret Key Successfully.
[2024-06-03T10:52:47.478] [INFO] default - Rotate Secret Key Successfully.
[2024-06-03T10:53:06.096] [INFO] default - Rotate Secret Key Successfully.
[2024-06-03T11:05:08.308] [INFO] default - Update Topic List Successfully
[2024-06-03T11:17:10.032] [INFO] default - Update Topic List Successfully
[2024-06-03T11:17:42.596] [INFO] default - Rotate Secret Key Successfully.
[2024-06-03T11:26:11.813] [INFO] default - Rotate Secret Key Successfully.
[2024-06-03T11:34:28.515] [INFO] default - Rotate Secret Key Successfully.
[2024-06-03T11:34:51.238] [INFO] default - Rotate Secret Key Successfully.
[2024-06-03T11:44:11.323] [INFO] default - Rotate Secret Key Successfully.
[2024-06-03T11:44:38.311] [INFO] default - Rotate Secret Key Successfully.
[2024-06-03T11:44:54.038] [INFO] default - Rotate Secret Key Successfully.
[2024-06-03T11:46:09.950] [INFO] default - Rotate Secret Key Successfully.
[2024-06-03T11:51:16.501] [INFO] default - Rotate Secret Key Successfully.
[2024-06-03T11:51:35.748] [INFO] default - Access about page successful
[2024-06-03T11:57:01.422] [INFO] default - Rotate Secret Key Successfully.
[2024-06-03T12:06:47.740] [INFO] default - Access about page successful
[2024-06-03T12:06:49.198] [INFO] default - get product-detail Rubik's Coach Cube successfull
[2024-06-03T12:06:49.215] [INFO] default - get product-detail Rubik's 3x3 successfull
[2024-06-03T12:06:49.230] [INFO] default - get product-detail Rubik’s Apprentice 2x2 successfull
[2024-06-03T12:07:14.861] [INFO] default - Access about page successful
[2024-06-03T12:07:16.851] [INFO] default - get Rubik successful
[2024-06-03T12:07:19.224] [INFO] default - get Rubik successful
[2024-06-03T12:07:19.826] [INFO] default - get Rubik successful
[2024-06-03T12:07:23.304] [INFO] default - get Rubik successful
[2024-06-03T12:07:23.774] [INFO] default - get Rubik successful
[2024-06-03T12:07:23.936] [INFO] default - get Rubik successful
[2024-06-03T12:07:24.094] [INFO] default - get Rubik successful
[2024-06-03T12:07:24.253] [INFO] default - get Rubik successful
[2024-06-03T12:07:24.567] [INFO] default - get Rubik successful
[2024-06-03T12:07:24.956] [INFO] default - Access about page successful
[2024-06-03T12:07:25.387] [INFO] default - get product-detail Rubik's Coach Cube successfull
[2024-06-03T12:07:25.401] [INFO] default - get product-detail Rubik's 3x3 successfull
[2024-06-03T12:07:25.411] [INFO] default - get product-detail Rubik’s Apprentice 2x2 successfull
[2024-06-03T12:07:28.766] [INFO] default - get product-detail Rubik's Coach Cube successfull
[2024-06-03T12:07:28.778] [INFO] default - get product-detail Rubik's 3x3 successfull
[2024-06-03T12:07:28.788] [INFO] default - get product-detail Rubik’s Apprentice 2x2 successfull
[2024-06-03T12:07:29.709] [INFO] default - get product-detail Rubik's Coach Cube successfull
[2024-06-03T12:07:29.721] [INFO] default - get product-detail Rubik's 3x3 successfull
[2024-06-03T12:07:29.730] [INFO] default - get product-detail Rubik’s Apprentice 2x2 successfull
[2024-06-03T12:07:30.111] [INFO] default - get product-detail Rubik's Coach Cube successfull
[2024-06-03T12:07:30.123] [INFO] default - get product-detail Rubik's 3x3 successfull
[2024-06-03T12:07:30.167] [INFO] default - get product-detail Rubik’s Apprentice 2x2 successfull
[2024-06-03T12:07:30.282] [INFO] default - get product-detail Rubik's Coach Cube successfull
[2024-06-03T12:07:30.296] [INFO] default - get product-detail Rubik's 3x3 successfull
[2024-06-03T12:07:30.306] [INFO] default - get product-detail Rubik’s Apprentice 2x2 successfull
[2024-06-03T12:07:30.452] [INFO] default - get product-detail Rubik's Coach Cube successfull
[2024-06-03T12:07:30.462] [INFO] default - get product-detail Rubik's 3x3 successfull
[2024-06-03T12:07:30.474] [INFO] default - get product-detail Rubik’s Apprentice 2x2 successfull
[2024-06-03T12:07:30.769] [INFO] default - get product-detail Rubik's Coach Cube successfull
[2024-06-03T12:07:30.779] [INFO] default - get product-detail Rubik's 3x3 successfull
[2024-06-03T12:07:30.790] [INFO] default - get product-detail Rubik’s Apprentice 2x2 successfull
[2024-06-03T12:07:31.066] [INFO] default - get product-detail Rubik's Coach Cube successfull
[2024-06-03T12:07:31.078] [INFO] default - get product-detail Rubik's 3x3 successfull
[2024-06-03T12:07:31.088] [INFO] default - get product-detail Rubik’s Apprentice 2x2 successfull
[2024-06-03T12:07:35.010] [INFO] default - get Rubik successful
[2024-06-03T12:07:35.404] [INFO] default - get Rubik successful
[2024-06-03T12:07:35.791] [INFO] default - get Rubik successful
[2024-06-03T12:07:35.986] [INFO] default - get Rubik successful
[2024-06-03T12:07:36.147] [INFO] default - get Rubik successful
[2024-06-03T12:07:36.325] [INFO] default - get Rubik successful
[2024-06-03T12:07:36.634] [INFO] default - get Rubik successful
[2024-06-03T12:07:36.817] [INFO] default - get Rubik successful
[2024-06-03T12:07:36.984] [INFO] default - get Rubik successful
[2024-06-03T12:07:37.136] [INFO] default - get Rubik successful
[2024-06-03T12:07:37.309] [INFO] default - get Rubik successful
[2024-06-03T12:07:37.474] [INFO] default - get Rubik successful
[2024-06-03T12:07:37.783] [INFO] default - get Rubik successful
[2024-06-03T12:07:40.063] [INFO] default - get Rubik successful
[2024-06-03T12:07:40.745] [INFO] default - Access about page successful
[2024-06-03T12:07:41.464] [INFO] default - get product-detail Rubik's Coach Cube successfull
[2024-06-03T12:07:41.493] [INFO] default - get product-detail Rubik's 3x3 successfull
[2024-06-03T12:07:41.507] [INFO] default - get product-detail Rubik’s Apprentice 2x2 successfull
[2024-06-03T12:07:42.080] [INFO] default - Access about page successful
[2024-06-03T12:07:42.613] [INFO] default - Access about page successful
[2024-06-03T12:07:43.332] [INFO] default - Access about page successful
[2024-06-03T12:07:43.745] [INFO] default - Access about page successful
[2024-06-03T12:07:44.117] [INFO] default - Access about page successful
[2024-06-03T12:07:44.281] [INFO] default - Access about page successful
[2024-06-03T12:07:44.462] [INFO] default - Access about page successful
[2024-06-03T12:07:44.936] [INFO] default - get product-detail Rubik's Coach Cube successfull
[2024-06-03T12:07:44.954] [INFO] default - get product-detail Rubik's 3x3 successfull
[2024-06-03T12:07:44.963] [INFO] default - get product-detail Rubik’s Apprentice 2x2 successfull
[2024-06-03T12:09:04.398] [INFO] default - Update Topic List Successfully.
[2024-06-03T12:21:06.138] [INFO] default - Update Topic List Successfully.
[2024-06-03T12:33:03.144] [INFO] default - Update Topic List Successfully.
[2024-06-03T12:45:05.040] [INFO] default - Update Topic List Successfully.
[2024-06-03T12:57:01.819] [INFO] default - Update Topic List Successfully.
[2024-06-03T13:09:03.495] [INFO] default - Update Topic List Successfully.
[2024-06-03T13:21:05.246] [INFO] default - Update Topic List Successfully.
[2024-06-03T13:33:01.834] [INFO] default - Update Topic List Successfully.
[2024-06-03T13:45:03.519] [INFO] default - Update Topic List Successfully.
[2024-06-03T13:57:05.216] [INFO] default - Update Topic List Successfully.
[2024-06-03T14:09:01.990] [INFO] default - Update Topic List Successfully.
[2024-06-03T14:17:06.454] [INFO] default - Rotate Secret Key Successfully.
[2024-06-03T14:29:09.931] [INFO] default - Update Topic List Successfully.
[2024-06-03T14:41:06.714] [INFO] default - Update Topic List Successfully.
[2024-06-03T14:53:08.398] [INFO] default - Update Topic List Successfully.
[2024-06-03T15:05:10.141] [INFO] default - Update Topic List Successfully.
[2024-06-03T15:17:06.861] [INFO] default - Update Topic List Successfully.
[2024-06-03T15:29:08.881] [INFO] default - Update Topic List Successfully.
[2024-06-03T15:41:10.695] [INFO] default - Update Topic List Successfully.
[2024-06-03T15:53:07.355] [INFO] default - Update Topic List Successfully.
[2024-06-03T16:05:09.193] [INFO] default - Update Topic List Successfully.
[2024-06-03T16:17:11.017] [INFO] default - Update Topic List Successfully.
[2024-06-03T16:29:07.769] [INFO] default - Update Topic List Successfully.
[2024-06-03T16:41:09.539] [INFO] default - Update Topic List Successfully.
[2024-06-03T16:53:11.274] [INFO] default - Update Topic List Successfully.
[2024-06-03T17:05:07.937] [INFO] default - Update Topic List Successfully.
[2024-06-03T17:17:09.691] [INFO] default - Update Topic List Successfully.
[2024-06-03T17:29:11.365] [INFO] default - Update Topic List Successfully.
[2024-06-03T17:41:08.066] [INFO] default - Update Topic List Successfully.
[2024-06-03T17:53:09.939] [INFO] default - Update Topic List Successfully.
[2024-06-03T18:04:43.906] [INFO] default - Rotate Secret Key Successfully.
[2024-06-03T18:04:57.020] [INFO] default - Rotate Secret Key Successfully.
[2024-06-03T18:16:58.752] [INFO] default - Update Topic List Successfully.
[2024-06-03T18:29:00.492] [INFO] default - Update Topic List Successfully.
[2024-06-03T18:40:57.179] [INFO] default - Update Topic List Successfully.
[2024-06-03T18:52:58.765] [INFO] default - Update Topic List Successfully.
[2024-06-03T19:05:00.253] [INFO] default - Update Topic List Successfully.
[2024-06-03T19:17:01.879] [INFO] default - Update Topic List Successfully.
[2024-06-03T19:28:58.474] [INFO] default - Update Topic List Successfully.
[2024-06-03T19:41:00.038] [INFO] default - Update Topic List Successfully.
[2024-06-03T19:53:01.724] [INFO] default - Update Topic List Successfully.
[2024-06-03T20:04:58.230] [INFO] default - Update Topic List Successfully.
[2024-06-03T20:16:59.829] [INFO] default - Update Topic List Successfully.
[2024-06-03T20:29:01.426] [INFO] default - Update Topic List Successfully.
[2024-06-03T20:40:58.079] [INFO] default - Update Topic List Successfully.
[2024-06-03T20:52:59.718] [INFO] default - Update Topic List Successfully.
[2024-06-03T21:05:01.269] [INFO] default - Update Topic List Successfully.
[2024-06-03T21:16:57.836] [INFO] default - Update Topic List Successfully.
[2024-06-03T21:28:59.404] [INFO] default - Update Topic List Successfully.
[2024-06-03T21:41:00.982] [INFO] default - Update Topic List Successfully.
[2024-06-03T21:52:57.627] [INFO] default - Update Topic List Successfully.
[2024-06-03T22:04:59.240] [INFO] default - Update Topic List Successfully.
[2024-06-03T22:17:00.882] [INFO] default - Update Topic List Successfully.
[2024-06-03T22:28:57.396] [INFO] default - Update Topic List Successfully.
[2024-06-03T22:40:58.972] [INFO] default - Update Topic List Successfully.
[2024-06-03T22:53:00.569] [INFO] default - Update Topic List Successfully.
[2024-06-03T23:05:02.068] [INFO] default - Update Topic List Successfully.
[2024-06-03T23:16:58.625] [INFO] default - Update Topic List Successfully.
[2024-06-03T23:29:00.044] [INFO] default - Update Topic List Successfully.
[2024-06-03T23:41:01.550] [INFO] default - Update Topic List Successfully.
[2024-06-03T23:52:58.098] [INFO] default - Update Topic List Successfully.
