[2024-07-05T00:01:14.476] [INFO] default - Update Topic List Successfully.
[2024-07-05T00:13:16.083] [INFO] default - Update Topic List Successfully.
[2024-07-05T00:25:17.749] [INFO] default - Update Topic List Successfully.
[2024-07-05T00:37:14.331] [INFO] default - Update Topic List Successfully.
[2024-07-05T00:49:15.806] [INFO] default - Update Topic List Successfully.
[2024-07-05T01:01:17.321] [INFO] default - Update Topic List Successfully.
[2024-07-05T01:13:13.922] [INFO] default - Update Topic List Successfully.
[2024-07-05T01:25:15.498] [INFO] default - Update Topic List Successfully.
[2024-07-05T01:37:16.923] [INFO] default - Update Topic List Successfully.
[2024-07-05T01:49:13.441] [INFO] default - Update Topic List Successfully.
[2024-07-05T02:01:14.959] [INFO] default - Update Topic List Successfully.
[2024-07-05T02:13:16.450] [INFO] default - Update Topic List Successfully.
[2024-07-05T02:25:17.973] [INFO] default - Update Topic List Successfully.
[2024-07-05T02:37:14.490] [INFO] default - Update Topic List Successfully.
[2024-07-05T02:49:15.950] [INFO] default - Update Topic List Successfully.
[2024-07-05T03:01:17.474] [INFO] default - Update Topic List Successfully.
[2024-07-05T03:13:13.989] [INFO] default - Update Topic List Successfully.
[2024-07-05T03:25:15.441] [INFO] default - Update Topic List Successfully.
[2024-07-05T03:37:17.097] [INFO] default - Update Topic List Successfully.
[2024-07-05T03:49:13.534] [INFO] default - Update Topic List Successfully.
[2024-07-05T04:01:15.118] [INFO] default - Update Topic List Successfully.
[2024-07-05T04:13:16.577] [INFO] default - Update Topic List Successfully.
[2024-07-05T04:25:18.031] [INFO] default - Update Topic List Successfully.
[2024-07-05T04:37:14.618] [INFO] default - Update Topic List Successfully.
[2024-07-05T04:49:16.131] [INFO] default - Update Topic List Successfully.
[2024-07-05T05:01:17.559] [INFO] default - Update Topic List Successfully.
[2024-07-05T05:13:13.994] [INFO] default - Update Topic List Successfully.
[2024-07-05T05:25:15.540] [INFO] default - Update Topic List Successfully.
[2024-07-05T05:37:16.931] [INFO] default - Update Topic List Successfully.
[2024-07-05T05:49:13.403] [INFO] default - Update Topic List Successfully.
[2024-07-05T06:01:14.914] [INFO] default - Update Topic List Successfully.
[2024-07-05T06:13:16.403] [INFO] default - Update Topic List Successfully.
[2024-07-05T06:25:17.917] [INFO] default - Update Topic List Successfully.
[2024-07-05T06:37:14.380] [INFO] default - Update Topic List Successfully.
[2024-07-05T06:49:15.923] [INFO] default - Update Topic List Successfully.
[2024-07-05T07:01:17.377] [INFO] default - Update Topic List Successfully.
[2024-07-05T07:13:13.818] [INFO] default - Update Topic List Successfully.
[2024-07-05T07:25:15.407] [INFO] default - Update Topic List Successfully.
[2024-07-05T07:37:17.058] [INFO] default - Update Topic List Successfully.
[2024-07-05T07:49:13.644] [INFO] default - Update Topic List Successfully.
[2024-07-05T08:01:15.122] [INFO] default - Update Topic List Successfully.
[2024-07-05T08:13:16.557] [INFO] default - Update Topic List Successfully.
[2024-07-05T08:25:18.064] [INFO] default - Update Topic List Successfully.
[2024-07-05T08:37:14.544] [INFO] default - Update Topic List Successfully.
[2024-07-05T08:49:16.007] [INFO] default - Update Topic List Successfully.
[2024-07-05T09:01:17.400] [INFO] default - Update Topic List Successfully.
[2024-07-05T09:13:13.922] [INFO] default - Update Topic List Successfully.
[2024-07-05T09:25:15.417] [INFO] default - Update Topic List Successfully.
[2024-07-05T09:37:16.945] [INFO] default - Update Topic List Successfully.
[2024-07-05T09:49:13.437] [INFO] default - Update Topic List Successfully.
[2024-07-05T10:01:15.500] [INFO] default - Update Topic List Successfully.
[2024-07-05T10:13:18.832] [INFO] default - Update Topic List Successfully.
[2024-07-05T10:25:15.722] [INFO] default - Update Topic List Successfully.
[2024-07-05T10:37:17.579] [INFO] default - Update Topic List Successfully.
[2024-07-05T10:46:47.528] [INFO] default - Access about page successful
[2024-07-05T10:46:48.654] [INFO] default - Close Log SSE Successfully.
[2024-07-05T10:46:48.836] [INFO] default - get product-detail Rubik's Coach Cube successfull
[2024-07-05T10:46:48.852] [INFO] default - get product-detail Rubik's 3x3 successfull
[2024-07-05T10:46:48.867] [INFO] default - get product-detail Rubik’s Apprentice 2x2 successfull
[2024-07-05T10:46:49.661] [INFO] default - GET DEVICE LIST SUCCESSFULLY FOR USER helloman123
[2024-07-05T10:47:28.895] [INFO] default - Image original name:rubik.png
[2024-07-05T10:47:28.895] [INFO] default - Image file name:c657e943b743dfa1489679857dab7eaf
[2024-07-05T10:47:29.008] [INFO] default - Third party handle image:undefined
[2024-07-05T10:47:29.009] [INFO] default - ADD IMAGES SUCCESSFULLY.
[2024-07-05T10:47:34.010] [INFO] default - DELETE IMAGE c657e943b743dfa1489679857dab7eaf SUCCESSFULLY
[2024-07-05T10:48:00.983] [INFO] default - Image original name:rubik.png
[2024-07-05T10:48:00.983] [INFO] default - Image file name:05545d7e144819360892206c313c0fbc
[2024-07-05T10:48:01.048] [INFO] default - Third party handle image:undefined
[2024-07-05T10:48:01.048] [INFO] default - ADD IMAGES SUCCESSFULLY.
[2024-07-05T10:48:06.055] [INFO] default - DELETE IMAGE 05545d7e144819360892206c313c0fbc SUCCESSFULLY
[2024-07-05T10:49:19.514] [INFO] default - Update Topic List Successfully.
[2024-07-05T11:01:16.188] [INFO] default - Update Topic List Successfully.
[2024-07-05T11:05:35.668] [INFO] default - Image original name:rubik.png
[2024-07-05T11:05:35.668] [INFO] default - Image file name:0991e0aa5646a454ee6ee4b755457c55
[2024-07-05T11:05:35.690] [INFO] default - ADD IMAGES SUCCESSFULLY.
[2024-07-05T11:05:40.707] [INFO] default - DELETE IMAGE 0991e0aa5646a454ee6ee4b755457c55 SUCCESSFULLY
[2024-07-05T11:05:49.869] [INFO] default - Image original name:rubik.png
[2024-07-05T11:05:49.869] [INFO] default - Image file name:dcb3ceabf60e564132525bf37fcde762
[2024-07-05T11:05:49.878] [INFO] default - Third party handle image:undefined
[2024-07-05T11:05:49.880] [INFO] default - ADD IMAGES SUCCESSFULLY.
[2024-07-05T11:05:54.891] [INFO] default - DELETE IMAGE dcb3ceabf60e564132525bf37fcde762 SUCCESSFULLY
[2024-07-05T11:06:19.397] [INFO] default - Image original name:rubik.png
[2024-07-05T11:06:19.397] [INFO] default - Image file name:7a504959588e9995545b2d2dae57b661
[2024-07-05T11:06:19.459] [INFO] default - ADD IMAGES SUCCESSFULLY.
[2024-07-05T11:06:24.475] [INFO] default - DELETE IMAGE 7a504959588e9995545b2d2dae57b661 SUCCESSFULLY
[2024-07-05T11:06:44.160] [INFO] default - Image original name:rubik.png
[2024-07-05T11:06:44.160] [INFO] default - Image file name:37f4395723ba63e4be24ba77119478b9
[2024-07-05T11:07:00.678] [INFO] default - Third party handle image:undefined
[2024-07-05T11:07:00.679] [INFO] default - ADD IMAGES SUCCESSFULLY.
[2024-07-05T11:07:05.688] [INFO] default - DELETE IMAGE 37f4395723ba63e4be24ba77119478b9 SUCCESSFULLY
[2024-07-05T11:08:33.879] [INFO] default - Image original name:demo-calibrate-mode-success.jpg
[2024-07-05T11:08:33.880] [INFO] default - Image file name:4f255e3e8f8db872cec04b34ae001ea5
[2024-07-05T11:08:38.223] [INFO] default - Third party handle image:undefined
[2024-07-05T11:08:38.224] [INFO] default - ADD IMAGES SUCCESSFULLY.
[2024-07-05T11:08:39.795] [INFO] default - Image original name:demo-calibrate-mode-success.jpg
[2024-07-05T11:08:39.795] [INFO] default - Image file name:0cb0b636694bb332361c0bbef3e42f33
[2024-07-05T11:08:43.236] [INFO] default - DELETE IMAGE 4f255e3e8f8db872cec04b34ae001ea5 SUCCESSFULLY
[2024-07-05T11:08:54.951] [INFO] default - Third party handle image:undefined
[2024-07-05T11:08:54.952] [INFO] default - ADD IMAGES SUCCESSFULLY.
[2024-07-05T11:08:59.961] [INFO] default - DELETE IMAGE 0cb0b636694bb332361c0bbef3e42f33 SUCCESSFULLY
[2024-07-05T11:10:03.148] [INFO] default - Image original name:demo-calibrate-mode-success.jpg
[2024-07-05T11:10:03.148] [INFO] default - Image file name:5ccb011e5ff6ab1809212966fc66e94c
[2024-07-05T11:10:18.394] [INFO] default - Third party handle image:undefined
[2024-07-05T11:10:18.394] [INFO] default - ADD IMAGES SUCCESSFULLY.
[2024-07-05T11:10:23.399] [INFO] default - DELETE IMAGE 5ccb011e5ff6ab1809212966fc66e94c SUCCESSFULLY
[2024-07-05T11:10:32.421] [INFO] default - Image original name:rubik.png
[2024-07-05T11:10:32.421] [INFO] default - Image file name:3cdf9f3d2be2a9e2b384a50e28bca031
[2024-07-05T11:10:41.757] [INFO] default - Third party handle image:undefined
[2024-07-05T11:10:41.758] [INFO] default - ADD IMAGES SUCCESSFULLY.
[2024-07-05T11:10:46.770] [INFO] default - DELETE IMAGE 3cdf9f3d2be2a9e2b384a50e28bca031 SUCCESSFULLY
[2024-07-05T11:11:08.852] [INFO] default - Image original name:rubik.png
[2024-07-05T11:11:08.852] [INFO] default - Image file name:6b30e96fad85207ab8562c2a851ea163
[2024-07-05T11:11:10.345] [INFO] default - Third party handle image:undefined
[2024-07-05T11:11:10.345] [INFO] default - ADD IMAGES SUCCESSFULLY.
[2024-07-05T11:11:15.352] [INFO] default - DELETE IMAGE 6b30e96fad85207ab8562c2a851ea163 SUCCESSFULLY
[2024-07-05T11:11:18.984] [INFO] default - Image original name:rubik_face.jpg
[2024-07-05T11:11:18.984] [INFO] default - Image file name:640dff2dd11e2c15f6aee21ce4cb6a7f
[2024-07-05T11:11:36.221] [INFO] default - Third party handle image:undefined
[2024-07-05T11:11:36.221] [INFO] default - ADD IMAGES SUCCESSFULLY.
[2024-07-05T11:11:41.226] [INFO] default - DELETE IMAGE 640dff2dd11e2c15f6aee21ce4cb6a7f SUCCESSFULLY
[2024-07-05T11:13:17.897] [INFO] default - Update Topic List Successfully.
[2024-07-05T11:15:04.069] [INFO] default - Image original name:rubik_face.jpg
[2024-07-05T11:15:04.069] [INFO] default - Image file name:c291b7513e6c4ebcf960c87f33f163ed
[2024-07-05T11:15:07.716] [INFO] default - Third party handle image:undefined
[2024-07-05T11:15:07.717] [INFO] default - ADD IMAGES SUCCESSFULLY.
[2024-07-05T11:15:08.931] [INFO] default - Image original name:rubik_face.jpg
[2024-07-05T11:15:08.931] [INFO] default - Image file name:11509dc93bf9ededbf87b3703555619a
[2024-07-05T11:15:10.261] [INFO] default - Third party handle image:undefined
[2024-07-05T11:15:10.261] [INFO] default - ADD IMAGES SUCCESSFULLY.
[2024-07-05T11:15:12.723] [INFO] default - DELETE IMAGE c291b7513e6c4ebcf960c87f33f163ed SUCCESSFULLY
[2024-07-05T11:15:15.271] [INFO] default - DELETE IMAGE 11509dc93bf9ededbf87b3703555619a SUCCESSFULLY
[2024-07-05T11:15:17.852] [INFO] default - Image original name:rubik_face.jpg
[2024-07-05T11:15:17.852] [INFO] default - Image file name:3b322c2d8785e6b02ef8165280fa162d
[2024-07-05T11:15:19.031] [INFO] default - Third party handle image:undefined
[2024-07-05T11:15:19.032] [INFO] default - ADD IMAGES SUCCESSFULLY.
[2024-07-05T11:15:24.048] [INFO] default - DELETE IMAGE 3b322c2d8785e6b02ef8165280fa162d SUCCESSFULLY
[2024-07-05T11:15:54.829] [INFO] default - Image original name:rubik.png
[2024-07-05T11:15:54.829] [INFO] default - Image file name:9756ba595c29c07871d4d52cd9532dfd
[2024-07-05T11:15:59.502] [INFO] default - Third party handle image:undefined
[2024-07-05T11:15:59.503] [INFO] default - ADD IMAGES SUCCESSFULLY.
[2024-07-05T11:16:04.509] [INFO] default - DELETE IMAGE 9756ba595c29c07871d4d52cd9532dfd SUCCESSFULLY
[2024-07-05T11:25:19.559] [INFO] default - Update Topic List Successfully.
[2024-07-05T11:27:35.450] [INFO] default - Image original name:rubik.png
[2024-07-05T11:27:35.450] [INFO] default - Image file name:9643cca95a789417903d4548bfa9f1b5
[2024-07-05T11:27:44.547] [INFO] default - Third party handle image:undefined
[2024-07-05T11:27:44.547] [INFO] default - ADD IMAGES SUCCESSFULLY.
[2024-07-05T11:27:49.555] [INFO] default - DELETE IMAGE 9643cca95a789417903d4548bfa9f1b5 SUCCESSFULLY
[2024-07-05T11:28:49.803] [INFO] default - Image original name:rubik.png
[2024-07-05T11:28:49.803] [INFO] default - Image file name:cd120ae269b4d50f6b0c636821de5fc3
[2024-07-05T11:29:08.905] [INFO] default - Third party handle image:undefined
[2024-07-05T11:29:08.906] [INFO] default - ADD IMAGES SUCCESSFULLY.
[2024-07-05T11:29:13.910] [INFO] default - DELETE IMAGE cd120ae269b4d50f6b0c636821de5fc3 SUCCESSFULLY
[2024-07-05T11:29:21.030] [INFO] default - Image original name:rubik_face.jpg
[2024-07-05T11:29:21.030] [INFO] default - Image file name:03be8a2e0d6895c020e30a0aecc933aa
[2024-07-05T11:29:26.725] [INFO] default - Third party handle image:undefined
[2024-07-05T11:29:26.725] [INFO] default - ADD IMAGES SUCCESSFULLY.
[2024-07-05T11:29:31.737] [INFO] default - DELETE IMAGE 03be8a2e0d6895c020e30a0aecc933aa SUCCESSFULLY
[2024-07-05T11:29:38.841] [INFO] default - Image original name:rubik_face.jpg
[2024-07-05T11:29:38.841] [INFO] default - Image file name:c99db997db410d89adc77fb0954136e0
[2024-07-05T11:29:43.707] [INFO] default - Third party handle image:undefined
[2024-07-05T11:29:43.707] [INFO] default - ADD IMAGES SUCCESSFULLY.
[2024-07-05T11:29:45.321] [INFO] default - Image original name:rubik_face.jpg
[2024-07-05T11:29:45.322] [INFO] default - Image file name:24abbaccf727b6f6f2749c378223b6c4
[2024-07-05T11:29:46.820] [INFO] default - Third party handle image:undefined
[2024-07-05T11:29:46.821] [INFO] default - ADD IMAGES SUCCESSFULLY.
[2024-07-05T11:29:48.717] [INFO] default - DELETE IMAGE c99db997db410d89adc77fb0954136e0 SUCCESSFULLY
[2024-07-05T11:29:51.827] [INFO] default - DELETE IMAGE 24abbaccf727b6f6f2749c378223b6c4 SUCCESSFULLY
[2024-07-05T11:31:17.721] [INFO] default - Image original name:rubik_face.jpg
[2024-07-05T11:31:17.721] [INFO] default - Image file name:7a34eda91b132cc6bdbba8544216f1d1
[2024-07-05T11:31:22.349] [INFO] default - Third party handle image:undefined
[2024-07-05T11:31:22.350] [INFO] default - ADD IMAGES SUCCESSFULLY.
[2024-07-05T11:31:27.360] [INFO] default - DELETE IMAGE 7a34eda91b132cc6bdbba8544216f1d1 SUCCESSFULLY
[2024-07-05T11:31:30.786] [INFO] default - Image original name:rubik.png
[2024-07-05T11:31:30.786] [INFO] default - Image file name:696a43b75707625116c900dfb08f425b
[2024-07-05T11:31:34.441] [INFO] default - Third party handle image:undefined
[2024-07-05T11:31:34.442] [INFO] default - ADD IMAGES SUCCESSFULLY.
[2024-07-05T11:31:39.445] [INFO] default - DELETE IMAGE 696a43b75707625116c900dfb08f425b SUCCESSFULLY
[2024-07-05T11:33:24.503] [INFO] default - Image original name:rubik.png
[2024-07-05T11:33:24.503] [INFO] default - Image file name:120a9bb44ea174a0ce94f8aefdd20aa4
[2024-07-05T11:33:30.046] [INFO] default - Third party handle image:undefined
[2024-07-05T11:33:30.046] [INFO] default - ADD IMAGES SUCCESSFULLY.
[2024-07-05T11:33:35.061] [INFO] default - DELETE IMAGE 120a9bb44ea174a0ce94f8aefdd20aa4 SUCCESSFULLY
[2024-07-05T11:33:39.404] [INFO] default - Image original name:rubik_face.jpg
[2024-07-05T11:33:39.404] [INFO] default - Image file name:8d5a2fad46bc134bfea0d57e065edd1c
[2024-07-05T11:33:47.118] [INFO] default - Third party handle image:undefined
[2024-07-05T11:33:47.119] [INFO] default - ADD IMAGES SUCCESSFULLY.
[2024-07-05T11:33:48.816] [INFO] default - Image original name:rubik_face.jpg
[2024-07-05T11:33:48.816] [INFO] default - Image file name:10eb4086984679e2fa089dd0eaa06df8
[2024-07-05T11:33:51.834] [INFO] default - Third party handle image:undefined
[2024-07-05T11:33:51.835] [INFO] default - ADD IMAGES SUCCESSFULLY.
[2024-07-05T11:33:52.122] [INFO] default - DELETE IMAGE 8d5a2fad46bc134bfea0d57e065edd1c SUCCESSFULLY
[2024-07-05T11:33:56.845] [INFO] default - DELETE IMAGE 10eb4086984679e2fa089dd0eaa06df8 SUCCESSFULLY
[2024-07-05T11:34:13.865] [INFO] default - Image original name:demo-calibrate-mode-success.jpg
[2024-07-05T11:34:13.865] [INFO] default - Image file name:9f773f527c0bd45290924185273db2de
[2024-07-05T11:34:33.605] [INFO] default - Third party handle image:undefined
[2024-07-05T11:34:33.605] [INFO] default - ADD IMAGES SUCCESSFULLY.
[2024-07-05T11:34:38.609] [INFO] default - DELETE IMAGE 9f773f527c0bd45290924185273db2de SUCCESSFULLY
[2024-07-05T11:35:16.316] [INFO] default - Image original name:demo-calibrate-mode-success.jpg
[2024-07-05T11:35:16.316] [INFO] default - Image file name:f75bb2232de1bc54ac93b7fa92566556
[2024-07-05T11:35:52.896] [INFO] default - Image original name:demo-calibrate-mode-success.jpg
[2024-07-05T11:35:52.896] [INFO] default - Image file name:132e611a61c6986035c88a420c79fbc8
[2024-07-05T11:35:55.917] [INFO] default - Third party handle image:undefined
[2024-07-05T11:35:55.917] [INFO] default - ADD IMAGES SUCCESSFULLY.
[2024-07-05T11:35:57.482] [INFO] default - Third party handle image:undefined
[2024-07-05T11:35:57.483] [INFO] default - ADD IMAGES SUCCESSFULLY.
[2024-07-05T11:36:00.930] [INFO] default - DELETE IMAGE f75bb2232de1bc54ac93b7fa92566556 SUCCESSFULLY
[2024-07-05T11:36:02.496] [INFO] default - DELETE IMAGE 132e611a61c6986035c88a420c79fbc8 SUCCESSFULLY
[2024-07-05T11:36:05.019] [INFO] default - Image original name:demo-calibrate-mode-success.jpg
[2024-07-05T11:36:05.019] [INFO] default - Image file name:c5a99730bee0e385f8e9357c68c41e97
[2024-07-05T11:36:36.407] [INFO] default - Close Log SSE Successfully.
[2024-07-05T11:36:38.176] [INFO] default - Third party handle image:undefined
[2024-07-05T11:36:38.176] [INFO] default - ADD IMAGES SUCCESSFULLY.
[2024-07-05T11:36:43.194] [INFO] default - DELETE IMAGE c5a99730bee0e385f8e9357c68c41e97 SUCCESSFULLY
[2024-07-05T11:36:51.454] [INFO] default - GET DEVICE LIST SUCCESSFULLY FOR USER helloman123
[2024-07-05T11:37:08.223] [INFO] default - Image original name:demo-calibrate-mode-success.jpg
[2024-07-05T11:37:08.223] [INFO] default - Image file name:2099d2097408f24802f3fad2cb462c21
[2024-07-05T11:37:16.223] [INFO] default - Update Topic List Successfully.
[2024-07-05T11:46:02.169] [INFO] default - Third party handle image:undefined
[2024-07-05T11:46:02.170] [INFO] default - ADD IMAGES SUCCESSFULLY.
[2024-07-05T11:46:07.180] [INFO] default - DELETE IMAGE 2099d2097408f24802f3fad2cb462c21 SUCCESSFULLY
[2024-07-05T11:46:09.301] [INFO] default - Image original name:demo-calibrate-mode-success.jpg
[2024-07-05T11:46:09.301] [INFO] default - Image file name:a9481206513cb9ad6cc63c714259c928
[2024-07-05T11:49:17.939] [INFO] default - Update Topic List Successfully.
[2024-07-05T11:51:04.847] [INFO] default - Third party handle image:undefined
[2024-07-05T11:51:04.848] [INFO] default - ADD IMAGES SUCCESSFULLY.
[2024-07-05T11:51:09.849] [INFO] default - DELETE IMAGE a9481206513cb9ad6cc63c714259c928 SUCCESSFULLY
[2024-07-05T11:51:34.522] [INFO] default - Access about page successful
[2024-07-05T11:51:35.742] [INFO] default - Close Log SSE Successfully.
[2024-07-05T11:51:35.910] [INFO] default - get product-detail Rubik's Coach Cube successfull
[2024-07-05T11:51:35.935] [INFO] default - get product-detail Rubik's 3x3 successfull
[2024-07-05T11:51:35.953] [INFO] default - get product-detail Rubik’s Apprentice 2x2 successfull
[2024-07-05T11:51:36.744] [INFO] default - GET DEVICE LIST SUCCESSFULLY FOR USER helloman123
[2024-07-05T11:51:41.731] [INFO] default - Image original name:demo-calibrate-mode-success.jpg
[2024-07-05T11:51:41.732] [INFO] default - Image file name:81fd30fbcf8da735e76db33776394a1d
[2024-07-05T11:52:07.734] [INFO] default - Third party handle image:undefined
[2024-07-05T11:52:07.734] [INFO] default - ADD IMAGES SUCCESSFULLY.
[2024-07-05T11:52:12.736] [INFO] default - DELETE IMAGE 81fd30fbcf8da735e76db33776394a1d SUCCESSFULLY
[2024-07-05T11:52:14.615] [INFO] default - Image original name:demo-calibrate-mode-success.jpg
[2024-07-05T11:52:14.615] [INFO] default - Image file name:fdf51b16ac14ad8b8a1a442a4ec20342
[2024-07-05T11:52:59.532] [INFO] default - Third party handle image:undefined
[2024-07-05T11:52:59.533] [INFO] default - ADD IMAGES SUCCESSFULLY.
[2024-07-05T11:53:04.033] [INFO] default - Image original name:demo-calibrate-mode-success.jpg
[2024-07-05T11:53:04.033] [INFO] default - Image file name:23391b6317b3f9db7adf13b11781b5e0
[2024-07-05T11:53:04.536] [INFO] default - DELETE IMAGE fdf51b16ac14ad8b8a1a442a4ec20342 SUCCESSFULLY
[2024-07-05T11:53:52.710] [INFO] default - Third party handle image:undefined
[2024-07-05T11:53:52.711] [INFO] default - ADD IMAGES SUCCESSFULLY.
[2024-07-05T11:53:57.720] [INFO] default - DELETE IMAGE 23391b6317b3f9db7adf13b11781b5e0 SUCCESSFULLY
[2024-07-05T11:53:59.112] [INFO] default - Image original name:demo-calibrate-mode-success.jpg
[2024-07-05T11:53:59.112] [INFO] default - Image file name:4411e62b69105be64a7e1dfdf9e8eb36
[2024-07-05T11:55:13.532] [INFO] default - Third party handle image:undefined
[2024-07-05T11:55:13.533] [INFO] default - ADD IMAGES SUCCESSFULLY.
[2024-07-05T11:55:18.542] [INFO] default - DELETE IMAGE 4411e62b69105be64a7e1dfdf9e8eb36 SUCCESSFULLY
[2024-07-05T11:55:19.556] [INFO] default - Image original name:demo-calibrate-mode-success.jpg
[2024-07-05T11:55:19.556] [INFO] default - Image file name:a3f283aceb1f9fd4a5355b08fdcea0e2
[2024-07-05T11:55:19.604] [INFO] default - ADD IMAGES SUCCESSFULLY.
[2024-07-05T11:55:24.621] [INFO] default - DELETE IMAGE a3f283aceb1f9fd4a5355b08fdcea0e2 SUCCESSFULLY
[2024-07-05T11:55:38.664] [INFO] default - Image original name:demo-calibrate-mode-success.jpg
[2024-07-05T11:55:38.664] [INFO] default - Image file name:26a3fa868a1e033ca1b01c13970f0b85
[2024-07-05T11:56:55.937] [INFO] default - Third party handle image:undefined
[2024-07-05T11:56:55.937] [INFO] default - ADD IMAGES SUCCESSFULLY.
[2024-07-05T11:57:00.026] [INFO] default - Image original name:demo-calibrate-mode-success.jpg
[2024-07-05T11:57:00.026] [INFO] default - Image file name:73871d06e42e07761a76e9ab2171afd9
[2024-07-05T11:57:00.940] [INFO] default - DELETE IMAGE 26a3fa868a1e033ca1b01c13970f0b85 SUCCESSFULLY
[2024-07-05T11:57:30.955] [INFO] default - Third party handle image:undefined
[2024-07-05T11:57:30.956] [INFO] default - ADD IMAGES SUCCESSFULLY.
[2024-07-05T11:57:35.972] [INFO] default - DELETE IMAGE 73871d06e42e07761a76e9ab2171afd9 SUCCESSFULLY
[2024-07-05T11:57:36.936] [INFO] default - Image original name:demo-calibrate-mode-success.jpg
[2024-07-05T11:57:36.936] [INFO] default - Image file name:a27d75cead8ce5e3c227474d403bade9
[2024-07-05T11:57:46.820] [INFO] default - Third party handle image:undefined
[2024-07-05T11:57:46.820] [INFO] default - ADD IMAGES SUCCESSFULLY.
[2024-07-05T11:57:51.835] [INFO] default - DELETE IMAGE a27d75cead8ce5e3c227474d403bade9 SUCCESSFULLY
[2024-07-05T11:57:58.693] [INFO] default - Image original name:rubik.png
[2024-07-05T11:57:58.693] [INFO] default - Image file name:7abf83bfe254249d131c7a084da979fe
[2024-07-05T11:58:01.983] [INFO] default - Third party handle image:undefined
[2024-07-05T11:58:01.983] [INFO] default - ADD IMAGES SUCCESSFULLY.
[2024-07-05T11:58:06.010] [INFO] default - Image original name:rubik_face.jpg
[2024-07-05T11:58:06.010] [INFO] default - Image file name:9a28589b43e990d9f38fc56bde824b96
[2024-07-05T11:58:07.001] [INFO] default - DELETE IMAGE 7abf83bfe254249d131c7a084da979fe SUCCESSFULLY
[2024-07-05T11:58:07.782] [INFO] default - Third party handle image:undefined
[2024-07-05T11:58:07.782] [INFO] default - ADD IMAGES SUCCESSFULLY.
[2024-07-05T11:58:09.657] [INFO] default - Image original name:rubik_face.jpg
[2024-07-05T11:58:09.657] [INFO] default - Image file name:f33c7eb38c8a4d5487556aa549ab9f56
[2024-07-05T11:58:10.534] [INFO] default - Third party handle image:undefined
[2024-07-05T11:58:10.534] [INFO] default - ADD IMAGES SUCCESSFULLY.
[2024-07-05T11:58:12.799] [INFO] default - DELETE IMAGE 9a28589b43e990d9f38fc56bde824b96 SUCCESSFULLY
[2024-07-05T11:58:15.538] [INFO] default - DELETE IMAGE f33c7eb38c8a4d5487556aa549ab9f56 SUCCESSFULLY
[2024-07-05T11:58:27.055] [INFO] default - Image original name:rubik.png
[2024-07-05T11:58:27.055] [INFO] default - Image file name:d35cdb8f40fc63ab02b1ad04ec90c87c
[2024-07-05T11:58:30.633] [INFO] default - Third party handle image:undefined
[2024-07-05T11:58:30.633] [INFO] default - ADD IMAGES SUCCESSFULLY.
[2024-07-05T11:58:31.812] [INFO] default - Image original name:rubik.png
[2024-07-05T11:58:31.812] [INFO] default - Image file name:aea38af6918136fcbca7e0145ba35dba
[2024-07-05T11:58:32.523] [INFO] default - Third party handle image:undefined
[2024-07-05T11:58:32.524] [INFO] default - ADD IMAGES SUCCESSFULLY.
[2024-07-05T11:58:35.643] [INFO] default - DELETE IMAGE d35cdb8f40fc63ab02b1ad04ec90c87c SUCCESSFULLY
[2024-07-05T11:58:37.535] [INFO] default - DELETE IMAGE aea38af6918136fcbca7e0145ba35dba SUCCESSFULLY
[2024-07-05T11:58:43.857] [INFO] default - Image original name:rubik_face.jpg
[2024-07-05T11:58:43.857] [INFO] default - Image file name:5b6bd67c66d83ceefb0696a17fbfed0a
[2024-07-05T11:58:47.889] [INFO] default - Third party handle image:undefined
[2024-07-05T11:58:47.890] [INFO] default - ADD IMAGES SUCCESSFULLY.
[2024-07-05T11:58:52.901] [INFO] default - DELETE IMAGE 5b6bd67c66d83ceefb0696a17fbfed0a SUCCESSFULLY
[2024-07-05T12:01:19.855] [INFO] default - Update Topic List Successfully.
[2024-07-05T12:13:16.537] [INFO] default - Update Topic List Successfully.
[2024-07-05T12:13:34.569] [INFO] default - Image original name:rubik_face.jpg
[2024-07-05T12:13:34.569] [INFO] default - Image file name:7861b8496dbea919fb06877a2e5d8f90
[2024-07-05T12:13:34.584] [INFO] default - ADD IMAGES SUCCESSFULLY.
[2024-07-05T12:13:39.592] [INFO] default - DELETE IMAGE 7861b8496dbea919fb06877a2e5d8f90 SUCCESSFULLY
[2024-07-05T12:14:28.875] [INFO] default - Image original name:rubik_face.jpg
[2024-07-05T12:14:28.875] [INFO] default - Image file name:b54ccca2b6fa291210895ac2611d2cd5
[2024-07-05T12:14:36.387] [INFO] default - Third party handle image:undefined
[2024-07-05T12:14:36.388] [INFO] default - ADD IMAGES SUCCESSFULLY.
[2024-07-05T12:14:41.396] [INFO] default - DELETE IMAGE b54ccca2b6fa291210895ac2611d2cd5 SUCCESSFULLY
[2024-07-05T12:14:49.028] [INFO] default - Image original name:rubik_face.jpg
[2024-07-05T12:14:49.028] [INFO] default - Image file name:5ba4a20ae42b7bfceedb4ab4ff5e3e48
[2024-07-05T12:14:56.733] [INFO] default - Third party handle image:undefined
[2024-07-05T12:14:56.733] [INFO] default - ADD IMAGES SUCCESSFULLY.
[2024-07-05T12:15:01.742] [INFO] default - DELETE IMAGE 5ba4a20ae42b7bfceedb4ab4ff5e3e48 SUCCESSFULLY
[2024-07-05T12:15:18.658] [INFO] default - Image original name:rubik_face.jpg
[2024-07-05T12:15:18.658] [INFO] default - Image file name:5af8ab57c4d680bef5ea0150b5b1000e
[2024-07-05T12:15:38.880] [INFO] default - Third party handle image:undefined
[2024-07-05T12:15:38.880] [INFO] default - ADD IMAGES SUCCESSFULLY.
[2024-07-05T12:15:39.963] [INFO] default - Image original name:rubik_face.jpg
[2024-07-05T12:15:39.963] [INFO] default - Image file name:3979cd99bf58c7e8c948768de7750f19
[2024-07-05T12:15:43.896] [INFO] default - DELETE IMAGE 5af8ab57c4d680bef5ea0150b5b1000e SUCCESSFULLY
[2024-07-05T12:15:44.755] [INFO] default - Third party handle image:undefined
[2024-07-05T12:15:44.755] [INFO] default - ADD IMAGES SUCCESSFULLY.
[2024-07-05T12:15:49.769] [INFO] default - DELETE IMAGE 3979cd99bf58c7e8c948768de7750f19 SUCCESSFULLY
[2024-07-05T12:25:18.152] [INFO] default - Update Topic List Successfully.
[2024-07-05T12:37:19.780] [INFO] default - Update Topic List Successfully.
[2024-07-05T12:49:16.323] [INFO] default - Update Topic List Successfully.
[2024-07-05T13:01:17.894] [INFO] default - Update Topic List Successfully.
[2024-07-05T13:13:19.408] [INFO] default - Update Topic List Successfully.
[2024-07-05T13:25:15.909] [INFO] default - Update Topic List Successfully.
[2024-07-05T13:37:17.297] [INFO] default - Update Topic List Successfully.
[2024-07-05T13:49:18.910] [INFO] default - Update Topic List Successfully.
[2024-07-05T14:01:15.471] [INFO] default - Update Topic List Successfully.
[2024-07-05T14:13:17.176] [INFO] default - Update Topic List Successfully.
[2024-07-05T14:23:05.758] [INFO] default - Access about page successful
[2024-07-05T14:23:06.923] [INFO] default - Close Log SSE Successfully.
[2024-07-05T14:23:07.199] [INFO] default - get product-detail Rubik's Coach Cube successfull
[2024-07-05T14:23:07.217] [INFO] default - get product-detail Rubik's 3x3 successfull
[2024-07-05T14:23:07.238] [INFO] default - get product-detail Rubik’s Apprentice 2x2 successfull
[2024-07-05T14:23:07.925] [INFO] default - GET DEVICE LIST SUCCESSFULLY FOR USER helloman123
[2024-07-05T14:23:15.624] [INFO] default - Image original name:rubik_face.jpg
[2024-07-05T14:23:15.624] [INFO] default - Image file name:be5fd919aaf51b66c5373e818316517e
[2024-07-05T14:23:15.791] [INFO] default - ADD IMAGES SUCCESSFULLY.
[2024-07-05T14:23:20.810] [INFO] default - DELETE IMAGE be5fd919aaf51b66c5373e818316517e SUCCESSFULLY
[2024-07-05T14:24:03.927] [INFO] default - Image original name:rubik_face.jpg
[2024-07-05T14:24:03.927] [INFO] default - Image file name:09fcfd07ac7b8fd17bb093fc54535e5c
[2024-07-05T14:25:16.859] [INFO] default - Third party handle image:undefined
[2024-07-05T14:25:16.859] [INFO] default - ADD IMAGES SUCCESSFULLY.
[2024-07-05T14:25:18.827] [INFO] default - Update Topic List Successfully.
[2024-07-05T14:25:21.303] [INFO] default - Image original name:rubik_face.jpg
[2024-07-05T14:25:21.303] [INFO] default - Image file name:7d6f074997ebaa2bc556aba69a99002a
[2024-07-05T14:25:21.863] [INFO] default - DELETE IMAGE 09fcfd07ac7b8fd17bb093fc54535e5c SUCCESSFULLY
[2024-07-05T14:25:59.985] [INFO] default - Third party handle image:undefined
[2024-07-05T14:25:59.986] [INFO] default - ADD IMAGES SUCCESSFULLY.
[2024-07-05T14:26:04.998] [INFO] default - DELETE IMAGE 7d6f074997ebaa2bc556aba69a99002a SUCCESSFULLY
[2024-07-05T14:33:30.232] [INFO] default - Image original name:rubik_face.jpg
[2024-07-05T14:33:30.233] [INFO] default - Image file name:5d9dc5ae8e4fd236a6e119e8b4f5fd74
[2024-07-05T14:33:30.244] [INFO] default - ADD IMAGES SUCCESSFULLY.
[2024-07-05T14:33:35.250] [INFO] default - DELETE IMAGE 5d9dc5ae8e4fd236a6e119e8b4f5fd74 SUCCESSFULLY
[2024-07-05T14:33:46.910] [INFO] default - Image original name:rubik_face.jpg
[2024-07-05T14:33:46.910] [INFO] default - Image file name:962febb32e840e09d5097779a5db90d5
[2024-07-05T14:33:46.925] [INFO] default - ADD IMAGES SUCCESSFULLY.
[2024-07-05T14:33:51.939] [INFO] default - DELETE IMAGE 962febb32e840e09d5097779a5db90d5 SUCCESSFULLY
[2024-07-05T14:33:58.917] [INFO] default - Image original name:rubik_face.jpg
[2024-07-05T14:33:58.917] [INFO] default - Image file name:d8c07e12035d68def55d4516a1c98265
[2024-07-05T14:37:15.399] [INFO] default - Update Topic List Successfully.
[2024-07-05T14:38:54.682] [INFO] default - Third party handle image:undefined
[2024-07-05T14:38:54.683] [INFO] default - ADD IMAGES SUCCESSFULLY.
[2024-07-05T14:38:58.189] [INFO] default - Image original name:rubik_face.jpg
[2024-07-05T14:38:58.189] [INFO] default - Image file name:41025ce73e793a79c57876982465e9b8
[2024-07-05T14:38:59.698] [INFO] default - DELETE IMAGE d8c07e12035d68def55d4516a1c98265 SUCCESSFULLY
[2024-07-05T14:39:54.441] [INFO] default - Third party handle image:undefined
[2024-07-05T14:39:54.442] [INFO] default - ADD IMAGES SUCCESSFULLY.
[2024-07-05T14:39:59.456] [INFO] default - DELETE IMAGE 41025ce73e793a79c57876982465e9b8 SUCCESSFULLY
[2024-07-05T14:41:03.828] [INFO] default - Image original name:rubik_face.jpg
[2024-07-05T14:41:03.828] [INFO] default - Image file name:6b8d8947825fa20d08343b6744120578
[2024-07-05T14:41:14.103] [INFO] default - Third party handle image:undefined
[2024-07-05T14:41:14.103] [INFO] default - ADD IMAGES SUCCESSFULLY.
[2024-07-05T14:41:19.103] [INFO] default - Image original name:rubik_face.jpg
[2024-07-05T14:41:19.103] [INFO] default - Image file name:24ff1bd4fbff51e33491ad798904c14b
[2024-07-05T14:41:19.105] [INFO] default - DELETE IMAGE 6b8d8947825fa20d08343b6744120578 SUCCESSFULLY
[2024-07-05T14:41:31.143] [INFO] default - Third party handle image:undefined
[2024-07-05T14:41:31.143] [INFO] default - ADD IMAGES SUCCESSFULLY.
[2024-07-05T14:41:36.156] [INFO] default - DELETE IMAGE 24ff1bd4fbff51e33491ad798904c14b SUCCESSFULLY
[2024-07-05T14:41:44.759] [INFO] default - Image original name:rubik_face.jpg
[2024-07-05T14:41:44.759] [INFO] default - Image file name:f377ce62b7f708fad05f39b58cada152
[2024-07-05T14:48:01.313] [INFO] default - Third party handle image:undefined
[2024-07-05T14:48:01.313] [INFO] default - ADD IMAGES SUCCESSFULLY.
[2024-07-05T14:48:05.076] [INFO] default - Image original name:rubik_face.jpg
[2024-07-05T14:48:05.076] [INFO] default - Image file name:6beef632dd01af0dadab6d0a5f3ca2cf
[2024-07-05T14:48:06.318] [INFO] default - DELETE IMAGE f377ce62b7f708fad05f39b58cada152 SUCCESSFULLY
[2024-07-05T14:49:01.017] [INFO] default - Third party handle image:undefined
[2024-07-05T14:49:01.018] [INFO] default - ADD IMAGES SUCCESSFULLY.
[2024-07-05T14:49:06.023] [INFO] default - DELETE IMAGE 6beef632dd01af0dadab6d0a5f3ca2cf SUCCESSFULLY
[2024-07-05T14:49:08.576] [INFO] default - Image original name:rubik_face.jpg
[2024-07-05T14:49:08.576] [INFO] default - Image file name:da61c6dd889bbd8023b7e05f1f01c6b3
[2024-07-05T14:49:16.996] [INFO] default - Update Topic List Successfully.
[2024-07-05T14:49:45.457] [INFO] default - Third party handle image:undefined
[2024-07-05T14:49:45.458] [INFO] default - ADD IMAGES SUCCESSFULLY.
[2024-07-05T14:49:50.477] [INFO] default - DELETE IMAGE da61c6dd889bbd8023b7e05f1f01c6b3 SUCCESSFULLY
[2024-07-05T14:50:28.012] [INFO] default - Image original name:rubik_face.jpg
[2024-07-05T14:50:28.013] [INFO] default - Image file name:941ec1075e72b5f3c025cfecc9828ff7
[2024-07-05T14:50:54.739] [INFO] default - Third party handle image:undefined
[2024-07-05T14:50:54.740] [INFO] default - ADD IMAGES SUCCESSFULLY.
[2024-07-05T14:50:59.747] [INFO] default - DELETE IMAGE 941ec1075e72b5f3c025cfecc9828ff7 SUCCESSFULLY
[2024-07-05T14:53:43.893] [INFO] default - Image original name:rubik.png
[2024-07-05T14:53:43.893] [INFO] default - Image file name:32c93451747c38512bb9e99529696be1
[2024-07-05T14:53:51.457] [INFO] default - Third party handle image:undefined
[2024-07-05T14:53:51.458] [INFO] default - ADD IMAGES SUCCESSFULLY.
[2024-07-05T14:53:56.458] [INFO] default - DELETE IMAGE 32c93451747c38512bb9e99529696be1 SUCCESSFULLY
[2024-07-05T14:54:06.936] [INFO] default - Image original name:demo-calibrate-mode-success.jpg
[2024-07-05T14:54:06.936] [INFO] default - Image file name:460b5ddcaa3d03825c8b678fa3e18fe6
[2024-07-05T15:00:44.460] [INFO] default - Third party handle image:undefined
[2024-07-05T15:00:44.461] [INFO] default - ADD IMAGES SUCCESSFULLY.
[2024-07-05T15:00:49.466] [INFO] default - DELETE IMAGE 460b5ddcaa3d03825c8b678fa3e18fe6 SUCCESSFULLY
[2024-07-05T15:00:59.289] [INFO] default - Image original name:demo-calibrate-mode-success.jpg
[2024-07-05T15:00:59.289] [INFO] default - Image file name:ce2d35ea69d9ff6e4b6478d984c6d4b1
[2024-07-05T15:01:18.706] [INFO] default - Update Topic List Successfully.
[2024-07-05T15:03:00.396] [INFO] default - Image original name:rubik_face.jpg
[2024-07-05T15:03:00.396] [INFO] default - Image file name:6c6759e66bd1a324b08df21d681f88a0
[2024-07-05T15:03:17.442] [INFO] default - Third party handle image:undefined
[2024-07-05T15:03:17.443] [INFO] default - ADD IMAGES SUCCESSFULLY.
[2024-07-05T15:03:22.391] [INFO] default - Image original name:rubik_face.jpg
[2024-07-05T15:03:22.391] [INFO] default - Image file name:4aa808fd7fcfc4d688ae0197f4f08025
[2024-07-05T15:03:22.448] [INFO] default - DELETE IMAGE ce2d35ea69d9ff6e4b6478d984c6d4b1 SUCCESSFULLY
[2024-07-05T15:03:35.792] [INFO] default - Third party handle image:undefined
[2024-07-05T15:03:35.792] [INFO] default - ADD IMAGES SUCCESSFULLY.
[2024-07-05T15:03:40.807] [INFO] default - DELETE IMAGE 6c6759e66bd1a324b08df21d681f88a0 SUCCESSFULLY
[2024-07-05T15:04:08.845] [INFO] default - Third party handle image:undefined
[2024-07-05T15:04:08.845] [INFO] default - ADD IMAGES SUCCESSFULLY.
[2024-07-05T15:04:13.847] [INFO] default - DELETE IMAGE 4aa808fd7fcfc4d688ae0197f4f08025 SUCCESSFULLY
[2024-07-05T15:04:23.593] [INFO] default - Image original name:rubik_face.jpg
[2024-07-05T15:04:23.593] [INFO] default - Image file name:03c9adcbf6d74b20b33324541419161c
[2024-07-05T15:04:55.023] [INFO] default - Image original name:rubik_face.jpg
[2024-07-05T15:04:55.023] [INFO] default - Image file name:1ec9c368a28e112cac465129d7e77f35
[2024-07-05T15:04:57.542] [INFO] default - Third party handle image:undefined
[2024-07-05T15:04:57.543] [INFO] default - ADD IMAGES SUCCESSFULLY.
[2024-07-05T15:05:02.559] [INFO] default - DELETE IMAGE 03c9adcbf6d74b20b33324541419161c SUCCESSFULLY
[2024-07-05T15:05:54.126] [INFO] default - Third party handle image:undefined
[2024-07-05T15:05:54.126] [INFO] default - ADD IMAGES SUCCESSFULLY.
[2024-07-05T15:05:59.134] [INFO] default - DELETE IMAGE 1ec9c368a28e112cac465129d7e77f35 SUCCESSFULLY
[2024-07-05T15:07:39.267] [INFO] default - Image original name:rubik_face.jpg
[2024-07-05T15:07:39.267] [INFO] default - Image file name:1ee82930a8454c1372ca984b5eca0a99
[2024-07-05T15:07:39.289] [INFO] default - ADD IMAGES SUCCESSFULLY.
[2024-07-05T15:07:44.296] [INFO] default - DELETE IMAGE 1ee82930a8454c1372ca984b5eca0a99 SUCCESSFULLY
[2024-07-05T15:07:45.199] [INFO] default - Image original name:rubik_face.jpg
[2024-07-05T15:07:45.199] [INFO] default - Image file name:42b6fa5d63d02100c23c4af0f00d8814
[2024-07-05T15:08:03.624] [INFO] default - Third party handle image:undefined
[2024-07-05T15:08:03.625] [INFO] default - ADD IMAGES SUCCESSFULLY.
[2024-07-05T15:08:08.635] [INFO] default - DELETE IMAGE 42b6fa5d63d02100c23c4af0f00d8814 SUCCESSFULLY
[2024-07-05T15:10:20.429] [INFO] default - Image original name:rubik_face.jpg
[2024-07-05T15:10:20.429] [INFO] default - Image file name:09eb19fa3c6c4d3e1e4d74290a7f27a3
[2024-07-05T15:10:20.446] [INFO] default - ADD IMAGES SUCCESSFULLY.
[2024-07-05T15:10:25.453] [INFO] default - DELETE IMAGE 09eb19fa3c6c4d3e1e4d74290a7f27a3 SUCCESSFULLY
[2024-07-05T15:13:15.333] [INFO] default - Update Topic List Successfully.
[2024-07-05T15:25:16.937] [INFO] default - Update Topic List Successfully.
[2024-07-05T15:37:18.488] [INFO] default - Update Topic List Successfully.
[2024-07-05T15:39:28.356] [INFO] default - Access about page successful
[2024-07-05T15:39:30.361] [INFO] default - Close Log SSE Successfully.
[2024-07-05T15:39:30.483] [INFO] default - get product-detail Rubik's Coach Cube successfull
[2024-07-05T15:39:30.496] [INFO] default - get product-detail Rubik's 3x3 successfull
[2024-07-05T15:39:30.510] [INFO] default - get product-detail Rubik’s Apprentice 2x2 successfull
[2024-07-05T15:39:31.429] [INFO] default - GET DEVICE LIST SUCCESSFULLY FOR USER helloman123
[2024-07-05T15:39:36.369] [INFO] default - Image original name:rubik_face.jpg
[2024-07-05T15:39:36.369] [INFO] default - Image file name:da91d76452d6a2ddbdfa9f73c778f4a0
[2024-07-05T15:39:43.148] [INFO] default - Third party handle image:undefined
[2024-07-05T15:39:43.148] [INFO] default - ADD IMAGES SUCCESSFULLY.
[2024-07-05T15:39:48.165] [INFO] default - DELETE IMAGE da91d76452d6a2ddbdfa9f73c778f4a0 SUCCESSFULLY
[2024-07-05T15:40:15.454] [INFO] default - Image original name:rubik_face.jpg
[2024-07-05T15:40:15.454] [INFO] default - Image file name:d90d64eac389e957cc0fddfb148f415e
[2024-07-05T15:40:15.469] [INFO] default - ADD IMAGES SUCCESSFULLY.
[2024-07-05T15:40:20.475] [INFO] default - DELETE IMAGE d90d64eac389e957cc0fddfb148f415e SUCCESSFULLY
[2024-07-05T15:40:46.082] [INFO] default - Image original name:rubik_face.jpg
[2024-07-05T15:40:46.082] [INFO] default - Image file name:e42e7a89ea8d5091d754537be2e2eab5
[2024-07-05T15:40:50.176] [INFO] default - Third party handle image:undefined
[2024-07-05T15:40:50.177] [INFO] default - ADD IMAGES SUCCESSFULLY.
[2024-07-05T15:40:55.183] [INFO] default - DELETE IMAGE e42e7a89ea8d5091d754537be2e2eab5 SUCCESSFULLY
[2024-07-05T15:49:20.137] [INFO] default - Update Topic List Successfully.
[2024-07-05T16:01:16.735] [INFO] default - Update Topic List Successfully.
[2024-07-05T16:13:18.322] [INFO] default - Update Topic List Successfully.
[2024-07-05T16:25:19.931] [INFO] default - Update Topic List Successfully.
[2024-07-05T16:37:16.511] [INFO] default - Update Topic List Successfully.
[2024-07-05T16:49:18.087] [INFO] default - Update Topic List Successfully.
[2024-07-05T16:56:49.430] [INFO] default - Access about page successful
[2024-07-05T16:56:50.555] [INFO] default - Close Log SSE Successfully.
[2024-07-05T16:56:50.663] [INFO] default - get product-detail Rubik's Coach Cube successfull
[2024-07-05T16:56:50.677] [INFO] default - get product-detail Rubik's 3x3 successfull
[2024-07-05T16:56:50.694] [INFO] default - get product-detail Rubik’s Apprentice 2x2 successfull
[2024-07-05T16:56:51.551] [INFO] default - GET DEVICE LIST SUCCESSFULLY FOR USER helloman123
[2024-07-05T16:56:59.994] [INFO] default - Image original name:rubik_face.jpg
[2024-07-05T16:56:59.994] [INFO] default - Image file name:8796a0bd46b3c7e06125cce1e81526ec
[2024-07-05T16:57:38.633] [INFO] default - Third party handle image:undefined
[2024-07-05T16:57:38.633] [INFO] default - ADD IMAGES SUCCESSFULLY.
[2024-07-05T16:57:43.634] [INFO] default - DELETE IMAGE 8796a0bd46b3c7e06125cce1e81526ec SUCCESSFULLY
[2024-07-05T16:57:48.231] [INFO] default - Image original name:rubik_face.jpg
[2024-07-05T16:57:48.231] [INFO] default - Image file name:64b7e7f15d99ea7aa864a0cc11b507e8
[2024-07-05T16:57:53.348] [INFO] default - Third party handle image:undefined
[2024-07-05T16:57:53.349] [INFO] default - ADD IMAGES SUCCESSFULLY.
[2024-07-05T16:57:58.361] [INFO] default - DELETE IMAGE 64b7e7f15d99ea7aa864a0cc11b507e8 SUCCESSFULLY
[2024-07-05T16:58:51.175] [INFO] default - Image original name:rubik_face.jpg
[2024-07-05T16:58:51.175] [INFO] default - Image file name:1fa4db10ef055f9cf8ce56eb5b5db73c
[2024-07-05T16:59:25.786] [INFO] default - Third party handle image:undefined
[2024-07-05T16:59:25.786] [INFO] default - ADD IMAGES SUCCESSFULLY.
[2024-07-05T16:59:30.802] [INFO] default - DELETE IMAGE 1fa4db10ef055f9cf8ce56eb5b5db73c SUCCESSFULLY
[2024-07-05T16:59:41.532] [INFO] default - Image original name:rubik_face.jpg
[2024-07-05T16:59:41.533] [INFO] default - Image file name:fcff4b446527da6539c31644bf96a654
[2024-07-05T16:59:50.718] [INFO] default - Third party handle image:undefined
[2024-07-05T16:59:50.719] [INFO] default - ADD IMAGES SUCCESSFULLY.
[2024-07-05T16:59:55.723] [INFO] default - DELETE IMAGE fcff4b446527da6539c31644bf96a654 SUCCESSFULLY
[2024-07-05T17:01:19.688] [INFO] default - Update Topic List Successfully.
[2024-07-05T17:05:34.353] [INFO] default - Image original name:rubik_face.jpg
[2024-07-05T17:05:34.353] [INFO] default - Image file name:9e6c56967bbb0dd3cbd79e74d6a38295
[2024-07-05T17:05:47.743] [INFO] default - Third party handle image:undefined
[2024-07-05T17:05:47.743] [INFO] default - ADD IMAGES SUCCESSFULLY.
[2024-07-05T17:05:52.747] [INFO] default - DELETE IMAGE 9e6c56967bbb0dd3cbd79e74d6a38295 SUCCESSFULLY
[2024-07-05T17:06:02.122] [INFO] default - Image original name:rubik_face.jpg
[2024-07-05T17:06:02.122] [INFO] default - Image file name:654b356682fdc2c11dc326cb5eb54492
[2024-07-05T17:08:12.816] [INFO] default - Third party handle image:undefined
[2024-07-05T17:08:12.817] [INFO] default - ADD IMAGES SUCCESSFULLY.
[2024-07-05T17:08:16.183] [INFO] default - Image original name:rubik_face.jpg
[2024-07-05T17:08:16.183] [INFO] default - Image file name:2d8f5f78ccb8d6448e8e530f7a0ae7c7
[2024-07-05T17:08:17.825] [INFO] default - DELETE IMAGE 654b356682fdc2c11dc326cb5eb54492 SUCCESSFULLY
[2024-07-05T17:08:25.579] [INFO] default - Third party handle image:undefined
[2024-07-05T17:08:25.580] [INFO] default - ADD IMAGES SUCCESSFULLY.
[2024-07-05T17:08:30.593] [INFO] default - DELETE IMAGE 2d8f5f78ccb8d6448e8e530f7a0ae7c7 SUCCESSFULLY
[2024-07-05T17:09:34.134] [INFO] default - Image original name:rubik_face.jpg
[2024-07-05T17:09:34.134] [INFO] default - Image file name:18cbc6d2bfde77f31548629eb631c04d
[2024-07-05T17:09:40.055] [INFO] default - Third party handle image:undefined
[2024-07-05T17:09:40.055] [INFO] default - ADD IMAGES SUCCESSFULLY.
[2024-07-05T17:09:42.631] [INFO] default - Image original name:rubik_face.jpg
[2024-07-05T17:09:42.631] [INFO] default - Image file name:59e195ee17ce9ff56423decc828793e0
[2024-07-05T17:09:45.070] [INFO] default - DELETE IMAGE 18cbc6d2bfde77f31548629eb631c04d SUCCESSFULLY
[2024-07-05T17:10:48.879] [INFO] default - Image original name:rubik_face.jpg
[2024-07-05T17:10:48.879] [INFO] default - Image file name:9df2405bc89a2dd51cfc1434b4cbdca9
[2024-07-05T17:10:52.543] [INFO] default - Third party handle image:undefined
[2024-07-05T17:10:52.545] [INFO] default - ADD IMAGES SUCCESSFULLY.
[2024-07-05T17:10:56.575] [INFO] default - Third party handle image:undefined
[2024-07-05T17:10:56.576] [INFO] default - ADD IMAGES SUCCESSFULLY.
[2024-07-05T17:10:57.553] [INFO] default - DELETE IMAGE 59e195ee17ce9ff56423decc828793e0 SUCCESSFULLY
[2024-07-05T17:11:01.582] [INFO] default - DELETE IMAGE 9df2405bc89a2dd51cfc1434b4cbdca9 SUCCESSFULLY
[2024-07-05T17:11:06.572] [INFO] default - Image original name:demo-calibrate-mode-success.jpg
[2024-07-05T17:11:06.572] [INFO] default - Image file name:d83f7e9531816c894f4bc012af1c1c14
[2024-07-05T17:11:08.914] [INFO] default - Third party handle image:undefined
[2024-07-05T17:11:08.915] [INFO] default - ADD IMAGES SUCCESSFULLY.
[2024-07-05T17:11:10.116] [INFO] default - Image original name:demo-calibrate-mode-success.jpg
[2024-07-05T17:11:10.116] [INFO] default - Image file name:317d44a9a5c6e8bcd036ce78a709a8bd
[2024-07-05T17:11:13.917] [INFO] default - DELETE IMAGE d83f7e9531816c894f4bc012af1c1c14 SUCCESSFULLY
[2024-07-05T17:11:16.744] [INFO] default - Third party handle image:undefined
[2024-07-05T17:11:16.744] [INFO] default - ADD IMAGES SUCCESSFULLY.
[2024-07-05T17:11:21.754] [INFO] default - DELETE IMAGE 317d44a9a5c6e8bcd036ce78a709a8bd SUCCESSFULLY
[2024-07-05T17:11:33.895] [INFO] default - Image original name:demo-calibrate-mode-success.jpg
[2024-07-05T17:11:33.895] [INFO] default - Image file name:a4f717cdbb39a578f451744751aa1455
[2024-07-05T17:11:35.680] [INFO] default - Third party handle image:undefined
[2024-07-05T17:11:35.680] [INFO] default - ADD IMAGES SUCCESSFULLY.
[2024-07-05T17:11:37.105] [INFO] default - Image original name:demo-calibrate-mode-success.jpg
[2024-07-05T17:11:37.105] [INFO] default - Image file name:072a1ad2938cc7b3e16467da622183b6
[2024-07-05T17:11:38.928] [INFO] default - Third party handle image:undefined
[2024-07-05T17:11:38.928] [INFO] default - ADD IMAGES SUCCESSFULLY.
[2024-07-05T17:11:40.685] [INFO] default - DELETE IMAGE a4f717cdbb39a578f451744751aa1455 SUCCESSFULLY
[2024-07-05T17:11:43.936] [INFO] default - DELETE IMAGE 072a1ad2938cc7b3e16467da622183b6 SUCCESSFULLY
[2024-07-05T17:11:48.093] [INFO] default - Image original name:demo-calibrate-mode-success.jpg
[2024-07-05T17:11:48.093] [INFO] default - Image file name:8115907f075266d29613b2d701e4e931
[2024-07-05T17:11:51.528] [INFO] default - Third party handle image:undefined
[2024-07-05T17:11:51.529] [INFO] default - ADD IMAGES SUCCESSFULLY.
[2024-07-05T17:11:56.545] [INFO] default - DELETE IMAGE 8115907f075266d29613b2d701e4e931 SUCCESSFULLY
[2024-07-05T17:12:12.857] [INFO] default - Image original name:demo-calibrate-mode-success.jpg
[2024-07-05T17:12:12.857] [INFO] default - Image file name:fec980a9e96c542e5928b5cf2f6c1dbc
[2024-07-05T17:12:16.086] [INFO] default - Third party handle image:undefined
[2024-07-05T17:12:16.087] [INFO] default - ADD IMAGES SUCCESSFULLY.
[2024-07-05T17:12:21.095] [INFO] default - DELETE IMAGE fec980a9e96c542e5928b5cf2f6c1dbc SUCCESSFULLY
[2024-07-05T17:13:16.398] [INFO] default - Update Topic List Successfully.
[2024-07-05T17:13:20.192] [INFO] default - Image original name:demo-calibrate-mode-success.jpg
[2024-07-05T17:13:20.192] [INFO] default - Image file name:eed8d0c479625a283d65a8d86f2df5cf
[2024-07-05T17:13:46.625] [INFO] default - Third party handle image:undefined
[2024-07-05T17:13:46.625] [INFO] default - ADD IMAGES SUCCESSFULLY.
[2024-07-05T17:13:51.630] [INFO] default - DELETE IMAGE eed8d0c479625a283d65a8d86f2df5cf SUCCESSFULLY
[2024-07-05T17:14:04.371] [INFO] default - Image original name:demo-calibrate-mode-success.jpg
[2024-07-05T17:14:04.372] [INFO] default - Image file name:99066bb93cb2197a7b8765917ef73c3f
[2024-07-05T17:14:18.234] [INFO] default - Third party handle image:undefined
[2024-07-05T17:14:18.235] [INFO] default - ADD IMAGES SUCCESSFULLY.
[2024-07-05T17:14:23.244] [INFO] default - DELETE IMAGE 99066bb93cb2197a7b8765917ef73c3f SUCCESSFULLY
[2024-07-05T17:14:34.639] [INFO] default - Image original name:demo-calibrate-mode-success.jpg
[2024-07-05T17:14:34.639] [INFO] default - Image file name:0e314f118a4d13f7e2253d99e0389489
[2024-07-05T17:14:42.773] [INFO] default - Third party handle image:undefined
[2024-07-05T17:14:42.774] [INFO] default - ADD IMAGES SUCCESSFULLY.
[2024-07-05T17:14:47.777] [INFO] default - DELETE IMAGE 0e314f118a4d13f7e2253d99e0389489 SUCCESSFULLY
[2024-07-05T17:15:15.391] [INFO] default - Image original name:demo-calibrate-mode-success.jpg
[2024-07-05T17:15:15.391] [INFO] default - Image file name:caafb87bd5ec2298005ebb53d13937b4
[2024-07-05T17:15:28.850] [INFO] default - Third party handle image:undefined
[2024-07-05T17:15:28.850] [INFO] default - ADD IMAGES SUCCESSFULLY.
[2024-07-05T17:15:32.708] [INFO] default - Image original name:demo-calibrate-mode-success.jpg
[2024-07-05T17:15:32.708] [INFO] default - Image file name:a0fbaa390dd8f87beebdc1245e3cfa85
[2024-07-05T17:15:33.859] [INFO] default - DELETE IMAGE caafb87bd5ec2298005ebb53d13937b4 SUCCESSFULLY
[2024-07-05T17:15:45.548] [INFO] default - Image original name:demo-calibrate-mode-success.jpg
[2024-07-05T17:15:45.548] [INFO] default - Image file name:2683d14c38b3a8728210c3cda161dfa6
[2024-07-05T17:15:48.857] [INFO] default - Third party handle image:undefined
[2024-07-05T17:15:48.857] [INFO] default - ADD IMAGES SUCCESSFULLY.
[2024-07-05T17:15:48.893] [INFO] default - ADD IMAGES SUCCESSFULLY.
[2024-07-05T17:15:52.817] [INFO] default - Image original name:demo-calibrate-mode-success.jpg
[2024-07-05T17:15:52.817] [INFO] default - Image file name:0c8fd5d1552630d21d64a9c6e986b558
[2024-07-05T17:15:53.387] [INFO] default - ADD IMAGES SUCCESSFULLY.
[2024-07-05T17:15:53.868] [INFO] default - DELETE IMAGE a0fbaa390dd8f87beebdc1245e3cfa85 SUCCESSFULLY
[2024-07-05T17:15:53.897] [INFO] default - DELETE IMAGE 2683d14c38b3a8728210c3cda161dfa6 SUCCESSFULLY
[2024-07-05T17:15:58.393] [INFO] default - DELETE IMAGE 0c8fd5d1552630d21d64a9c6e986b558 SUCCESSFULLY
[2024-07-05T17:16:11.329] [INFO] default - Image original name:demo-calibrate-mode-success.jpg
[2024-07-05T17:16:11.329] [INFO] default - Image file name:abd584efef107cb48db742de32d0823b
[2024-07-05T17:16:17.815] [INFO] default - Third party handle image:undefined
[2024-07-05T17:16:17.815] [INFO] default - ADD IMAGES SUCCESSFULLY.
[2024-07-05T17:16:22.824] [INFO] default - DELETE IMAGE abd584efef107cb48db742de32d0823b SUCCESSFULLY
[2024-07-05T17:17:09.039] [INFO] default - Image original name:demo-calibrate-mode-success.jpg
[2024-07-05T17:17:09.039] [INFO] default - Image file name:1bb57d1346b4e4dec1f0fbcee3c2d0c7
[2024-07-05T17:17:09.586] [INFO] default - ADD IMAGES SUCCESSFULLY.
[2024-07-05T17:17:14.590] [INFO] default - DELETE IMAGE 1bb57d1346b4e4dec1f0fbcee3c2d0c7 SUCCESSFULLY
[2024-07-05T17:19:19.983] [INFO] default - Image original name:demo-calibrate-mode-success.jpg
[2024-07-05T17:19:19.983] [INFO] default - Image file name:7a1f5894ea0982a2c7f398bd7310e95f
[2024-07-05T17:19:48.389] [INFO] default - Third party handle image:undefined
[2024-07-05T17:19:48.390] [INFO] default - ADD IMAGES SUCCESSFULLY.
[2024-07-05T17:19:53.405] [INFO] default - DELETE IMAGE 7a1f5894ea0982a2c7f398bd7310e95f SUCCESSFULLY
[2024-07-05T17:19:57.764] [INFO] default - Image original name:demo-calibrate-mode-success.jpg
[2024-07-05T17:19:57.764] [INFO] default - Image file name:8bd155358fdb081288086db154bba3dd
[2024-07-05T17:20:06.521] [INFO] default - Third party handle image:undefined
[2024-07-05T17:20:06.521] [INFO] default - ADD IMAGES SUCCESSFULLY.
[2024-07-05T17:20:08.413] [INFO] default - Image original name:demo-calibrate-mode-success.jpg
[2024-07-05T17:20:08.413] [INFO] default - Image file name:6eb207ef94370532ec3d963ead9c06f5
[2024-07-05T17:20:11.531] [INFO] default - DELETE IMAGE 8bd155358fdb081288086db154bba3dd SUCCESSFULLY
[2024-07-05T17:20:12.586] [INFO] default - Third party handle image:undefined
[2024-07-05T17:20:12.587] [INFO] default - ADD IMAGES SUCCESSFULLY.
[2024-07-05T17:20:16.405] [INFO] default - Image original name:demo-calibrate-mode-success.jpg
[2024-07-05T17:20:16.405] [INFO] default - Image file name:a7ae3a3df2b58b33908670ac64cd4f4c
[2024-07-05T17:20:17.596] [INFO] default - DELETE IMAGE 6eb207ef94370532ec3d963ead9c06f5 SUCCESSFULLY
[2024-07-05T17:20:19.777] [INFO] default - Third party handle image:undefined
[2024-07-05T17:20:19.777] [INFO] default - ADD IMAGES SUCCESSFULLY.
[2024-07-05T17:20:24.784] [INFO] default - DELETE IMAGE a7ae3a3df2b58b33908670ac64cd4f4c SUCCESSFULLY
[2024-07-05T17:20:53.026] [INFO] default - Image original name:demo-calibrate-mode-success.jpg
[2024-07-05T17:20:53.026] [INFO] default - Image file name:5c0b3bdeaacbe18aaffe322986cf4bec
[2024-07-05T17:21:06.700] [INFO] default - Third party handle image:undefined
[2024-07-05T17:21:06.700] [INFO] default - ADD IMAGES SUCCESSFULLY.
[2024-07-05T17:21:10.908] [INFO] default - Image original name:demo-calibrate-mode-success.jpg
[2024-07-05T17:21:10.908] [INFO] default - Image file name:b28263f677abc6c694f69c8303fffff0
[2024-07-05T17:21:11.702] [INFO] default - DELETE IMAGE 5c0b3bdeaacbe18aaffe322986cf4bec SUCCESSFULLY
[2024-07-05T17:21:17.720] [INFO] default - Third party handle image:undefined
[2024-07-05T17:21:17.720] [INFO] default - ADD IMAGES SUCCESSFULLY.
[2024-07-05T17:21:22.733] [INFO] default - DELETE IMAGE b28263f677abc6c694f69c8303fffff0 SUCCESSFULLY
[2024-07-05T17:21:24.328] [INFO] default - Image original name:demo-calibrate-mode-success.jpg
[2024-07-05T17:21:24.328] [INFO] default - Image file name:1725f3b17ce3eeabdd823d576cbd7807
[2024-07-05T17:21:28.419] [INFO] default - Third party handle image:undefined
[2024-07-05T17:21:28.419] [INFO] default - ADD IMAGES SUCCESSFULLY.
[2024-07-05T17:21:33.433] [INFO] default - DELETE IMAGE 1725f3b17ce3eeabdd823d576cbd7807 SUCCESSFULLY
[2024-07-05T17:21:37.284] [INFO] default - Image original name:demo-calibrate-mode-success.jpg
[2024-07-05T17:21:37.284] [INFO] default - Image file name:5e0522b4a147a8486e3da4ef30308b11
[2024-07-05T17:21:48.716] [INFO] default - Third party handle image:undefined
[2024-07-05T17:21:48.717] [INFO] default - ADD IMAGES SUCCESSFULLY.
[2024-07-05T17:21:52.225] [INFO] default - Image original name:demo-calibrate-mode-success.jpg
[2024-07-05T17:21:52.225] [INFO] default - Image file name:935e9d7f9d737b38c7e59aec67c470a3
[2024-07-05T17:21:53.726] [INFO] default - DELETE IMAGE 5e0522b4a147a8486e3da4ef30308b11 SUCCESSFULLY
[2024-07-05T17:22:06.031] [INFO] default - Third party handle image:undefined
[2024-07-05T17:22:06.032] [INFO] default - ADD IMAGES SUCCESSFULLY.
[2024-07-05T17:22:09.534] [INFO] default - Image original name:demo-calibrate-mode-success.jpg
[2024-07-05T17:22:09.534] [INFO] default - Image file name:5737a2431459e1f802e035821a1a167d
[2024-07-05T17:22:11.042] [INFO] default - DELETE IMAGE 935e9d7f9d737b38c7e59aec67c470a3 SUCCESSFULLY
[2024-07-05T17:22:20.528] [INFO] default - Third party handle image:undefined
[2024-07-05T17:22:20.528] [INFO] default - ADD IMAGES SUCCESSFULLY.
[2024-07-05T17:22:25.325] [INFO] default - Image original name:demo-calibrate-mode-success.jpg
[2024-07-05T17:22:25.325] [INFO] default - Image file name:c629683749fb5ccd581ab711398d49de
[2024-07-05T17:22:25.538] [INFO] default - DELETE IMAGE 5737a2431459e1f802e035821a1a167d SUCCESSFULLY
[2024-07-05T17:22:30.223] [INFO] default - Third party handle image:undefined
[2024-07-05T17:22:30.224] [INFO] default - ADD IMAGES SUCCESSFULLY.
[2024-07-05T17:22:35.238] [INFO] default - DELETE IMAGE c629683749fb5ccd581ab711398d49de SUCCESSFULLY
[2024-07-05T17:22:38.133] [INFO] default - Image original name:demo-calibrate-mode-success.jpg
[2024-07-05T17:22:38.133] [INFO] default - Image file name:07ac8be5fe39d89ee2c1f66da8f13b45
[2024-07-05T17:22:50.938] [INFO] default - Third party handle image:undefined
[2024-07-05T17:22:50.938] [INFO] default - ADD IMAGES SUCCESSFULLY.
[2024-07-05T17:22:54.067] [INFO] default - Image original name:demo-calibrate-mode-success.jpg
[2024-07-05T17:22:54.067] [INFO] default - Image file name:8a004889d2553424f5a3f11eb698505b
[2024-07-05T17:22:55.952] [INFO] default - DELETE IMAGE 07ac8be5fe39d89ee2c1f66da8f13b45 SUCCESSFULLY
[2024-07-05T17:23:06.991] [INFO] default - Third party handle image:undefined
[2024-07-05T17:23:06.992] [INFO] default - ADD IMAGES SUCCESSFULLY.
[2024-07-05T17:23:11.862] [INFO] default - Image original name:demo-calibrate-mode-success.jpg
[2024-07-05T17:23:11.862] [INFO] default - Image file name:1fd4c49f76c9e8f499cc3a5da33e854f
[2024-07-05T17:23:11.994] [INFO] default - DELETE IMAGE 8a004889d2553424f5a3f11eb698505b SUCCESSFULLY
[2024-07-05T17:23:28.490] [INFO] default - Third party handle image:undefined
[2024-07-05T17:23:28.491] [INFO] default - ADD IMAGES SUCCESSFULLY.
[2024-07-05T17:23:31.751] [INFO] default - Image original name:demo-calibrate-mode-success.jpg
[2024-07-05T17:23:31.751] [INFO] default - Image file name:a26b0f3cb34aa5772c89250993a25f67
[2024-07-05T17:23:33.493] [INFO] default - DELETE IMAGE 1fd4c49f76c9e8f499cc3a5da33e854f SUCCESSFULLY
[2024-07-05T17:23:33.641] [INFO] default - Third party handle image:undefined
[2024-07-05T17:23:33.641] [INFO] default - ADD IMAGES SUCCESSFULLY.
[2024-07-05T17:23:37.916] [INFO] default - Image original name:demo-calibrate-mode-success.jpg
[2024-07-05T17:23:37.916] [INFO] default - Image file name:d0760a7089a8bbc232725fe7e59a88f3
[2024-07-05T17:23:38.650] [INFO] default - DELETE IMAGE a26b0f3cb34aa5772c89250993a25f67 SUCCESSFULLY
[2024-07-05T17:23:42.083] [INFO] default - Third party handle image:undefined
[2024-07-05T17:23:42.084] [INFO] default - ADD IMAGES SUCCESSFULLY.
[2024-07-05T17:23:47.090] [INFO] default - DELETE IMAGE d0760a7089a8bbc232725fe7e59a88f3 SUCCESSFULLY
[2024-07-05T17:23:48.084] [INFO] default - Image original name:demo-calibrate-mode-success.jpg
[2024-07-05T17:23:48.084] [INFO] default - Image file name:fd2bdb0760823058d6610ddccb2d921d
[2024-07-05T17:23:51.348] [INFO] default - Third party handle image:undefined
[2024-07-05T17:23:51.349] [INFO] default - ADD IMAGES SUCCESSFULLY.
[2024-07-05T17:23:55.683] [INFO] default - Image original name:demo-calibrate-mode-success.jpg
[2024-07-05T17:23:55.683] [INFO] default - Image file name:6029a42f03be400540cca16e91a5320c
[2024-07-05T17:23:56.360] [INFO] default - DELETE IMAGE fd2bdb0760823058d6610ddccb2d921d SUCCESSFULLY
[2024-07-05T17:24:02.491] [INFO] default - Third party handle image:undefined
[2024-07-05T17:24:02.491] [INFO] default - ADD IMAGES SUCCESSFULLY.
[2024-07-05T17:24:07.499] [INFO] default - DELETE IMAGE 6029a42f03be400540cca16e91a5320c SUCCESSFULLY
[2024-07-05T17:24:10.753] [INFO] default - Image original name:demo-calibrate-mode-success.jpg
[2024-07-05T17:24:10.753] [INFO] default - Image file name:8a3e9ab5f40766e4078b49890346d646
[2024-07-05T17:24:18.283] [INFO] default - Third party handle image:undefined
[2024-07-05T17:24:18.283] [INFO] default - ADD IMAGES SUCCESSFULLY.
[2024-07-05T17:24:21.529] [INFO] default - Image original name:demo-calibrate-mode-success.jpg
[2024-07-05T17:24:21.529] [INFO] default - Image file name:7f12d09db64a72c378fa1f9e13505a60
[2024-07-05T17:24:23.295] [INFO] default - DELETE IMAGE 8a3e9ab5f40766e4078b49890346d646 SUCCESSFULLY
[2024-07-05T17:24:29.352] [INFO] default - Third party handle image:undefined
[2024-07-05T17:24:29.353] [INFO] default - ADD IMAGES SUCCESSFULLY.
[2024-07-05T17:24:33.742] [INFO] default - Image original name:demo-calibrate-mode-success.jpg
[2024-07-05T17:24:33.743] [INFO] default - Image file name:0cf5f6d050c26ea088897ab2f9e9a200
[2024-07-05T17:24:34.364] [INFO] default - DELETE IMAGE 7f12d09db64a72c378fa1f9e13505a60 SUCCESSFULLY
[2024-07-05T17:24:36.557] [INFO] default - Third party handle image:undefined
[2024-07-05T17:24:36.558] [INFO] default - ADD IMAGES SUCCESSFULLY.
[2024-07-05T17:24:41.564] [INFO] default - DELETE IMAGE 0cf5f6d050c26ea088897ab2f9e9a200 SUCCESSFULLY
[2024-07-05T17:24:46.256] [INFO] default - Image original name:demo-calibrate-mode-success.jpg
[2024-07-05T17:24:46.256] [INFO] default - Image file name:4441e0f924880736fa064900eac7489e
[2024-07-05T17:24:54.384] [INFO] default - Third party handle image:undefined
[2024-07-05T17:24:54.384] [INFO] default - ADD IMAGES SUCCESSFULLY.
[2024-07-05T17:24:57.778] [INFO] default - Image original name:demo-calibrate-mode-success.jpg
[2024-07-05T17:24:57.779] [INFO] default - Image file name:f5c60c1c9d883fb34e6bed1b9e066ece
[2024-07-05T17:24:59.397] [INFO] default - DELETE IMAGE 4441e0f924880736fa064900eac7489e SUCCESSFULLY
[2024-07-05T17:25:07.558] [INFO] default - Third party handle image:undefined
[2024-07-05T17:25:07.558] [INFO] default - ADD IMAGES SUCCESSFULLY.
[2024-07-05T17:25:12.484] [INFO] default - Image original name:demo-calibrate-mode-success.jpg
[2024-07-05T17:25:12.484] [INFO] default - Image file name:8bd17de195fab25bbf8b6bea3ff1b137
[2024-07-05T17:25:12.564] [INFO] default - DELETE IMAGE f5c60c1c9d883fb34e6bed1b9e066ece SUCCESSFULLY
[2024-07-05T17:25:18.114] [INFO] default - Update Topic List Successfully.
[2024-07-05T17:25:24.647] [INFO] default - Third party handle image:undefined
[2024-07-05T17:25:24.647] [INFO] default - ADD IMAGES SUCCESSFULLY.
[2024-07-05T17:25:27.678] [INFO] default - Image original name:demo-calibrate-mode-success.jpg
[2024-07-05T17:25:27.678] [INFO] default - Image file name:d0b6fee3f6485bdde30b369b1efa33a5
[2024-07-05T17:25:29.663] [INFO] default - DELETE IMAGE 8bd17de195fab25bbf8b6bea3ff1b137 SUCCESSFULLY
[2024-07-05T17:25:37.331] [INFO] default - Third party handle image:undefined
[2024-07-05T17:25:37.331] [INFO] default - ADD IMAGES SUCCESSFULLY.
[2024-07-05T17:25:41.070] [INFO] default - Image original name:demo-calibrate-mode-success.jpg
[2024-07-05T17:25:41.070] [INFO] default - Image file name:d1c81965b8fa8134ae7be90a25417e81
[2024-07-05T17:25:42.337] [INFO] default - DELETE IMAGE d0b6fee3f6485bdde30b369b1efa33a5 SUCCESSFULLY
[2024-07-05T17:26:03.559] [INFO] default - Third party handle image:undefined
[2024-07-05T17:26:03.560] [INFO] default - ADD IMAGES SUCCESSFULLY.
[2024-07-05T17:26:06.651] [INFO] default - Image original name:demo-calibrate-mode-success.jpg
[2024-07-05T17:26:06.651] [INFO] default - Image file name:c4615698cdc7e6981ea980f44ddbec11
[2024-07-05T17:26:08.566] [INFO] default - DELETE IMAGE d1c81965b8fa8134ae7be90a25417e81 SUCCESSFULLY
[2024-07-05T17:26:17.257] [INFO] default - Third party handle image:undefined
[2024-07-05T17:26:17.257] [INFO] default - ADD IMAGES SUCCESSFULLY.
[2024-07-05T17:26:21.621] [INFO] default - Image original name:demo-calibrate-mode-success.jpg
[2024-07-05T17:26:21.621] [INFO] default - Image file name:0f0e30910ccac8e4f5925adbc13733bd
[2024-07-05T17:26:22.272] [INFO] default - DELETE IMAGE c4615698cdc7e6981ea980f44ddbec11 SUCCESSFULLY
[2024-07-05T17:27:46.406] [INFO] default - Third party handle image:undefined
[2024-07-05T17:27:46.407] [INFO] default - ADD IMAGES SUCCESSFULLY.
[2024-07-05T17:27:49.939] [INFO] default - Image original name:demo-calibrate-mode-success.jpg
[2024-07-05T17:27:49.939] [INFO] default - Image file name:6a8b4e6de039070b83a6a86efc71bc78
[2024-07-05T17:27:51.410] [INFO] default - DELETE IMAGE 0f0e30910ccac8e4f5925adbc13733bd SUCCESSFULLY
[2024-07-05T17:28:11.497] [INFO] default - Third party handle image:undefined
[2024-07-05T17:28:11.497] [INFO] default - ADD IMAGES SUCCESSFULLY.
[2024-07-05T17:28:15.964] [INFO] default - Image original name:demo-calibrate-mode-success.jpg
[2024-07-05T17:28:15.964] [INFO] default - Image file name:4779f294c59d53f1ba19a0de34aca010
[2024-07-05T17:28:16.505] [INFO] default - DELETE IMAGE 6a8b4e6de039070b83a6a86efc71bc78 SUCCESSFULLY
[2024-07-05T17:28:27.816] [INFO] default - Third party handle image:undefined
[2024-07-05T17:28:27.816] [INFO] default - ADD IMAGES SUCCESSFULLY.
[2024-07-05T17:28:32.831] [INFO] default - DELETE IMAGE 4779f294c59d53f1ba19a0de34aca010 SUCCESSFULLY
[2024-07-05T17:29:42.654] [INFO] default - Image original name:demo-calibrate-mode-success.jpg
[2024-07-05T17:29:42.654] [INFO] default - Image file name:44250b0754c234a72568d77a2ef2c507
[2024-07-05T17:29:51.701] [INFO] default - Third party handle image:undefined
[2024-07-05T17:29:51.701] [INFO] default - ADD IMAGES SUCCESSFULLY.
[2024-07-05T17:29:56.717] [INFO] default - DELETE IMAGE 44250b0754c234a72568d77a2ef2c507 SUCCESSFULLY
[2024-07-05T17:30:02.600] [INFO] default - Image original name:rubik_face.jpg
[2024-07-05T17:30:02.600] [INFO] default - Image file name:ac76fe08faf8cb61826910d4a6d852f6
[2024-07-05T17:30:07.239] [INFO] default - Third party handle image:undefined
[2024-07-05T17:30:07.239] [INFO] default - ADD IMAGES SUCCESSFULLY.
[2024-07-05T17:30:12.253] [INFO] default - DELETE IMAGE ac76fe08faf8cb61826910d4a6d852f6 SUCCESSFULLY
[2024-07-05T17:30:13.618] [INFO] default - Image original name:rubik_face.jpg
[2024-07-05T17:30:13.619] [INFO] default - Image file name:263f64607288e8b2959c33edba737006
[2024-07-05T17:30:22.146] [INFO] default - Third party handle image:undefined
[2024-07-05T17:30:22.147] [INFO] default - ADD IMAGES SUCCESSFULLY.
[2024-07-05T17:30:27.151] [INFO] default - DELETE IMAGE 263f64607288e8b2959c33edba737006 SUCCESSFULLY
[2024-07-05T17:30:36.820] [INFO] default - Image original name:rubik_face.jpg
[2024-07-05T17:30:36.820] [INFO] default - Image file name:c2df236dc7a64f6e9a6564e07ce10cb7
[2024-07-05T17:30:41.081] [INFO] default - Third party handle image:undefined
[2024-07-05T17:30:41.081] [INFO] default - ADD IMAGES SUCCESSFULLY.
[2024-07-05T17:30:46.099] [INFO] default - DELETE IMAGE c2df236dc7a64f6e9a6564e07ce10cb7 SUCCESSFULLY
[2024-07-05T17:30:55.768] [INFO] default - Image original name:rubik_face.jpg
[2024-07-05T17:30:55.768] [INFO] default - Image file name:73a70af44817f4f61b9a3ef16bfedee9
[2024-07-05T17:30:59.096] [INFO] default - Third party handle image:undefined
[2024-07-05T17:30:59.097] [INFO] default - ADD IMAGES SUCCESSFULLY.
[2024-07-05T17:31:04.106] [INFO] default - DELETE IMAGE 73a70af44817f4f61b9a3ef16bfedee9 SUCCESSFULLY
[2024-07-05T17:31:37.209] [INFO] default - Image original name:rubik_face.jpg
[2024-07-05T17:31:37.209] [INFO] default - Image file name:c3d885678d2818879f46b871ceca014e
[2024-07-05T17:31:47.456] [INFO] default - Third party handle image:undefined
[2024-07-05T17:31:47.456] [INFO] default - ADD IMAGES SUCCESSFULLY.
[2024-07-05T17:31:52.469] [INFO] default - DELETE IMAGE c3d885678d2818879f46b871ceca014e SUCCESSFULLY
[2024-07-05T17:32:02.058] [INFO] default - Image original name:demo-calibrate-mode-success.jpg
[2024-07-05T17:32:02.058] [INFO] default - Image file name:3b09962dd3d0f3cf2b860f9a1d851bee
[2024-07-05T17:32:18.373] [INFO] default - Third party handle image:undefined
[2024-07-05T17:32:18.374] [INFO] default - ADD IMAGES SUCCESSFULLY.
[2024-07-05T17:32:22.579] [INFO] default - Image original name:demo-calibrate-mode-success.jpg
[2024-07-05T17:32:22.579] [INFO] default - Image file name:126c9205c16ce8fb31d7f9850ce55308
[2024-07-05T17:32:23.378] [INFO] default - DELETE IMAGE 3b09962dd3d0f3cf2b860f9a1d851bee SUCCESSFULLY
[2024-07-05T17:32:32.533] [INFO] default - Third party handle image:undefined
[2024-07-05T17:32:32.534] [INFO] default - ADD IMAGES SUCCESSFULLY.
[2024-07-05T17:32:37.549] [INFO] default - DELETE IMAGE 126c9205c16ce8fb31d7f9850ce55308 SUCCESSFULLY
[2024-07-05T17:32:41.475] [INFO] default - Image original name:rubik_face.jpg
[2024-07-05T17:32:41.475] [INFO] default - Image file name:a62667a0335e21d46c204041df876050
[2024-07-05T17:33:07.668] [INFO] default - Image original name:demo-calibrate-mode-success.jpg
[2024-07-05T17:33:07.668] [INFO] default - Image file name:52e9748623377f363ef49364df97c0f4
[2024-07-05T17:33:09.346] [INFO] default - Image original name:demo-calibrate-mode-success.jpg
[2024-07-05T17:33:09.346] [INFO] default - Image file name:00e31b28beb3f26fb4ce59c1b39c8e60
[2024-07-05T17:33:12.712] [INFO] default - Third party handle image:undefined
[2024-07-05T17:33:12.713] [INFO] default - ADD IMAGES SUCCESSFULLY.
[2024-07-05T17:33:17.133] [INFO] default - Third party handle image:undefined
[2024-07-05T17:33:17.134] [INFO] default - ADD IMAGES SUCCESSFULLY.
[2024-07-05T17:33:17.717] [INFO] default - DELETE IMAGE a62667a0335e21d46c204041df876050 SUCCESSFULLY
[2024-07-05T17:33:19.053] [INFO] default - Third party handle image:undefined
[2024-07-05T17:33:19.053] [INFO] default - ADD IMAGES SUCCESSFULLY.
[2024-07-05T17:33:22.141] [INFO] default - DELETE IMAGE 52e9748623377f363ef49364df97c0f4 SUCCESSFULLY
[2024-07-05T17:33:24.060] [INFO] default - DELETE IMAGE 00e31b28beb3f26fb4ce59c1b39c8e60 SUCCESSFULLY
[2024-07-05T17:33:26.128] [INFO] default - Image original name:demo-calibrate-mode-success.jpg
[2024-07-05T17:33:26.128] [INFO] default - Image file name:5c5ff37bfa55fe51f39e871d2758e453
[2024-07-05T17:33:29.712] [INFO] default - Third party handle image:undefined
[2024-07-05T17:33:29.713] [INFO] default - ADD IMAGES SUCCESSFULLY.
[2024-07-05T17:33:33.203] [INFO] default - Image original name:demo-calibrate-mode-success.jpg
[2024-07-05T17:33:33.203] [INFO] default - Image file name:eacdd599b7866dcc7bed3defb3f622a9
[2024-07-05T17:33:34.724] [INFO] default - DELETE IMAGE 5c5ff37bfa55fe51f39e871d2758e453 SUCCESSFULLY
[2024-07-05T17:33:39.166] [INFO] default - Third party handle image:undefined
[2024-07-05T17:33:39.167] [INFO] default - ADD IMAGES SUCCESSFULLY.
[2024-07-05T17:33:44.178] [INFO] default - DELETE IMAGE eacdd599b7866dcc7bed3defb3f622a9 SUCCESSFULLY
[2024-07-05T17:33:48.281] [INFO] default - Image original name:demo-calibrate-mode-success.jpg
[2024-07-05T17:33:48.281] [INFO] default - Image file name:19bc740032b4a120422b3997da633e69
[2024-07-05T17:34:00.114] [INFO] default - Third party handle image:undefined
[2024-07-05T17:34:00.114] [INFO] default - ADD IMAGES SUCCESSFULLY.
[2024-07-05T17:34:05.118] [INFO] default - DELETE IMAGE 19bc740032b4a120422b3997da633e69 SUCCESSFULLY
[2024-07-05T17:35:49.010] [INFO] default - Image original name:demo-calibrate-mode-success.jpg
[2024-07-05T17:35:49.010] [INFO] default - Image file name:40e602b1001f9fba74aac74a8ba78190
[2024-07-05T17:35:56.829] [INFO] default - Third party handle image:undefined
[2024-07-05T17:35:56.829] [INFO] default - ADD IMAGES SUCCESSFULLY.
[2024-07-05T17:36:00.236] [INFO] default - Image original name:demo-calibrate-mode-success.jpg
[2024-07-05T17:36:00.236] [INFO] default - Image file name:c12567b7d03129025858db9f81fe4033
[2024-07-05T17:36:01.839] [INFO] default - DELETE IMAGE 40e602b1001f9fba74aac74a8ba78190 SUCCESSFULLY
[2024-07-05T17:36:09.500] [INFO] default - Third party handle image:undefined
[2024-07-05T17:36:09.500] [INFO] default - ADD IMAGES SUCCESSFULLY.
[2024-07-05T17:36:14.516] [INFO] default - DELETE IMAGE c12567b7d03129025858db9f81fe4033 SUCCESSFULLY
[2024-07-05T17:36:19.694] [INFO] default - Image original name:demo-calibrate-mode-success.jpg
[2024-07-05T17:36:19.694] [INFO] default - Image file name:30f7ec9986a9d375a3f8e59032a1c8ec
[2024-07-05T17:37:19.681] [INFO] default - Update Topic List Successfully.
[2024-07-05T17:37:20.469] [INFO] default - Third party handle image:undefined
[2024-07-05T17:37:20.469] [INFO] default - ADD IMAGES SUCCESSFULLY.
[2024-07-05T17:37:25.475] [INFO] default - DELETE IMAGE 30f7ec9986a9d375a3f8e59032a1c8ec SUCCESSFULLY
[2024-07-05T17:37:26.515] [INFO] default - Image original name:demo-calibrate-mode-success.jpg
[2024-07-05T17:37:26.515] [INFO] default - Image file name:3a21815ad932f4858aa0232da2a020f5
[2024-07-05T17:37:38.496] [INFO] default - Third party handle image:undefined
[2024-07-05T17:37:38.496] [INFO] default - ADD IMAGES SUCCESSFULLY.
[2024-07-05T17:37:41.538] [INFO] default - Image original name:demo-calibrate-mode-success.jpg
[2024-07-05T17:37:41.538] [INFO] default - Image file name:dc8203816c90783143f0bf8874288b8a
[2024-07-05T17:37:43.514] [INFO] default - DELETE IMAGE 3a21815ad932f4858aa0232da2a020f5 SUCCESSFULLY
[2024-07-05T17:37:45.205] [INFO] default - Third party handle image:undefined
[2024-07-05T17:37:45.205] [INFO] default - ADD IMAGES SUCCESSFULLY.
[2024-07-05T17:37:50.209] [INFO] default - DELETE IMAGE dc8203816c90783143f0bf8874288b8a SUCCESSFULLY
[2024-07-05T17:37:51.732] [INFO] default - Image original name:demo-calibrate-mode-success.jpg
[2024-07-05T17:37:51.732] [INFO] default - Image file name:f3ab65cb03734998e966bba98724037d
[2024-07-05T17:38:24.570] [INFO] default - Image original name:rubik_face.jpg
[2024-07-05T17:38:24.570] [INFO] default - Image file name:cfdd3f95d5d4c9cf34b55f856c5d0ce1
[2024-07-05T17:38:26.873] [INFO] default - Third party handle image:undefined
[2024-07-05T17:38:26.874] [INFO] default - ADD IMAGES SUCCESSFULLY.
[2024-07-05T17:38:31.884] [INFO] default - DELETE IMAGE f3ab65cb03734998e966bba98724037d SUCCESSFULLY
[2024-07-05T17:49:16.281] [INFO] default - Update Topic List Successfully.
[2024-07-05T17:54:55.188] [INFO] default - Third party handle image:undefined
[2024-07-05T17:54:55.189] [INFO] default - ADD IMAGES SUCCESSFULLY.
[2024-07-05T17:55:00.206] [INFO] default - DELETE IMAGE cfdd3f95d5d4c9cf34b55f856c5d0ce1 SUCCESSFULLY
[2024-07-05T17:55:08.868] [INFO] default - Image original name:rubik_face.jpg
[2024-07-05T17:55:08.868] [INFO] default - Image file name:f15e4cb92ea5bae843ca3d6dd4e69489
[2024-07-05T17:55:08.874] [INFO] default - ADD IMAGES SUCCESSFULLY.
[2024-07-05T17:55:13.879] [INFO] default - DELETE IMAGE f15e4cb92ea5bae843ca3d6dd4e69489 SUCCESSFULLY
[2024-07-05T17:55:47.906] [INFO] default - Image original name:rubik_face.jpg
[2024-07-05T17:55:47.906] [INFO] default - Image file name:0c96289211e1e89d41b6b68955f39d8c
[2024-07-05T17:55:55.784] [INFO] default - Third party handle image:undefined
[2024-07-05T17:55:55.785] [INFO] default - ADD IMAGES SUCCESSFULLY.
[2024-07-05T17:56:00.796] [INFO] default - DELETE IMAGE 0c96289211e1e89d41b6b68955f39d8c SUCCESSFULLY
[2024-07-05T17:56:04.581] [INFO] default - Image original name:rubik_face.jpg
[2024-07-05T17:56:04.581] [INFO] default - Image file name:6789bf436df448f7aced28ef28fa11e5
[2024-07-05T17:56:09.951] [INFO] default - Third party handle image:undefined
[2024-07-05T17:56:09.951] [INFO] default - ADD IMAGES SUCCESSFULLY.
[2024-07-05T17:56:14.969] [INFO] default - DELETE IMAGE 6789bf436df448f7aced28ef28fa11e5 SUCCESSFULLY
[2024-07-05T17:56:22.037] [INFO] default - Image original name:rubik_face.jpg
[2024-07-05T17:56:22.037] [INFO] default - Image file name:3411044617022c8e358fbc54a9cb48dd
[2024-07-05T17:56:29.952] [INFO] default - Third party handle image:undefined
[2024-07-05T17:56:29.952] [INFO] default - ADD IMAGES SUCCESSFULLY.
[2024-07-05T17:56:34.964] [INFO] default - DELETE IMAGE 3411044617022c8e358fbc54a9cb48dd SUCCESSFULLY
[2024-07-05T17:56:36.508] [INFO] default - Image original name:rubik_face.jpg
[2024-07-05T17:56:36.508] [INFO] default - Image file name:e00078ccb7e0ac2705dde8c4eed93b8e
[2024-07-05T17:56:41.915] [INFO] default - Third party handle image:undefined
[2024-07-05T17:56:41.915] [INFO] default - ADD IMAGES SUCCESSFULLY.
[2024-07-05T17:56:46.929] [INFO] default - DELETE IMAGE e00078ccb7e0ac2705dde8c4eed93b8e SUCCESSFULLY
[2024-07-05T18:01:17.857] [INFO] default - Update Topic List Successfully.
[2024-07-05T18:13:19.480] [INFO] default - Update Topic List Successfully.
[2024-07-05T18:25:16.072] [INFO] default - Update Topic List Successfully.
[2024-07-05T18:37:17.708] [INFO] default - Update Topic List Successfully.
[2024-07-05T18:49:19.239] [INFO] default - Update Topic List Successfully.
[2024-07-05T19:01:15.794] [INFO] default - Update Topic List Successfully.
[2024-07-05T19:13:17.346] [INFO] default - Update Topic List Successfully.
[2024-07-05T19:25:18.873] [INFO] default - Update Topic List Successfully.
[2024-07-05T19:37:15.411] [INFO] default - Update Topic List Successfully.
[2024-07-05T19:49:16.911] [INFO] default - Update Topic List Successfully.
[2024-07-05T20:01:18.507] [INFO] default - Update Topic List Successfully.
[2024-07-05T20:13:20.100] [INFO] default - Update Topic List Successfully.
[2024-07-05T20:25:16.610] [INFO] default - Update Topic List Successfully.
[2024-07-05T20:37:18.133] [INFO] default - Update Topic List Successfully.
[2024-07-05T20:49:19.563] [INFO] default - Update Topic List Successfully.
[2024-07-05T21:01:16.081] [INFO] default - Update Topic List Successfully.
[2024-07-05T21:13:17.638] [INFO] default - Update Topic List Successfully.
[2024-07-05T21:25:19.171] [INFO] default - Update Topic List Successfully.
[2024-07-05T21:37:15.825] [INFO] default - Update Topic List Successfully.
[2024-07-05T21:49:17.405] [INFO] default - Update Topic List Successfully.
[2024-07-05T22:01:18.878] [INFO] default - Update Topic List Successfully.
[2024-07-05T22:13:15.536] [INFO] default - Update Topic List Successfully.
[2024-07-05T22:25:17.167] [INFO] default - Update Topic List Successfully.
[2024-07-05T22:37:18.668] [INFO] default - Update Topic List Successfully.
[2024-07-05T22:49:20.151] [INFO] default - Update Topic List Successfully.
[2024-07-05T23:01:16.688] [INFO] default - Update Topic List Successfully.
[2024-07-05T23:13:18.240] [INFO] default - Update Topic List Successfully.
[2024-07-05T23:25:19.758] [INFO] default - Update Topic List Successfully.
[2024-07-05T23:37:16.274] [INFO] default - Update Topic List Successfully.
[2024-07-05T23:49:17.835] [INFO] default - Update Topic List Successfully.
