[2024-07-09T00:10:47.781] [INFO] default - Update Topic List Successfully.
[2024-07-09T00:22:49.264] [INFO] default - Update Topic List Successfully.
[2024-07-09T00:34:50.814] [INFO] default - Update Topic List Successfully.
[2024-07-09T00:46:47.399] [INFO] default - Update Topic List Successfully.
[2024-07-09T00:58:48.915] [INFO] default - Update Topic List Successfully.
[2024-07-09T01:10:50.462] [INFO] default - Update Topic List Successfully.
[2024-07-09T01:22:46.953] [INFO] default - Update Topic List Successfully.
[2024-07-09T01:34:48.515] [INFO] default - Update Topic List Successfully.
[2024-07-09T01:46:50.068] [INFO] default - Update Topic List Successfully.
[2024-07-09T01:58:51.621] [INFO] default - Update Topic List Successfully.
[2024-07-09T02:10:48.132] [INFO] default - Update Topic List Successfully.
[2024-07-09T02:22:49.646] [INFO] default - Update Topic List Successfully.
[2024-07-09T02:34:51.115] [INFO] default - Update Topic List Successfully.
[2024-07-09T02:46:47.729] [INFO] default - Update Topic List Successfully.
[2024-07-09T02:58:49.264] [INFO] default - Update Topic List Successfully.
[2024-07-09T03:10:50.798] [INFO] default - Update Topic List Successfully.
[2024-07-09T03:22:47.270] [INFO] default - Update Topic List Successfully.
[2024-07-09T03:34:48.710] [INFO] default - Update Topic List Successfully.
[2024-07-09T03:46:50.218] [INFO] default - Update Topic List Successfully.
[2024-07-09T03:58:46.763] [INFO] default - Update Topic List Successfully.
[2024-07-09T04:10:48.300] [INFO] default - Update Topic List Successfully.
[2024-07-09T04:22:49.845] [INFO] default - Update Topic List Successfully.
[2024-07-09T04:34:51.348] [INFO] default - Update Topic List Successfully.
[2024-07-09T04:46:47.849] [INFO] default - Update Topic List Successfully.
[2024-07-09T04:58:49.387] [INFO] default - Update Topic List Successfully.
[2024-07-09T05:10:50.895] [INFO] default - Update Topic List Successfully.
[2024-07-09T05:22:47.429] [INFO] default - Update Topic List Successfully.
[2024-07-09T05:34:48.901] [INFO] default - Update Topic List Successfully.
[2024-07-09T05:46:50.431] [INFO] default - Update Topic List Successfully.
[2024-07-09T05:58:46.880] [INFO] default - Update Topic List Successfully.
[2024-07-09T06:10:48.412] [INFO] default - Update Topic List Successfully.
[2024-07-09T06:22:49.892] [INFO] default - Update Topic List Successfully.
[2024-07-09T06:34:51.477] [INFO] default - Update Topic List Successfully.
[2024-07-09T06:46:48.034] [INFO] default - Update Topic List Successfully.
[2024-07-09T06:58:49.594] [INFO] default - Update Topic List Successfully.
[2024-07-09T07:10:51.090] [INFO] default - Update Topic List Successfully.
[2024-07-09T07:22:47.573] [INFO] default - Update Topic List Successfully.
[2024-07-09T07:34:49.104] [INFO] default - Update Topic List Successfully.
[2024-07-09T07:46:50.692] [INFO] default - Update Topic List Successfully.
[2024-07-09T07:58:47.106] [INFO] default - Update Topic List Successfully.
[2024-07-09T08:10:48.652] [INFO] default - Update Topic List Successfully.
[2024-07-09T08:22:50.122] [INFO] default - Update Topic List Successfully.
[2024-07-09T08:34:51.573] [INFO] default - Update Topic List Successfully.
[2024-07-09T08:46:48.113] [INFO] default - Update Topic List Successfully.
[2024-07-09T08:58:49.657] [INFO] default - Update Topic List Successfully.
[2024-07-09T09:10:51.322] [INFO] default - Update Topic List Successfully.
[2024-07-09T09:22:47.909] [INFO] default - Update Topic List Successfully.
[2024-07-09T09:34:49.417] [INFO] default - Update Topic List Successfully.
[2024-07-09T09:46:51.000] [INFO] default - Update Topic List Successfully.
[2024-07-09T09:58:47.562] [INFO] default - Update Topic List Successfully.
[2024-07-09T10:04:35.425] [INFO] default - Access about page successful
[2024-07-09T10:04:36.393] [INFO] default - Close Log SSE Successfully.
[2024-07-09T10:04:36.534] [INFO] default - get product-detail Rubik's Coach Cube successfull
[2024-07-09T10:04:36.544] [INFO] default - get product-detail Rubik's 3x3 successfull
[2024-07-09T10:04:36.557] [INFO] default - get product-detail Rubik’s Apprentice 2x2 successfull
[2024-07-09T10:04:37.392] [INFO] default - GET DEVICE LIST SUCCESSFULLY FOR USER helloman123
[2024-07-09T10:04:44.178] [INFO] default - Image original name:rubik_face.jpg
[2024-07-09T10:04:44.178] [INFO] default - Image file name:4b46a170a2ef6aa6557ea9f6cb444bc9
[2024-07-09T10:06:41.491] [INFO] default - Third party handle image:undefined
[2024-07-09T10:06:41.491] [INFO] default - ADD IMAGES SUCCESSFULLY.
[2024-07-09T10:06:46.497] [INFO] default - DELETE IMAGE 4b46a170a2ef6aa6557ea9f6cb444bc9 SUCCESSFULLY
[2024-07-09T10:06:47.627] [INFO] default - Image original name:rubik_face.jpg
[2024-07-09T10:06:47.627] [INFO] default - Image file name:3b5f40c479de42dae58d699af544d682
[2024-07-09T10:09:54.711] [INFO] default - Third party handle image:undefined
[2024-07-09T10:09:54.711] [INFO] default - ADD IMAGES SUCCESSFULLY.
[2024-07-09T10:09:59.719] [INFO] default - DELETE IMAGE 3b5f40c479de42dae58d699af544d682 SUCCESSFULLY
[2024-07-09T10:10:01.344] [INFO] default - Image original name:rubik_face.jpg
[2024-07-09T10:10:01.344] [INFO] default - Image file name:5c52b24e70b29556bbc646bf308d29b3
[2024-07-09T10:10:49.278] [INFO] default - Update Topic List Successfully.
[2024-07-09T10:10:56.633] [INFO] default - Third party handle image:undefined
[2024-07-09T10:10:56.634] [INFO] default - ADD IMAGES SUCCESSFULLY.
[2024-07-09T10:11:00.114] [INFO] default - Image original name:rubik_face.jpg
[2024-07-09T10:11:00.114] [INFO] default - Image file name:19e0463fb55dfc71706c3cc6b1b41a3e
[2024-07-09T10:11:01.641] [INFO] default - DELETE IMAGE 5c52b24e70b29556bbc646bf308d29b3 SUCCESSFULLY
[2024-07-09T10:11:16.926] [INFO] default - Third party handle image:undefined
[2024-07-09T10:11:16.927] [INFO] default - ADD IMAGES SUCCESSFULLY.
[2024-07-09T10:11:21.934] [INFO] default - DELETE IMAGE 19e0463fb55dfc71706c3cc6b1b41a3e SUCCESSFULLY
[2024-07-09T10:11:25.151] [INFO] default - Image original name:rubik_face.jpg
[2024-07-09T10:11:25.151] [INFO] default - Image file name:819eaec1132f248361730b4c73234947
[2024-07-09T10:12:14.479] [INFO] default - Third party handle image:undefined
[2024-07-09T10:12:14.479] [INFO] default - ADD IMAGES SUCCESSFULLY.
[2024-07-09T10:12:18.218] [INFO] default - Image original name:rubik_face.jpg
[2024-07-09T10:12:18.218] [INFO] default - Image file name:77a5626e9db141bc14094bbcf0d16832
[2024-07-09T10:12:19.493] [INFO] default - DELETE IMAGE 819eaec1132f248361730b4c73234947 SUCCESSFULLY
[2024-07-09T10:13:57.029] [INFO] default - Third party handle image:undefined
[2024-07-09T10:13:57.029] [INFO] default - ADD IMAGES SUCCESSFULLY.
[2024-07-09T10:14:00.746] [INFO] default - Image original name:rubik_face.jpg
[2024-07-09T10:14:00.746] [INFO] default - Image file name:1019bc63c449c85e4e785dbfecf32f6a
[2024-07-09T10:14:02.040] [INFO] default - DELETE IMAGE 77a5626e9db141bc14094bbcf0d16832 SUCCESSFULLY
[2024-07-09T10:14:19.729] [INFO] default - Third party handle image:undefined
[2024-07-09T10:14:19.729] [INFO] default - ADD IMAGES SUCCESSFULLY.
[2024-07-09T10:14:24.745] [INFO] default - DELETE IMAGE 1019bc63c449c85e4e785dbfecf32f6a SUCCESSFULLY
[2024-07-09T10:15:07.284] [INFO] default - Image original name:rubik_face.jpg
[2024-07-09T10:15:07.284] [INFO] default - Image file name:00453147039ad2a071ead23847611ceb
[2024-07-09T10:16:46.386] [INFO] default - Third party handle image:undefined
[2024-07-09T10:16:46.387] [INFO] default - ADD IMAGES SUCCESSFULLY.
[2024-07-09T10:16:49.861] [INFO] default - Image original name:rubik_face.jpg
[2024-07-09T10:16:49.861] [INFO] default - Image file name:d2afe1873b8f821c734d727c25094511
[2024-07-09T10:16:51.394] [INFO] default - DELETE IMAGE 00453147039ad2a071ead23847611ceb SUCCESSFULLY
[2024-07-09T10:17:11.860] [INFO] default - Third party handle image:undefined
[2024-07-09T10:17:11.861] [INFO] default - ADD IMAGES SUCCESSFULLY.
[2024-07-09T10:17:16.873] [INFO] default - DELETE IMAGE d2afe1873b8f821c734d727c25094511 SUCCESSFULLY
[2024-07-09T10:20:15.092] [INFO] default - Image original name:rubik_one_face.jpg
[2024-07-09T10:20:15.092] [INFO] default - Image file name:395574a02599fa149b6dc5f123ce0d59
[2024-07-09T10:20:39.293] [INFO] default - Third party handle image:undefined
[2024-07-09T10:20:39.294] [INFO] default - ADD IMAGES SUCCESSFULLY.
[2024-07-09T10:20:44.299] [INFO] default - DELETE IMAGE 395574a02599fa149b6dc5f123ce0d59 SUCCESSFULLY
[2024-07-09T10:22:50.888] [INFO] default - Update Topic List Successfully.
[2024-07-09T10:23:32.561] [INFO] default - Image original name:rubik_one_face.jpg
[2024-07-09T10:23:32.561] [INFO] default - Image file name:026a50023c8e053c04da10966f1f5e94
[2024-07-09T10:23:33.966] [INFO] default - Third party handle image:undefined
[2024-07-09T10:23:33.966] [INFO] default - ADD IMAGES SUCCESSFULLY.
[2024-07-09T10:23:38.983] [INFO] default - DELETE IMAGE 026a50023c8e053c04da10966f1f5e94 SUCCESSFULLY
[2024-07-09T10:26:01.739] [INFO] default - Image original name:rubik_face.jpg
[2024-07-09T10:26:01.739] [INFO] default - Image file name:d1914af6156cb4e24cb176c2ebf13830
[2024-07-09T10:26:37.744] [INFO] default - Third party handle image:undefined
[2024-07-09T10:26:37.744] [INFO] default - ADD IMAGES SUCCESSFULLY.
[2024-07-09T10:26:42.752] [INFO] default - DELETE IMAGE d1914af6156cb4e24cb176c2ebf13830 SUCCESSFULLY
[2024-07-09T10:27:30.013] [INFO] default - Image original name:rubik_face.jpg
[2024-07-09T10:27:30.013] [INFO] default - Image file name:722e8bac60b3bb286fd046f729531186
[2024-07-09T10:28:49.688] [INFO] default - Third party handle image:undefined
[2024-07-09T10:28:49.689] [INFO] default - ADD IMAGES SUCCESSFULLY.
[2024-07-09T10:28:54.700] [INFO] default - DELETE IMAGE 722e8bac60b3bb286fd046f729531186 SUCCESSFULLY
[2024-07-09T10:28:56.653] [INFO] default - Image original name:rubik_face.jpg
[2024-07-09T10:28:56.654] [INFO] default - Image file name:07d949047e936108d99662a15e9737a6
[2024-07-09T10:34:47.421] [INFO] default - Update Topic List Successfully.
[2024-07-09T10:35:12.414] [INFO] default - Third party handle image:undefined
[2024-07-09T10:35:12.415] [INFO] default - ADD IMAGES SUCCESSFULLY.
[2024-07-09T10:35:17.433] [INFO] default - DELETE IMAGE 07d949047e936108d99662a15e9737a6 SUCCESSFULLY
[2024-07-09T10:35:21.154] [INFO] default - Image original name:rubik_face.jpg
[2024-07-09T10:35:21.154] [INFO] default - Image file name:70d5e59f4072292bccc683f820e40708
[2024-07-09T10:36:59.994] [INFO] default - Third party handle image:undefined
[2024-07-09T10:36:59.995] [INFO] default - ADD IMAGES SUCCESSFULLY.
[2024-07-09T10:37:02.920] [INFO] default - Image original name:rubik_face.jpg
[2024-07-09T10:37:02.920] [INFO] default - Image file name:08c857ee1041c36ea9068473046a128b
[2024-07-09T10:37:05.002] [INFO] default - DELETE IMAGE 70d5e59f4072292bccc683f820e40708 SUCCESSFULLY
[2024-07-09T10:37:40.921] [INFO] default - Third party handle image:undefined
[2024-07-09T10:37:40.922] [INFO] default - ADD IMAGES SUCCESSFULLY.
[2024-07-09T10:37:44.446] [INFO] default - Image original name:rubik_face.jpg
[2024-07-09T10:37:44.446] [INFO] default - Image file name:e4cd0750438e5ce881c14a4f4a38f82b
[2024-07-09T10:37:45.937] [INFO] default - DELETE IMAGE 08c857ee1041c36ea9068473046a128b SUCCESSFULLY
[2024-07-09T10:40:29.919] [INFO] default - Third party handle image:undefined
[2024-07-09T10:40:29.920] [INFO] default - ADD IMAGES SUCCESSFULLY.
[2024-07-09T10:40:33.807] [INFO] default - Image original name:rubik_face.jpg
[2024-07-09T10:40:33.807] [INFO] default - Image file name:ac210c92df7823067155336e585e8b62
[2024-07-09T10:40:33.892] [INFO] default - ADD IMAGES SUCCESSFULLY.
[2024-07-09T10:40:34.923] [INFO] default - DELETE IMAGE e4cd0750438e5ce881c14a4f4a38f82b SUCCESSFULLY
[2024-07-09T10:40:38.899] [INFO] default - DELETE IMAGE ac210c92df7823067155336e585e8b62 SUCCESSFULLY
[2024-07-09T10:40:51.104] [INFO] default - Image original name:rubik_face.jpg
[2024-07-09T10:40:51.104] [INFO] default - Image file name:5a7a6bb362fbfeee5909a5e4120406bc
[2024-07-09T10:41:34.613] [INFO] default - Third party handle image:undefined
[2024-07-09T10:41:34.613] [INFO] default - ADD IMAGES SUCCESSFULLY.
[2024-07-09T10:41:38.507] [INFO] default - Image original name:rubik_face.jpg
[2024-07-09T10:41:38.507] [INFO] default - Image file name:69a0d100482f7c5505e582293f10d76f
[2024-07-09T10:41:38.595] [INFO] default - ADD IMAGES SUCCESSFULLY.
[2024-07-09T10:41:39.624] [INFO] default - DELETE IMAGE 5a7a6bb362fbfeee5909a5e4120406bc SUCCESSFULLY
[2024-07-09T10:41:43.606] [INFO] default - DELETE IMAGE 69a0d100482f7c5505e582293f10d76f SUCCESSFULLY
[2024-07-09T10:41:47.535] [INFO] default - Image original name:rubik_face.jpg
[2024-07-09T10:41:47.535] [INFO] default - Image file name:bb2161480eaa54f80d8e1ac6800076ab
[2024-07-09T10:43:31.599] [INFO] default - Third party handle image:undefined
[2024-07-09T10:43:31.600] [INFO] default - ADD IMAGES SUCCESSFULLY.
[2024-07-09T10:43:34.676] [INFO] default - Image original name:rubik_face.jpg
[2024-07-09T10:43:34.676] [INFO] default - Image file name:1e782a3784cd50508f66f991e5f01eb5
[2024-07-09T10:43:36.616] [INFO] default - DELETE IMAGE bb2161480eaa54f80d8e1ac6800076ab SUCCESSFULLY
[2024-07-09T10:44:32.687] [INFO] default - Third party handle image:undefined
[2024-07-09T10:44:32.687] [INFO] default - ADD IMAGES SUCCESSFULLY.
[2024-07-09T10:44:36.328] [INFO] default - Image original name:rubik_face.jpg
[2024-07-09T10:44:36.329] [INFO] default - Image file name:dfce0994d67022420478251eaac151d2
[2024-07-09T10:44:37.695] [INFO] default - DELETE IMAGE 1e782a3784cd50508f66f991e5f01eb5 SUCCESSFULLY
[2024-07-09T10:46:49.189] [INFO] default - Update Topic List Successfully.
[2024-07-09T10:48:39.443] [INFO] default - Third party handle image:undefined
[2024-07-09T10:48:39.444] [INFO] default - ADD IMAGES SUCCESSFULLY.
[2024-07-09T10:48:42.644] [INFO] default - Image original name:rubik_face.jpg
[2024-07-09T10:48:42.644] [INFO] default - Image file name:a1bd4b283edea2467aefd2f669ce5f2f
[2024-07-09T10:48:44.453] [INFO] default - DELETE IMAGE dfce0994d67022420478251eaac151d2 SUCCESSFULLY
[2024-07-09T10:50:01.861] [INFO] default - Third party handle image:undefined
[2024-07-09T10:50:01.862] [INFO] default - ADD IMAGES SUCCESSFULLY.
[2024-07-09T10:50:05.629] [INFO] default - Image original name:rubik_face.jpg
[2024-07-09T10:50:05.629] [INFO] default - Image file name:e062098a626a2e9c8365ed6f5da89f11
[2024-07-09T10:50:06.867] [INFO] default - DELETE IMAGE a1bd4b283edea2467aefd2f669ce5f2f SUCCESSFULLY
[2024-07-09T10:51:17.139] [INFO] default - Third party handle image:undefined
[2024-07-09T10:51:17.139] [INFO] default - ADD IMAGES SUCCESSFULLY.
[2024-07-09T10:51:21.075] [INFO] default - Image original name:rubik_face.jpg
[2024-07-09T10:51:21.075] [INFO] default - Image file name:c7cc1bc35e57c48e9c18a411ecd62a46
[2024-07-09T10:51:22.149] [INFO] default - DELETE IMAGE e062098a626a2e9c8365ed6f5da89f11 SUCCESSFULLY
[2024-07-09T10:58:50.999] [INFO] default - Update Topic List Successfully.
[2024-07-09T10:59:21.725] [INFO] default - Third party handle image:undefined
[2024-07-09T10:59:21.725] [INFO] default - ADD IMAGES SUCCESSFULLY.
[2024-07-09T10:59:26.743] [INFO] default - DELETE IMAGE c7cc1bc35e57c48e9c18a411ecd62a46 SUCCESSFULLY
[2024-07-09T10:59:37.574] [INFO] default - Image original name:rubik_face.jpg
[2024-07-09T10:59:37.574] [INFO] default - Image file name:3ea7c6341dd1c7f751817682622114cd
[2024-07-09T11:02:45.094] [INFO] default - Third party handle image:undefined
[2024-07-09T11:02:45.095] [INFO] default - ADD IMAGES SUCCESSFULLY.
[2024-07-09T11:02:50.107] [INFO] default - DELETE IMAGE 3ea7c6341dd1c7f751817682622114cd SUCCESSFULLY
[2024-07-09T11:02:57.128] [INFO] default - Image original name:rubik_face.jpg
[2024-07-09T11:02:57.128] [INFO] default - Image file name:180ae4f8a5595d89d348a71b11136a9c
[2024-07-09T11:07:03.452] [INFO] default - Third party handle image:undefined
[2024-07-09T11:07:03.452] [INFO] default - ADD IMAGES SUCCESSFULLY.
[2024-07-09T11:07:08.464] [INFO] default - DELETE IMAGE 180ae4f8a5595d89d348a71b11136a9c SUCCESSFULLY
[2024-07-09T11:07:25.224] [INFO] default - Access about page successful
[2024-07-09T11:07:26.408] [INFO] default - Close Log SSE Successfully.
[2024-07-09T11:07:26.522] [INFO] default - get product-detail Rubik's Coach Cube successfull
[2024-07-09T11:07:26.537] [INFO] default - get product-detail Rubik's 3x3 successfull
[2024-07-09T11:07:26.550] [INFO] default - get product-detail Rubik’s Apprentice 2x2 successfull
[2024-07-09T11:07:27.276] [INFO] default - GET DEVICE LIST SUCCESSFULLY FOR USER helloman123
[2024-07-09T11:07:34.483] [INFO] default - Image original name:rubik_face.jpg
[2024-07-09T11:07:34.483] [INFO] default - Image file name:5227b87de969a2b69216bb1d35c4e34f
[2024-07-09T11:10:47.874] [INFO] default - Update Topic List Successfully.
[2024-07-09T11:14:20.598] [INFO] default - Third party handle image:undefined
[2024-07-09T11:14:20.598] [INFO] default - ADD IMAGES SUCCESSFULLY.
[2024-07-09T11:14:23.364] [INFO] default - Image original name:rubik_face.jpg
[2024-07-09T11:14:23.364] [INFO] default - Image file name:122c337a80fbfa8cfe621eaca475b8b1
[2024-07-09T11:14:25.615] [INFO] default - DELETE IMAGE 5227b87de969a2b69216bb1d35c4e34f SUCCESSFULLY
[2024-07-09T11:17:31.647] [INFO] default - Third party handle image:undefined
[2024-07-09T11:17:31.648] [INFO] default - ADD IMAGES SUCCESSFULLY.
[2024-07-09T11:17:34.405] [INFO] default - Image original name:rubik_face.jpg
[2024-07-09T11:17:34.405] [INFO] default - Image file name:76981f6649acd897b910ef1841142965
[2024-07-09T11:17:36.665] [INFO] default - DELETE IMAGE 122c337a80fbfa8cfe621eaca475b8b1 SUCCESSFULLY
[2024-07-09T11:18:29.407] [INFO] default - Third party handle image:undefined
[2024-07-09T11:18:29.407] [INFO] default - ADD IMAGES SUCCESSFULLY.
[2024-07-09T11:18:32.668] [INFO] default - Image original name:rubik_face.jpg
[2024-07-09T11:18:32.668] [INFO] default - Image file name:db95dc0e6fd6a8e43224cc9bd8665bac
[2024-07-09T11:18:32.754] [INFO] default - ADD IMAGES SUCCESSFULLY.
[2024-07-09T11:18:34.412] [INFO] default - DELETE IMAGE 76981f6649acd897b910ef1841142965 SUCCESSFULLY
[2024-07-09T11:18:37.756] [INFO] default - DELETE IMAGE db95dc0e6fd6a8e43224cc9bd8665bac SUCCESSFULLY
[2024-07-09T11:18:46.778] [INFO] default - Image original name:rubik_face.jpg
[2024-07-09T11:18:46.778] [INFO] default - Image file name:f6d1c4a9e2b53b000fdc62675a5fa4b7
[2024-07-09T11:19:33.478] [INFO] default - Third party handle image:undefined
[2024-07-09T11:19:33.478] [INFO] default - ADD IMAGES SUCCESSFULLY.
[2024-07-09T11:19:37.693] [INFO] default - Image original name:rubik_face.jpg
[2024-07-09T11:19:37.693] [INFO] default - Image file name:eec9ae1a13a5f85a752232514024577c
[2024-07-09T11:19:38.496] [INFO] default - DELETE IMAGE f6d1c4a9e2b53b000fdc62675a5fa4b7 SUCCESSFULLY
[2024-07-09T11:21:13.130] [INFO] default - Third party handle image:undefined
[2024-07-09T11:21:13.131] [INFO] default - ADD IMAGES SUCCESSFULLY.
[2024-07-09T11:21:18.137] [INFO] default - DELETE IMAGE eec9ae1a13a5f85a752232514024577c SUCCESSFULLY
[2024-07-09T11:21:39.666] [INFO] default - Image original name:images.png
[2024-07-09T11:21:39.666] [INFO] default - Image file name:35e7e675a17397f0e772a4f30d32940b
[2024-07-09T11:21:44.575] [INFO] default - Third party handle image:undefined
[2024-07-09T11:21:44.576] [INFO] default - ADD IMAGES SUCCESSFULLY.
[2024-07-09T11:21:49.577] [INFO] default - DELETE IMAGE 35e7e675a17397f0e772a4f30d32940b SUCCESSFULLY
[2024-07-09T11:22:15.115] [INFO] default - Image original name:images.png
[2024-07-09T11:22:15.115] [INFO] default - Image file name:656cb4d626cbedcc46790198aeb70e3e
[2024-07-09T11:22:19.301] [INFO] default - Third party handle image:undefined
[2024-07-09T11:22:19.302] [INFO] default - ADD IMAGES SUCCESSFULLY.
[2024-07-09T11:22:24.307] [INFO] default - DELETE IMAGE 656cb4d626cbedcc46790198aeb70e3e SUCCESSFULLY
[2024-07-09T11:22:27.922] [INFO] default - Image original name:images.png
[2024-07-09T11:22:27.922] [INFO] default - Image file name:cb124c3f630423136fbeaaeb29da38ed
[2024-07-09T11:22:52.128] [INFO] default - Third party handle image:undefined
[2024-07-09T11:22:52.128] [INFO] default - ADD IMAGES SUCCESSFULLY.
